<?xml version="1.0" encoding="UTF-8"?>
<testsuite xmlns:xsi="http://www.w3.org/2001/XMLSchema-instance" xsi:noNamespaceSchemaLocation="https://maven.apache.org/surefire/maven-surefire-plugin/xsd/surefire-test-report.xsd" version="3.0.2" name="org.example.springsecurityapp.SpringSecurityAppApplicationTests" time="14.536" tests="1" errors="0" skipped="0" failures="0">
  <properties>
    <property name="java.specification.version" value="21"/>
    <property name="sun.jnu.encoding" value="UTF-8"/>
    <property name="java.class.path" value="/home/salem/IdeaProjects/tp_staprk_ventes/tp4_spart/spring-security-app/target/test-classes:/home/salem/IdeaProjects/tp_staprk_ventes/tp4_spart/spring-security-app/target/classes:/home/salem/.m2/repository/org/springframework/boot/spring-boot-starter-data-jpa/3.4.5/spring-boot-starter-data-jpa-3.4.5.jar:/home/salem/.m2/repository/org/springframework/boot/spring-boot-starter/3.4.5/spring-boot-starter-3.4.5.jar:/home/salem/.m2/repository/org/springframework/boot/spring-boot/3.4.5/spring-boot-3.4.5.jar:/home/salem/.m2/repository/org/springframework/boot/spring-boot-autoconfigure/3.4.5/spring-boot-autoconfigure-3.4.5.jar:/home/salem/.m2/repository/org/springframework/boot/spring-boot-starter-logging/3.4.5/spring-boot-starter-logging-3.4.5.jar:/home/salem/.m2/repository/ch/qos/logback/logback-classic/1.5.18/logback-classic-1.5.18.jar:/home/salem/.m2/repository/ch/qos/logback/logback-core/1.5.18/logback-core-1.5.18.jar:/home/salem/.m2/repository/org/apache/logging/log4j/log4j-to-slf4j/2.24.3/log4j-to-slf4j-2.24.3.jar:/home/salem/.m2/repository/org/apache/logging/log4j/log4j-api/2.24.3/log4j-api-2.24.3.jar:/home/salem/.m2/repository/org/slf4j/jul-to-slf4j/2.0.17/jul-to-slf4j-2.0.17.jar:/home/salem/.m2/repository/jakarta/annotation/jakarta.annotation-api/2.1.1/jakarta.annotation-api-2.1.1.jar:/home/salem/.m2/repository/org/yaml/snakeyaml/2.3/snakeyaml-2.3.jar:/home/salem/.m2/repository/org/springframework/boot/spring-boot-starter-jdbc/3.4.5/spring-boot-starter-jdbc-3.4.5.jar:/home/salem/.m2/repository/com/zaxxer/HikariCP/5.1.0/HikariCP-5.1.0.jar:/home/salem/.m2/repository/org/springframework/spring-jdbc/6.2.6/spring-jdbc-6.2.6.jar:/home/salem/.m2/repository/org/hibernate/orm/hibernate-core/6.6.13.Final/hibernate-core-6.6.13.Final.jar:/home/salem/.m2/repository/jakarta/persistence/jakarta.persistence-api/3.1.0/jakarta.persistence-api-3.1.0.jar:/home/salem/.m2/repository/jakarta/transaction/jakarta.transaction-api/2.0.1/jakarta.transaction-api-2.0.1.jar:/home/salem/.m2/repository/org/jboss/logging/jboss-logging/3.6.1.Final/jboss-logging-3.6.1.Final.jar:/home/salem/.m2/repository/org/hibernate/common/hibernate-commons-annotations/7.0.3.Final/hibernate-commons-annotations-7.0.3.Final.jar:/home/salem/.m2/repository/io/smallrye/jandex/3.2.0/jandex-3.2.0.jar:/home/salem/.m2/repository/com/fasterxml/classmate/1.7.0/classmate-1.7.0.jar:/home/salem/.m2/repository/net/bytebuddy/byte-buddy/1.15.11/byte-buddy-1.15.11.jar:/home/salem/.m2/repository/org/glassfish/jaxb/jaxb-runtime/4.0.5/jaxb-runtime-4.0.5.jar:/home/salem/.m2/repository/org/glassfish/jaxb/jaxb-core/4.0.5/jaxb-core-4.0.5.jar:/home/salem/.m2/repository/org/eclipse/angus/angus-activation/2.0.2/angus-activation-2.0.2.jar:/home/salem/.m2/repository/org/glassfish/jaxb/txw2/4.0.5/txw2-4.0.5.jar:/home/salem/.m2/repository/com/sun/istack/istack-commons-runtime/4.1.2/istack-commons-runtime-4.1.2.jar:/home/salem/.m2/repository/jakarta/inject/jakarta.inject-api/2.0.1/jakarta.inject-api-2.0.1.jar:/home/salem/.m2/repository/org/antlr/antlr4-runtime/4.13.0/antlr4-runtime-4.13.0.jar:/home/salem/.m2/repository/org/springframework/data/spring-data-jpa/3.4.5/spring-data-jpa-3.4.5.jar:/home/salem/.m2/repository/org/springframework/data/spring-data-commons/3.4.5/spring-data-commons-3.4.5.jar:/home/salem/.m2/repository/org/springframework/spring-orm/6.2.6/spring-orm-6.2.6.jar:/home/salem/.m2/repository/org/springframework/spring-context/6.2.6/spring-context-6.2.6.jar:/home/salem/.m2/repository/org/springframework/spring-tx/6.2.6/spring-tx-6.2.6.jar:/home/salem/.m2/repository/org/springframework/spring-beans/6.2.6/spring-beans-6.2.6.jar:/home/salem/.m2/repository/org/springframework/spring-aspects/6.2.6/spring-aspects-6.2.6.jar:/home/salem/.m2/repository/org/aspectj/aspectjweaver/1.9.24/aspectjweaver-1.9.24.jar:/home/salem/.m2/repository/org/springframework/boot/spring-boot-starter-security/3.4.5/spring-boot-starter-security-3.4.5.jar:/home/salem/.m2/repository/org/springframework/spring-aop/6.2.6/spring-aop-6.2.6.jar:/home/salem/.m2/repository/org/springframework/security/spring-security-config/6.4.5/spring-security-config-6.4.5.jar:/home/salem/.m2/repository/org/springframework/security/spring-security-web/6.4.5/spring-security-web-6.4.5.jar:/home/salem/.m2/repository/org/springframework/spring-expression/6.2.6/spring-expression-6.2.6.jar:/home/salem/.m2/repository/org/springframework/boot/spring-boot-starter-thymeleaf/3.4.5/spring-boot-starter-thymeleaf-3.4.5.jar:/home/salem/.m2/repository/org/thymeleaf/thymeleaf-spring6/3.1.3.RELEASE/thymeleaf-spring6-3.1.3.RELEASE.jar:/home/salem/.m2/repository/org/springframework/boot/spring-boot-starter-validation/3.4.5/spring-boot-starter-validation-3.4.5.jar:/home/salem/.m2/repository/org/apache/tomcat/embed/tomcat-embed-el/10.1.40/tomcat-embed-el-10.1.40.jar:/home/salem/.m2/repository/org/hibernate/validator/hibernate-validator/8.0.2.Final/hibernate-validator-8.0.2.Final.jar:/home/salem/.m2/repository/jakarta/validation/jakarta.validation-api/3.0.2/jakarta.validation-api-3.0.2.jar:/home/salem/.m2/repository/org/springframework/boot/spring-boot-starter-web/3.4.5/spring-boot-starter-web-3.4.5.jar:/home/salem/.m2/repository/org/springframework/boot/spring-boot-starter-json/3.4.5/spring-boot-starter-json-3.4.5.jar:/home/salem/.m2/repository/com/fasterxml/jackson/core/jackson-databind/2.18.3/jackson-databind-2.18.3.jar:/home/salem/.m2/repository/com/fasterxml/jackson/core/jackson-annotations/2.18.3/jackson-annotations-2.18.3.jar:/home/salem/.m2/repository/com/fasterxml/jackson/core/jackson-core/2.18.3/jackson-core-2.18.3.jar:/home/salem/.m2/repository/com/fasterxml/jackson/datatype/jackson-datatype-jdk8/2.18.3/jackson-datatype-jdk8-2.18.3.jar:/home/salem/.m2/repository/com/fasterxml/jackson/datatype/jackson-datatype-jsr310/2.18.3/jackson-datatype-jsr310-2.18.3.jar:/home/salem/.m2/repository/com/fasterxml/jackson/module/jackson-module-parameter-names/2.18.3/jackson-module-parameter-names-2.18.3.jar:/home/salem/.m2/repository/org/springframework/boot/spring-boot-starter-tomcat/3.4.5/spring-boot-starter-tomcat-3.4.5.jar:/home/salem/.m2/repository/org/apache/tomcat/embed/tomcat-embed-core/10.1.40/tomcat-embed-core-10.1.40.jar:/home/salem/.m2/repository/org/apache/tomcat/embed/tomcat-embed-websocket/10.1.40/tomcat-embed-websocket-10.1.40.jar:/home/salem/.m2/repository/org/springframework/spring-web/6.2.6/spring-web-6.2.6.jar:/home/salem/.m2/repository/io/micrometer/micrometer-observation/1.14.6/micrometer-observation-1.14.6.jar:/home/salem/.m2/repository/io/micrometer/micrometer-commons/1.14.6/micrometer-commons-1.14.6.jar:/home/salem/.m2/repository/org/springframework/spring-webmvc/6.2.6/spring-webmvc-6.2.6.jar:/home/salem/.m2/repository/org/thymeleaf/extras/thymeleaf-extras-springsecurity6/3.1.3.RELEASE/thymeleaf-extras-springsecurity6-3.1.3.RELEASE.jar:/home/salem/.m2/repository/org/slf4j/slf4j-api/2.0.17/slf4j-api-2.0.17.jar:/home/salem/.m2/repository/com/h2database/h2/2.3.232/h2-2.3.232.jar:/home/salem/.m2/repository/com/mysql/mysql-connector-j/9.1.0/mysql-connector-j-9.1.0.jar:/home/salem/.m2/repository/org/projectlombok/lombok/1.18.38/lombok-1.18.38.jar:/home/salem/.m2/repository/org/springframework/boot/spring-boot-starter-test/3.4.5/spring-boot-starter-test-3.4.5.jar:/home/salem/.m2/repository/org/springframework/boot/spring-boot-test/3.4.5/spring-boot-test-3.4.5.jar:/home/salem/.m2/repository/org/springframework/boot/spring-boot-test-autoconfigure/3.4.5/spring-boot-test-autoconfigure-3.4.5.jar:/home/salem/.m2/repository/com/jayway/jsonpath/json-path/2.9.0/json-path-2.9.0.jar:/home/salem/.m2/repository/jakarta/xml/bind/jakarta.xml.bind-api/4.0.2/jakarta.xml.bind-api-4.0.2.jar:/home/salem/.m2/repository/jakarta/activation/jakarta.activation-api/2.1.3/jakarta.activation-api-2.1.3.jar:/home/salem/.m2/repository/net/minidev/json-smart/2.5.2/json-smart-2.5.2.jar:/home/salem/.m2/repository/net/minidev/accessors-smart/2.5.2/accessors-smart-2.5.2.jar:/home/salem/.m2/repository/org/ow2/asm/asm/9.7.1/asm-9.7.1.jar:/home/salem/.m2/repository/org/assertj/assertj-core/3.26.3/assertj-core-3.26.3.jar:/home/salem/.m2/repository/org/awaitility/awaitility/4.2.2/awaitility-4.2.2.jar:/home/salem/.m2/repository/org/hamcrest/hamcrest/2.2/hamcrest-2.2.jar:/home/salem/.m2/repository/org/junit/jupiter/junit-jupiter/5.11.4/junit-jupiter-5.11.4.jar:/home/salem/.m2/repository/org/junit/jupiter/junit-jupiter-api/5.11.4/junit-jupiter-api-5.11.4.jar:/home/salem/.m2/repository/org/opentest4j/opentest4j/1.3.0/opentest4j-1.3.0.jar:/home/salem/.m2/repository/org/junit/platform/junit-platform-commons/1.11.4/junit-platform-commons-1.11.4.jar:/home/salem/.m2/repository/org/apiguardian/apiguardian-api/1.1.2/apiguardian-api-1.1.2.jar:/home/salem/.m2/repository/org/junit/jupiter/junit-jupiter-params/5.11.4/junit-jupiter-params-5.11.4.jar:/home/salem/.m2/repository/org/junit/jupiter/junit-jupiter-engine/5.11.4/junit-jupiter-engine-5.11.4.jar:/home/salem/.m2/repository/org/junit/platform/junit-platform-engine/1.11.4/junit-platform-engine-1.11.4.jar:/home/salem/.m2/repository/org/mockito/mockito-core/5.14.2/mockito-core-5.14.2.jar:/home/salem/.m2/repository/net/bytebuddy/byte-buddy-agent/1.15.11/byte-buddy-agent-1.15.11.jar:/home/salem/.m2/repository/org/objenesis/objenesis/3.3/objenesis-3.3.jar:/home/salem/.m2/repository/org/mockito/mockito-junit-jupiter/5.14.2/mockito-junit-jupiter-5.14.2.jar:/home/salem/.m2/repository/org/skyscreamer/jsonassert/1.5.3/jsonassert-1.5.3.jar:/home/salem/.m2/repository/com/vaadin/external/google/android-json/0.0.20131108.vaadin1/android-json-0.0.20131108.vaadin1.jar:/home/salem/.m2/repository/org/springframework/spring-core/6.2.6/spring-core-6.2.6.jar:/home/salem/.m2/repository/org/springframework/spring-jcl/6.2.6/spring-jcl-6.2.6.jar:/home/salem/.m2/repository/org/springframework/spring-test/6.2.6/spring-test-6.2.6.jar:/home/salem/.m2/repository/org/xmlunit/xmlunit-core/2.10.0/xmlunit-core-2.10.0.jar:/home/salem/.m2/repository/org/springframework/security/spring-security-test/6.4.5/spring-security-test-6.4.5.jar:/home/salem/.m2/repository/org/springframework/security/spring-security-core/6.4.5/spring-security-core-6.4.5.jar:/home/salem/.m2/repository/org/springframework/security/spring-security-crypto/6.4.5/spring-security-crypto-6.4.5.jar:/home/salem/.m2/repository/org/webjars/bootstrap/5.3.5/bootstrap-5.3.5.jar:/home/salem/.m2/repository/nz/net/ultraq/thymeleaf/thymeleaf-layout-dialect/3.4.0/thymeleaf-layout-dialect-3.4.0.jar:/home/salem/.m2/repository/org/apache/groovy/groovy/4.0.26/groovy-4.0.26.jar:/home/salem/.m2/repository/nz/net/ultraq/groovy/groovy-extensions/2.3.3/groovy-extensions-2.3.3.jar:/home/salem/.m2/repository/nz/net/ultraq/thymeleaf/thymeleaf-expression-processor/3.2.0/thymeleaf-expression-processor-3.2.0.jar:/home/salem/.m2/repository/org/thymeleaf/thymeleaf/3.1.3.RELEASE/thymeleaf-3.1.3.RELEASE.jar:/home/salem/.m2/repository/ognl/ognl/3.3.4/ognl-3.3.4.jar:/home/salem/.m2/repository/org/javassist/javassist/3.29.0-GA/javassist-3.29.0-GA.jar:/home/salem/.m2/repository/org/attoparser/attoparser/2.0.7.RELEASE/attoparser-2.0.7.RELEASE.jar:/home/salem/.m2/repository/org/unbescape/unbescape/1.1.6.RELEASE/unbescape-1.1.6.RELEASE.jar:"/>
    <property name="java.vm.vendor" value="Ubuntu"/>
    <property name="sun.arch.data.model" value="64"/>
    <property name="java.vendor.url" value="https://ubuntu.com/"/>
    <property name="user.timezone" value="Africa/Nouakchott"/>
    <property name="org.jboss.logging.provider" value="slf4j"/>
    <property name="os.name" value="Linux"/>
    <property name="java.vm.specification.version" value="21"/>
    <property name="APPLICATION_NAME" value="spring-security-app"/>
    <property name="sun.java.launcher" value="SUN_STANDARD"/>
    <property name="user.country" value="US"/>
    <property name="sun.boot.library.path" value="/usr/lib/jvm/java-21-openjdk-amd64/lib"/>
    <property name="sun.java.command" value="/home/salem/IdeaProjects/tp_staprk_ventes/tp4_spart/spring-security-app/target/surefire/surefirebooter-20250516205316495_3.jar /home/salem/IdeaProjects/tp_staprk_ventes/tp4_spart/spring-security-app/target/surefire 2025-05-16T20-53-16_339-jvmRun1 surefire-20250516205316495_1tmp surefire_0-20250516205316495_2tmp"/>
    <property name="jdk.debug" value="release"/>
    <property name="surefire.test.class.path" value="/home/salem/IdeaProjects/tp_staprk_ventes/tp4_spart/spring-security-app/target/test-classes:/home/salem/IdeaProjects/tp_staprk_ventes/tp4_spart/spring-security-app/target/classes:/home/salem/.m2/repository/org/springframework/boot/spring-boot-starter-data-jpa/3.4.5/spring-boot-starter-data-jpa-3.4.5.jar:/home/salem/.m2/repository/org/springframework/boot/spring-boot-starter/3.4.5/spring-boot-starter-3.4.5.jar:/home/salem/.m2/repository/org/springframework/boot/spring-boot/3.4.5/spring-boot-3.4.5.jar:/home/salem/.m2/repository/org/springframework/boot/spring-boot-autoconfigure/3.4.5/spring-boot-autoconfigure-3.4.5.jar:/home/salem/.m2/repository/org/springframework/boot/spring-boot-starter-logging/3.4.5/spring-boot-starter-logging-3.4.5.jar:/home/salem/.m2/repository/ch/qos/logback/logback-classic/1.5.18/logback-classic-1.5.18.jar:/home/salem/.m2/repository/ch/qos/logback/logback-core/1.5.18/logback-core-1.5.18.jar:/home/salem/.m2/repository/org/apache/logging/log4j/log4j-to-slf4j/2.24.3/log4j-to-slf4j-2.24.3.jar:/home/salem/.m2/repository/org/apache/logging/log4j/log4j-api/2.24.3/log4j-api-2.24.3.jar:/home/salem/.m2/repository/org/slf4j/jul-to-slf4j/2.0.17/jul-to-slf4j-2.0.17.jar:/home/salem/.m2/repository/jakarta/annotation/jakarta.annotation-api/2.1.1/jakarta.annotation-api-2.1.1.jar:/home/salem/.m2/repository/org/yaml/snakeyaml/2.3/snakeyaml-2.3.jar:/home/salem/.m2/repository/org/springframework/boot/spring-boot-starter-jdbc/3.4.5/spring-boot-starter-jdbc-3.4.5.jar:/home/salem/.m2/repository/com/zaxxer/HikariCP/5.1.0/HikariCP-5.1.0.jar:/home/salem/.m2/repository/org/springframework/spring-jdbc/6.2.6/spring-jdbc-6.2.6.jar:/home/salem/.m2/repository/org/hibernate/orm/hibernate-core/6.6.13.Final/hibernate-core-6.6.13.Final.jar:/home/salem/.m2/repository/jakarta/persistence/jakarta.persistence-api/3.1.0/jakarta.persistence-api-3.1.0.jar:/home/salem/.m2/repository/jakarta/transaction/jakarta.transaction-api/2.0.1/jakarta.transaction-api-2.0.1.jar:/home/salem/.m2/repository/org/jboss/logging/jboss-logging/3.6.1.Final/jboss-logging-3.6.1.Final.jar:/home/salem/.m2/repository/org/hibernate/common/hibernate-commons-annotations/7.0.3.Final/hibernate-commons-annotations-7.0.3.Final.jar:/home/salem/.m2/repository/io/smallrye/jandex/3.2.0/jandex-3.2.0.jar:/home/salem/.m2/repository/com/fasterxml/classmate/1.7.0/classmate-1.7.0.jar:/home/salem/.m2/repository/net/bytebuddy/byte-buddy/1.15.11/byte-buddy-1.15.11.jar:/home/salem/.m2/repository/org/glassfish/jaxb/jaxb-runtime/4.0.5/jaxb-runtime-4.0.5.jar:/home/salem/.m2/repository/org/glassfish/jaxb/jaxb-core/4.0.5/jaxb-core-4.0.5.jar:/home/salem/.m2/repository/org/eclipse/angus/angus-activation/2.0.2/angus-activation-2.0.2.jar:/home/salem/.m2/repository/org/glassfish/jaxb/txw2/4.0.5/txw2-4.0.5.jar:/home/salem/.m2/repository/com/sun/istack/istack-commons-runtime/4.1.2/istack-commons-runtime-4.1.2.jar:/home/salem/.m2/repository/jakarta/inject/jakarta.inject-api/2.0.1/jakarta.inject-api-2.0.1.jar:/home/salem/.m2/repository/org/antlr/antlr4-runtime/4.13.0/antlr4-runtime-4.13.0.jar:/home/salem/.m2/repository/org/springframework/data/spring-data-jpa/3.4.5/spring-data-jpa-3.4.5.jar:/home/salem/.m2/repository/org/springframework/data/spring-data-commons/3.4.5/spring-data-commons-3.4.5.jar:/home/salem/.m2/repository/org/springframework/spring-orm/6.2.6/spring-orm-6.2.6.jar:/home/salem/.m2/repository/org/springframework/spring-context/6.2.6/spring-context-6.2.6.jar:/home/salem/.m2/repository/org/springframework/spring-tx/6.2.6/spring-tx-6.2.6.jar:/home/salem/.m2/repository/org/springframework/spring-beans/6.2.6/spring-beans-6.2.6.jar:/home/salem/.m2/repository/org/springframework/spring-aspects/6.2.6/spring-aspects-6.2.6.jar:/home/salem/.m2/repository/org/aspectj/aspectjweaver/1.9.24/aspectjweaver-1.9.24.jar:/home/salem/.m2/repository/org/springframework/boot/spring-boot-starter-security/3.4.5/spring-boot-starter-security-3.4.5.jar:/home/salem/.m2/repository/org/springframework/spring-aop/6.2.6/spring-aop-6.2.6.jar:/home/salem/.m2/repository/org/springframework/security/spring-security-config/6.4.5/spring-security-config-6.4.5.jar:/home/salem/.m2/repository/org/springframework/security/spring-security-web/6.4.5/spring-security-web-6.4.5.jar:/home/salem/.m2/repository/org/springframework/spring-expression/6.2.6/spring-expression-6.2.6.jar:/home/salem/.m2/repository/org/springframework/boot/spring-boot-starter-thymeleaf/3.4.5/spring-boot-starter-thymeleaf-3.4.5.jar:/home/salem/.m2/repository/org/thymeleaf/thymeleaf-spring6/3.1.3.RELEASE/thymeleaf-spring6-3.1.3.RELEASE.jar:/home/salem/.m2/repository/org/springframework/boot/spring-boot-starter-validation/3.4.5/spring-boot-starter-validation-3.4.5.jar:/home/salem/.m2/repository/org/apache/tomcat/embed/tomcat-embed-el/10.1.40/tomcat-embed-el-10.1.40.jar:/home/salem/.m2/repository/org/hibernate/validator/hibernate-validator/8.0.2.Final/hibernate-validator-8.0.2.Final.jar:/home/salem/.m2/repository/jakarta/validation/jakarta.validation-api/3.0.2/jakarta.validation-api-3.0.2.jar:/home/salem/.m2/repository/org/springframework/boot/spring-boot-starter-web/3.4.5/spring-boot-starter-web-3.4.5.jar:/home/salem/.m2/repository/org/springframework/boot/spring-boot-starter-json/3.4.5/spring-boot-starter-json-3.4.5.jar:/home/salem/.m2/repository/com/fasterxml/jackson/core/jackson-databind/2.18.3/jackson-databind-2.18.3.jar:/home/salem/.m2/repository/com/fasterxml/jackson/core/jackson-annotations/2.18.3/jackson-annotations-2.18.3.jar:/home/salem/.m2/repository/com/fasterxml/jackson/core/jackson-core/2.18.3/jackson-core-2.18.3.jar:/home/salem/.m2/repository/com/fasterxml/jackson/datatype/jackson-datatype-jdk8/2.18.3/jackson-datatype-jdk8-2.18.3.jar:/home/salem/.m2/repository/com/fasterxml/jackson/datatype/jackson-datatype-jsr310/2.18.3/jackson-datatype-jsr310-2.18.3.jar:/home/salem/.m2/repository/com/fasterxml/jackson/module/jackson-module-parameter-names/2.18.3/jackson-module-parameter-names-2.18.3.jar:/home/salem/.m2/repository/org/springframework/boot/spring-boot-starter-tomcat/3.4.5/spring-boot-starter-tomcat-3.4.5.jar:/home/salem/.m2/repository/org/apache/tomcat/embed/tomcat-embed-core/10.1.40/tomcat-embed-core-10.1.40.jar:/home/salem/.m2/repository/org/apache/tomcat/embed/tomcat-embed-websocket/10.1.40/tomcat-embed-websocket-10.1.40.jar:/home/salem/.m2/repository/org/springframework/spring-web/6.2.6/spring-web-6.2.6.jar:/home/salem/.m2/repository/io/micrometer/micrometer-observation/1.14.6/micrometer-observation-1.14.6.jar:/home/salem/.m2/repository/io/micrometer/micrometer-commons/1.14.6/micrometer-commons-1.14.6.jar:/home/salem/.m2/repository/org/springframework/spring-webmvc/6.2.6/spring-webmvc-6.2.6.jar:/home/salem/.m2/repository/org/thymeleaf/extras/thymeleaf-extras-springsecurity6/3.1.3.RELEASE/thymeleaf-extras-springsecurity6-3.1.3.RELEASE.jar:/home/salem/.m2/repository/org/slf4j/slf4j-api/2.0.17/slf4j-api-2.0.17.jar:/home/salem/.m2/repository/com/h2database/h2/2.3.232/h2-2.3.232.jar:/home/salem/.m2/repository/com/mysql/mysql-connector-j/9.1.0/mysql-connector-j-9.1.0.jar:/home/salem/.m2/repository/org/projectlombok/lombok/1.18.38/lombok-1.18.38.jar:/home/salem/.m2/repository/org/springframework/boot/spring-boot-starter-test/3.4.5/spring-boot-starter-test-3.4.5.jar:/home/salem/.m2/repository/org/springframework/boot/spring-boot-test/3.4.5/spring-boot-test-3.4.5.jar:/home/salem/.m2/repository/org/springframework/boot/spring-boot-test-autoconfigure/3.4.5/spring-boot-test-autoconfigure-3.4.5.jar:/home/salem/.m2/repository/com/jayway/jsonpath/json-path/2.9.0/json-path-2.9.0.jar:/home/salem/.m2/repository/jakarta/xml/bind/jakarta.xml.bind-api/4.0.2/jakarta.xml.bind-api-4.0.2.jar:/home/salem/.m2/repository/jakarta/activation/jakarta.activation-api/2.1.3/jakarta.activation-api-2.1.3.jar:/home/salem/.m2/repository/net/minidev/json-smart/2.5.2/json-smart-2.5.2.jar:/home/salem/.m2/repository/net/minidev/accessors-smart/2.5.2/accessors-smart-2.5.2.jar:/home/salem/.m2/repository/org/ow2/asm/asm/9.7.1/asm-9.7.1.jar:/home/salem/.m2/repository/org/assertj/assertj-core/3.26.3/assertj-core-3.26.3.jar:/home/salem/.m2/repository/org/awaitility/awaitility/4.2.2/awaitility-4.2.2.jar:/home/salem/.m2/repository/org/hamcrest/hamcrest/2.2/hamcrest-2.2.jar:/home/salem/.m2/repository/org/junit/jupiter/junit-jupiter/5.11.4/junit-jupiter-5.11.4.jar:/home/salem/.m2/repository/org/junit/jupiter/junit-jupiter-api/5.11.4/junit-jupiter-api-5.11.4.jar:/home/salem/.m2/repository/org/opentest4j/opentest4j/1.3.0/opentest4j-1.3.0.jar:/home/salem/.m2/repository/org/junit/platform/junit-platform-commons/1.11.4/junit-platform-commons-1.11.4.jar:/home/salem/.m2/repository/org/apiguardian/apiguardian-api/1.1.2/apiguardian-api-1.1.2.jar:/home/salem/.m2/repository/org/junit/jupiter/junit-jupiter-params/5.11.4/junit-jupiter-params-5.11.4.jar:/home/salem/.m2/repository/org/junit/jupiter/junit-jupiter-engine/5.11.4/junit-jupiter-engine-5.11.4.jar:/home/salem/.m2/repository/org/junit/platform/junit-platform-engine/1.11.4/junit-platform-engine-1.11.4.jar:/home/salem/.m2/repository/org/mockito/mockito-core/5.14.2/mockito-core-5.14.2.jar:/home/salem/.m2/repository/net/bytebuddy/byte-buddy-agent/1.15.11/byte-buddy-agent-1.15.11.jar:/home/salem/.m2/repository/org/objenesis/objenesis/3.3/objenesis-3.3.jar:/home/salem/.m2/repository/org/mockito/mockito-junit-jupiter/5.14.2/mockito-junit-jupiter-5.14.2.jar:/home/salem/.m2/repository/org/skyscreamer/jsonassert/1.5.3/jsonassert-1.5.3.jar:/home/salem/.m2/repository/com/vaadin/external/google/android-json/0.0.20131108.vaadin1/android-json-0.0.20131108.vaadin1.jar:/home/salem/.m2/repository/org/springframework/spring-core/6.2.6/spring-core-6.2.6.jar:/home/salem/.m2/repository/org/springframework/spring-jcl/6.2.6/spring-jcl-6.2.6.jar:/home/salem/.m2/repository/org/springframework/spring-test/6.2.6/spring-test-6.2.6.jar:/home/salem/.m2/repository/org/xmlunit/xmlunit-core/2.10.0/xmlunit-core-2.10.0.jar:/home/salem/.m2/repository/org/springframework/security/spring-security-test/6.4.5/spring-security-test-6.4.5.jar:/home/salem/.m2/repository/org/springframework/security/spring-security-core/6.4.5/spring-security-core-6.4.5.jar:/home/salem/.m2/repository/org/springframework/security/spring-security-crypto/6.4.5/spring-security-crypto-6.4.5.jar:/home/salem/.m2/repository/org/webjars/bootstrap/5.3.5/bootstrap-5.3.5.jar:/home/salem/.m2/repository/nz/net/ultraq/thymeleaf/thymeleaf-layout-dialect/3.4.0/thymeleaf-layout-dialect-3.4.0.jar:/home/salem/.m2/repository/org/apache/groovy/groovy/4.0.26/groovy-4.0.26.jar:/home/salem/.m2/repository/nz/net/ultraq/groovy/groovy-extensions/2.3.3/groovy-extensions-2.3.3.jar:/home/salem/.m2/repository/nz/net/ultraq/thymeleaf/thymeleaf-expression-processor/3.2.0/thymeleaf-expression-processor-3.2.0.jar:/home/salem/.m2/repository/org/thymeleaf/thymeleaf/3.1.3.RELEASE/thymeleaf-3.1.3.RELEASE.jar:/home/salem/.m2/repository/ognl/ognl/3.3.4/ognl-3.3.4.jar:/home/salem/.m2/repository/org/javassist/javassist/3.29.0-GA/javassist-3.29.0-GA.jar:/home/salem/.m2/repository/org/attoparser/attoparser/2.0.7.RELEASE/attoparser-2.0.7.RELEASE.jar:/home/salem/.m2/repository/org/unbescape/unbescape/1.1.6.RELEASE/unbescape-1.1.6.RELEASE.jar:"/>
    <property name="sun.cpu.endian" value="little"/>
    <property name="user.home" value="/home/salem"/>
    <property name="user.language" value="en"/>
    <property name="java.specification.vendor" value="Oracle Corporation"/>
    <property name="java.version.date" value="2025-04-15"/>
    <property name="java.home" value="/usr/lib/jvm/java-21-openjdk-amd64"/>
    <property name="file.separator" value="/"/>
    <property name="basedir" value="/home/salem/IdeaProjects/tp_staprk_ventes/tp4_spart/spring-security-app"/>
    <property name="java.vm.compressedOopsMode" value="Zero based"/>
    <property name="line.separator" value="&#10;"/>
    <property name="java.vm.specification.vendor" value="Oracle Corporation"/>
    <property name="java.specification.name" value="Java Platform API Specification"/>
    <property name="FILE_LOG_CHARSET" value="UTF-8"/>
    <property name="java.awt.headless" value="true"/>
    <property name="surefire.real.class.path" value="/home/salem/IdeaProjects/tp_staprk_ventes/tp4_spart/spring-security-app/target/surefire/surefirebooter-20250516205316495_3.jar"/>
    <property name="sun.management.compiler" value="HotSpot 64-Bit Tiered Compilers"/>
    <property name="java.runtime.version" value="21.0.7+6-Ubuntu-0ubuntu120.04"/>
    <property name="user.name" value="salem"/>
    <property name="stdout.encoding" value="UTF-8"/>
    <property name="path.separator" value=":"/>
    <property name="os.version" value="5.4.0-215-generic"/>
    <property name="java.runtime.name" value="OpenJDK Runtime Environment"/>
    <property name="file.encoding" value="UTF-8"/>
    <property name="java.vm.name" value="OpenJDK 64-Bit Server VM"/>
    <property name="localRepository" value="/home/salem/.m2/repository"/>
    <property name="java.vendor.url.bug" value="https://bugs.launchpad.net/ubuntu/+source/openjdk-21"/>
    <property name="java.io.tmpdir" value="/tmp"/>
    <property name="com.zaxxer.hikari.pool_number" value="1"/>
    <property name="java.version" value="21.0.7"/>
    <property name="user.dir" value="/home/salem/IdeaProjects/tp_staprk_ventes/tp4_spart/spring-security-app"/>
    <property name="os.arch" value="amd64"/>
    <property name="java.vm.specification.name" value="Java Virtual Machine Specification"/>
    <property name="PID" value="29321"/>
    <property name="CONSOLE_LOG_CHARSET" value="UTF-8"/>
    <property name="native.encoding" value="UTF-8"/>
    <property name="java.library.path" value="/usr/java/packages/lib:/usr/lib/x86_64-linux-gnu/jni:/lib/x86_64-linux-gnu:/usr/lib/x86_64-linux-gnu:/usr/lib/jni:/lib:/usr/lib"/>
    <property name="java.vm.info" value="mixed mode, sharing"/>
    <property name="stderr.encoding" value="UTF-8"/>
    <property name="java.vendor" value="Ubuntu"/>
    <property name="java.vm.version" value="21.0.7+6-Ubuntu-0ubuntu120.04"/>
    <property name="sun.io.unicode.encoding" value="UnicodeLittle"/>
    <property name="java.class.version" value="65.0"/>
    <property name="LOGGED_APPLICATION_NAME" value="[spring-security-app] "/>
  </properties>
  <testcase name="contextLoads" classname="org.example.springsecurityapp.SpringSecurityAppApplicationTests" time="1.035">
    <system-out><![CDATA[20:53:17.851 [main] INFO org.springframework.test.context.support.AnnotationConfigContextLoaderUtils -- Could not detect default configuration classes for test class [org.example.springsecurityapp.SpringSecurityAppApplicationTests]: SpringSecurityAppApplicationTests does not declare any static, non-private, non-final, nested classes annotated with @Configuration.
20:53:18.081 [main] INFO org.springframework.boot.test.context.SpringBootTestContextBootstrapper -- Found @SpringBootConfiguration org.example.springsecurityapp.SpringSecurityAppApplication for test class org.example.springsecurityapp.SpringSecurityAppApplicationTests

  .   ____          _            __ _ _
 /\\ / ___'_ __ _ _(_)_ __  __ _ \ \ \ \
( ( )\___ | '_ | '_| | '_ \/ _` | \ \ \ \
 \\/  ___)| |_)| | | | | || (_| |  ) ) ) )
  '  |____| .__|_| |_|_| |_\__, | / / / /
 =========|_|==============|___/=/_/_/_/

 :: Spring Boot ::                (v3.4.5)

2025-05-16T20:53:18.877Z  INFO 29321 --- [spring-security-app] [           main] o.e.s.SpringSecurityAppApplicationTests  : Starting SpringSecurityAppApplicationTests using Java 21.0.7 with PID 29321 (started by salem in /home/salem/IdeaProjects/tp_staprk_ventes/tp4_spart/spring-security-app)
2025-05-16T20:53:18.879Z  INFO 29321 --- [spring-security-app] [           main] o.e.s.SpringSecurityAppApplicationTests  : No active profile set, falling back to 1 default profile: "default"
2025-05-16T20:53:20.361Z  INFO 29321 --- [spring-security-app] [           main] .s.d.r.c.RepositoryConfigurationDelegate : Bootstrapping Spring Data JPA repositories in DEFAULT mode.
2025-05-16T20:53:20.435Z  INFO 29321 --- [spring-security-app] [           main] .s.d.r.c.RepositoryConfigurationDelegate : Finished Spring Data repository scanning in 58 ms. Found 1 JPA repository interface.
2025-05-16T20:53:21.249Z  INFO 29321 --- [spring-security-app] [           main] com.zaxxer.hikari.HikariDataSource       : HikariPool-1 - Starting...
2025-05-16T20:53:21.573Z  INFO 29321 --- [spring-security-app] [           main] com.zaxxer.hikari.pool.HikariPool        : HikariPool-1 - Added connection conn0: url=jdbc:h2:mem:p-db user=SA
2025-05-16T20:53:21.576Z  INFO 29321 --- [spring-security-app] [           main] com.zaxxer.hikari.HikariDataSource       : HikariPool-1 - Start completed.
2025-05-16T20:53:21.677Z  INFO 29321 --- [spring-security-app] [           main] o.hibernate.jpa.internal.util.LogHelper  : HHH000204: Processing PersistenceUnitInfo [name: default]
2025-05-16T20:53:21.755Z  INFO 29321 --- [spring-security-app] [           main] org.hibernate.Version                    : HHH000412: Hibernate ORM core version 6.6.13.Final
2025-05-16T20:53:21.806Z  INFO 29321 --- [spring-security-app] [           main] o.h.c.internal.RegionFactoryInitiator    : HHH000026: Second-level cache disabled
2025-05-16T20:53:22.254Z  INFO 29321 --- [spring-security-app] [           main] o.s.o.j.p.SpringPersistenceUnitInfo      : No LoadTimeWeaver setup: ignoring JPA class transformer
2025-05-16T20:53:22.365Z  INFO 29321 --- [spring-security-app] [           main] org.hibernate.orm.connections.pooling    : HHH10001005: Database info:
	Database JDBC URL [Connecting through datasource 'HikariDataSource (HikariPool-1)']
	Database driver: undefined/unknown
	Database version: 2.3.232
	Autocommit mode: undefined/unknown
	Isolation level: undefined/unknown
	Minimum pool size: undefined/unknown
	Maximum pool size: undefined/unknown
2025-05-16T20:53:23.523Z  INFO 29321 --- [spring-security-app] [           main] o.h.e.t.j.p.i.JtaPlatformInitiator       : HHH000489: No JTA platform available (set 'hibernate.transaction.jta.platform' to enable JTA platform integration)
2025-05-16T20:53:23.567Z  INFO 29321 --- [spring-security-app] [           main] j.LocalContainerEntityManagerFactoryBean : Initialized JPA EntityManagerFactory for persistence unit 'default'
2025-05-16T20:53:24.155Z  WARN 29321 --- [spring-security-app] [           main] JpaBaseConfiguration$JpaWebConfiguration : spring.jpa.open-in-view is enabled by default. Therefore, database queries may be performed during view rendering. Explicitly configure spring.jpa.open-in-view to disable this warning
2025-05-16T20:53:24.653Z  INFO 29321 --- [spring-security-app] [           main] r$InitializeUserDetailsManagerConfigurer : Global AuthenticationManager configured with UserDetailsService bean with name inMemoryUserDetailsManager
2025-05-16T20:53:25.676Z  INFO 29321 --- [spring-security-app] [           main] o.s.b.a.h2.H2ConsoleAutoConfiguration    : H2 console available at '/h2-console'. Database available at 'jdbc:h2:mem:p-db'
2025-05-16T20:53:25.788Z  INFO 29321 --- [spring-security-app] [           main] o.e.s.SpringSecurityAppApplicationTests  : Started SpringSecurityAppApplicationTests in 7.47 seconds (process running for 9.171)
Product(id=1, name=Product 1, price=1010.0, quantity=11)
Product(id=2, name=Product 2, price=1020.0, quantity=12)
Product(id=3, name=Product 3, price=1030.0, quantity=13)
Product(id=4, name=Product 4, price=1040.0, quantity=14)
Product(id=5, name=Product 5, price=1050.0, quantity=15)
Product(id=6, name=Product 6, price=1060.0, quantity=16)
Product(id=7, name=Product 7, price=1070.0, quantity=17)
Product(id=8, name=Product 8, price=1080.0, quantity=18)
Product(id=9, name=Product 9, price=1090.0, quantity=19)
Product(id=10, name=Product 10, price=1100.0, quantity=20)
Product(id=11, name=Product 11, price=1110.0, quantity=21)
Product(id=12, name=Product 12, price=1120.0, quantity=22)
Product(id=13, name=Product 13, price=1130.0, quantity=23)
Product(id=14, name=Product 14, price=1140.0, quantity=24)
Product(id=15, name=Product 15, price=1150.0, quantity=25)
Product(id=16, name=Product 16, price=1160.0, quantity=26)
Product(id=17, name=Product 17, price=1170.0, quantity=27)
Product(id=18, name=Product 18, price=1180.0, quantity=28)
Product(id=19, name=Product 19, price=1190.0, quantity=29)
Product(id=20, name=Product 20, price=1200.0, quantity=30)
Product(id=21, name=Product 21, price=1210.0, quantity=31)
Product(id=22, name=Product 22, price=1220.0, quantity=32)
Product(id=23, name=Product 23, price=1230.0, quantity=33)
Product(id=24, name=Product 24, price=1240.0, quantity=34)
Product(id=25, name=Product 25, price=1250.0, quantity=35)
Product(id=26, name=Product 26, price=1260.0, quantity=36)
Product(id=27, name=Product 27, price=1270.0, quantity=37)
Product(id=28, name=Product 28, price=1280.0, quantity=38)
Product(id=29, name=Product 29, price=1290.0, quantity=39)
Product(id=30, name=Product 30, price=1300.0, quantity=40)
Product(id=31, name=Product 31, price=1310.0, quantity=41)
Product(id=32, name=Product 32, price=1320.0, quantity=42)
Product(id=33, name=Product 33, price=1330.0, quantity=43)
Product(id=34, name=Product 34, price=1340.0, quantity=44)
Product(id=35, name=Product 35, price=1350.0, quantity=45)
Product(id=36, name=Product 36, price=1360.0, quantity=46)
Product(id=37, name=Product 37, price=1370.0, quantity=47)
Product(id=38, name=Product 38, price=1380.0, quantity=48)
Product(id=39, name=Product 39, price=1390.0, quantity=49)
Product(id=40, name=Product 40, price=1400.0, quantity=50)
Product(id=41, name=Product 41, price=1410.0, quantity=51)
Product(id=42, name=Product 42, price=1420.0, quantity=52)
Product(id=43, name=Product 43, price=1430.0, quantity=53)
Product(id=44, name=Product 44, price=1440.0, quantity=54)
Product(id=45, name=Product 45, price=1450.0, quantity=55)
Product(id=46, name=Product 46, price=1460.0, quantity=56)
Product(id=47, name=Product 47, price=1470.0, quantity=57)
Product(id=48, name=Product 48, price=1480.0, quantity=58)
Product(id=49, name=Product 49, price=1490.0, quantity=59)
Product(id=50, name=Product 50, price=1500.0, quantity=60)
Product(id=51, name=Product 51, price=1510.0, quantity=61)
Product(id=52, name=Product 52, price=1520.0, quantity=62)
Product(id=53, name=Product 53, price=1530.0, quantity=63)
Product(id=54, name=Product 54, price=1540.0, quantity=64)
Product(id=55, name=Product 55, price=1550.0, quantity=65)
Product(id=56, name=Product 56, price=1560.0, quantity=66)
Product(id=57, name=Product 57, price=1570.0, quantity=67)
Product(id=58, name=Product 58, price=1580.0, quantity=68)
Product(id=59, name=Product 59, price=1590.0, quantity=69)
Product(id=60, name=Product 60, price=1600.0, quantity=70)
Product(id=61, name=Product 61, price=1610.0, quantity=71)
Product(id=62, name=Product 62, price=1620.0, quantity=72)
Product(id=63, name=Product 63, price=1630.0, quantity=73)
Product(id=64, name=Product 64, price=1640.0, quantity=74)
Product(id=65, name=Product 65, price=1650.0, quantity=75)
Product(id=66, name=Product 66, price=1660.0, quantity=76)
Product(id=67, name=Product 67, price=1670.0, quantity=77)
Product(id=68, name=Product 68, price=1680.0, quantity=78)
Product(id=69, name=Product 69, price=1690.0, quantity=79)
Product(id=70, name=Product 70, price=1700.0, quantity=80)
Product(id=71, name=Product 71, price=1710.0, quantity=81)
Product(id=72, name=Product 72, price=1720.0, quantity=82)
Product(id=73, name=Product 73, price=1730.0, quantity=83)
Product(id=74, name=Product 74, price=1740.0, quantity=84)
Product(id=75, name=Product 75, price=1750.0, quantity=85)
Product(id=76, name=Product 76, price=1760.0, quantity=86)
Product(id=77, name=Product 77, price=1770.0, quantity=87)
Product(id=78, name=Product 78, price=1780.0, quantity=88)
Product(id=79, name=Product 79, price=1790.0, quantity=89)
Product(id=80, name=Product 80, price=1800.0, quantity=90)
Product(id=81, name=Product 81, price=1810.0, quantity=91)
Product(id=82, name=Product 82, price=1820.0, quantity=92)
Product(id=83, name=Product 83, price=1830.0, quantity=93)
Product(id=84, name=Product 84, price=1840.0, quantity=94)
Product(id=85, name=Product 85, price=1850.0, quantity=95)
Product(id=86, name=Product 86, price=1860.0, quantity=96)
Product(id=87, name=Product 87, price=1870.0, quantity=97)
Product(id=88, name=Product 88, price=1880.0, quantity=98)
Product(id=89, name=Product 89, price=1890.0, quantity=99)
Product(id=90, name=Product 90, price=1900.0, quantity=100)
Product(id=91, name=Product 91, price=1910.0, quantity=101)
Product(id=92, name=Product 92, price=1920.0, quantity=102)
Product(id=93, name=Product 93, price=1930.0, quantity=103)
Product(id=94, name=Product 94, price=1940.0, quantity=104)
Product(id=95, name=Product 95, price=1950.0, quantity=105)
Product(id=96, name=Product 96, price=1960.0, quantity=106)
Product(id=97, name=Product 97, price=1970.0, quantity=107)
Product(id=98, name=Product 98, price=1980.0, quantity=108)
Product(id=99, name=Product 99, price=1990.0, quantity=109)
Product(id=100, name=Product 100, price=2000.0, quantity=110)
Product(id=101, name=Product 101, price=2010.0, quantity=111)
Product(id=102, name=Product 102, price=2020.0, quantity=112)
Product(id=103, name=Product 103, price=2030.0, quantity=113)
Product(id=104, name=Product 104, price=2040.0, quantity=114)
Product(id=105, name=Product 105, price=2050.0, quantity=115)
Product(id=106, name=Product 106, price=2060.0, quantity=116)
Product(id=107, name=Product 107, price=2070.0, quantity=117)
Product(id=108, name=Product 108, price=2080.0, quantity=118)
Product(id=109, name=Product 109, price=2090.0, quantity=119)
Product(id=110, name=Product 110, price=2100.0, quantity=120)
Product(id=111, name=Product 111, price=2110.0, quantity=121)
Product(id=112, name=Product 112, price=2120.0, quantity=122)
Product(id=113, name=Product 113, price=2130.0, quantity=123)
Product(id=114, name=Product 114, price=2140.0, quantity=124)
Product(id=115, name=Product 115, price=2150.0, quantity=125)
Product(id=116, name=Product 116, price=2160.0, quantity=126)
Product(id=117, name=Product 117, price=2170.0, quantity=127)
Product(id=118, name=Product 118, price=2180.0, quantity=128)
Product(id=119, name=Product 119, price=2190.0, quantity=129)
Product(id=120, name=Product 120, price=2200.0, quantity=130)
Product(id=121, name=Product 121, price=2210.0, quantity=131)
Product(id=122, name=Product 122, price=2220.0, quantity=132)
Product(id=123, name=Product 123, price=2230.0, quantity=133)
Product(id=124, name=Product 124, price=2240.0, quantity=134)
Product(id=125, name=Product 125, price=2250.0, quantity=135)
Product(id=126, name=Product 126, price=2260.0, quantity=136)
Product(id=127, name=Product 127, price=2270.0, quantity=137)
Product(id=128, name=Product 128, price=2280.0, quantity=138)
Product(id=129, name=Product 129, price=2290.0, quantity=139)
Product(id=130, name=Product 130, price=2300.0, quantity=140)
Product(id=131, name=Product 131, price=2310.0, quantity=141)
Product(id=132, name=Product 132, price=2320.0, quantity=142)
Product(id=133, name=Product 133, price=2330.0, quantity=143)
Product(id=134, name=Product 134, price=2340.0, quantity=144)
Product(id=135, name=Product 135, price=2350.0, quantity=145)
Product(id=136, name=Product 136, price=2360.0, quantity=146)
Product(id=137, name=Product 137, price=2370.0, quantity=147)
Product(id=138, name=Product 138, price=2380.0, quantity=148)
Product(id=139, name=Product 139, price=2390.0, quantity=149)
Product(id=140, name=Product 140, price=2400.0, quantity=150)
Product(id=141, name=Product 141, price=2410.0, quantity=151)
Product(id=142, name=Product 142, price=2420.0, quantity=152)
Product(id=143, name=Product 143, price=2430.0, quantity=153)
Product(id=144, name=Product 144, price=2440.0, quantity=154)
Product(id=145, name=Product 145, price=2450.0, quantity=155)
Product(id=146, name=Product 146, price=2460.0, quantity=156)
Product(id=147, name=Product 147, price=2470.0, quantity=157)
Product(id=148, name=Product 148, price=2480.0, quantity=158)
Product(id=149, name=Product 149, price=2490.0, quantity=159)
Product(id=150, name=Product 150, price=2500.0, quantity=160)
Product(id=151, name=Product 151, price=2510.0, quantity=161)
Product(id=152, name=Product 152, price=2520.0, quantity=162)
Product(id=153, name=Product 153, price=2530.0, quantity=163)
Product(id=154, name=Product 154, price=2540.0, quantity=164)
Product(id=155, name=Product 155, price=2550.0, quantity=165)
Product(id=156, name=Product 156, price=2560.0, quantity=166)
Product(id=157, name=Product 157, price=2570.0, quantity=167)
Product(id=158, name=Product 158, price=2580.0, quantity=168)
Product(id=159, name=Product 159, price=2590.0, quantity=169)
Product(id=160, name=Product 160, price=2600.0, quantity=170)
Product(id=161, name=Product 161, price=2610.0, quantity=171)
Product(id=162, name=Product 162, price=2620.0, quantity=172)
Product(id=163, name=Product 163, price=2630.0, quantity=173)
Product(id=164, name=Product 164, price=2640.0, quantity=174)
Product(id=165, name=Product 165, price=2650.0, quantity=175)
Product(id=166, name=Product 166, price=2660.0, quantity=176)
Product(id=167, name=Product 167, price=2670.0, quantity=177)
Product(id=168, name=Product 168, price=2680.0, quantity=178)
Product(id=169, name=Product 169, price=2690.0, quantity=179)
Product(id=170, name=Product 170, price=2700.0, quantity=180)
Product(id=171, name=Product 171, price=2710.0, quantity=181)
Product(id=172, name=Product 172, price=2720.0, quantity=182)
Product(id=173, name=Product 173, price=2730.0, quantity=183)
Product(id=174, name=Product 174, price=2740.0, quantity=184)
Product(id=175, name=Product 175, price=2750.0, quantity=185)
Product(id=176, name=Product 176, price=2760.0, quantity=186)
Product(id=177, name=Product 177, price=2770.0, quantity=187)
Product(id=178, name=Product 178, price=2780.0, quantity=188)
Product(id=179, name=Product 179, price=2790.0, quantity=189)
Product(id=180, name=Product 180, price=2800.0, quantity=190)
Product(id=181, name=Product 181, price=2810.0, quantity=191)
Product(id=182, name=Product 182, price=2820.0, quantity=192)
Product(id=183, name=Product 183, price=2830.0, quantity=193)
Product(id=184, name=Product 184, price=2840.0, quantity=194)
Product(id=185, name=Product 185, price=2850.0, quantity=195)
Product(id=186, name=Product 186, price=2860.0, quantity=196)
Product(id=187, name=Product 187, price=2870.0, quantity=197)
Product(id=188, name=Product 188, price=2880.0, quantity=198)
Product(id=189, name=Product 189, price=2890.0, quantity=199)
Product(id=190, name=Product 190, price=2900.0, quantity=200)
Product(id=191, name=Product 191, price=2910.0, quantity=201)
Product(id=192, name=Product 192, price=2920.0, quantity=202)
Product(id=193, name=Product 193, price=2930.0, quantity=203)
Product(id=194, name=Product 194, price=2940.0, quantity=204)
Product(id=195, name=Product 195, price=2950.0, quantity=205)
Product(id=196, name=Product 196, price=2960.0, quantity=206)
Product(id=197, name=Product 197, price=2970.0, quantity=207)
Product(id=198, name=Product 198, price=2980.0, quantity=208)
Product(id=199, name=Product 199, price=2990.0, quantity=209)
Product(id=200, name=Product 200, price=3000.0, quantity=210)
Product(id=201, name=Product 201, price=3010.0, quantity=211)
Product(id=202, name=Product 202, price=3020.0, quantity=212)
Product(id=203, name=Product 203, price=3030.0, quantity=213)
Product(id=204, name=Product 204, price=3040.0, quantity=214)
Product(id=205, name=Product 205, price=3050.0, quantity=215)
Product(id=206, name=Product 206, price=3060.0, quantity=216)
Product(id=207, name=Product 207, price=3070.0, quantity=217)
Product(id=208, name=Product 208, price=3080.0, quantity=218)
Product(id=209, name=Product 209, price=3090.0, quantity=219)
Product(id=210, name=Product 210, price=3100.0, quantity=220)
Product(id=211, name=Product 211, price=3110.0, quantity=221)
Product(id=212, name=Product 212, price=3120.0, quantity=222)
Product(id=213, name=Product 213, price=3130.0, quantity=223)
Product(id=214, name=Product 214, price=3140.0, quantity=224)
Product(id=215, name=Product 215, price=3150.0, quantity=225)
Product(id=216, name=Product 216, price=3160.0, quantity=226)
Product(id=217, name=Product 217, price=3170.0, quantity=227)
Product(id=218, name=Product 218, price=3180.0, quantity=228)
Product(id=219, name=Product 219, price=3190.0, quantity=229)
Product(id=220, name=Product 220, price=3200.0, quantity=230)
Product(id=221, name=Product 221, price=3210.0, quantity=231)
Product(id=222, name=Product 222, price=3220.0, quantity=232)
Product(id=223, name=Product 223, price=3230.0, quantity=233)
Product(id=224, name=Product 224, price=3240.0, quantity=234)
Product(id=225, name=Product 225, price=3250.0, quantity=235)
Product(id=226, name=Product 226, price=3260.0, quantity=236)
Product(id=227, name=Product 227, price=3270.0, quantity=237)
Product(id=228, name=Product 228, price=3280.0, quantity=238)
Product(id=229, name=Product 229, price=3290.0, quantity=239)
Product(id=230, name=Product 230, price=3300.0, quantity=240)
Product(id=231, name=Product 231, price=3310.0, quantity=241)
Product(id=232, name=Product 232, price=3320.0, quantity=242)
Product(id=233, name=Product 233, price=3330.0, quantity=243)
Product(id=234, name=Product 234, price=3340.0, quantity=244)
Product(id=235, name=Product 235, price=3350.0, quantity=245)
Product(id=236, name=Product 236, price=3360.0, quantity=246)
Product(id=237, name=Product 237, price=3370.0, quantity=247)
Product(id=238, name=Product 238, price=3380.0, quantity=248)
Product(id=239, name=Product 239, price=3390.0, quantity=249)
Product(id=240, name=Product 240, price=3400.0, quantity=250)
Product(id=241, name=Product 241, price=3410.0, quantity=251)
Product(id=242, name=Product 242, price=3420.0, quantity=252)
Product(id=243, name=Product 243, price=3430.0, quantity=253)
Product(id=244, name=Product 244, price=3440.0, quantity=254)
Product(id=245, name=Product 245, price=3450.0, quantity=255)
Product(id=246, name=Product 246, price=3460.0, quantity=256)
Product(id=247, name=Product 247, price=3470.0, quantity=257)
Product(id=248, name=Product 248, price=3480.0, quantity=258)
Product(id=249, name=Product 249, price=3490.0, quantity=259)
Product(id=250, name=Product 250, price=3500.0, quantity=260)
Product(id=251, name=Product 251, price=3510.0, quantity=261)
Product(id=252, name=Product 252, price=3520.0, quantity=262)
Product(id=253, name=Product 253, price=3530.0, quantity=263)
Product(id=254, name=Product 254, price=3540.0, quantity=264)
Product(id=255, name=Product 255, price=3550.0, quantity=265)
Product(id=256, name=Product 256, price=3560.0, quantity=266)
Product(id=257, name=Product 257, price=3570.0, quantity=267)
Product(id=258, name=Product 258, price=3580.0, quantity=268)
Product(id=259, name=Product 259, price=3590.0, quantity=269)
Product(id=260, name=Product 260, price=3600.0, quantity=270)
Product(id=261, name=Product 261, price=3610.0, quantity=271)
Product(id=262, name=Product 262, price=3620.0, quantity=272)
Product(id=263, name=Product 263, price=3630.0, quantity=273)
Product(id=264, name=Product 264, price=3640.0, quantity=274)
Product(id=265, name=Product 265, price=3650.0, quantity=275)
Product(id=266, name=Product 266, price=3660.0, quantity=276)
Product(id=267, name=Product 267, price=3670.0, quantity=277)
Product(id=268, name=Product 268, price=3680.0, quantity=278)
Product(id=269, name=Product 269, price=3690.0, quantity=279)
Product(id=270, name=Product 270, price=3700.0, quantity=280)
Product(id=271, name=Product 271, price=3710.0, quantity=281)
Product(id=272, name=Product 272, price=3720.0, quantity=282)
Product(id=273, name=Product 273, price=3730.0, quantity=283)
Product(id=274, name=Product 274, price=3740.0, quantity=284)
Product(id=275, name=Product 275, price=3750.0, quantity=285)
Product(id=276, name=Product 276, price=3760.0, quantity=286)
Product(id=277, name=Product 277, price=3770.0, quantity=287)
Product(id=278, name=Product 278, price=3780.0, quantity=288)
Product(id=279, name=Product 279, price=3790.0, quantity=289)
Product(id=280, name=Product 280, price=3800.0, quantity=290)
Product(id=281, name=Product 281, price=3810.0, quantity=291)
Product(id=282, name=Product 282, price=3820.0, quantity=292)
Product(id=283, name=Product 283, price=3830.0, quantity=293)
Product(id=284, name=Product 284, price=3840.0, quantity=294)
Product(id=285, name=Product 285, price=3850.0, quantity=295)
Product(id=286, name=Product 286, price=3860.0, quantity=296)
Product(id=287, name=Product 287, price=3870.0, quantity=297)
Product(id=288, name=Product 288, price=3880.0, quantity=298)
Product(id=289, name=Product 289, price=3890.0, quantity=299)
Product(id=290, name=Product 290, price=3900.0, quantity=300)
Product(id=291, name=Product 291, price=3910.0, quantity=301)
Product(id=292, name=Product 292, price=3920.0, quantity=302)
Product(id=293, name=Product 293, price=3930.0, quantity=303)
Product(id=294, name=Product 294, price=3940.0, quantity=304)
Product(id=295, name=Product 295, price=3950.0, quantity=305)
Product(id=296, name=Product 296, price=3960.0, quantity=306)
Product(id=297, name=Product 297, price=3970.0, quantity=307)
Product(id=298, name=Product 298, price=3980.0, quantity=308)
Product(id=299, name=Product 299, price=3990.0, quantity=309)
Product(id=300, name=Product 300, price=4000.0, quantity=310)
Product(id=301, name=Product 301, price=4010.0, quantity=311)
Product(id=302, name=Product 302, price=4020.0, quantity=312)
Product(id=303, name=Product 303, price=4030.0, quantity=313)
Product(id=304, name=Product 304, price=4040.0, quantity=314)
Product(id=305, name=Product 305, price=4050.0, quantity=315)
Product(id=306, name=Product 306, price=4060.0, quantity=316)
Product(id=307, name=Product 307, price=4070.0, quantity=317)
Product(id=308, name=Product 308, price=4080.0, quantity=318)
Product(id=309, name=Product 309, price=4090.0, quantity=319)
Product(id=310, name=Product 310, price=4100.0, quantity=320)
Product(id=311, name=Product 311, price=4110.0, quantity=321)
Product(id=312, name=Product 312, price=4120.0, quantity=322)
Product(id=313, name=Product 313, price=4130.0, quantity=323)
Product(id=314, name=Product 314, price=4140.0, quantity=324)
Product(id=315, name=Product 315, price=4150.0, quantity=325)
Product(id=316, name=Product 316, price=4160.0, quantity=326)
Product(id=317, name=Product 317, price=4170.0, quantity=327)
Product(id=318, name=Product 318, price=4180.0, quantity=328)
Product(id=319, name=Product 319, price=4190.0, quantity=329)
Product(id=320, name=Product 320, price=4200.0, quantity=330)
Product(id=321, name=Product 321, price=4210.0, quantity=331)
Product(id=322, name=Product 322, price=4220.0, quantity=332)
Product(id=323, name=Product 323, price=4230.0, quantity=333)
Product(id=324, name=Product 324, price=4240.0, quantity=334)
Product(id=325, name=Product 325, price=4250.0, quantity=335)
Product(id=326, name=Product 326, price=4260.0, quantity=336)
Product(id=327, name=Product 327, price=4270.0, quantity=337)
Product(id=328, name=Product 328, price=4280.0, quantity=338)
Product(id=329, name=Product 329, price=4290.0, quantity=339)
Product(id=330, name=Product 330, price=4300.0, quantity=340)
Product(id=331, name=Product 331, price=4310.0, quantity=341)
Product(id=332, name=Product 332, price=4320.0, quantity=342)
Product(id=333, name=Product 333, price=4330.0, quantity=343)
Product(id=334, name=Product 334, price=4340.0, quantity=344)
Product(id=335, name=Product 335, price=4350.0, quantity=345)
Product(id=336, name=Product 336, price=4360.0, quantity=346)
Product(id=337, name=Product 337, price=4370.0, quantity=347)
Product(id=338, name=Product 338, price=4380.0, quantity=348)
Product(id=339, name=Product 339, price=4390.0, quantity=349)
Product(id=340, name=Product 340, price=4400.0, quantity=350)
Product(id=341, name=Product 341, price=4410.0, quantity=351)
Product(id=342, name=Product 342, price=4420.0, quantity=352)
Product(id=343, name=Product 343, price=4430.0, quantity=353)
Product(id=344, name=Product 344, price=4440.0, quantity=354)
Product(id=345, name=Product 345, price=4450.0, quantity=355)
Product(id=346, name=Product 346, price=4460.0, quantity=356)
Product(id=347, name=Product 347, price=4470.0, quantity=357)
Product(id=348, name=Product 348, price=4480.0, quantity=358)
Product(id=349, name=Product 349, price=4490.0, quantity=359)
Product(id=350, name=Product 350, price=4500.0, quantity=360)
Product(id=351, name=Product 351, price=4510.0, quantity=361)
Product(id=352, name=Product 352, price=4520.0, quantity=362)
Product(id=353, name=Product 353, price=4530.0, quantity=363)
Product(id=354, name=Product 354, price=4540.0, quantity=364)
Product(id=355, name=Product 355, price=4550.0, quantity=365)
Product(id=356, name=Product 356, price=4560.0, quantity=366)
Product(id=357, name=Product 357, price=4570.0, quantity=367)
Product(id=358, name=Product 358, price=4580.0, quantity=368)
Product(id=359, name=Product 359, price=4590.0, quantity=369)
Product(id=360, name=Product 360, price=4600.0, quantity=370)
Product(id=361, name=Product 361, price=4610.0, quantity=371)
Product(id=362, name=Product 362, price=4620.0, quantity=372)
Product(id=363, name=Product 363, price=4630.0, quantity=373)
Product(id=364, name=Product 364, price=4640.0, quantity=374)
Product(id=365, name=Product 365, price=4650.0, quantity=375)
Product(id=366, name=Product 366, price=4660.0, quantity=376)
Product(id=367, name=Product 367, price=4670.0, quantity=377)
Product(id=368, name=Product 368, price=4680.0, quantity=378)
Product(id=369, name=Product 369, price=4690.0, quantity=379)
Product(id=370, name=Product 370, price=4700.0, quantity=380)
Product(id=371, name=Product 371, price=4710.0, quantity=381)
Product(id=372, name=Product 372, price=4720.0, quantity=382)
Product(id=373, name=Product 373, price=4730.0, quantity=383)
Product(id=374, name=Product 374, price=4740.0, quantity=384)
Product(id=375, name=Product 375, price=4750.0, quantity=385)
Product(id=376, name=Product 376, price=4760.0, quantity=386)
Product(id=377, name=Product 377, price=4770.0, quantity=387)
Product(id=378, name=Product 378, price=4780.0, quantity=388)
Product(id=379, name=Product 379, price=4790.0, quantity=389)
Product(id=380, name=Product 380, price=4800.0, quantity=390)
Product(id=381, name=Product 381, price=4810.0, quantity=391)
Product(id=382, name=Product 382, price=4820.0, quantity=392)
Product(id=383, name=Product 383, price=4830.0, quantity=393)
Product(id=384, name=Product 384, price=4840.0, quantity=394)
Product(id=385, name=Product 385, price=4850.0, quantity=395)
Product(id=386, name=Product 386, price=4860.0, quantity=396)
Product(id=387, name=Product 387, price=4870.0, quantity=397)
Product(id=388, name=Product 388, price=4880.0, quantity=398)
Product(id=389, name=Product 389, price=4890.0, quantity=399)
Product(id=390, name=Product 390, price=4900.0, quantity=400)
Product(id=391, name=Product 391, price=4910.0, quantity=401)
Product(id=392, name=Product 392, price=4920.0, quantity=402)
Product(id=393, name=Product 393, price=4930.0, quantity=403)
Product(id=394, name=Product 394, price=4940.0, quantity=404)
Product(id=395, name=Product 395, price=4950.0, quantity=405)
Product(id=396, name=Product 396, price=4960.0, quantity=406)
Product(id=397, name=Product 397, price=4970.0, quantity=407)
Product(id=398, name=Product 398, price=4980.0, quantity=408)
Product(id=399, name=Product 399, price=4990.0, quantity=409)
Product(id=400, name=Product 400, price=5000.0, quantity=410)
Product(id=401, name=Product 401, price=5010.0, quantity=411)
Product(id=402, name=Product 402, price=5020.0, quantity=412)
Product(id=403, name=Product 403, price=5030.0, quantity=413)
Product(id=404, name=Product 404, price=5040.0, quantity=414)
Product(id=405, name=Product 405, price=5050.0, quantity=415)
Product(id=406, name=Product 406, price=5060.0, quantity=416)
Product(id=407, name=Product 407, price=5070.0, quantity=417)
Product(id=408, name=Product 408, price=5080.0, quantity=418)
Product(id=409, name=Product 409, price=5090.0, quantity=419)
Product(id=410, name=Product 410, price=5100.0, quantity=420)
Product(id=411, name=Product 411, price=5110.0, quantity=421)
Product(id=412, name=Product 412, price=5120.0, quantity=422)
Product(id=413, name=Product 413, price=5130.0, quantity=423)
Product(id=414, name=Product 414, price=5140.0, quantity=424)
Product(id=415, name=Product 415, price=5150.0, quantity=425)
Product(id=416, name=Product 416, price=5160.0, quantity=426)
Product(id=417, name=Product 417, price=5170.0, quantity=427)
Product(id=418, name=Product 418, price=5180.0, quantity=428)
Product(id=419, name=Product 419, price=5190.0, quantity=429)
Product(id=420, name=Product 420, price=5200.0, quantity=430)
Product(id=421, name=Product 421, price=5210.0, quantity=431)
Product(id=422, name=Product 422, price=5220.0, quantity=432)
Product(id=423, name=Product 423, price=5230.0, quantity=433)
Product(id=424, name=Product 424, price=5240.0, quantity=434)
Product(id=425, name=Product 425, price=5250.0, quantity=435)
Product(id=426, name=Product 426, price=5260.0, quantity=436)
Product(id=427, name=Product 427, price=5270.0, quantity=437)
Product(id=428, name=Product 428, price=5280.0, quantity=438)
Product(id=429, name=Product 429, price=5290.0, quantity=439)
Product(id=430, name=Product 430, price=5300.0, quantity=440)
Product(id=431, name=Product 431, price=5310.0, quantity=441)
Product(id=432, name=Product 432, price=5320.0, quantity=442)
Product(id=433, name=Product 433, price=5330.0, quantity=443)
Product(id=434, name=Product 434, price=5340.0, quantity=444)
Product(id=435, name=Product 435, price=5350.0, quantity=445)
Product(id=436, name=Product 436, price=5360.0, quantity=446)
Product(id=437, name=Product 437, price=5370.0, quantity=447)
Product(id=438, name=Product 438, price=5380.0, quantity=448)
Product(id=439, name=Product 439, price=5390.0, quantity=449)
Product(id=440, name=Product 440, price=5400.0, quantity=450)
Product(id=441, name=Product 441, price=5410.0, quantity=451)
Product(id=442, name=Product 442, price=5420.0, quantity=452)
Product(id=443, name=Product 443, price=5430.0, quantity=453)
Product(id=444, name=Product 444, price=5440.0, quantity=454)
Product(id=445, name=Product 445, price=5450.0, quantity=455)
Product(id=446, name=Product 446, price=5460.0, quantity=456)
Product(id=447, name=Product 447, price=5470.0, quantity=457)
Product(id=448, name=Product 448, price=5480.0, quantity=458)
Product(id=449, name=Product 449, price=5490.0, quantity=459)
Product(id=450, name=Product 450, price=5500.0, quantity=460)
Product(id=451, name=Product 451, price=5510.0, quantity=461)
Product(id=452, name=Product 452, price=5520.0, quantity=462)
Product(id=453, name=Product 453, price=5530.0, quantity=463)
Product(id=454, name=Product 454, price=5540.0, quantity=464)
Product(id=455, name=Product 455, price=5550.0, quantity=465)
Product(id=456, name=Product 456, price=5560.0, quantity=466)
Product(id=457, name=Product 457, price=5570.0, quantity=467)
Product(id=458, name=Product 458, price=5580.0, quantity=468)
Product(id=459, name=Product 459, price=5590.0, quantity=469)
Product(id=460, name=Product 460, price=5600.0, quantity=470)
Product(id=461, name=Product 461, price=5610.0, quantity=471)
Product(id=462, name=Product 462, price=5620.0, quantity=472)
Product(id=463, name=Product 463, price=5630.0, quantity=473)
Product(id=464, name=Product 464, price=5640.0, quantity=474)
Product(id=465, name=Product 465, price=5650.0, quantity=475)
Product(id=466, name=Product 466, price=5660.0, quantity=476)
Product(id=467, name=Product 467, price=5670.0, quantity=477)
Product(id=468, name=Product 468, price=5680.0, quantity=478)
Product(id=469, name=Product 469, price=5690.0, quantity=479)
Product(id=470, name=Product 470, price=5700.0, quantity=480)
Product(id=471, name=Product 471, price=5710.0, quantity=481)
Product(id=472, name=Product 472, price=5720.0, quantity=482)
Product(id=473, name=Product 473, price=5730.0, quantity=483)
Product(id=474, name=Product 474, price=5740.0, quantity=484)
Product(id=475, name=Product 475, price=5750.0, quantity=485)
Product(id=476, name=Product 476, price=5760.0, quantity=486)
Product(id=477, name=Product 477, price=5770.0, quantity=487)
Product(id=478, name=Product 478, price=5780.0, quantity=488)
Product(id=479, name=Product 479, price=5790.0, quantity=489)
Product(id=480, name=Product 480, price=5800.0, quantity=490)
Product(id=481, name=Product 481, price=5810.0, quantity=491)
Product(id=482, name=Product 482, price=5820.0, quantity=492)
Product(id=483, name=Product 483, price=5830.0, quantity=493)
Product(id=484, name=Product 484, price=5840.0, quantity=494)
Product(id=485, name=Product 485, price=5850.0, quantity=495)
Product(id=486, name=Product 486, price=5860.0, quantity=496)
Product(id=487, name=Product 487, price=5870.0, quantity=497)
Product(id=488, name=Product 488, price=5880.0, quantity=498)
Product(id=489, name=Product 489, price=5890.0, quantity=499)
Product(id=490, name=Product 490, price=5900.0, quantity=500)
Product(id=491, name=Product 491, price=5910.0, quantity=501)
Product(id=492, name=Product 492, price=5920.0, quantity=502)
Product(id=493, name=Product 493, price=5930.0, quantity=503)
Product(id=494, name=Product 494, price=5940.0, quantity=504)
Product(id=495, name=Product 495, price=5950.0, quantity=505)
Product(id=496, name=Product 496, price=5960.0, quantity=506)
Product(id=497, name=Product 497, price=5970.0, quantity=507)
Product(id=498, name=Product 498, price=5980.0, quantity=508)
Product(id=499, name=Product 499, price=5990.0, quantity=509)
Product(id=500, name=Product 500, price=6000.0, quantity=510)
Product(id=501, name=Product 501, price=6010.0, quantity=511)
Product(id=502, name=Product 502, price=6020.0, quantity=512)
Product(id=503, name=Product 503, price=6030.0, quantity=513)
Product(id=504, name=Product 504, price=6040.0, quantity=514)
Product(id=505, name=Product 505, price=6050.0, quantity=515)
Product(id=506, name=Product 506, price=6060.0, quantity=516)
Product(id=507, name=Product 507, price=6070.0, quantity=517)
Product(id=508, name=Product 508, price=6080.0, quantity=518)
Product(id=509, name=Product 509, price=6090.0, quantity=519)
Product(id=510, name=Product 510, price=6100.0, quantity=520)
Product(id=511, name=Product 511, price=6110.0, quantity=521)
Product(id=512, name=Product 512, price=6120.0, quantity=522)
Product(id=513, name=Product 513, price=6130.0, quantity=523)
Product(id=514, name=Product 514, price=6140.0, quantity=524)
Product(id=515, name=Product 515, price=6150.0, quantity=525)
Product(id=516, name=Product 516, price=6160.0, quantity=526)
Product(id=517, name=Product 517, price=6170.0, quantity=527)
Product(id=518, name=Product 518, price=6180.0, quantity=528)
Product(id=519, name=Product 519, price=6190.0, quantity=529)
Product(id=520, name=Product 520, price=6200.0, quantity=530)
Product(id=521, name=Product 521, price=6210.0, quantity=531)
Product(id=522, name=Product 522, price=6220.0, quantity=532)
Product(id=523, name=Product 523, price=6230.0, quantity=533)
Product(id=524, name=Product 524, price=6240.0, quantity=534)
Product(id=525, name=Product 525, price=6250.0, quantity=535)
Product(id=526, name=Product 526, price=6260.0, quantity=536)
Product(id=527, name=Product 527, price=6270.0, quantity=537)
Product(id=528, name=Product 528, price=6280.0, quantity=538)
Product(id=529, name=Product 529, price=6290.0, quantity=539)
Product(id=530, name=Product 530, price=6300.0, quantity=540)
Product(id=531, name=Product 531, price=6310.0, quantity=541)
Product(id=532, name=Product 532, price=6320.0, quantity=542)
Product(id=533, name=Product 533, price=6330.0, quantity=543)
Product(id=534, name=Product 534, price=6340.0, quantity=544)
Product(id=535, name=Product 535, price=6350.0, quantity=545)
Product(id=536, name=Product 536, price=6360.0, quantity=546)
Product(id=537, name=Product 537, price=6370.0, quantity=547)
Product(id=538, name=Product 538, price=6380.0, quantity=548)
Product(id=539, name=Product 539, price=6390.0, quantity=549)
Product(id=540, name=Product 540, price=6400.0, quantity=550)
Product(id=541, name=Product 541, price=6410.0, quantity=551)
Product(id=542, name=Product 542, price=6420.0, quantity=552)
Product(id=543, name=Product 543, price=6430.0, quantity=553)
Product(id=544, name=Product 544, price=6440.0, quantity=554)
Product(id=545, name=Product 545, price=6450.0, quantity=555)
Product(id=546, name=Product 546, price=6460.0, quantity=556)
Product(id=547, name=Product 547, price=6470.0, quantity=557)
Product(id=548, name=Product 548, price=6480.0, quantity=558)
Product(id=549, name=Product 549, price=6490.0, quantity=559)
Product(id=550, name=Product 550, price=6500.0, quantity=560)
Product(id=551, name=Product 551, price=6510.0, quantity=561)
Product(id=552, name=Product 552, price=6520.0, quantity=562)
Product(id=553, name=Product 553, price=6530.0, quantity=563)
Product(id=554, name=Product 554, price=6540.0, quantity=564)
Product(id=555, name=Product 555, price=6550.0, quantity=565)
Product(id=556, name=Product 556, price=6560.0, quantity=566)
Product(id=557, name=Product 557, price=6570.0, quantity=567)
Product(id=558, name=Product 558, price=6580.0, quantity=568)
Product(id=559, name=Product 559, price=6590.0, quantity=569)
Product(id=560, name=Product 560, price=6600.0, quantity=570)
Product(id=561, name=Product 561, price=6610.0, quantity=571)
Product(id=562, name=Product 562, price=6620.0, quantity=572)
Product(id=563, name=Product 563, price=6630.0, quantity=573)
Product(id=564, name=Product 564, price=6640.0, quantity=574)
Product(id=565, name=Product 565, price=6650.0, quantity=575)
Product(id=566, name=Product 566, price=6660.0, quantity=576)
Product(id=567, name=Product 567, price=6670.0, quantity=577)
Product(id=568, name=Product 568, price=6680.0, quantity=578)
Product(id=569, name=Product 569, price=6690.0, quantity=579)
Product(id=570, name=Product 570, price=6700.0, quantity=580)
Product(id=571, name=Product 571, price=6710.0, quantity=581)
Product(id=572, name=Product 572, price=6720.0, quantity=582)
Product(id=573, name=Product 573, price=6730.0, quantity=583)
Product(id=574, name=Product 574, price=6740.0, quantity=584)
Product(id=575, name=Product 575, price=6750.0, quantity=585)
Product(id=576, name=Product 576, price=6760.0, quantity=586)
Product(id=577, name=Product 577, price=6770.0, quantity=587)
Product(id=578, name=Product 578, price=6780.0, quantity=588)
Product(id=579, name=Product 579, price=6790.0, quantity=589)
Product(id=580, name=Product 580, price=6800.0, quantity=590)
Product(id=581, name=Product 581, price=6810.0, quantity=591)
Product(id=582, name=Product 582, price=6820.0, quantity=592)
Product(id=583, name=Product 583, price=6830.0, quantity=593)
Product(id=584, name=Product 584, price=6840.0, quantity=594)
Product(id=585, name=Product 585, price=6850.0, quantity=595)
Product(id=586, name=Product 586, price=6860.0, quantity=596)
Product(id=587, name=Product 587, price=6870.0, quantity=597)
Product(id=588, name=Product 588, price=6880.0, quantity=598)
Product(id=589, name=Product 589, price=6890.0, quantity=599)
Product(id=590, name=Product 590, price=6900.0, quantity=600)
Product(id=591, name=Product 591, price=6910.0, quantity=601)
Product(id=592, name=Product 592, price=6920.0, quantity=602)
Product(id=593, name=Product 593, price=6930.0, quantity=603)
Product(id=594, name=Product 594, price=6940.0, quantity=604)
Product(id=595, name=Product 595, price=6950.0, quantity=605)
Product(id=596, name=Product 596, price=6960.0, quantity=606)
Product(id=597, name=Product 597, price=6970.0, quantity=607)
Product(id=598, name=Product 598, price=6980.0, quantity=608)
Product(id=599, name=Product 599, price=6990.0, quantity=609)
Product(id=600, name=Product 600, price=7000.0, quantity=610)
Product(id=601, name=Product 601, price=7010.0, quantity=611)
Product(id=602, name=Product 602, price=7020.0, quantity=612)
Product(id=603, name=Product 603, price=7030.0, quantity=613)
Product(id=604, name=Product 604, price=7040.0, quantity=614)
Product(id=605, name=Product 605, price=7050.0, quantity=615)
Product(id=606, name=Product 606, price=7060.0, quantity=616)
Product(id=607, name=Product 607, price=7070.0, quantity=617)
Product(id=608, name=Product 608, price=7080.0, quantity=618)
Product(id=609, name=Product 609, price=7090.0, quantity=619)
Product(id=610, name=Product 610, price=7100.0, quantity=620)
Product(id=611, name=Product 611, price=7110.0, quantity=621)
Product(id=612, name=Product 612, price=7120.0, quantity=622)
Product(id=613, name=Product 613, price=7130.0, quantity=623)
Product(id=614, name=Product 614, price=7140.0, quantity=624)
Product(id=615, name=Product 615, price=7150.0, quantity=625)
Product(id=616, name=Product 616, price=7160.0, quantity=626)
Product(id=617, name=Product 617, price=7170.0, quantity=627)
Product(id=618, name=Product 618, price=7180.0, quantity=628)
Product(id=619, name=Product 619, price=7190.0, quantity=629)
Product(id=620, name=Product 620, price=7200.0, quantity=630)
Product(id=621, name=Product 621, price=7210.0, quantity=631)
Product(id=622, name=Product 622, price=7220.0, quantity=632)
Product(id=623, name=Product 623, price=7230.0, quantity=633)
Product(id=624, name=Product 624, price=7240.0, quantity=634)
Product(id=625, name=Product 625, price=7250.0, quantity=635)
Product(id=626, name=Product 626, price=7260.0, quantity=636)
Product(id=627, name=Product 627, price=7270.0, quantity=637)
Product(id=628, name=Product 628, price=7280.0, quantity=638)
Product(id=629, name=Product 629, price=7290.0, quantity=639)
Product(id=630, name=Product 630, price=7300.0, quantity=640)
Product(id=631, name=Product 631, price=7310.0, quantity=641)
Product(id=632, name=Product 632, price=7320.0, quantity=642)
Product(id=633, name=Product 633, price=7330.0, quantity=643)
Product(id=634, name=Product 634, price=7340.0, quantity=644)
Product(id=635, name=Product 635, price=7350.0, quantity=645)
Product(id=636, name=Product 636, price=7360.0, quantity=646)
Product(id=637, name=Product 637, price=7370.0, quantity=647)
Product(id=638, name=Product 638, price=7380.0, quantity=648)
Product(id=639, name=Product 639, price=7390.0, quantity=649)
Product(id=640, name=Product 640, price=7400.0, quantity=650)
Product(id=641, name=Product 641, price=7410.0, quantity=651)
Product(id=642, name=Product 642, price=7420.0, quantity=652)
Product(id=643, name=Product 643, price=7430.0, quantity=653)
Product(id=644, name=Product 644, price=7440.0, quantity=654)
Product(id=645, name=Product 645, price=7450.0, quantity=655)
Product(id=646, name=Product 646, price=7460.0, quantity=656)
Product(id=647, name=Product 647, price=7470.0, quantity=657)
Product(id=648, name=Product 648, price=7480.0, quantity=658)
Product(id=649, name=Product 649, price=7490.0, quantity=659)
Product(id=650, name=Product 650, price=7500.0, quantity=660)
Product(id=651, name=Product 651, price=7510.0, quantity=661)
Product(id=652, name=Product 652, price=7520.0, quantity=662)
Product(id=653, name=Product 653, price=7530.0, quantity=663)
Product(id=654, name=Product 654, price=7540.0, quantity=664)
Product(id=655, name=Product 655, price=7550.0, quantity=665)
Product(id=656, name=Product 656, price=7560.0, quantity=666)
Product(id=657, name=Product 657, price=7570.0, quantity=667)
Product(id=658, name=Product 658, price=7580.0, quantity=668)
Product(id=659, name=Product 659, price=7590.0, quantity=669)
Product(id=660, name=Product 660, price=7600.0, quantity=670)
Product(id=661, name=Product 661, price=7610.0, quantity=671)
Product(id=662, name=Product 662, price=7620.0, quantity=672)
Product(id=663, name=Product 663, price=7630.0, quantity=673)
Product(id=664, name=Product 664, price=7640.0, quantity=674)
Product(id=665, name=Product 665, price=7650.0, quantity=675)
Product(id=666, name=Product 666, price=7660.0, quantity=676)
Product(id=667, name=Product 667, price=7670.0, quantity=677)
Product(id=668, name=Product 668, price=7680.0, quantity=678)
Product(id=669, name=Product 669, price=7690.0, quantity=679)
Product(id=670, name=Product 670, price=7700.0, quantity=680)
Product(id=671, name=Product 671, price=7710.0, quantity=681)
Product(id=672, name=Product 672, price=7720.0, quantity=682)
Product(id=673, name=Product 673, price=7730.0, quantity=683)
Product(id=674, name=Product 674, price=7740.0, quantity=684)
Product(id=675, name=Product 675, price=7750.0, quantity=685)
Product(id=676, name=Product 676, price=7760.0, quantity=686)
Product(id=677, name=Product 677, price=7770.0, quantity=687)
Product(id=678, name=Product 678, price=7780.0, quantity=688)
Product(id=679, name=Product 679, price=7790.0, quantity=689)
Product(id=680, name=Product 680, price=7800.0, quantity=690)
Product(id=681, name=Product 681, price=7810.0, quantity=691)
Product(id=682, name=Product 682, price=7820.0, quantity=692)
Product(id=683, name=Product 683, price=7830.0, quantity=693)
Product(id=684, name=Product 684, price=7840.0, quantity=694)
Product(id=685, name=Product 685, price=7850.0, quantity=695)
Product(id=686, name=Product 686, price=7860.0, quantity=696)
Product(id=687, name=Product 687, price=7870.0, quantity=697)
Product(id=688, name=Product 688, price=7880.0, quantity=698)
Product(id=689, name=Product 689, price=7890.0, quantity=699)
Product(id=690, name=Product 690, price=7900.0, quantity=700)
Product(id=691, name=Product 691, price=7910.0, quantity=701)
Product(id=692, name=Product 692, price=7920.0, quantity=702)
Product(id=693, name=Product 693, price=7930.0, quantity=703)
Product(id=694, name=Product 694, price=7940.0, quantity=704)
Product(id=695, name=Product 695, price=7950.0, quantity=705)
Product(id=696, name=Product 696, price=7960.0, quantity=706)
Product(id=697, name=Product 697, price=7970.0, quantity=707)
Product(id=698, name=Product 698, price=7980.0, quantity=708)
Product(id=699, name=Product 699, price=7990.0, quantity=709)
Product(id=700, name=Product 700, price=8000.0, quantity=710)
Product(id=701, name=Product 701, price=8010.0, quantity=711)
Product(id=702, name=Product 702, price=8020.0, quantity=712)
Product(id=703, name=Product 703, price=8030.0, quantity=713)
Product(id=704, name=Product 704, price=8040.0, quantity=714)
Product(id=705, name=Product 705, price=8050.0, quantity=715)
Product(id=706, name=Product 706, price=8060.0, quantity=716)
Product(id=707, name=Product 707, price=8070.0, quantity=717)
Product(id=708, name=Product 708, price=8080.0, quantity=718)
Product(id=709, name=Product 709, price=8090.0, quantity=719)
Product(id=710, name=Product 710, price=8100.0, quantity=720)
Product(id=711, name=Product 711, price=8110.0, quantity=721)
Product(id=712, name=Product 712, price=8120.0, quantity=722)
Product(id=713, name=Product 713, price=8130.0, quantity=723)
Product(id=714, name=Product 714, price=8140.0, quantity=724)
Product(id=715, name=Product 715, price=8150.0, quantity=725)
Product(id=716, name=Product 716, price=8160.0, quantity=726)
Product(id=717, name=Product 717, price=8170.0, quantity=727)
Product(id=718, name=Product 718, price=8180.0, quantity=728)
Product(id=719, name=Product 719, price=8190.0, quantity=729)
Product(id=720, name=Product 720, price=8200.0, quantity=730)
Product(id=721, name=Product 721, price=8210.0, quantity=731)
Product(id=722, name=Product 722, price=8220.0, quantity=732)
Product(id=723, name=Product 723, price=8230.0, quantity=733)
Product(id=724, name=Product 724, price=8240.0, quantity=734)
Product(id=725, name=Product 725, price=8250.0, quantity=735)
Product(id=726, name=Product 726, price=8260.0, quantity=736)
Product(id=727, name=Product 727, price=8270.0, quantity=737)
Product(id=728, name=Product 728, price=8280.0, quantity=738)
Product(id=729, name=Product 729, price=8290.0, quantity=739)
Product(id=730, name=Product 730, price=8300.0, quantity=740)
Product(id=731, name=Product 731, price=8310.0, quantity=741)
Product(id=732, name=Product 732, price=8320.0, quantity=742)
Product(id=733, name=Product 733, price=8330.0, quantity=743)
Product(id=734, name=Product 734, price=8340.0, quantity=744)
Product(id=735, name=Product 735, price=8350.0, quantity=745)
Product(id=736, name=Product 736, price=8360.0, quantity=746)
Product(id=737, name=Product 737, price=8370.0, quantity=747)
Product(id=738, name=Product 738, price=8380.0, quantity=748)
Product(id=739, name=Product 739, price=8390.0, quantity=749)
Product(id=740, name=Product 740, price=8400.0, quantity=750)
Product(id=741, name=Product 741, price=8410.0, quantity=751)
Product(id=742, name=Product 742, price=8420.0, quantity=752)
Product(id=743, name=Product 743, price=8430.0, quantity=753)
Product(id=744, name=Product 744, price=8440.0, quantity=754)
Product(id=745, name=Product 745, price=8450.0, quantity=755)
Product(id=746, name=Product 746, price=8460.0, quantity=756)
Product(id=747, name=Product 747, price=8470.0, quantity=757)
Product(id=748, name=Product 748, price=8480.0, quantity=758)
Product(id=749, name=Product 749, price=8490.0, quantity=759)
Product(id=750, name=Product 750, price=8500.0, quantity=760)
Product(id=751, name=Product 751, price=8510.0, quantity=761)
Product(id=752, name=Product 752, price=8520.0, quantity=762)
Product(id=753, name=Product 753, price=8530.0, quantity=763)
Product(id=754, name=Product 754, price=8540.0, quantity=764)
Product(id=755, name=Product 755, price=8550.0, quantity=765)
Product(id=756, name=Product 756, price=8560.0, quantity=766)
Product(id=757, name=Product 757, price=8570.0, quantity=767)
Product(id=758, name=Product 758, price=8580.0, quantity=768)
Product(id=759, name=Product 759, price=8590.0, quantity=769)
Product(id=760, name=Product 760, price=8600.0, quantity=770)
Product(id=761, name=Product 761, price=8610.0, quantity=771)
Product(id=762, name=Product 762, price=8620.0, quantity=772)
Product(id=763, name=Product 763, price=8630.0, quantity=773)
Product(id=764, name=Product 764, price=8640.0, quantity=774)
Product(id=765, name=Product 765, price=8650.0, quantity=775)
Product(id=766, name=Product 766, price=8660.0, quantity=776)
Product(id=767, name=Product 767, price=8670.0, quantity=777)
Product(id=768, name=Product 768, price=8680.0, quantity=778)
Product(id=769, name=Product 769, price=8690.0, quantity=779)
Product(id=770, name=Product 770, price=8700.0, quantity=780)
Product(id=771, name=Product 771, price=8710.0, quantity=781)
Product(id=772, name=Product 772, price=8720.0, quantity=782)
Product(id=773, name=Product 773, price=8730.0, quantity=783)
Product(id=774, name=Product 774, price=8740.0, quantity=784)
Product(id=775, name=Product 775, price=8750.0, quantity=785)
Product(id=776, name=Product 776, price=8760.0, quantity=786)
Product(id=777, name=Product 777, price=8770.0, quantity=787)
Product(id=778, name=Product 778, price=8780.0, quantity=788)
Product(id=779, name=Product 779, price=8790.0, quantity=789)
Product(id=780, name=Product 780, price=8800.0, quantity=790)
Product(id=781, name=Product 781, price=8810.0, quantity=791)
Product(id=782, name=Product 782, price=8820.0, quantity=792)
Product(id=783, name=Product 783, price=8830.0, quantity=793)
Product(id=784, name=Product 784, price=8840.0, quantity=794)
Product(id=785, name=Product 785, price=8850.0, quantity=795)
Product(id=786, name=Product 786, price=8860.0, quantity=796)
Product(id=787, name=Product 787, price=8870.0, quantity=797)
Product(id=788, name=Product 788, price=8880.0, quantity=798)
Product(id=789, name=Product 789, price=8890.0, quantity=799)
Product(id=790, name=Product 790, price=8900.0, quantity=800)
Product(id=791, name=Product 791, price=8910.0, quantity=801)
Product(id=792, name=Product 792, price=8920.0, quantity=802)
Product(id=793, name=Product 793, price=8930.0, quantity=803)
Product(id=794, name=Product 794, price=8940.0, quantity=804)
Product(id=795, name=Product 795, price=8950.0, quantity=805)
Product(id=796, name=Product 796, price=8960.0, quantity=806)
Product(id=797, name=Product 797, price=8970.0, quantity=807)
Product(id=798, name=Product 798, price=8980.0, quantity=808)
Product(id=799, name=Product 799, price=8990.0, quantity=809)
Product(id=800, name=Product 800, price=9000.0, quantity=810)
Product(id=801, name=Product 801, price=9010.0, quantity=811)
Product(id=802, name=Product 802, price=9020.0, quantity=812)
Product(id=803, name=Product 803, price=9030.0, quantity=813)
Product(id=804, name=Product 804, price=9040.0, quantity=814)
Product(id=805, name=Product 805, price=9050.0, quantity=815)
Product(id=806, name=Product 806, price=9060.0, quantity=816)
Product(id=807, name=Product 807, price=9070.0, quantity=817)
Product(id=808, name=Product 808, price=9080.0, quantity=818)
Product(id=809, name=Product 809, price=9090.0, quantity=819)
Product(id=810, name=Product 810, price=9100.0, quantity=820)
Product(id=811, name=Product 811, price=9110.0, quantity=821)
Product(id=812, name=Product 812, price=9120.0, quantity=822)
Product(id=813, name=Product 813, price=9130.0, quantity=823)
Product(id=814, name=Product 814, price=9140.0, quantity=824)
Product(id=815, name=Product 815, price=9150.0, quantity=825)
Product(id=816, name=Product 816, price=9160.0, quantity=826)
Product(id=817, name=Product 817, price=9170.0, quantity=827)
Product(id=818, name=Product 818, price=9180.0, quantity=828)
Product(id=819, name=Product 819, price=9190.0, quantity=829)
Product(id=820, name=Product 820, price=9200.0, quantity=830)
Product(id=821, name=Product 821, price=9210.0, quantity=831)
Product(id=822, name=Product 822, price=9220.0, quantity=832)
Product(id=823, name=Product 823, price=9230.0, quantity=833)
Product(id=824, name=Product 824, price=9240.0, quantity=834)
Product(id=825, name=Product 825, price=9250.0, quantity=835)
Product(id=826, name=Product 826, price=9260.0, quantity=836)
Product(id=827, name=Product 827, price=9270.0, quantity=837)
Product(id=828, name=Product 828, price=9280.0, quantity=838)
Product(id=829, name=Product 829, price=9290.0, quantity=839)
Product(id=830, name=Product 830, price=9300.0, quantity=840)
Product(id=831, name=Product 831, price=9310.0, quantity=841)
Product(id=832, name=Product 832, price=9320.0, quantity=842)
Product(id=833, name=Product 833, price=9330.0, quantity=843)
Product(id=834, name=Product 834, price=9340.0, quantity=844)
Product(id=835, name=Product 835, price=9350.0, quantity=845)
Product(id=836, name=Product 836, price=9360.0, quantity=846)
Product(id=837, name=Product 837, price=9370.0, quantity=847)
Product(id=838, name=Product 838, price=9380.0, quantity=848)
Product(id=839, name=Product 839, price=9390.0, quantity=849)
Product(id=840, name=Product 840, price=9400.0, quantity=850)
Product(id=841, name=Product 841, price=9410.0, quantity=851)
Product(id=842, name=Product 842, price=9420.0, quantity=852)
Product(id=843, name=Product 843, price=9430.0, quantity=853)
Product(id=844, name=Product 844, price=9440.0, quantity=854)
Product(id=845, name=Product 845, price=9450.0, quantity=855)
Product(id=846, name=Product 846, price=9460.0, quantity=856)
Product(id=847, name=Product 847, price=9470.0, quantity=857)
Product(id=848, name=Product 848, price=9480.0, quantity=858)
Product(id=849, name=Product 849, price=9490.0, quantity=859)
Product(id=850, name=Product 850, price=9500.0, quantity=860)
Product(id=851, name=Product 851, price=9510.0, quantity=861)
Product(id=852, name=Product 852, price=9520.0, quantity=862)
Product(id=853, name=Product 853, price=9530.0, quantity=863)
Product(id=854, name=Product 854, price=9540.0, quantity=864)
Product(id=855, name=Product 855, price=9550.0, quantity=865)
Product(id=856, name=Product 856, price=9560.0, quantity=866)
Product(id=857, name=Product 857, price=9570.0, quantity=867)
Product(id=858, name=Product 858, price=9580.0, quantity=868)
Product(id=859, name=Product 859, price=9590.0, quantity=869)
Product(id=860, name=Product 860, price=9600.0, quantity=870)
Product(id=861, name=Product 861, price=9610.0, quantity=871)
Product(id=862, name=Product 862, price=9620.0, quantity=872)
Product(id=863, name=Product 863, price=9630.0, quantity=873)
Product(id=864, name=Product 864, price=9640.0, quantity=874)
Product(id=865, name=Product 865, price=9650.0, quantity=875)
Product(id=866, name=Product 866, price=9660.0, quantity=876)
Product(id=867, name=Product 867, price=9670.0, quantity=877)
Product(id=868, name=Product 868, price=9680.0, quantity=878)
Product(id=869, name=Product 869, price=9690.0, quantity=879)
Product(id=870, name=Product 870, price=9700.0, quantity=880)
Product(id=871, name=Product 871, price=9710.0, quantity=881)
Product(id=872, name=Product 872, price=9720.0, quantity=882)
Product(id=873, name=Product 873, price=9730.0, quantity=883)
Product(id=874, name=Product 874, price=9740.0, quantity=884)
Product(id=875, name=Product 875, price=9750.0, quantity=885)
Product(id=876, name=Product 876, price=9760.0, quantity=886)
Product(id=877, name=Product 877, price=9770.0, quantity=887)
Product(id=878, name=Product 878, price=9780.0, quantity=888)
Product(id=879, name=Product 879, price=9790.0, quantity=889)
Product(id=880, name=Product 880, price=9800.0, quantity=890)
Product(id=881, name=Product 881, price=9810.0, quantity=891)
Product(id=882, name=Product 882, price=9820.0, quantity=892)
Product(id=883, name=Product 883, price=9830.0, quantity=893)
Product(id=884, name=Product 884, price=9840.0, quantity=894)
Product(id=885, name=Product 885, price=9850.0, quantity=895)
Product(id=886, name=Product 886, price=9860.0, quantity=896)
Product(id=887, name=Product 887, price=9870.0, quantity=897)
Product(id=888, name=Product 888, price=9880.0, quantity=898)
Product(id=889, name=Product 889, price=9890.0, quantity=899)
Product(id=890, name=Product 890, price=9900.0, quantity=900)
Product(id=891, name=Product 891, price=9910.0, quantity=901)
Product(id=892, name=Product 892, price=9920.0, quantity=902)
Product(id=893, name=Product 893, price=9930.0, quantity=903)
Product(id=894, name=Product 894, price=9940.0, quantity=904)
Product(id=895, name=Product 895, price=9950.0, quantity=905)
Product(id=896, name=Product 896, price=9960.0, quantity=906)
Product(id=897, name=Product 897, price=9970.0, quantity=907)
Product(id=898, name=Product 898, price=9980.0, quantity=908)
Product(id=899, name=Product 899, price=9990.0, quantity=909)
Product(id=900, name=Product 900, price=10000.0, quantity=910)
Product(id=901, name=Product 901, price=10010.0, quantity=911)
Product(id=902, name=Product 902, price=10020.0, quantity=912)
Product(id=903, name=Product 903, price=10030.0, quantity=913)
Product(id=904, name=Product 904, price=10040.0, quantity=914)
Product(id=905, name=Product 905, price=10050.0, quantity=915)
Product(id=906, name=Product 906, price=10060.0, quantity=916)
Product(id=907, name=Product 907, price=10070.0, quantity=917)
Product(id=908, name=Product 908, price=10080.0, quantity=918)
Product(id=909, name=Product 909, price=10090.0, quantity=919)
Product(id=910, name=Product 910, price=10100.0, quantity=920)
Product(id=911, name=Product 911, price=10110.0, quantity=921)
Product(id=912, name=Product 912, price=10120.0, quantity=922)
Product(id=913, name=Product 913, price=10130.0, quantity=923)
Product(id=914, name=Product 914, price=10140.0, quantity=924)
Product(id=915, name=Product 915, price=10150.0, quantity=925)
Product(id=916, name=Product 916, price=10160.0, quantity=926)
Product(id=917, name=Product 917, price=10170.0, quantity=927)
Product(id=918, name=Product 918, price=10180.0, quantity=928)
Product(id=919, name=Product 919, price=10190.0, quantity=929)
Product(id=920, name=Product 920, price=10200.0, quantity=930)
Product(id=921, name=Product 921, price=10210.0, quantity=931)
Product(id=922, name=Product 922, price=10220.0, quantity=932)
Product(id=923, name=Product 923, price=10230.0, quantity=933)
Product(id=924, name=Product 924, price=10240.0, quantity=934)
Product(id=925, name=Product 925, price=10250.0, quantity=935)
Product(id=926, name=Product 926, price=10260.0, quantity=936)
Product(id=927, name=Product 927, price=10270.0, quantity=937)
Product(id=928, name=Product 928, price=10280.0, quantity=938)
Product(id=929, name=Product 929, price=10290.0, quantity=939)
Product(id=930, name=Product 930, price=10300.0, quantity=940)
Product(id=931, name=Product 931, price=10310.0, quantity=941)
Product(id=932, name=Product 932, price=10320.0, quantity=942)
Product(id=933, name=Product 933, price=10330.0, quantity=943)
Product(id=934, name=Product 934, price=10340.0, quantity=944)
Product(id=935, name=Product 935, price=10350.0, quantity=945)
Product(id=936, name=Product 936, price=10360.0, quantity=946)
Product(id=937, name=Product 937, price=10370.0, quantity=947)
Product(id=938, name=Product 938, price=10380.0, quantity=948)
Product(id=939, name=Product 939, price=10390.0, quantity=949)
Product(id=940, name=Product 940, price=10400.0, quantity=950)
Product(id=941, name=Product 941, price=10410.0, quantity=951)
Product(id=942, name=Product 942, price=10420.0, quantity=952)
Product(id=943, name=Product 943, price=10430.0, quantity=953)
Product(id=944, name=Product 944, price=10440.0, quantity=954)
Product(id=945, name=Product 945, price=10450.0, quantity=955)
Product(id=946, name=Product 946, price=10460.0, quantity=956)
Product(id=947, name=Product 947, price=10470.0, quantity=957)
Product(id=948, name=Product 948, price=10480.0, quantity=958)
Product(id=949, name=Product 949, price=10490.0, quantity=959)
Product(id=950, name=Product 950, price=10500.0, quantity=960)
Product(id=951, name=Product 951, price=10510.0, quantity=961)
Product(id=952, name=Product 952, price=10520.0, quantity=962)
Product(id=953, name=Product 953, price=10530.0, quantity=963)
Product(id=954, name=Product 954, price=10540.0, quantity=964)
Product(id=955, name=Product 955, price=10550.0, quantity=965)
Product(id=956, name=Product 956, price=10560.0, quantity=966)
Product(id=957, name=Product 957, price=10570.0, quantity=967)
Product(id=958, name=Product 958, price=10580.0, quantity=968)
Product(id=959, name=Product 959, price=10590.0, quantity=969)
Product(id=960, name=Product 960, price=10600.0, quantity=970)
Product(id=961, name=Product 961, price=10610.0, quantity=971)
Product(id=962, name=Product 962, price=10620.0, quantity=972)
Product(id=963, name=Product 963, price=10630.0, quantity=973)
Product(id=964, name=Product 964, price=10640.0, quantity=974)
Product(id=965, name=Product 965, price=10650.0, quantity=975)
Product(id=966, name=Product 966, price=10660.0, quantity=976)
Product(id=967, name=Product 967, price=10670.0, quantity=977)
Product(id=968, name=Product 968, price=10680.0, quantity=978)
Product(id=969, name=Product 969, price=10690.0, quantity=979)
Product(id=970, name=Product 970, price=10700.0, quantity=980)
Product(id=971, name=Product 971, price=10710.0, quantity=981)
Product(id=972, name=Product 972, price=10720.0, quantity=982)
Product(id=973, name=Product 973, price=10730.0, quantity=983)
Product(id=974, name=Product 974, price=10740.0, quantity=984)
Product(id=975, name=Product 975, price=10750.0, quantity=985)
Product(id=976, name=Product 976, price=10760.0, quantity=986)
Product(id=977, name=Product 977, price=10770.0, quantity=987)
Product(id=978, name=Product 978, price=10780.0, quantity=988)
Product(id=979, name=Product 979, price=10790.0, quantity=989)
Product(id=980, name=Product 980, price=10800.0, quantity=990)
Product(id=981, name=Product 981, price=10810.0, quantity=991)
Product(id=982, name=Product 982, price=10820.0, quantity=992)
Product(id=983, name=Product 983, price=10830.0, quantity=993)
Product(id=984, name=Product 984, price=10840.0, quantity=994)
Product(id=985, name=Product 985, price=10850.0, quantity=995)
Product(id=986, name=Product 986, price=10860.0, quantity=996)
Product(id=987, name=Product 987, price=10870.0, quantity=997)
Product(id=988, name=Product 988, price=10880.0, quantity=998)
Product(id=989, name=Product 989, price=10890.0, quantity=999)
Product(id=990, name=Product 990, price=10900.0, quantity=1000)
Product(id=991, name=Product 991, price=10910.0, quantity=1001)
Product(id=992, name=Product 992, price=10920.0, quantity=1002)
Product(id=993, name=Product 993, price=10930.0, quantity=1003)
Product(id=994, name=Product 994, price=10940.0, quantity=1004)
Product(id=995, name=Product 995, price=10950.0, quantity=1005)
Product(id=996, name=Product 996, price=10960.0, quantity=1006)
Product(id=997, name=Product 997, price=10970.0, quantity=1007)
Product(id=998, name=Product 998, price=10980.0, quantity=1008)
Product(id=999, name=Product 999, price=10990.0, quantity=1009)
Product(id=1000, name=Product 1000, price=11000.0, quantity=1010)
Product(id=1001, name=Product 1001, price=11010.0, quantity=1011)
Product(id=1002, name=Product 1002, price=11020.0, quantity=1012)
Product(id=1003, name=Product 1003, price=11030.0, quantity=1013)
Product(id=1004, name=Product 1004, price=11040.0, quantity=1014)
Product(id=1005, name=Product 1005, price=11050.0, quantity=1015)
Product(id=1006, name=Product 1006, price=11060.0, quantity=1016)
Product(id=1007, name=Product 1007, price=11070.0, quantity=1017)
Product(id=1008, name=Product 1008, price=11080.0, quantity=1018)
Product(id=1009, name=Product 1009, price=11090.0, quantity=1019)
Product(id=1010, name=Product 1010, price=11100.0, quantity=1020)
Product(id=1011, name=Product 1011, price=11110.0, quantity=1021)
Product(id=1012, name=Product 1012, price=11120.0, quantity=1022)
Product(id=1013, name=Product 1013, price=11130.0, quantity=1023)
Product(id=1014, name=Product 1014, price=11140.0, quantity=1024)
Product(id=1015, name=Product 1015, price=11150.0, quantity=1025)
Product(id=1016, name=Product 1016, price=11160.0, quantity=1026)
Product(id=1017, name=Product 1017, price=11170.0, quantity=1027)
Product(id=1018, name=Product 1018, price=11180.0, quantity=1028)
Product(id=1019, name=Product 1019, price=11190.0, quantity=1029)
Product(id=1020, name=Product 1020, price=11200.0, quantity=1030)
Product(id=1021, name=Product 1021, price=11210.0, quantity=1031)
Product(id=1022, name=Product 1022, price=11220.0, quantity=1032)
Product(id=1023, name=Product 1023, price=11230.0, quantity=1033)
Product(id=1024, name=Product 1024, price=11240.0, quantity=1034)
Product(id=1025, name=Product 1025, price=11250.0, quantity=1035)
Product(id=1026, name=Product 1026, price=11260.0, quantity=1036)
Product(id=1027, name=Product 1027, price=11270.0, quantity=1037)
Product(id=1028, name=Product 1028, price=11280.0, quantity=1038)
Product(id=1029, name=Product 1029, price=11290.0, quantity=1039)
Product(id=1030, name=Product 1030, price=11300.0, quantity=1040)
Product(id=1031, name=Product 1031, price=11310.0, quantity=1041)
Product(id=1032, name=Product 1032, price=11320.0, quantity=1042)
Product(id=1033, name=Product 1033, price=11330.0, quantity=1043)
Product(id=1034, name=Product 1034, price=11340.0, quantity=1044)
Product(id=1035, name=Product 1035, price=11350.0, quantity=1045)
Product(id=1036, name=Product 1036, price=11360.0, quantity=1046)
Product(id=1037, name=Product 1037, price=11370.0, quantity=1047)
Product(id=1038, name=Product 1038, price=11380.0, quantity=1048)
Product(id=1039, name=Product 1039, price=11390.0, quantity=1049)
Product(id=1040, name=Product 1040, price=11400.0, quantity=1050)
Product(id=1041, name=Product 1041, price=11410.0, quantity=1051)
Product(id=1042, name=Product 1042, price=11420.0, quantity=1052)
Product(id=1043, name=Product 1043, price=11430.0, quantity=1053)
Product(id=1044, name=Product 1044, price=11440.0, quantity=1054)
Product(id=1045, name=Product 1045, price=11450.0, quantity=1055)
Product(id=1046, name=Product 1046, price=11460.0, quantity=1056)
Product(id=1047, name=Product 1047, price=11470.0, quantity=1057)
Product(id=1048, name=Product 1048, price=11480.0, quantity=1058)
Product(id=1049, name=Product 1049, price=11490.0, quantity=1059)
Product(id=1050, name=Product 1050, price=11500.0, quantity=1060)
Product(id=1051, name=Product 1051, price=11510.0, quantity=1061)
Product(id=1052, name=Product 1052, price=11520.0, quantity=1062)
Product(id=1053, name=Product 1053, price=11530.0, quantity=1063)
Product(id=1054, name=Product 1054, price=11540.0, quantity=1064)
Product(id=1055, name=Product 1055, price=11550.0, quantity=1065)
Product(id=1056, name=Product 1056, price=11560.0, quantity=1066)
Product(id=1057, name=Product 1057, price=11570.0, quantity=1067)
Product(id=1058, name=Product 1058, price=11580.0, quantity=1068)
Product(id=1059, name=Product 1059, price=11590.0, quantity=1069)
Product(id=1060, name=Product 1060, price=11600.0, quantity=1070)
Product(id=1061, name=Product 1061, price=11610.0, quantity=1071)
Product(id=1062, name=Product 1062, price=11620.0, quantity=1072)
Product(id=1063, name=Product 1063, price=11630.0, quantity=1073)
Product(id=1064, name=Product 1064, price=11640.0, quantity=1074)
Product(id=1065, name=Product 1065, price=11650.0, quantity=1075)
Product(id=1066, name=Product 1066, price=11660.0, quantity=1076)
Product(id=1067, name=Product 1067, price=11670.0, quantity=1077)
Product(id=1068, name=Product 1068, price=11680.0, quantity=1078)
Product(id=1069, name=Product 1069, price=11690.0, quantity=1079)
Product(id=1070, name=Product 1070, price=11700.0, quantity=1080)
Product(id=1071, name=Product 1071, price=11710.0, quantity=1081)
Product(id=1072, name=Product 1072, price=11720.0, quantity=1082)
Product(id=1073, name=Product 1073, price=11730.0, quantity=1083)
Product(id=1074, name=Product 1074, price=11740.0, quantity=1084)
Product(id=1075, name=Product 1075, price=11750.0, quantity=1085)
Product(id=1076, name=Product 1076, price=11760.0, quantity=1086)
Product(id=1077, name=Product 1077, price=11770.0, quantity=1087)
Product(id=1078, name=Product 1078, price=11780.0, quantity=1088)
Product(id=1079, name=Product 1079, price=11790.0, quantity=1089)
Product(id=1080, name=Product 1080, price=11800.0, quantity=1090)
Product(id=1081, name=Product 1081, price=11810.0, quantity=1091)
Product(id=1082, name=Product 1082, price=11820.0, quantity=1092)
Product(id=1083, name=Product 1083, price=11830.0, quantity=1093)
Product(id=1084, name=Product 1084, price=11840.0, quantity=1094)
Product(id=1085, name=Product 1085, price=11850.0, quantity=1095)
Product(id=1086, name=Product 1086, price=11860.0, quantity=1096)
Product(id=1087, name=Product 1087, price=11870.0, quantity=1097)
Product(id=1088, name=Product 1088, price=11880.0, quantity=1098)
Product(id=1089, name=Product 1089, price=11890.0, quantity=1099)
Product(id=1090, name=Product 1090, price=11900.0, quantity=1100)
Product(id=1091, name=Product 1091, price=11910.0, quantity=1101)
Product(id=1092, name=Product 1092, price=11920.0, quantity=1102)
Product(id=1093, name=Product 1093, price=11930.0, quantity=1103)
Product(id=1094, name=Product 1094, price=11940.0, quantity=1104)
Product(id=1095, name=Product 1095, price=11950.0, quantity=1105)
Product(id=1096, name=Product 1096, price=11960.0, quantity=1106)
Product(id=1097, name=Product 1097, price=11970.0, quantity=1107)
Product(id=1098, name=Product 1098, price=11980.0, quantity=1108)
Product(id=1099, name=Product 1099, price=11990.0, quantity=1109)
Product(id=1100, name=Product 1100, price=12000.0, quantity=1110)
Product(id=1101, name=Product 1101, price=12010.0, quantity=1111)
Product(id=1102, name=Product 1102, price=12020.0, quantity=1112)
Product(id=1103, name=Product 1103, price=12030.0, quantity=1113)
Product(id=1104, name=Product 1104, price=12040.0, quantity=1114)
Product(id=1105, name=Product 1105, price=12050.0, quantity=1115)
Product(id=1106, name=Product 1106, price=12060.0, quantity=1116)
Product(id=1107, name=Product 1107, price=12070.0, quantity=1117)
Product(id=1108, name=Product 1108, price=12080.0, quantity=1118)
Product(id=1109, name=Product 1109, price=12090.0, quantity=1119)
Product(id=1110, name=Product 1110, price=12100.0, quantity=1120)
Product(id=1111, name=Product 1111, price=12110.0, quantity=1121)
Product(id=1112, name=Product 1112, price=12120.0, quantity=1122)
Product(id=1113, name=Product 1113, price=12130.0, quantity=1123)
Product(id=1114, name=Product 1114, price=12140.0, quantity=1124)
Product(id=1115, name=Product 1115, price=12150.0, quantity=1125)
Product(id=1116, name=Product 1116, price=12160.0, quantity=1126)
Product(id=1117, name=Product 1117, price=12170.0, quantity=1127)
Product(id=1118, name=Product 1118, price=12180.0, quantity=1128)
Product(id=1119, name=Product 1119, price=12190.0, quantity=1129)
Product(id=1120, name=Product 1120, price=12200.0, quantity=1130)
Product(id=1121, name=Product 1121, price=12210.0, quantity=1131)
Product(id=1122, name=Product 1122, price=12220.0, quantity=1132)
Product(id=1123, name=Product 1123, price=12230.0, quantity=1133)
Product(id=1124, name=Product 1124, price=12240.0, quantity=1134)
Product(id=1125, name=Product 1125, price=12250.0, quantity=1135)
Product(id=1126, name=Product 1126, price=12260.0, quantity=1136)
Product(id=1127, name=Product 1127, price=12270.0, quantity=1137)
Product(id=1128, name=Product 1128, price=12280.0, quantity=1138)
Product(id=1129, name=Product 1129, price=12290.0, quantity=1139)
Product(id=1130, name=Product 1130, price=12300.0, quantity=1140)
Product(id=1131, name=Product 1131, price=12310.0, quantity=1141)
Product(id=1132, name=Product 1132, price=12320.0, quantity=1142)
Product(id=1133, name=Product 1133, price=12330.0, quantity=1143)
Product(id=1134, name=Product 1134, price=12340.0, quantity=1144)
Product(id=1135, name=Product 1135, price=12350.0, quantity=1145)
Product(id=1136, name=Product 1136, price=12360.0, quantity=1146)
Product(id=1137, name=Product 1137, price=12370.0, quantity=1147)
Product(id=1138, name=Product 1138, price=12380.0, quantity=1148)
Product(id=1139, name=Product 1139, price=12390.0, quantity=1149)
Product(id=1140, name=Product 1140, price=12400.0, quantity=1150)
Product(id=1141, name=Product 1141, price=12410.0, quantity=1151)
Product(id=1142, name=Product 1142, price=12420.0, quantity=1152)
Product(id=1143, name=Product 1143, price=12430.0, quantity=1153)
Product(id=1144, name=Product 1144, price=12440.0, quantity=1154)
Product(id=1145, name=Product 1145, price=12450.0, quantity=1155)
Product(id=1146, name=Product 1146, price=12460.0, quantity=1156)
Product(id=1147, name=Product 1147, price=12470.0, quantity=1157)
Product(id=1148, name=Product 1148, price=12480.0, quantity=1158)
Product(id=1149, name=Product 1149, price=12490.0, quantity=1159)
Product(id=1150, name=Product 1150, price=12500.0, quantity=1160)
Product(id=1151, name=Product 1151, price=12510.0, quantity=1161)
Product(id=1152, name=Product 1152, price=12520.0, quantity=1162)
Product(id=1153, name=Product 1153, price=12530.0, quantity=1163)
Product(id=1154, name=Product 1154, price=12540.0, quantity=1164)
Product(id=1155, name=Product 1155, price=12550.0, quantity=1165)
Product(id=1156, name=Product 1156, price=12560.0, quantity=1166)
Product(id=1157, name=Product 1157, price=12570.0, quantity=1167)
Product(id=1158, name=Product 1158, price=12580.0, quantity=1168)
Product(id=1159, name=Product 1159, price=12590.0, quantity=1169)
Product(id=1160, name=Product 1160, price=12600.0, quantity=1170)
Product(id=1161, name=Product 1161, price=12610.0, quantity=1171)
Product(id=1162, name=Product 1162, price=12620.0, quantity=1172)
Product(id=1163, name=Product 1163, price=12630.0, quantity=1173)
Product(id=1164, name=Product 1164, price=12640.0, quantity=1174)
Product(id=1165, name=Product 1165, price=12650.0, quantity=1175)
Product(id=1166, name=Product 1166, price=12660.0, quantity=1176)
Product(id=1167, name=Product 1167, price=12670.0, quantity=1177)
Product(id=1168, name=Product 1168, price=12680.0, quantity=1178)
Product(id=1169, name=Product 1169, price=12690.0, quantity=1179)
Product(id=1170, name=Product 1170, price=12700.0, quantity=1180)
Product(id=1171, name=Product 1171, price=12710.0, quantity=1181)
Product(id=1172, name=Product 1172, price=12720.0, quantity=1182)
Product(id=1173, name=Product 1173, price=12730.0, quantity=1183)
Product(id=1174, name=Product 1174, price=12740.0, quantity=1184)
Product(id=1175, name=Product 1175, price=12750.0, quantity=1185)
Product(id=1176, name=Product 1176, price=12760.0, quantity=1186)
Product(id=1177, name=Product 1177, price=12770.0, quantity=1187)
Product(id=1178, name=Product 1178, price=12780.0, quantity=1188)
Product(id=1179, name=Product 1179, price=12790.0, quantity=1189)
Product(id=1180, name=Product 1180, price=12800.0, quantity=1190)
Product(id=1181, name=Product 1181, price=12810.0, quantity=1191)
Product(id=1182, name=Product 1182, price=12820.0, quantity=1192)
Product(id=1183, name=Product 1183, price=12830.0, quantity=1193)
Product(id=1184, name=Product 1184, price=12840.0, quantity=1194)
Product(id=1185, name=Product 1185, price=12850.0, quantity=1195)
Product(id=1186, name=Product 1186, price=12860.0, quantity=1196)
Product(id=1187, name=Product 1187, price=12870.0, quantity=1197)
Product(id=1188, name=Product 1188, price=12880.0, quantity=1198)
Product(id=1189, name=Product 1189, price=12890.0, quantity=1199)
Product(id=1190, name=Product 1190, price=12900.0, quantity=1200)
Product(id=1191, name=Product 1191, price=12910.0, quantity=1201)
Product(id=1192, name=Product 1192, price=12920.0, quantity=1202)
Product(id=1193, name=Product 1193, price=12930.0, quantity=1203)
Product(id=1194, name=Product 1194, price=12940.0, quantity=1204)
Product(id=1195, name=Product 1195, price=12950.0, quantity=1205)
Product(id=1196, name=Product 1196, price=12960.0, quantity=1206)
Product(id=1197, name=Product 1197, price=12970.0, quantity=1207)
Product(id=1198, name=Product 1198, price=12980.0, quantity=1208)
Product(id=1199, name=Product 1199, price=12990.0, quantity=1209)
Product(id=1200, name=Product 1200, price=13000.0, quantity=1210)
Product(id=1201, name=Product 1201, price=13010.0, quantity=1211)
Product(id=1202, name=Product 1202, price=13020.0, quantity=1212)
Product(id=1203, name=Product 1203, price=13030.0, quantity=1213)
Product(id=1204, name=Product 1204, price=13040.0, quantity=1214)
Product(id=1205, name=Product 1205, price=13050.0, quantity=1215)
Product(id=1206, name=Product 1206, price=13060.0, quantity=1216)
Product(id=1207, name=Product 1207, price=13070.0, quantity=1217)
Product(id=1208, name=Product 1208, price=13080.0, quantity=1218)
Product(id=1209, name=Product 1209, price=13090.0, quantity=1219)
Product(id=1210, name=Product 1210, price=13100.0, quantity=1220)
Product(id=1211, name=Product 1211, price=13110.0, quantity=1221)
Product(id=1212, name=Product 1212, price=13120.0, quantity=1222)
Product(id=1213, name=Product 1213, price=13130.0, quantity=1223)
Product(id=1214, name=Product 1214, price=13140.0, quantity=1224)
Product(id=1215, name=Product 1215, price=13150.0, quantity=1225)
Product(id=1216, name=Product 1216, price=13160.0, quantity=1226)
Product(id=1217, name=Product 1217, price=13170.0, quantity=1227)
Product(id=1218, name=Product 1218, price=13180.0, quantity=1228)
Product(id=1219, name=Product 1219, price=13190.0, quantity=1229)
Product(id=1220, name=Product 1220, price=13200.0, quantity=1230)
Product(id=1221, name=Product 1221, price=13210.0, quantity=1231)
Product(id=1222, name=Product 1222, price=13220.0, quantity=1232)
Product(id=1223, name=Product 1223, price=13230.0, quantity=1233)
Product(id=1224, name=Product 1224, price=13240.0, quantity=1234)
Product(id=1225, name=Product 1225, price=13250.0, quantity=1235)
Product(id=1226, name=Product 1226, price=13260.0, quantity=1236)
Product(id=1227, name=Product 1227, price=13270.0, quantity=1237)
Product(id=1228, name=Product 1228, price=13280.0, quantity=1238)
Product(id=1229, name=Product 1229, price=13290.0, quantity=1239)
Product(id=1230, name=Product 1230, price=13300.0, quantity=1240)
Product(id=1231, name=Product 1231, price=13310.0, quantity=1241)
Product(id=1232, name=Product 1232, price=13320.0, quantity=1242)
Product(id=1233, name=Product 1233, price=13330.0, quantity=1243)
Product(id=1234, name=Product 1234, price=13340.0, quantity=1244)
Product(id=1235, name=Product 1235, price=13350.0, quantity=1245)
Product(id=1236, name=Product 1236, price=13360.0, quantity=1246)
Product(id=1237, name=Product 1237, price=13370.0, quantity=1247)
Product(id=1238, name=Product 1238, price=13380.0, quantity=1248)
Product(id=1239, name=Product 1239, price=13390.0, quantity=1249)
Product(id=1240, name=Product 1240, price=13400.0, quantity=1250)
Product(id=1241, name=Product 1241, price=13410.0, quantity=1251)
Product(id=1242, name=Product 1242, price=13420.0, quantity=1252)
Product(id=1243, name=Product 1243, price=13430.0, quantity=1253)
Product(id=1244, name=Product 1244, price=13440.0, quantity=1254)
Product(id=1245, name=Product 1245, price=13450.0, quantity=1255)
Product(id=1246, name=Product 1246, price=13460.0, quantity=1256)
Product(id=1247, name=Product 1247, price=13470.0, quantity=1257)
Product(id=1248, name=Product 1248, price=13480.0, quantity=1258)
Product(id=1249, name=Product 1249, price=13490.0, quantity=1259)
Product(id=1250, name=Product 1250, price=13500.0, quantity=1260)
Product(id=1251, name=Product 1251, price=13510.0, quantity=1261)
Product(id=1252, name=Product 1252, price=13520.0, quantity=1262)
Product(id=1253, name=Product 1253, price=13530.0, quantity=1263)
Product(id=1254, name=Product 1254, price=13540.0, quantity=1264)
Product(id=1255, name=Product 1255, price=13550.0, quantity=1265)
Product(id=1256, name=Product 1256, price=13560.0, quantity=1266)
Product(id=1257, name=Product 1257, price=13570.0, quantity=1267)
Product(id=1258, name=Product 1258, price=13580.0, quantity=1268)
Product(id=1259, name=Product 1259, price=13590.0, quantity=1269)
Product(id=1260, name=Product 1260, price=13600.0, quantity=1270)
Product(id=1261, name=Product 1261, price=13610.0, quantity=1271)
Product(id=1262, name=Product 1262, price=13620.0, quantity=1272)
Product(id=1263, name=Product 1263, price=13630.0, quantity=1273)
Product(id=1264, name=Product 1264, price=13640.0, quantity=1274)
Product(id=1265, name=Product 1265, price=13650.0, quantity=1275)
Product(id=1266, name=Product 1266, price=13660.0, quantity=1276)
Product(id=1267, name=Product 1267, price=13670.0, quantity=1277)
Product(id=1268, name=Product 1268, price=13680.0, quantity=1278)
Product(id=1269, name=Product 1269, price=13690.0, quantity=1279)
Product(id=1270, name=Product 1270, price=13700.0, quantity=1280)
Product(id=1271, name=Product 1271, price=13710.0, quantity=1281)
Product(id=1272, name=Product 1272, price=13720.0, quantity=1282)
Product(id=1273, name=Product 1273, price=13730.0, quantity=1283)
Product(id=1274, name=Product 1274, price=13740.0, quantity=1284)
Product(id=1275, name=Product 1275, price=13750.0, quantity=1285)
Product(id=1276, name=Product 1276, price=13760.0, quantity=1286)
Product(id=1277, name=Product 1277, price=13770.0, quantity=1287)
Product(id=1278, name=Product 1278, price=13780.0, quantity=1288)
Product(id=1279, name=Product 1279, price=13790.0, quantity=1289)
Product(id=1280, name=Product 1280, price=13800.0, quantity=1290)
Product(id=1281, name=Product 1281, price=13810.0, quantity=1291)
Product(id=1282, name=Product 1282, price=13820.0, quantity=1292)
Product(id=1283, name=Product 1283, price=13830.0, quantity=1293)
Product(id=1284, name=Product 1284, price=13840.0, quantity=1294)
Product(id=1285, name=Product 1285, price=13850.0, quantity=1295)
Product(id=1286, name=Product 1286, price=13860.0, quantity=1296)
Product(id=1287, name=Product 1287, price=13870.0, quantity=1297)
Product(id=1288, name=Product 1288, price=13880.0, quantity=1298)
Product(id=1289, name=Product 1289, price=13890.0, quantity=1299)
Product(id=1290, name=Product 1290, price=13900.0, quantity=1300)
Product(id=1291, name=Product 1291, price=13910.0, quantity=1301)
Product(id=1292, name=Product 1292, price=13920.0, quantity=1302)
Product(id=1293, name=Product 1293, price=13930.0, quantity=1303)
Product(id=1294, name=Product 1294, price=13940.0, quantity=1304)
Product(id=1295, name=Product 1295, price=13950.0, quantity=1305)
Product(id=1296, name=Product 1296, price=13960.0, quantity=1306)
Product(id=1297, name=Product 1297, price=13970.0, quantity=1307)
Product(id=1298, name=Product 1298, price=13980.0, quantity=1308)
Product(id=1299, name=Product 1299, price=13990.0, quantity=1309)
Product(id=1300, name=Product 1300, price=14000.0, quantity=1310)
Product(id=1301, name=Product 1301, price=14010.0, quantity=1311)
Product(id=1302, name=Product 1302, price=14020.0, quantity=1312)
Product(id=1303, name=Product 1303, price=14030.0, quantity=1313)
Product(id=1304, name=Product 1304, price=14040.0, quantity=1314)
Product(id=1305, name=Product 1305, price=14050.0, quantity=1315)
Product(id=1306, name=Product 1306, price=14060.0, quantity=1316)
Product(id=1307, name=Product 1307, price=14070.0, quantity=1317)
Product(id=1308, name=Product 1308, price=14080.0, quantity=1318)
Product(id=1309, name=Product 1309, price=14090.0, quantity=1319)
Product(id=1310, name=Product 1310, price=14100.0, quantity=1320)
Product(id=1311, name=Product 1311, price=14110.0, quantity=1321)
Product(id=1312, name=Product 1312, price=14120.0, quantity=1322)
Product(id=1313, name=Product 1313, price=14130.0, quantity=1323)
Product(id=1314, name=Product 1314, price=14140.0, quantity=1324)
Product(id=1315, name=Product 1315, price=14150.0, quantity=1325)
Product(id=1316, name=Product 1316, price=14160.0, quantity=1326)
Product(id=1317, name=Product 1317, price=14170.0, quantity=1327)
Product(id=1318, name=Product 1318, price=14180.0, quantity=1328)
Product(id=1319, name=Product 1319, price=14190.0, quantity=1329)
Product(id=1320, name=Product 1320, price=14200.0, quantity=1330)
Product(id=1321, name=Product 1321, price=14210.0, quantity=1331)
Product(id=1322, name=Product 1322, price=14220.0, quantity=1332)
Product(id=1323, name=Product 1323, price=14230.0, quantity=1333)
Product(id=1324, name=Product 1324, price=14240.0, quantity=1334)
Product(id=1325, name=Product 1325, price=14250.0, quantity=1335)
Product(id=1326, name=Product 1326, price=14260.0, quantity=1336)
Product(id=1327, name=Product 1327, price=14270.0, quantity=1337)
Product(id=1328, name=Product 1328, price=14280.0, quantity=1338)
Product(id=1329, name=Product 1329, price=14290.0, quantity=1339)
Product(id=1330, name=Product 1330, price=14300.0, quantity=1340)
Product(id=1331, name=Product 1331, price=14310.0, quantity=1341)
Product(id=1332, name=Product 1332, price=14320.0, quantity=1342)
Product(id=1333, name=Product 1333, price=14330.0, quantity=1343)
Product(id=1334, name=Product 1334, price=14340.0, quantity=1344)
Product(id=1335, name=Product 1335, price=14350.0, quantity=1345)
Product(id=1336, name=Product 1336, price=14360.0, quantity=1346)
Product(id=1337, name=Product 1337, price=14370.0, quantity=1347)
Product(id=1338, name=Product 1338, price=14380.0, quantity=1348)
Product(id=1339, name=Product 1339, price=14390.0, quantity=1349)
Product(id=1340, name=Product 1340, price=14400.0, quantity=1350)
Product(id=1341, name=Product 1341, price=14410.0, quantity=1351)
Product(id=1342, name=Product 1342, price=14420.0, quantity=1352)
Product(id=1343, name=Product 1343, price=14430.0, quantity=1353)
Product(id=1344, name=Product 1344, price=14440.0, quantity=1354)
Product(id=1345, name=Product 1345, price=14450.0, quantity=1355)
Product(id=1346, name=Product 1346, price=14460.0, quantity=1356)
Product(id=1347, name=Product 1347, price=14470.0, quantity=1357)
Product(id=1348, name=Product 1348, price=14480.0, quantity=1358)
Product(id=1349, name=Product 1349, price=14490.0, quantity=1359)
Product(id=1350, name=Product 1350, price=14500.0, quantity=1360)
Product(id=1351, name=Product 1351, price=14510.0, quantity=1361)
Product(id=1352, name=Product 1352, price=14520.0, quantity=1362)
Product(id=1353, name=Product 1353, price=14530.0, quantity=1363)
Product(id=1354, name=Product 1354, price=14540.0, quantity=1364)
Product(id=1355, name=Product 1355, price=14550.0, quantity=1365)
Product(id=1356, name=Product 1356, price=14560.0, quantity=1366)
Product(id=1357, name=Product 1357, price=14570.0, quantity=1367)
Product(id=1358, name=Product 1358, price=14580.0, quantity=1368)
Product(id=1359, name=Product 1359, price=14590.0, quantity=1369)
Product(id=1360, name=Product 1360, price=14600.0, quantity=1370)
Product(id=1361, name=Product 1361, price=14610.0, quantity=1371)
Product(id=1362, name=Product 1362, price=14620.0, quantity=1372)
Product(id=1363, name=Product 1363, price=14630.0, quantity=1373)
Product(id=1364, name=Product 1364, price=14640.0, quantity=1374)
Product(id=1365, name=Product 1365, price=14650.0, quantity=1375)
Product(id=1366, name=Product 1366, price=14660.0, quantity=1376)
Product(id=1367, name=Product 1367, price=14670.0, quantity=1377)
Product(id=1368, name=Product 1368, price=14680.0, quantity=1378)
Product(id=1369, name=Product 1369, price=14690.0, quantity=1379)
Product(id=1370, name=Product 1370, price=14700.0, quantity=1380)
Product(id=1371, name=Product 1371, price=14710.0, quantity=1381)
Product(id=1372, name=Product 1372, price=14720.0, quantity=1382)
Product(id=1373, name=Product 1373, price=14730.0, quantity=1383)
Product(id=1374, name=Product 1374, price=14740.0, quantity=1384)
Product(id=1375, name=Product 1375, price=14750.0, quantity=1385)
Product(id=1376, name=Product 1376, price=14760.0, quantity=1386)
Product(id=1377, name=Product 1377, price=14770.0, quantity=1387)
Product(id=1378, name=Product 1378, price=14780.0, quantity=1388)
Product(id=1379, name=Product 1379, price=14790.0, quantity=1389)
Product(id=1380, name=Product 1380, price=14800.0, quantity=1390)
Product(id=1381, name=Product 1381, price=14810.0, quantity=1391)
Product(id=1382, name=Product 1382, price=14820.0, quantity=1392)
Product(id=1383, name=Product 1383, price=14830.0, quantity=1393)
Product(id=1384, name=Product 1384, price=14840.0, quantity=1394)
Product(id=1385, name=Product 1385, price=14850.0, quantity=1395)
Product(id=1386, name=Product 1386, price=14860.0, quantity=1396)
Product(id=1387, name=Product 1387, price=14870.0, quantity=1397)
Product(id=1388, name=Product 1388, price=14880.0, quantity=1398)
Product(id=1389, name=Product 1389, price=14890.0, quantity=1399)
Product(id=1390, name=Product 1390, price=14900.0, quantity=1400)
Product(id=1391, name=Product 1391, price=14910.0, quantity=1401)
Product(id=1392, name=Product 1392, price=14920.0, quantity=1402)
Product(id=1393, name=Product 1393, price=14930.0, quantity=1403)
Product(id=1394, name=Product 1394, price=14940.0, quantity=1404)
Product(id=1395, name=Product 1395, price=14950.0, quantity=1405)
Product(id=1396, name=Product 1396, price=14960.0, quantity=1406)
Product(id=1397, name=Product 1397, price=14970.0, quantity=1407)
Product(id=1398, name=Product 1398, price=14980.0, quantity=1408)
Product(id=1399, name=Product 1399, price=14990.0, quantity=1409)
Product(id=1400, name=Product 1400, price=15000.0, quantity=1410)
Product(id=1401, name=Product 1401, price=15010.0, quantity=1411)
Product(id=1402, name=Product 1402, price=15020.0, quantity=1412)
Product(id=1403, name=Product 1403, price=15030.0, quantity=1413)
Product(id=1404, name=Product 1404, price=15040.0, quantity=1414)
Product(id=1405, name=Product 1405, price=15050.0, quantity=1415)
Product(id=1406, name=Product 1406, price=15060.0, quantity=1416)
Product(id=1407, name=Product 1407, price=15070.0, quantity=1417)
Product(id=1408, name=Product 1408, price=15080.0, quantity=1418)
Product(id=1409, name=Product 1409, price=15090.0, quantity=1419)
Product(id=1410, name=Product 1410, price=15100.0, quantity=1420)
Product(id=1411, name=Product 1411, price=15110.0, quantity=1421)
Product(id=1412, name=Product 1412, price=15120.0, quantity=1422)
Product(id=1413, name=Product 1413, price=15130.0, quantity=1423)
Product(id=1414, name=Product 1414, price=15140.0, quantity=1424)
Product(id=1415, name=Product 1415, price=15150.0, quantity=1425)
Product(id=1416, name=Product 1416, price=15160.0, quantity=1426)
Product(id=1417, name=Product 1417, price=15170.0, quantity=1427)
Product(id=1418, name=Product 1418, price=15180.0, quantity=1428)
Product(id=1419, name=Product 1419, price=15190.0, quantity=1429)
Product(id=1420, name=Product 1420, price=15200.0, quantity=1430)
Product(id=1421, name=Product 1421, price=15210.0, quantity=1431)
Product(id=1422, name=Product 1422, price=15220.0, quantity=1432)
Product(id=1423, name=Product 1423, price=15230.0, quantity=1433)
Product(id=1424, name=Product 1424, price=15240.0, quantity=1434)
Product(id=1425, name=Product 1425, price=15250.0, quantity=1435)
Product(id=1426, name=Product 1426, price=15260.0, quantity=1436)
Product(id=1427, name=Product 1427, price=15270.0, quantity=1437)
Product(id=1428, name=Product 1428, price=15280.0, quantity=1438)
Product(id=1429, name=Product 1429, price=15290.0, quantity=1439)
Product(id=1430, name=Product 1430, price=15300.0, quantity=1440)
Product(id=1431, name=Product 1431, price=15310.0, quantity=1441)
Product(id=1432, name=Product 1432, price=15320.0, quantity=1442)
Product(id=1433, name=Product 1433, price=15330.0, quantity=1443)
Product(id=1434, name=Product 1434, price=15340.0, quantity=1444)
Product(id=1435, name=Product 1435, price=15350.0, quantity=1445)
Product(id=1436, name=Product 1436, price=15360.0, quantity=1446)
Product(id=1437, name=Product 1437, price=15370.0, quantity=1447)
Product(id=1438, name=Product 1438, price=15380.0, quantity=1448)
Product(id=1439, name=Product 1439, price=15390.0, quantity=1449)
Product(id=1440, name=Product 1440, price=15400.0, quantity=1450)
Product(id=1441, name=Product 1441, price=15410.0, quantity=1451)
Product(id=1442, name=Product 1442, price=15420.0, quantity=1452)
Product(id=1443, name=Product 1443, price=15430.0, quantity=1453)
Product(id=1444, name=Product 1444, price=15440.0, quantity=1454)
Product(id=1445, name=Product 1445, price=15450.0, quantity=1455)
Product(id=1446, name=Product 1446, price=15460.0, quantity=1456)
Product(id=1447, name=Product 1447, price=15470.0, quantity=1457)
Product(id=1448, name=Product 1448, price=15480.0, quantity=1458)
Product(id=1449, name=Product 1449, price=15490.0, quantity=1459)
Product(id=1450, name=Product 1450, price=15500.0, quantity=1460)
Product(id=1451, name=Product 1451, price=15510.0, quantity=1461)
Product(id=1452, name=Product 1452, price=15520.0, quantity=1462)
Product(id=1453, name=Product 1453, price=15530.0, quantity=1463)
Product(id=1454, name=Product 1454, price=15540.0, quantity=1464)
Product(id=1455, name=Product 1455, price=15550.0, quantity=1465)
Product(id=1456, name=Product 1456, price=15560.0, quantity=1466)
Product(id=1457, name=Product 1457, price=15570.0, quantity=1467)
Product(id=1458, name=Product 1458, price=15580.0, quantity=1468)
Product(id=1459, name=Product 1459, price=15590.0, quantity=1469)
Product(id=1460, name=Product 1460, price=15600.0, quantity=1470)
Product(id=1461, name=Product 1461, price=15610.0, quantity=1471)
Product(id=1462, name=Product 1462, price=15620.0, quantity=1472)
Product(id=1463, name=Product 1463, price=15630.0, quantity=1473)
Product(id=1464, name=Product 1464, price=15640.0, quantity=1474)
Product(id=1465, name=Product 1465, price=15650.0, quantity=1475)
Product(id=1466, name=Product 1466, price=15660.0, quantity=1476)
Product(id=1467, name=Product 1467, price=15670.0, quantity=1477)
Product(id=1468, name=Product 1468, price=15680.0, quantity=1478)
Product(id=1469, name=Product 1469, price=15690.0, quantity=1479)
Product(id=1470, name=Product 1470, price=15700.0, quantity=1480)
Product(id=1471, name=Product 1471, price=15710.0, quantity=1481)
Product(id=1472, name=Product 1472, price=15720.0, quantity=1482)
Product(id=1473, name=Product 1473, price=15730.0, quantity=1483)
Product(id=1474, name=Product 1474, price=15740.0, quantity=1484)
Product(id=1475, name=Product 1475, price=15750.0, quantity=1485)
Product(id=1476, name=Product 1476, price=15760.0, quantity=1486)
Product(id=1477, name=Product 1477, price=15770.0, quantity=1487)
Product(id=1478, name=Product 1478, price=15780.0, quantity=1488)
Product(id=1479, name=Product 1479, price=15790.0, quantity=1489)
Product(id=1480, name=Product 1480, price=15800.0, quantity=1490)
Product(id=1481, name=Product 1481, price=15810.0, quantity=1491)
Product(id=1482, name=Product 1482, price=15820.0, quantity=1492)
Product(id=1483, name=Product 1483, price=15830.0, quantity=1493)
Product(id=1484, name=Product 1484, price=15840.0, quantity=1494)
Product(id=1485, name=Product 1485, price=15850.0, quantity=1495)
Product(id=1486, name=Product 1486, price=15860.0, quantity=1496)
Product(id=1487, name=Product 1487, price=15870.0, quantity=1497)
Product(id=1488, name=Product 1488, price=15880.0, quantity=1498)
Product(id=1489, name=Product 1489, price=15890.0, quantity=1499)
Product(id=1490, name=Product 1490, price=15900.0, quantity=1500)
Product(id=1491, name=Product 1491, price=15910.0, quantity=1501)
Product(id=1492, name=Product 1492, price=15920.0, quantity=1502)
Product(id=1493, name=Product 1493, price=15930.0, quantity=1503)
Product(id=1494, name=Product 1494, price=15940.0, quantity=1504)
Product(id=1495, name=Product 1495, price=15950.0, quantity=1505)
Product(id=1496, name=Product 1496, price=15960.0, quantity=1506)
Product(id=1497, name=Product 1497, price=15970.0, quantity=1507)
Product(id=1498, name=Product 1498, price=15980.0, quantity=1508)
Product(id=1499, name=Product 1499, price=15990.0, quantity=1509)
Product(id=1500, name=Product 1500, price=16000.0, quantity=1510)
Product(id=1501, name=Product 1501, price=16010.0, quantity=1511)
Product(id=1502, name=Product 1502, price=16020.0, quantity=1512)
Product(id=1503, name=Product 1503, price=16030.0, quantity=1513)
Product(id=1504, name=Product 1504, price=16040.0, quantity=1514)
Product(id=1505, name=Product 1505, price=16050.0, quantity=1515)
Product(id=1506, name=Product 1506, price=16060.0, quantity=1516)
Product(id=1507, name=Product 1507, price=16070.0, quantity=1517)
Product(id=1508, name=Product 1508, price=16080.0, quantity=1518)
Product(id=1509, name=Product 1509, price=16090.0, quantity=1519)
Product(id=1510, name=Product 1510, price=16100.0, quantity=1520)
Product(id=1511, name=Product 1511, price=16110.0, quantity=1521)
Product(id=1512, name=Product 1512, price=16120.0, quantity=1522)
Product(id=1513, name=Product 1513, price=16130.0, quantity=1523)
Product(id=1514, name=Product 1514, price=16140.0, quantity=1524)
Product(id=1515, name=Product 1515, price=16150.0, quantity=1525)
Product(id=1516, name=Product 1516, price=16160.0, quantity=1526)
Product(id=1517, name=Product 1517, price=16170.0, quantity=1527)
Product(id=1518, name=Product 1518, price=16180.0, quantity=1528)
Product(id=1519, name=Product 1519, price=16190.0, quantity=1529)
Product(id=1520, name=Product 1520, price=16200.0, quantity=1530)
Product(id=1521, name=Product 1521, price=16210.0, quantity=1531)
Product(id=1522, name=Product 1522, price=16220.0, quantity=1532)
Product(id=1523, name=Product 1523, price=16230.0, quantity=1533)
Product(id=1524, name=Product 1524, price=16240.0, quantity=1534)
Product(id=1525, name=Product 1525, price=16250.0, quantity=1535)
Product(id=1526, name=Product 1526, price=16260.0, quantity=1536)
Product(id=1527, name=Product 1527, price=16270.0, quantity=1537)
Product(id=1528, name=Product 1528, price=16280.0, quantity=1538)
Product(id=1529, name=Product 1529, price=16290.0, quantity=1539)
Product(id=1530, name=Product 1530, price=16300.0, quantity=1540)
Product(id=1531, name=Product 1531, price=16310.0, quantity=1541)
Product(id=1532, name=Product 1532, price=16320.0, quantity=1542)
Product(id=1533, name=Product 1533, price=16330.0, quantity=1543)
Product(id=1534, name=Product 1534, price=16340.0, quantity=1544)
Product(id=1535, name=Product 1535, price=16350.0, quantity=1545)
Product(id=1536, name=Product 1536, price=16360.0, quantity=1546)
Product(id=1537, name=Product 1537, price=16370.0, quantity=1547)
Product(id=1538, name=Product 1538, price=16380.0, quantity=1548)
Product(id=1539, name=Product 1539, price=16390.0, quantity=1549)
Product(id=1540, name=Product 1540, price=16400.0, quantity=1550)
Product(id=1541, name=Product 1541, price=16410.0, quantity=1551)
Product(id=1542, name=Product 1542, price=16420.0, quantity=1552)
Product(id=1543, name=Product 1543, price=16430.0, quantity=1553)
Product(id=1544, name=Product 1544, price=16440.0, quantity=1554)
Product(id=1545, name=Product 1545, price=16450.0, quantity=1555)
Product(id=1546, name=Product 1546, price=16460.0, quantity=1556)
Product(id=1547, name=Product 1547, price=16470.0, quantity=1557)
Product(id=1548, name=Product 1548, price=16480.0, quantity=1558)
Product(id=1549, name=Product 1549, price=16490.0, quantity=1559)
Product(id=1550, name=Product 1550, price=16500.0, quantity=1560)
Product(id=1551, name=Product 1551, price=16510.0, quantity=1561)
Product(id=1552, name=Product 1552, price=16520.0, quantity=1562)
Product(id=1553, name=Product 1553, price=16530.0, quantity=1563)
Product(id=1554, name=Product 1554, price=16540.0, quantity=1564)
Product(id=1555, name=Product 1555, price=16550.0, quantity=1565)
Product(id=1556, name=Product 1556, price=16560.0, quantity=1566)
Product(id=1557, name=Product 1557, price=16570.0, quantity=1567)
Product(id=1558, name=Product 1558, price=16580.0, quantity=1568)
Product(id=1559, name=Product 1559, price=16590.0, quantity=1569)
Product(id=1560, name=Product 1560, price=16600.0, quantity=1570)
Product(id=1561, name=Product 1561, price=16610.0, quantity=1571)
Product(id=1562, name=Product 1562, price=16620.0, quantity=1572)
Product(id=1563, name=Product 1563, price=16630.0, quantity=1573)
Product(id=1564, name=Product 1564, price=16640.0, quantity=1574)
Product(id=1565, name=Product 1565, price=16650.0, quantity=1575)
Product(id=1566, name=Product 1566, price=16660.0, quantity=1576)
Product(id=1567, name=Product 1567, price=16670.0, quantity=1577)
Product(id=1568, name=Product 1568, price=16680.0, quantity=1578)
Product(id=1569, name=Product 1569, price=16690.0, quantity=1579)
Product(id=1570, name=Product 1570, price=16700.0, quantity=1580)
Product(id=1571, name=Product 1571, price=16710.0, quantity=1581)
Product(id=1572, name=Product 1572, price=16720.0, quantity=1582)
Product(id=1573, name=Product 1573, price=16730.0, quantity=1583)
Product(id=1574, name=Product 1574, price=16740.0, quantity=1584)
Product(id=1575, name=Product 1575, price=16750.0, quantity=1585)
Product(id=1576, name=Product 1576, price=16760.0, quantity=1586)
Product(id=1577, name=Product 1577, price=16770.0, quantity=1587)
Product(id=1578, name=Product 1578, price=16780.0, quantity=1588)
Product(id=1579, name=Product 1579, price=16790.0, quantity=1589)
Product(id=1580, name=Product 1580, price=16800.0, quantity=1590)
Product(id=1581, name=Product 1581, price=16810.0, quantity=1591)
Product(id=1582, name=Product 1582, price=16820.0, quantity=1592)
Product(id=1583, name=Product 1583, price=16830.0, quantity=1593)
Product(id=1584, name=Product 1584, price=16840.0, quantity=1594)
Product(id=1585, name=Product 1585, price=16850.0, quantity=1595)
Product(id=1586, name=Product 1586, price=16860.0, quantity=1596)
Product(id=1587, name=Product 1587, price=16870.0, quantity=1597)
Product(id=1588, name=Product 1588, price=16880.0, quantity=1598)
Product(id=1589, name=Product 1589, price=16890.0, quantity=1599)
Product(id=1590, name=Product 1590, price=16900.0, quantity=1600)
Product(id=1591, name=Product 1591, price=16910.0, quantity=1601)
Product(id=1592, name=Product 1592, price=16920.0, quantity=1602)
Product(id=1593, name=Product 1593, price=16930.0, quantity=1603)
Product(id=1594, name=Product 1594, price=16940.0, quantity=1604)
Product(id=1595, name=Product 1595, price=16950.0, quantity=1605)
Product(id=1596, name=Product 1596, price=16960.0, quantity=1606)
Product(id=1597, name=Product 1597, price=16970.0, quantity=1607)
Product(id=1598, name=Product 1598, price=16980.0, quantity=1608)
Product(id=1599, name=Product 1599, price=16990.0, quantity=1609)
Product(id=1600, name=Product 1600, price=17000.0, quantity=1610)
Product(id=1601, name=Product 1601, price=17010.0, quantity=1611)
Product(id=1602, name=Product 1602, price=17020.0, quantity=1612)
Product(id=1603, name=Product 1603, price=17030.0, quantity=1613)
Product(id=1604, name=Product 1604, price=17040.0, quantity=1614)
Product(id=1605, name=Product 1605, price=17050.0, quantity=1615)
Product(id=1606, name=Product 1606, price=17060.0, quantity=1616)
Product(id=1607, name=Product 1607, price=17070.0, quantity=1617)
Product(id=1608, name=Product 1608, price=17080.0, quantity=1618)
Product(id=1609, name=Product 1609, price=17090.0, quantity=1619)
Product(id=1610, name=Product 1610, price=17100.0, quantity=1620)
Product(id=1611, name=Product 1611, price=17110.0, quantity=1621)
Product(id=1612, name=Product 1612, price=17120.0, quantity=1622)
Product(id=1613, name=Product 1613, price=17130.0, quantity=1623)
Product(id=1614, name=Product 1614, price=17140.0, quantity=1624)
Product(id=1615, name=Product 1615, price=17150.0, quantity=1625)
Product(id=1616, name=Product 1616, price=17160.0, quantity=1626)
Product(id=1617, name=Product 1617, price=17170.0, quantity=1627)
Product(id=1618, name=Product 1618, price=17180.0, quantity=1628)
Product(id=1619, name=Product 1619, price=17190.0, quantity=1629)
Product(id=1620, name=Product 1620, price=17200.0, quantity=1630)
Product(id=1621, name=Product 1621, price=17210.0, quantity=1631)
Product(id=1622, name=Product 1622, price=17220.0, quantity=1632)
Product(id=1623, name=Product 1623, price=17230.0, quantity=1633)
Product(id=1624, name=Product 1624, price=17240.0, quantity=1634)
Product(id=1625, name=Product 1625, price=17250.0, quantity=1635)
Product(id=1626, name=Product 1626, price=17260.0, quantity=1636)
Product(id=1627, name=Product 1627, price=17270.0, quantity=1637)
Product(id=1628, name=Product 1628, price=17280.0, quantity=1638)
Product(id=1629, name=Product 1629, price=17290.0, quantity=1639)
Product(id=1630, name=Product 1630, price=17300.0, quantity=1640)
Product(id=1631, name=Product 1631, price=17310.0, quantity=1641)
Product(id=1632, name=Product 1632, price=17320.0, quantity=1642)
Product(id=1633, name=Product 1633, price=17330.0, quantity=1643)
Product(id=1634, name=Product 1634, price=17340.0, quantity=1644)
Product(id=1635, name=Product 1635, price=17350.0, quantity=1645)
Product(id=1636, name=Product 1636, price=17360.0, quantity=1646)
Product(id=1637, name=Product 1637, price=17370.0, quantity=1647)
Product(id=1638, name=Product 1638, price=17380.0, quantity=1648)
Product(id=1639, name=Product 1639, price=17390.0, quantity=1649)
Product(id=1640, name=Product 1640, price=17400.0, quantity=1650)
Product(id=1641, name=Product 1641, price=17410.0, quantity=1651)
Product(id=1642, name=Product 1642, price=17420.0, quantity=1652)
Product(id=1643, name=Product 1643, price=17430.0, quantity=1653)
Product(id=1644, name=Product 1644, price=17440.0, quantity=1654)
Product(id=1645, name=Product 1645, price=17450.0, quantity=1655)
Product(id=1646, name=Product 1646, price=17460.0, quantity=1656)
Product(id=1647, name=Product 1647, price=17470.0, quantity=1657)
Product(id=1648, name=Product 1648, price=17480.0, quantity=1658)
Product(id=1649, name=Product 1649, price=17490.0, quantity=1659)
Product(id=1650, name=Product 1650, price=17500.0, quantity=1660)
Product(id=1651, name=Product 1651, price=17510.0, quantity=1661)
Product(id=1652, name=Product 1652, price=17520.0, quantity=1662)
Product(id=1653, name=Product 1653, price=17530.0, quantity=1663)
Product(id=1654, name=Product 1654, price=17540.0, quantity=1664)
Product(id=1655, name=Product 1655, price=17550.0, quantity=1665)
Product(id=1656, name=Product 1656, price=17560.0, quantity=1666)
Product(id=1657, name=Product 1657, price=17570.0, quantity=1667)
Product(id=1658, name=Product 1658, price=17580.0, quantity=1668)
Product(id=1659, name=Product 1659, price=17590.0, quantity=1669)
Product(id=1660, name=Product 1660, price=17600.0, quantity=1670)
Product(id=1661, name=Product 1661, price=17610.0, quantity=1671)
Product(id=1662, name=Product 1662, price=17620.0, quantity=1672)
Product(id=1663, name=Product 1663, price=17630.0, quantity=1673)
Product(id=1664, name=Product 1664, price=17640.0, quantity=1674)
Product(id=1665, name=Product 1665, price=17650.0, quantity=1675)
Product(id=1666, name=Product 1666, price=17660.0, quantity=1676)
Product(id=1667, name=Product 1667, price=17670.0, quantity=1677)
Product(id=1668, name=Product 1668, price=17680.0, quantity=1678)
Product(id=1669, name=Product 1669, price=17690.0, quantity=1679)
Product(id=1670, name=Product 1670, price=17700.0, quantity=1680)
Product(id=1671, name=Product 1671, price=17710.0, quantity=1681)
Product(id=1672, name=Product 1672, price=17720.0, quantity=1682)
Product(id=1673, name=Product 1673, price=17730.0, quantity=1683)
Product(id=1674, name=Product 1674, price=17740.0, quantity=1684)
Product(id=1675, name=Product 1675, price=17750.0, quantity=1685)
Product(id=1676, name=Product 1676, price=17760.0, quantity=1686)
Product(id=1677, name=Product 1677, price=17770.0, quantity=1687)
Product(id=1678, name=Product 1678, price=17780.0, quantity=1688)
Product(id=1679, name=Product 1679, price=17790.0, quantity=1689)
Product(id=1680, name=Product 1680, price=17800.0, quantity=1690)
Product(id=1681, name=Product 1681, price=17810.0, quantity=1691)
Product(id=1682, name=Product 1682, price=17820.0, quantity=1692)
Product(id=1683, name=Product 1683, price=17830.0, quantity=1693)
Product(id=1684, name=Product 1684, price=17840.0, quantity=1694)
Product(id=1685, name=Product 1685, price=17850.0, quantity=1695)
Product(id=1686, name=Product 1686, price=17860.0, quantity=1696)
Product(id=1687, name=Product 1687, price=17870.0, quantity=1697)
Product(id=1688, name=Product 1688, price=17880.0, quantity=1698)
Product(id=1689, name=Product 1689, price=17890.0, quantity=1699)
Product(id=1690, name=Product 1690, price=17900.0, quantity=1700)
Product(id=1691, name=Product 1691, price=17910.0, quantity=1701)
Product(id=1692, name=Product 1692, price=17920.0, quantity=1702)
Product(id=1693, name=Product 1693, price=17930.0, quantity=1703)
Product(id=1694, name=Product 1694, price=17940.0, quantity=1704)
Product(id=1695, name=Product 1695, price=17950.0, quantity=1705)
Product(id=1696, name=Product 1696, price=17960.0, quantity=1706)
Product(id=1697, name=Product 1697, price=17970.0, quantity=1707)
Product(id=1698, name=Product 1698, price=17980.0, quantity=1708)
Product(id=1699, name=Product 1699, price=17990.0, quantity=1709)
Product(id=1700, name=Product 1700, price=18000.0, quantity=1710)
Product(id=1701, name=Product 1701, price=18010.0, quantity=1711)
Product(id=1702, name=Product 1702, price=18020.0, quantity=1712)
Product(id=1703, name=Product 1703, price=18030.0, quantity=1713)
Product(id=1704, name=Product 1704, price=18040.0, quantity=1714)
Product(id=1705, name=Product 1705, price=18050.0, quantity=1715)
Product(id=1706, name=Product 1706, price=18060.0, quantity=1716)
Product(id=1707, name=Product 1707, price=18070.0, quantity=1717)
Product(id=1708, name=Product 1708, price=18080.0, quantity=1718)
Product(id=1709, name=Product 1709, price=18090.0, quantity=1719)
Product(id=1710, name=Product 1710, price=18100.0, quantity=1720)
Product(id=1711, name=Product 1711, price=18110.0, quantity=1721)
Product(id=1712, name=Product 1712, price=18120.0, quantity=1722)
Product(id=1713, name=Product 1713, price=18130.0, quantity=1723)
Product(id=1714, name=Product 1714, price=18140.0, quantity=1724)
Product(id=1715, name=Product 1715, price=18150.0, quantity=1725)
Product(id=1716, name=Product 1716, price=18160.0, quantity=1726)
Product(id=1717, name=Product 1717, price=18170.0, quantity=1727)
Product(id=1718, name=Product 1718, price=18180.0, quantity=1728)
Product(id=1719, name=Product 1719, price=18190.0, quantity=1729)
Product(id=1720, name=Product 1720, price=18200.0, quantity=1730)
Product(id=1721, name=Product 1721, price=18210.0, quantity=1731)
Product(id=1722, name=Product 1722, price=18220.0, quantity=1732)
Product(id=1723, name=Product 1723, price=18230.0, quantity=1733)
Product(id=1724, name=Product 1724, price=18240.0, quantity=1734)
Product(id=1725, name=Product 1725, price=18250.0, quantity=1735)
Product(id=1726, name=Product 1726, price=18260.0, quantity=1736)
Product(id=1727, name=Product 1727, price=18270.0, quantity=1737)
Product(id=1728, name=Product 1728, price=18280.0, quantity=1738)
Product(id=1729, name=Product 1729, price=18290.0, quantity=1739)
Product(id=1730, name=Product 1730, price=18300.0, quantity=1740)
Product(id=1731, name=Product 1731, price=18310.0, quantity=1741)
Product(id=1732, name=Product 1732, price=18320.0, quantity=1742)
Product(id=1733, name=Product 1733, price=18330.0, quantity=1743)
Product(id=1734, name=Product 1734, price=18340.0, quantity=1744)
Product(id=1735, name=Product 1735, price=18350.0, quantity=1745)
Product(id=1736, name=Product 1736, price=18360.0, quantity=1746)
Product(id=1737, name=Product 1737, price=18370.0, quantity=1747)
Product(id=1738, name=Product 1738, price=18380.0, quantity=1748)
Product(id=1739, name=Product 1739, price=18390.0, quantity=1749)
Product(id=1740, name=Product 1740, price=18400.0, quantity=1750)
Product(id=1741, name=Product 1741, price=18410.0, quantity=1751)
Product(id=1742, name=Product 1742, price=18420.0, quantity=1752)
Product(id=1743, name=Product 1743, price=18430.0, quantity=1753)
Product(id=1744, name=Product 1744, price=18440.0, quantity=1754)
Product(id=1745, name=Product 1745, price=18450.0, quantity=1755)
Product(id=1746, name=Product 1746, price=18460.0, quantity=1756)
Product(id=1747, name=Product 1747, price=18470.0, quantity=1757)
Product(id=1748, name=Product 1748, price=18480.0, quantity=1758)
Product(id=1749, name=Product 1749, price=18490.0, quantity=1759)
Product(id=1750, name=Product 1750, price=18500.0, quantity=1760)
Product(id=1751, name=Product 1751, price=18510.0, quantity=1761)
Product(id=1752, name=Product 1752, price=18520.0, quantity=1762)
Product(id=1753, name=Product 1753, price=18530.0, quantity=1763)
Product(id=1754, name=Product 1754, price=18540.0, quantity=1764)
Product(id=1755, name=Product 1755, price=18550.0, quantity=1765)
Product(id=1756, name=Product 1756, price=18560.0, quantity=1766)
Product(id=1757, name=Product 1757, price=18570.0, quantity=1767)
Product(id=1758, name=Product 1758, price=18580.0, quantity=1768)
Product(id=1759, name=Product 1759, price=18590.0, quantity=1769)
Product(id=1760, name=Product 1760, price=18600.0, quantity=1770)
Product(id=1761, name=Product 1761, price=18610.0, quantity=1771)
Product(id=1762, name=Product 1762, price=18620.0, quantity=1772)
Product(id=1763, name=Product 1763, price=18630.0, quantity=1773)
Product(id=1764, name=Product 1764, price=18640.0, quantity=1774)
Product(id=1765, name=Product 1765, price=18650.0, quantity=1775)
Product(id=1766, name=Product 1766, price=18660.0, quantity=1776)
Product(id=1767, name=Product 1767, price=18670.0, quantity=1777)
Product(id=1768, name=Product 1768, price=18680.0, quantity=1778)
Product(id=1769, name=Product 1769, price=18690.0, quantity=1779)
Product(id=1770, name=Product 1770, price=18700.0, quantity=1780)
Product(id=1771, name=Product 1771, price=18710.0, quantity=1781)
Product(id=1772, name=Product 1772, price=18720.0, quantity=1782)
Product(id=1773, name=Product 1773, price=18730.0, quantity=1783)
Product(id=1774, name=Product 1774, price=18740.0, quantity=1784)
Product(id=1775, name=Product 1775, price=18750.0, quantity=1785)
Product(id=1776, name=Product 1776, price=18760.0, quantity=1786)
Product(id=1777, name=Product 1777, price=18770.0, quantity=1787)
Product(id=1778, name=Product 1778, price=18780.0, quantity=1788)
Product(id=1779, name=Product 1779, price=18790.0, quantity=1789)
Product(id=1780, name=Product 1780, price=18800.0, quantity=1790)
Product(id=1781, name=Product 1781, price=18810.0, quantity=1791)
Product(id=1782, name=Product 1782, price=18820.0, quantity=1792)
Product(id=1783, name=Product 1783, price=18830.0, quantity=1793)
Product(id=1784, name=Product 1784, price=18840.0, quantity=1794)
Product(id=1785, name=Product 1785, price=18850.0, quantity=1795)
Product(id=1786, name=Product 1786, price=18860.0, quantity=1796)
Product(id=1787, name=Product 1787, price=18870.0, quantity=1797)
Product(id=1788, name=Product 1788, price=18880.0, quantity=1798)
Product(id=1789, name=Product 1789, price=18890.0, quantity=1799)
Product(id=1790, name=Product 1790, price=18900.0, quantity=1800)
Product(id=1791, name=Product 1791, price=18910.0, quantity=1801)
Product(id=1792, name=Product 1792, price=18920.0, quantity=1802)
Product(id=1793, name=Product 1793, price=18930.0, quantity=1803)
Product(id=1794, name=Product 1794, price=18940.0, quantity=1804)
Product(id=1795, name=Product 1795, price=18950.0, quantity=1805)
Product(id=1796, name=Product 1796, price=18960.0, quantity=1806)
Product(id=1797, name=Product 1797, price=18970.0, quantity=1807)
Product(id=1798, name=Product 1798, price=18980.0, quantity=1808)
Product(id=1799, name=Product 1799, price=18990.0, quantity=1809)
Product(id=1800, name=Product 1800, price=19000.0, quantity=1810)
Product(id=1801, name=Product 1801, price=19010.0, quantity=1811)
Product(id=1802, name=Product 1802, price=19020.0, quantity=1812)
Product(id=1803, name=Product 1803, price=19030.0, quantity=1813)
Product(id=1804, name=Product 1804, price=19040.0, quantity=1814)
Product(id=1805, name=Product 1805, price=19050.0, quantity=1815)
Product(id=1806, name=Product 1806, price=19060.0, quantity=1816)
Product(id=1807, name=Product 1807, price=19070.0, quantity=1817)
Product(id=1808, name=Product 1808, price=19080.0, quantity=1818)
Product(id=1809, name=Product 1809, price=19090.0, quantity=1819)
Product(id=1810, name=Product 1810, price=19100.0, quantity=1820)
Product(id=1811, name=Product 1811, price=19110.0, quantity=1821)
Product(id=1812, name=Product 1812, price=19120.0, quantity=1822)
Product(id=1813, name=Product 1813, price=19130.0, quantity=1823)
Product(id=1814, name=Product 1814, price=19140.0, quantity=1824)
Product(id=1815, name=Product 1815, price=19150.0, quantity=1825)
Product(id=1816, name=Product 1816, price=19160.0, quantity=1826)
Product(id=1817, name=Product 1817, price=19170.0, quantity=1827)
Product(id=1818, name=Product 1818, price=19180.0, quantity=1828)
Product(id=1819, name=Product 1819, price=19190.0, quantity=1829)
Product(id=1820, name=Product 1820, price=19200.0, quantity=1830)
Product(id=1821, name=Product 1821, price=19210.0, quantity=1831)
Product(id=1822, name=Product 1822, price=19220.0, quantity=1832)
Product(id=1823, name=Product 1823, price=19230.0, quantity=1833)
Product(id=1824, name=Product 1824, price=19240.0, quantity=1834)
Product(id=1825, name=Product 1825, price=19250.0, quantity=1835)
Product(id=1826, name=Product 1826, price=19260.0, quantity=1836)
Product(id=1827, name=Product 1827, price=19270.0, quantity=1837)
Product(id=1828, name=Product 1828, price=19280.0, quantity=1838)
Product(id=1829, name=Product 1829, price=19290.0, quantity=1839)
Product(id=1830, name=Product 1830, price=19300.0, quantity=1840)
Product(id=1831, name=Product 1831, price=19310.0, quantity=1841)
Product(id=1832, name=Product 1832, price=19320.0, quantity=1842)
Product(id=1833, name=Product 1833, price=19330.0, quantity=1843)
Product(id=1834, name=Product 1834, price=19340.0, quantity=1844)
Product(id=1835, name=Product 1835, price=19350.0, quantity=1845)
Product(id=1836, name=Product 1836, price=19360.0, quantity=1846)
Product(id=1837, name=Product 1837, price=19370.0, quantity=1847)
Product(id=1838, name=Product 1838, price=19380.0, quantity=1848)
Product(id=1839, name=Product 1839, price=19390.0, quantity=1849)
Product(id=1840, name=Product 1840, price=19400.0, quantity=1850)
Product(id=1841, name=Product 1841, price=19410.0, quantity=1851)
Product(id=1842, name=Product 1842, price=19420.0, quantity=1852)
Product(id=1843, name=Product 1843, price=19430.0, quantity=1853)
Product(id=1844, name=Product 1844, price=19440.0, quantity=1854)
Product(id=1845, name=Product 1845, price=19450.0, quantity=1855)
Product(id=1846, name=Product 1846, price=19460.0, quantity=1856)
Product(id=1847, name=Product 1847, price=19470.0, quantity=1857)
Product(id=1848, name=Product 1848, price=19480.0, quantity=1858)
Product(id=1849, name=Product 1849, price=19490.0, quantity=1859)
Product(id=1850, name=Product 1850, price=19500.0, quantity=1860)
Product(id=1851, name=Product 1851, price=19510.0, quantity=1861)
Product(id=1852, name=Product 1852, price=19520.0, quantity=1862)
Product(id=1853, name=Product 1853, price=19530.0, quantity=1863)
Product(id=1854, name=Product 1854, price=19540.0, quantity=1864)
Product(id=1855, name=Product 1855, price=19550.0, quantity=1865)
Product(id=1856, name=Product 1856, price=19560.0, quantity=1866)
Product(id=1857, name=Product 1857, price=19570.0, quantity=1867)
Product(id=1858, name=Product 1858, price=19580.0, quantity=1868)
Product(id=1859, name=Product 1859, price=19590.0, quantity=1869)
Product(id=1860, name=Product 1860, price=19600.0, quantity=1870)
Product(id=1861, name=Product 1861, price=19610.0, quantity=1871)
Product(id=1862, name=Product 1862, price=19620.0, quantity=1872)
Product(id=1863, name=Product 1863, price=19630.0, quantity=1873)
Product(id=1864, name=Product 1864, price=19640.0, quantity=1874)
Product(id=1865, name=Product 1865, price=19650.0, quantity=1875)
Product(id=1866, name=Product 1866, price=19660.0, quantity=1876)
Product(id=1867, name=Product 1867, price=19670.0, quantity=1877)
Product(id=1868, name=Product 1868, price=19680.0, quantity=1878)
Product(id=1869, name=Product 1869, price=19690.0, quantity=1879)
Product(id=1870, name=Product 1870, price=19700.0, quantity=1880)
Product(id=1871, name=Product 1871, price=19710.0, quantity=1881)
Product(id=1872, name=Product 1872, price=19720.0, quantity=1882)
Product(id=1873, name=Product 1873, price=19730.0, quantity=1883)
Product(id=1874, name=Product 1874, price=19740.0, quantity=1884)
Product(id=1875, name=Product 1875, price=19750.0, quantity=1885)
Product(id=1876, name=Product 1876, price=19760.0, quantity=1886)
Product(id=1877, name=Product 1877, price=19770.0, quantity=1887)
Product(id=1878, name=Product 1878, price=19780.0, quantity=1888)
Product(id=1879, name=Product 1879, price=19790.0, quantity=1889)
Product(id=1880, name=Product 1880, price=19800.0, quantity=1890)
Product(id=1881, name=Product 1881, price=19810.0, quantity=1891)
Product(id=1882, name=Product 1882, price=19820.0, quantity=1892)
Product(id=1883, name=Product 1883, price=19830.0, quantity=1893)
Product(id=1884, name=Product 1884, price=19840.0, quantity=1894)
Product(id=1885, name=Product 1885, price=19850.0, quantity=1895)
Product(id=1886, name=Product 1886, price=19860.0, quantity=1896)
Product(id=1887, name=Product 1887, price=19870.0, quantity=1897)
Product(id=1888, name=Product 1888, price=19880.0, quantity=1898)
Product(id=1889, name=Product 1889, price=19890.0, quantity=1899)
Product(id=1890, name=Product 1890, price=19900.0, quantity=1900)
Product(id=1891, name=Product 1891, price=19910.0, quantity=1901)
Product(id=1892, name=Product 1892, price=19920.0, quantity=1902)
Product(id=1893, name=Product 1893, price=19930.0, quantity=1903)
Product(id=1894, name=Product 1894, price=19940.0, quantity=1904)
Product(id=1895, name=Product 1895, price=19950.0, quantity=1905)
Product(id=1896, name=Product 1896, price=19960.0, quantity=1906)
Product(id=1897, name=Product 1897, price=19970.0, quantity=1907)
Product(id=1898, name=Product 1898, price=19980.0, quantity=1908)
Product(id=1899, name=Product 1899, price=19990.0, quantity=1909)
Product(id=1900, name=Product 1900, price=20000.0, quantity=1910)
Product(id=1901, name=Product 1901, price=20010.0, quantity=1911)
Product(id=1902, name=Product 1902, price=20020.0, quantity=1912)
Product(id=1903, name=Product 1903, price=20030.0, quantity=1913)
Product(id=1904, name=Product 1904, price=20040.0, quantity=1914)
Product(id=1905, name=Product 1905, price=20050.0, quantity=1915)
Product(id=1906, name=Product 1906, price=20060.0, quantity=1916)
Product(id=1907, name=Product 1907, price=20070.0, quantity=1917)
Product(id=1908, name=Product 1908, price=20080.0, quantity=1918)
Product(id=1909, name=Product 1909, price=20090.0, quantity=1919)
Product(id=1910, name=Product 1910, price=20100.0, quantity=1920)
Product(id=1911, name=Product 1911, price=20110.0, quantity=1921)
Product(id=1912, name=Product 1912, price=20120.0, quantity=1922)
Product(id=1913, name=Product 1913, price=20130.0, quantity=1923)
Product(id=1914, name=Product 1914, price=20140.0, quantity=1924)
Product(id=1915, name=Product 1915, price=20150.0, quantity=1925)
Product(id=1916, name=Product 1916, price=20160.0, quantity=1926)
Product(id=1917, name=Product 1917, price=20170.0, quantity=1927)
Product(id=1918, name=Product 1918, price=20180.0, quantity=1928)
Product(id=1919, name=Product 1919, price=20190.0, quantity=1929)
Product(id=1920, name=Product 1920, price=20200.0, quantity=1930)
Product(id=1921, name=Product 1921, price=20210.0, quantity=1931)
Product(id=1922, name=Product 1922, price=20220.0, quantity=1932)
Product(id=1923, name=Product 1923, price=20230.0, quantity=1933)
Product(id=1924, name=Product 1924, price=20240.0, quantity=1934)
Product(id=1925, name=Product 1925, price=20250.0, quantity=1935)
Product(id=1926, name=Product 1926, price=20260.0, quantity=1936)
Product(id=1927, name=Product 1927, price=20270.0, quantity=1937)
Product(id=1928, name=Product 1928, price=20280.0, quantity=1938)
Product(id=1929, name=Product 1929, price=20290.0, quantity=1939)
Product(id=1930, name=Product 1930, price=20300.0, quantity=1940)
Product(id=1931, name=Product 1931, price=20310.0, quantity=1941)
Product(id=1932, name=Product 1932, price=20320.0, quantity=1942)
Product(id=1933, name=Product 1933, price=20330.0, quantity=1943)
Product(id=1934, name=Product 1934, price=20340.0, quantity=1944)
Product(id=1935, name=Product 1935, price=20350.0, quantity=1945)
Product(id=1936, name=Product 1936, price=20360.0, quantity=1946)
Product(id=1937, name=Product 1937, price=20370.0, quantity=1947)
Product(id=1938, name=Product 1938, price=20380.0, quantity=1948)
Product(id=1939, name=Product 1939, price=20390.0, quantity=1949)
Product(id=1940, name=Product 1940, price=20400.0, quantity=1950)
Product(id=1941, name=Product 1941, price=20410.0, quantity=1951)
Product(id=1942, name=Product 1942, price=20420.0, quantity=1952)
Product(id=1943, name=Product 1943, price=20430.0, quantity=1953)
Product(id=1944, name=Product 1944, price=20440.0, quantity=1954)
Product(id=1945, name=Product 1945, price=20450.0, quantity=1955)
Product(id=1946, name=Product 1946, price=20460.0, quantity=1956)
Product(id=1947, name=Product 1947, price=20470.0, quantity=1957)
Product(id=1948, name=Product 1948, price=20480.0, quantity=1958)
Product(id=1949, name=Product 1949, price=20490.0, quantity=1959)
Product(id=1950, name=Product 1950, price=20500.0, quantity=1960)
Product(id=1951, name=Product 1951, price=20510.0, quantity=1961)
Product(id=1952, name=Product 1952, price=20520.0, quantity=1962)
Product(id=1953, name=Product 1953, price=20530.0, quantity=1963)
Product(id=1954, name=Product 1954, price=20540.0, quantity=1964)
Product(id=1955, name=Product 1955, price=20550.0, quantity=1965)
Product(id=1956, name=Product 1956, price=20560.0, quantity=1966)
Product(id=1957, name=Product 1957, price=20570.0, quantity=1967)
Product(id=1958, name=Product 1958, price=20580.0, quantity=1968)
Product(id=1959, name=Product 1959, price=20590.0, quantity=1969)
Product(id=1960, name=Product 1960, price=20600.0, quantity=1970)
Product(id=1961, name=Product 1961, price=20610.0, quantity=1971)
Product(id=1962, name=Product 1962, price=20620.0, quantity=1972)
Product(id=1963, name=Product 1963, price=20630.0, quantity=1973)
Product(id=1964, name=Product 1964, price=20640.0, quantity=1974)
Product(id=1965, name=Product 1965, price=20650.0, quantity=1975)
Product(id=1966, name=Product 1966, price=20660.0, quantity=1976)
Product(id=1967, name=Product 1967, price=20670.0, quantity=1977)
Product(id=1968, name=Product 1968, price=20680.0, quantity=1978)
Product(id=1969, name=Product 1969, price=20690.0, quantity=1979)
Product(id=1970, name=Product 1970, price=20700.0, quantity=1980)
Product(id=1971, name=Product 1971, price=20710.0, quantity=1981)
Product(id=1972, name=Product 1972, price=20720.0, quantity=1982)
Product(id=1973, name=Product 1973, price=20730.0, quantity=1983)
Product(id=1974, name=Product 1974, price=20740.0, quantity=1984)
Product(id=1975, name=Product 1975, price=20750.0, quantity=1985)
Product(id=1976, name=Product 1976, price=20760.0, quantity=1986)
Product(id=1977, name=Product 1977, price=20770.0, quantity=1987)
Product(id=1978, name=Product 1978, price=20780.0, quantity=1988)
Product(id=1979, name=Product 1979, price=20790.0, quantity=1989)
Product(id=1980, name=Product 1980, price=20800.0, quantity=1990)
Product(id=1981, name=Product 1981, price=20810.0, quantity=1991)
Product(id=1982, name=Product 1982, price=20820.0, quantity=1992)
Product(id=1983, name=Product 1983, price=20830.0, quantity=1993)
Product(id=1984, name=Product 1984, price=20840.0, quantity=1994)
Product(id=1985, name=Product 1985, price=20850.0, quantity=1995)
Product(id=1986, name=Product 1986, price=20860.0, quantity=1996)
Product(id=1987, name=Product 1987, price=20870.0, quantity=1997)
Product(id=1988, name=Product 1988, price=20880.0, quantity=1998)
Product(id=1989, name=Product 1989, price=20890.0, quantity=1999)
Product(id=1990, name=Product 1990, price=20900.0, quantity=2000)
Product(id=1991, name=Product 1991, price=20910.0, quantity=2001)
Product(id=1992, name=Product 1992, price=20920.0, quantity=2002)
Product(id=1993, name=Product 1993, price=20930.0, quantity=2003)
Product(id=1994, name=Product 1994, price=20940.0, quantity=2004)
Product(id=1995, name=Product 1995, price=20950.0, quantity=2005)
Product(id=1996, name=Product 1996, price=20960.0, quantity=2006)
Product(id=1997, name=Product 1997, price=20970.0, quantity=2007)
Product(id=1998, name=Product 1998, price=20980.0, quantity=2008)
Product(id=1999, name=Product 1999, price=20990.0, quantity=2009)
Product(id=2000, name=Product 2000, price=21000.0, quantity=2010)
Product(id=2001, name=Product 2001, price=21010.0, quantity=2011)
Product(id=2002, name=Product 2002, price=21020.0, quantity=2012)
Product(id=2003, name=Product 2003, price=21030.0, quantity=2013)
Product(id=2004, name=Product 2004, price=21040.0, quantity=2014)
Product(id=2005, name=Product 2005, price=21050.0, quantity=2015)
Product(id=2006, name=Product 2006, price=21060.0, quantity=2016)
Product(id=2007, name=Product 2007, price=21070.0, quantity=2017)
Product(id=2008, name=Product 2008, price=21080.0, quantity=2018)
Product(id=2009, name=Product 2009, price=21090.0, quantity=2019)
Product(id=2010, name=Product 2010, price=21100.0, quantity=2020)
Product(id=2011, name=Product 2011, price=21110.0, quantity=2021)
Product(id=2012, name=Product 2012, price=21120.0, quantity=2022)
Product(id=2013, name=Product 2013, price=21130.0, quantity=2023)
Product(id=2014, name=Product 2014, price=21140.0, quantity=2024)
Product(id=2015, name=Product 2015, price=21150.0, quantity=2025)
Product(id=2016, name=Product 2016, price=21160.0, quantity=2026)
Product(id=2017, name=Product 2017, price=21170.0, quantity=2027)
Product(id=2018, name=Product 2018, price=21180.0, quantity=2028)
Product(id=2019, name=Product 2019, price=21190.0, quantity=2029)
Product(id=2020, name=Product 2020, price=21200.0, quantity=2030)
Product(id=2021, name=Product 2021, price=21210.0, quantity=2031)
Product(id=2022, name=Product 2022, price=21220.0, quantity=2032)
Product(id=2023, name=Product 2023, price=21230.0, quantity=2033)
Product(id=2024, name=Product 2024, price=21240.0, quantity=2034)
Product(id=2025, name=Product 2025, price=21250.0, quantity=2035)
Product(id=2026, name=Product 2026, price=21260.0, quantity=2036)
Product(id=2027, name=Product 2027, price=21270.0, quantity=2037)
Product(id=2028, name=Product 2028, price=21280.0, quantity=2038)
Product(id=2029, name=Product 2029, price=21290.0, quantity=2039)
Product(id=2030, name=Product 2030, price=21300.0, quantity=2040)
Product(id=2031, name=Product 2031, price=21310.0, quantity=2041)
Product(id=2032, name=Product 2032, price=21320.0, quantity=2042)
Product(id=2033, name=Product 2033, price=21330.0, quantity=2043)
Product(id=2034, name=Product 2034, price=21340.0, quantity=2044)
Product(id=2035, name=Product 2035, price=21350.0, quantity=2045)
Product(id=2036, name=Product 2036, price=21360.0, quantity=2046)
Product(id=2037, name=Product 2037, price=21370.0, quantity=2047)
Product(id=2038, name=Product 2038, price=21380.0, quantity=2048)
Product(id=2039, name=Product 2039, price=21390.0, quantity=2049)
Product(id=2040, name=Product 2040, price=21400.0, quantity=2050)
Product(id=2041, name=Product 2041, price=21410.0, quantity=2051)
Product(id=2042, name=Product 2042, price=21420.0, quantity=2052)
Product(id=2043, name=Product 2043, price=21430.0, quantity=2053)
Product(id=2044, name=Product 2044, price=21440.0, quantity=2054)
Product(id=2045, name=Product 2045, price=21450.0, quantity=2055)
Product(id=2046, name=Product 2046, price=21460.0, quantity=2056)
Product(id=2047, name=Product 2047, price=21470.0, quantity=2057)
Product(id=2048, name=Product 2048, price=21480.0, quantity=2058)
Product(id=2049, name=Product 2049, price=21490.0, quantity=2059)
Product(id=2050, name=Product 2050, price=21500.0, quantity=2060)
Product(id=2051, name=Product 2051, price=21510.0, quantity=2061)
Product(id=2052, name=Product 2052, price=21520.0, quantity=2062)
Product(id=2053, name=Product 2053, price=21530.0, quantity=2063)
Product(id=2054, name=Product 2054, price=21540.0, quantity=2064)
Product(id=2055, name=Product 2055, price=21550.0, quantity=2065)
Product(id=2056, name=Product 2056, price=21560.0, quantity=2066)
Product(id=2057, name=Product 2057, price=21570.0, quantity=2067)
Product(id=2058, name=Product 2058, price=21580.0, quantity=2068)
Product(id=2059, name=Product 2059, price=21590.0, quantity=2069)
Product(id=2060, name=Product 2060, price=21600.0, quantity=2070)
Product(id=2061, name=Product 2061, price=21610.0, quantity=2071)
Product(id=2062, name=Product 2062, price=21620.0, quantity=2072)
Product(id=2063, name=Product 2063, price=21630.0, quantity=2073)
Product(id=2064, name=Product 2064, price=21640.0, quantity=2074)
Product(id=2065, name=Product 2065, price=21650.0, quantity=2075)
Product(id=2066, name=Product 2066, price=21660.0, quantity=2076)
Product(id=2067, name=Product 2067, price=21670.0, quantity=2077)
Product(id=2068, name=Product 2068, price=21680.0, quantity=2078)
Product(id=2069, name=Product 2069, price=21690.0, quantity=2079)
Product(id=2070, name=Product 2070, price=21700.0, quantity=2080)
Product(id=2071, name=Product 2071, price=21710.0, quantity=2081)
Product(id=2072, name=Product 2072, price=21720.0, quantity=2082)
Product(id=2073, name=Product 2073, price=21730.0, quantity=2083)
Product(id=2074, name=Product 2074, price=21740.0, quantity=2084)
Product(id=2075, name=Product 2075, price=21750.0, quantity=2085)
Product(id=2076, name=Product 2076, price=21760.0, quantity=2086)
Product(id=2077, name=Product 2077, price=21770.0, quantity=2087)
Product(id=2078, name=Product 2078, price=21780.0, quantity=2088)
Product(id=2079, name=Product 2079, price=21790.0, quantity=2089)
Product(id=2080, name=Product 2080, price=21800.0, quantity=2090)
Product(id=2081, name=Product 2081, price=21810.0, quantity=2091)
Product(id=2082, name=Product 2082, price=21820.0, quantity=2092)
Product(id=2083, name=Product 2083, price=21830.0, quantity=2093)
Product(id=2084, name=Product 2084, price=21840.0, quantity=2094)
Product(id=2085, name=Product 2085, price=21850.0, quantity=2095)
Product(id=2086, name=Product 2086, price=21860.0, quantity=2096)
Product(id=2087, name=Product 2087, price=21870.0, quantity=2097)
Product(id=2088, name=Product 2088, price=21880.0, quantity=2098)
Product(id=2089, name=Product 2089, price=21890.0, quantity=2099)
Product(id=2090, name=Product 2090, price=21900.0, quantity=2100)
Product(id=2091, name=Product 2091, price=21910.0, quantity=2101)
Product(id=2092, name=Product 2092, price=21920.0, quantity=2102)
Product(id=2093, name=Product 2093, price=21930.0, quantity=2103)
Product(id=2094, name=Product 2094, price=21940.0, quantity=2104)
Product(id=2095, name=Product 2095, price=21950.0, quantity=2105)
Product(id=2096, name=Product 2096, price=21960.0, quantity=2106)
Product(id=2097, name=Product 2097, price=21970.0, quantity=2107)
Product(id=2098, name=Product 2098, price=21980.0, quantity=2108)
Product(id=2099, name=Product 2099, price=21990.0, quantity=2109)
Product(id=2100, name=Product 2100, price=22000.0, quantity=2110)
Product(id=2101, name=Product 2101, price=22010.0, quantity=2111)
Product(id=2102, name=Product 2102, price=22020.0, quantity=2112)
Product(id=2103, name=Product 2103, price=22030.0, quantity=2113)
Product(id=2104, name=Product 2104, price=22040.0, quantity=2114)
Product(id=2105, name=Product 2105, price=22050.0, quantity=2115)
Product(id=2106, name=Product 2106, price=22060.0, quantity=2116)
Product(id=2107, name=Product 2107, price=22070.0, quantity=2117)
Product(id=2108, name=Product 2108, price=22080.0, quantity=2118)
Product(id=2109, name=Product 2109, price=22090.0, quantity=2119)
Product(id=2110, name=Product 2110, price=22100.0, quantity=2120)
Product(id=2111, name=Product 2111, price=22110.0, quantity=2121)
Product(id=2112, name=Product 2112, price=22120.0, quantity=2122)
Product(id=2113, name=Product 2113, price=22130.0, quantity=2123)
Product(id=2114, name=Product 2114, price=22140.0, quantity=2124)
Product(id=2115, name=Product 2115, price=22150.0, quantity=2125)
Product(id=2116, name=Product 2116, price=22160.0, quantity=2126)
Product(id=2117, name=Product 2117, price=22170.0, quantity=2127)
Product(id=2118, name=Product 2118, price=22180.0, quantity=2128)
Product(id=2119, name=Product 2119, price=22190.0, quantity=2129)
Product(id=2120, name=Product 2120, price=22200.0, quantity=2130)
Product(id=2121, name=Product 2121, price=22210.0, quantity=2131)
Product(id=2122, name=Product 2122, price=22220.0, quantity=2132)
Product(id=2123, name=Product 2123, price=22230.0, quantity=2133)
Product(id=2124, name=Product 2124, price=22240.0, quantity=2134)
Product(id=2125, name=Product 2125, price=22250.0, quantity=2135)
Product(id=2126, name=Product 2126, price=22260.0, quantity=2136)
Product(id=2127, name=Product 2127, price=22270.0, quantity=2137)
Product(id=2128, name=Product 2128, price=22280.0, quantity=2138)
Product(id=2129, name=Product 2129, price=22290.0, quantity=2139)
Product(id=2130, name=Product 2130, price=22300.0, quantity=2140)
Product(id=2131, name=Product 2131, price=22310.0, quantity=2141)
Product(id=2132, name=Product 2132, price=22320.0, quantity=2142)
Product(id=2133, name=Product 2133, price=22330.0, quantity=2143)
Product(id=2134, name=Product 2134, price=22340.0, quantity=2144)
Product(id=2135, name=Product 2135, price=22350.0, quantity=2145)
Product(id=2136, name=Product 2136, price=22360.0, quantity=2146)
Product(id=2137, name=Product 2137, price=22370.0, quantity=2147)
Product(id=2138, name=Product 2138, price=22380.0, quantity=2148)
Product(id=2139, name=Product 2139, price=22390.0, quantity=2149)
Product(id=2140, name=Product 2140, price=22400.0, quantity=2150)
Product(id=2141, name=Product 2141, price=22410.0, quantity=2151)
Product(id=2142, name=Product 2142, price=22420.0, quantity=2152)
Product(id=2143, name=Product 2143, price=22430.0, quantity=2153)
Product(id=2144, name=Product 2144, price=22440.0, quantity=2154)
Product(id=2145, name=Product 2145, price=22450.0, quantity=2155)
Product(id=2146, name=Product 2146, price=22460.0, quantity=2156)
Product(id=2147, name=Product 2147, price=22470.0, quantity=2157)
Product(id=2148, name=Product 2148, price=22480.0, quantity=2158)
Product(id=2149, name=Product 2149, price=22490.0, quantity=2159)
Product(id=2150, name=Product 2150, price=22500.0, quantity=2160)
Product(id=2151, name=Product 2151, price=22510.0, quantity=2161)
Product(id=2152, name=Product 2152, price=22520.0, quantity=2162)
Product(id=2153, name=Product 2153, price=22530.0, quantity=2163)
Product(id=2154, name=Product 2154, price=22540.0, quantity=2164)
Product(id=2155, name=Product 2155, price=22550.0, quantity=2165)
Product(id=2156, name=Product 2156, price=22560.0, quantity=2166)
Product(id=2157, name=Product 2157, price=22570.0, quantity=2167)
Product(id=2158, name=Product 2158, price=22580.0, quantity=2168)
Product(id=2159, name=Product 2159, price=22590.0, quantity=2169)
Product(id=2160, name=Product 2160, price=22600.0, quantity=2170)
Product(id=2161, name=Product 2161, price=22610.0, quantity=2171)
Product(id=2162, name=Product 2162, price=22620.0, quantity=2172)
Product(id=2163, name=Product 2163, price=22630.0, quantity=2173)
Product(id=2164, name=Product 2164, price=22640.0, quantity=2174)
Product(id=2165, name=Product 2165, price=22650.0, quantity=2175)
Product(id=2166, name=Product 2166, price=22660.0, quantity=2176)
Product(id=2167, name=Product 2167, price=22670.0, quantity=2177)
Product(id=2168, name=Product 2168, price=22680.0, quantity=2178)
Product(id=2169, name=Product 2169, price=22690.0, quantity=2179)
Product(id=2170, name=Product 2170, price=22700.0, quantity=2180)
Product(id=2171, name=Product 2171, price=22710.0, quantity=2181)
Product(id=2172, name=Product 2172, price=22720.0, quantity=2182)
Product(id=2173, name=Product 2173, price=22730.0, quantity=2183)
Product(id=2174, name=Product 2174, price=22740.0, quantity=2184)
Product(id=2175, name=Product 2175, price=22750.0, quantity=2185)
Product(id=2176, name=Product 2176, price=22760.0, quantity=2186)
Product(id=2177, name=Product 2177, price=22770.0, quantity=2187)
Product(id=2178, name=Product 2178, price=22780.0, quantity=2188)
Product(id=2179, name=Product 2179, price=22790.0, quantity=2189)
Product(id=2180, name=Product 2180, price=22800.0, quantity=2190)
Product(id=2181, name=Product 2181, price=22810.0, quantity=2191)
Product(id=2182, name=Product 2182, price=22820.0, quantity=2192)
Product(id=2183, name=Product 2183, price=22830.0, quantity=2193)
Product(id=2184, name=Product 2184, price=22840.0, quantity=2194)
Product(id=2185, name=Product 2185, price=22850.0, quantity=2195)
Product(id=2186, name=Product 2186, price=22860.0, quantity=2196)
Product(id=2187, name=Product 2187, price=22870.0, quantity=2197)
Product(id=2188, name=Product 2188, price=22880.0, quantity=2198)
Product(id=2189, name=Product 2189, price=22890.0, quantity=2199)
Product(id=2190, name=Product 2190, price=22900.0, quantity=2200)
Product(id=2191, name=Product 2191, price=22910.0, quantity=2201)
Product(id=2192, name=Product 2192, price=22920.0, quantity=2202)
Product(id=2193, name=Product 2193, price=22930.0, quantity=2203)
Product(id=2194, name=Product 2194, price=22940.0, quantity=2204)
Product(id=2195, name=Product 2195, price=22950.0, quantity=2205)
Product(id=2196, name=Product 2196, price=22960.0, quantity=2206)
Product(id=2197, name=Product 2197, price=22970.0, quantity=2207)
Product(id=2198, name=Product 2198, price=22980.0, quantity=2208)
Product(id=2199, name=Product 2199, price=22990.0, quantity=2209)
Product(id=2200, name=Product 2200, price=23000.0, quantity=2210)
Product(id=2201, name=Product 2201, price=23010.0, quantity=2211)
Product(id=2202, name=Product 2202, price=23020.0, quantity=2212)
Product(id=2203, name=Product 2203, price=23030.0, quantity=2213)
Product(id=2204, name=Product 2204, price=23040.0, quantity=2214)
Product(id=2205, name=Product 2205, price=23050.0, quantity=2215)
Product(id=2206, name=Product 2206, price=23060.0, quantity=2216)
Product(id=2207, name=Product 2207, price=23070.0, quantity=2217)
Product(id=2208, name=Product 2208, price=23080.0, quantity=2218)
Product(id=2209, name=Product 2209, price=23090.0, quantity=2219)
Product(id=2210, name=Product 2210, price=23100.0, quantity=2220)
Product(id=2211, name=Product 2211, price=23110.0, quantity=2221)
Product(id=2212, name=Product 2212, price=23120.0, quantity=2222)
Product(id=2213, name=Product 2213, price=23130.0, quantity=2223)
Product(id=2214, name=Product 2214, price=23140.0, quantity=2224)
Product(id=2215, name=Product 2215, price=23150.0, quantity=2225)
Product(id=2216, name=Product 2216, price=23160.0, quantity=2226)
Product(id=2217, name=Product 2217, price=23170.0, quantity=2227)
Product(id=2218, name=Product 2218, price=23180.0, quantity=2228)
Product(id=2219, name=Product 2219, price=23190.0, quantity=2229)
Product(id=2220, name=Product 2220, price=23200.0, quantity=2230)
Product(id=2221, name=Product 2221, price=23210.0, quantity=2231)
Product(id=2222, name=Product 2222, price=23220.0, quantity=2232)
Product(id=2223, name=Product 2223, price=23230.0, quantity=2233)
Product(id=2224, name=Product 2224, price=23240.0, quantity=2234)
Product(id=2225, name=Product 2225, price=23250.0, quantity=2235)
Product(id=2226, name=Product 2226, price=23260.0, quantity=2236)
Product(id=2227, name=Product 2227, price=23270.0, quantity=2237)
Product(id=2228, name=Product 2228, price=23280.0, quantity=2238)
Product(id=2229, name=Product 2229, price=23290.0, quantity=2239)
Product(id=2230, name=Product 2230, price=23300.0, quantity=2240)
Product(id=2231, name=Product 2231, price=23310.0, quantity=2241)
Product(id=2232, name=Product 2232, price=23320.0, quantity=2242)
Product(id=2233, name=Product 2233, price=23330.0, quantity=2243)
Product(id=2234, name=Product 2234, price=23340.0, quantity=2244)
Product(id=2235, name=Product 2235, price=23350.0, quantity=2245)
Product(id=2236, name=Product 2236, price=23360.0, quantity=2246)
Product(id=2237, name=Product 2237, price=23370.0, quantity=2247)
Product(id=2238, name=Product 2238, price=23380.0, quantity=2248)
Product(id=2239, name=Product 2239, price=23390.0, quantity=2249)
Product(id=2240, name=Product 2240, price=23400.0, quantity=2250)
Product(id=2241, name=Product 2241, price=23410.0, quantity=2251)
Product(id=2242, name=Product 2242, price=23420.0, quantity=2252)
Product(id=2243, name=Product 2243, price=23430.0, quantity=2253)
Product(id=2244, name=Product 2244, price=23440.0, quantity=2254)
Product(id=2245, name=Product 2245, price=23450.0, quantity=2255)
Product(id=2246, name=Product 2246, price=23460.0, quantity=2256)
Product(id=2247, name=Product 2247, price=23470.0, quantity=2257)
Product(id=2248, name=Product 2248, price=23480.0, quantity=2258)
Product(id=2249, name=Product 2249, price=23490.0, quantity=2259)
Product(id=2250, name=Product 2250, price=23500.0, quantity=2260)
Product(id=2251, name=Product 2251, price=23510.0, quantity=2261)
Product(id=2252, name=Product 2252, price=23520.0, quantity=2262)
Product(id=2253, name=Product 2253, price=23530.0, quantity=2263)
Product(id=2254, name=Product 2254, price=23540.0, quantity=2264)
Product(id=2255, name=Product 2255, price=23550.0, quantity=2265)
Product(id=2256, name=Product 2256, price=23560.0, quantity=2266)
Product(id=2257, name=Product 2257, price=23570.0, quantity=2267)
Product(id=2258, name=Product 2258, price=23580.0, quantity=2268)
Product(id=2259, name=Product 2259, price=23590.0, quantity=2269)
Product(id=2260, name=Product 2260, price=23600.0, quantity=2270)
Product(id=2261, name=Product 2261, price=23610.0, quantity=2271)
Product(id=2262, name=Product 2262, price=23620.0, quantity=2272)
Product(id=2263, name=Product 2263, price=23630.0, quantity=2273)
Product(id=2264, name=Product 2264, price=23640.0, quantity=2274)
Product(id=2265, name=Product 2265, price=23650.0, quantity=2275)
Product(id=2266, name=Product 2266, price=23660.0, quantity=2276)
Product(id=2267, name=Product 2267, price=23670.0, quantity=2277)
Product(id=2268, name=Product 2268, price=23680.0, quantity=2278)
Product(id=2269, name=Product 2269, price=23690.0, quantity=2279)
Product(id=2270, name=Product 2270, price=23700.0, quantity=2280)
Product(id=2271, name=Product 2271, price=23710.0, quantity=2281)
Product(id=2272, name=Product 2272, price=23720.0, quantity=2282)
Product(id=2273, name=Product 2273, price=23730.0, quantity=2283)
Product(id=2274, name=Product 2274, price=23740.0, quantity=2284)
Product(id=2275, name=Product 2275, price=23750.0, quantity=2285)
Product(id=2276, name=Product 2276, price=23760.0, quantity=2286)
Product(id=2277, name=Product 2277, price=23770.0, quantity=2287)
Product(id=2278, name=Product 2278, price=23780.0, quantity=2288)
Product(id=2279, name=Product 2279, price=23790.0, quantity=2289)
Product(id=2280, name=Product 2280, price=23800.0, quantity=2290)
Product(id=2281, name=Product 2281, price=23810.0, quantity=2291)
Product(id=2282, name=Product 2282, price=23820.0, quantity=2292)
Product(id=2283, name=Product 2283, price=23830.0, quantity=2293)
Product(id=2284, name=Product 2284, price=23840.0, quantity=2294)
Product(id=2285, name=Product 2285, price=23850.0, quantity=2295)
Product(id=2286, name=Product 2286, price=23860.0, quantity=2296)
Product(id=2287, name=Product 2287, price=23870.0, quantity=2297)
Product(id=2288, name=Product 2288, price=23880.0, quantity=2298)
Product(id=2289, name=Product 2289, price=23890.0, quantity=2299)
Product(id=2290, name=Product 2290, price=23900.0, quantity=2300)
Product(id=2291, name=Product 2291, price=23910.0, quantity=2301)
Product(id=2292, name=Product 2292, price=23920.0, quantity=2302)
Product(id=2293, name=Product 2293, price=23930.0, quantity=2303)
Product(id=2294, name=Product 2294, price=23940.0, quantity=2304)
Product(id=2295, name=Product 2295, price=23950.0, quantity=2305)
Product(id=2296, name=Product 2296, price=23960.0, quantity=2306)
Product(id=2297, name=Product 2297, price=23970.0, quantity=2307)
Product(id=2298, name=Product 2298, price=23980.0, quantity=2308)
Product(id=2299, name=Product 2299, price=23990.0, quantity=2309)
Product(id=2300, name=Product 2300, price=24000.0, quantity=2310)
Product(id=2301, name=Product 2301, price=24010.0, quantity=2311)
Product(id=2302, name=Product 2302, price=24020.0, quantity=2312)
Product(id=2303, name=Product 2303, price=24030.0, quantity=2313)
Product(id=2304, name=Product 2304, price=24040.0, quantity=2314)
Product(id=2305, name=Product 2305, price=24050.0, quantity=2315)
Product(id=2306, name=Product 2306, price=24060.0, quantity=2316)
Product(id=2307, name=Product 2307, price=24070.0, quantity=2317)
Product(id=2308, name=Product 2308, price=24080.0, quantity=2318)
Product(id=2309, name=Product 2309, price=24090.0, quantity=2319)
Product(id=2310, name=Product 2310, price=24100.0, quantity=2320)
Product(id=2311, name=Product 2311, price=24110.0, quantity=2321)
Product(id=2312, name=Product 2312, price=24120.0, quantity=2322)
Product(id=2313, name=Product 2313, price=24130.0, quantity=2323)
Product(id=2314, name=Product 2314, price=24140.0, quantity=2324)
Product(id=2315, name=Product 2315, price=24150.0, quantity=2325)
Product(id=2316, name=Product 2316, price=24160.0, quantity=2326)
Product(id=2317, name=Product 2317, price=24170.0, quantity=2327)
Product(id=2318, name=Product 2318, price=24180.0, quantity=2328)
Product(id=2319, name=Product 2319, price=24190.0, quantity=2329)
Product(id=2320, name=Product 2320, price=24200.0, quantity=2330)
Product(id=2321, name=Product 2321, price=24210.0, quantity=2331)
Product(id=2322, name=Product 2322, price=24220.0, quantity=2332)
Product(id=2323, name=Product 2323, price=24230.0, quantity=2333)
Product(id=2324, name=Product 2324, price=24240.0, quantity=2334)
Product(id=2325, name=Product 2325, price=24250.0, quantity=2335)
Product(id=2326, name=Product 2326, price=24260.0, quantity=2336)
Product(id=2327, name=Product 2327, price=24270.0, quantity=2337)
Product(id=2328, name=Product 2328, price=24280.0, quantity=2338)
Product(id=2329, name=Product 2329, price=24290.0, quantity=2339)
Product(id=2330, name=Product 2330, price=24300.0, quantity=2340)
Product(id=2331, name=Product 2331, price=24310.0, quantity=2341)
Product(id=2332, name=Product 2332, price=24320.0, quantity=2342)
Product(id=2333, name=Product 2333, price=24330.0, quantity=2343)
Product(id=2334, name=Product 2334, price=24340.0, quantity=2344)
Product(id=2335, name=Product 2335, price=24350.0, quantity=2345)
Product(id=2336, name=Product 2336, price=24360.0, quantity=2346)
Product(id=2337, name=Product 2337, price=24370.0, quantity=2347)
Product(id=2338, name=Product 2338, price=24380.0, quantity=2348)
Product(id=2339, name=Product 2339, price=24390.0, quantity=2349)
Product(id=2340, name=Product 2340, price=24400.0, quantity=2350)
Product(id=2341, name=Product 2341, price=24410.0, quantity=2351)
Product(id=2342, name=Product 2342, price=24420.0, quantity=2352)
Product(id=2343, name=Product 2343, price=24430.0, quantity=2353)
Product(id=2344, name=Product 2344, price=24440.0, quantity=2354)
Product(id=2345, name=Product 2345, price=24450.0, quantity=2355)
Product(id=2346, name=Product 2346, price=24460.0, quantity=2356)
Product(id=2347, name=Product 2347, price=24470.0, quantity=2357)
Product(id=2348, name=Product 2348, price=24480.0, quantity=2358)
Product(id=2349, name=Product 2349, price=24490.0, quantity=2359)
Product(id=2350, name=Product 2350, price=24500.0, quantity=2360)
Product(id=2351, name=Product 2351, price=24510.0, quantity=2361)
Product(id=2352, name=Product 2352, price=24520.0, quantity=2362)
Product(id=2353, name=Product 2353, price=24530.0, quantity=2363)
Product(id=2354, name=Product 2354, price=24540.0, quantity=2364)
Product(id=2355, name=Product 2355, price=24550.0, quantity=2365)
Product(id=2356, name=Product 2356, price=24560.0, quantity=2366)
Product(id=2357, name=Product 2357, price=24570.0, quantity=2367)
Product(id=2358, name=Product 2358, price=24580.0, quantity=2368)
Product(id=2359, name=Product 2359, price=24590.0, quantity=2369)
Product(id=2360, name=Product 2360, price=24600.0, quantity=2370)
Product(id=2361, name=Product 2361, price=24610.0, quantity=2371)
Product(id=2362, name=Product 2362, price=24620.0, quantity=2372)
Product(id=2363, name=Product 2363, price=24630.0, quantity=2373)
Product(id=2364, name=Product 2364, price=24640.0, quantity=2374)
Product(id=2365, name=Product 2365, price=24650.0, quantity=2375)
Product(id=2366, name=Product 2366, price=24660.0, quantity=2376)
Product(id=2367, name=Product 2367, price=24670.0, quantity=2377)
Product(id=2368, name=Product 2368, price=24680.0, quantity=2378)
Product(id=2369, name=Product 2369, price=24690.0, quantity=2379)
Product(id=2370, name=Product 2370, price=24700.0, quantity=2380)
Product(id=2371, name=Product 2371, price=24710.0, quantity=2381)
Product(id=2372, name=Product 2372, price=24720.0, quantity=2382)
Product(id=2373, name=Product 2373, price=24730.0, quantity=2383)
Product(id=2374, name=Product 2374, price=24740.0, quantity=2384)
Product(id=2375, name=Product 2375, price=24750.0, quantity=2385)
Product(id=2376, name=Product 2376, price=24760.0, quantity=2386)
Product(id=2377, name=Product 2377, price=24770.0, quantity=2387)
Product(id=2378, name=Product 2378, price=24780.0, quantity=2388)
Product(id=2379, name=Product 2379, price=24790.0, quantity=2389)
Product(id=2380, name=Product 2380, price=24800.0, quantity=2390)
Product(id=2381, name=Product 2381, price=24810.0, quantity=2391)
Product(id=2382, name=Product 2382, price=24820.0, quantity=2392)
Product(id=2383, name=Product 2383, price=24830.0, quantity=2393)
Product(id=2384, name=Product 2384, price=24840.0, quantity=2394)
Product(id=2385, name=Product 2385, price=24850.0, quantity=2395)
Product(id=2386, name=Product 2386, price=24860.0, quantity=2396)
Product(id=2387, name=Product 2387, price=24870.0, quantity=2397)
Product(id=2388, name=Product 2388, price=24880.0, quantity=2398)
Product(id=2389, name=Product 2389, price=24890.0, quantity=2399)
Product(id=2390, name=Product 2390, price=24900.0, quantity=2400)
Product(id=2391, name=Product 2391, price=24910.0, quantity=2401)
Product(id=2392, name=Product 2392, price=24920.0, quantity=2402)
Product(id=2393, name=Product 2393, price=24930.0, quantity=2403)
Product(id=2394, name=Product 2394, price=24940.0, quantity=2404)
Product(id=2395, name=Product 2395, price=24950.0, quantity=2405)
Product(id=2396, name=Product 2396, price=24960.0, quantity=2406)
Product(id=2397, name=Product 2397, price=24970.0, quantity=2407)
Product(id=2398, name=Product 2398, price=24980.0, quantity=2408)
Product(id=2399, name=Product 2399, price=24990.0, quantity=2409)
Product(id=2400, name=Product 2400, price=25000.0, quantity=2410)
Product(id=2401, name=Product 2401, price=25010.0, quantity=2411)
Product(id=2402, name=Product 2402, price=25020.0, quantity=2412)
Product(id=2403, name=Product 2403, price=25030.0, quantity=2413)
Product(id=2404, name=Product 2404, price=25040.0, quantity=2414)
Product(id=2405, name=Product 2405, price=25050.0, quantity=2415)
Product(id=2406, name=Product 2406, price=25060.0, quantity=2416)
Product(id=2407, name=Product 2407, price=25070.0, quantity=2417)
Product(id=2408, name=Product 2408, price=25080.0, quantity=2418)
Product(id=2409, name=Product 2409, price=25090.0, quantity=2419)
Product(id=2410, name=Product 2410, price=25100.0, quantity=2420)
Product(id=2411, name=Product 2411, price=25110.0, quantity=2421)
Product(id=2412, name=Product 2412, price=25120.0, quantity=2422)
Product(id=2413, name=Product 2413, price=25130.0, quantity=2423)
Product(id=2414, name=Product 2414, price=25140.0, quantity=2424)
Product(id=2415, name=Product 2415, price=25150.0, quantity=2425)
Product(id=2416, name=Product 2416, price=25160.0, quantity=2426)
Product(id=2417, name=Product 2417, price=25170.0, quantity=2427)
Product(id=2418, name=Product 2418, price=25180.0, quantity=2428)
Product(id=2419, name=Product 2419, price=25190.0, quantity=2429)
Product(id=2420, name=Product 2420, price=25200.0, quantity=2430)
Product(id=2421, name=Product 2421, price=25210.0, quantity=2431)
Product(id=2422, name=Product 2422, price=25220.0, quantity=2432)
Product(id=2423, name=Product 2423, price=25230.0, quantity=2433)
Product(id=2424, name=Product 2424, price=25240.0, quantity=2434)
Product(id=2425, name=Product 2425, price=25250.0, quantity=2435)
Product(id=2426, name=Product 2426, price=25260.0, quantity=2436)
Product(id=2427, name=Product 2427, price=25270.0, quantity=2437)
Product(id=2428, name=Product 2428, price=25280.0, quantity=2438)
Product(id=2429, name=Product 2429, price=25290.0, quantity=2439)
Product(id=2430, name=Product 2430, price=25300.0, quantity=2440)
Product(id=2431, name=Product 2431, price=25310.0, quantity=2441)
Product(id=2432, name=Product 2432, price=25320.0, quantity=2442)
Product(id=2433, name=Product 2433, price=25330.0, quantity=2443)
Product(id=2434, name=Product 2434, price=25340.0, quantity=2444)
Product(id=2435, name=Product 2435, price=25350.0, quantity=2445)
Product(id=2436, name=Product 2436, price=25360.0, quantity=2446)
Product(id=2437, name=Product 2437, price=25370.0, quantity=2447)
Product(id=2438, name=Product 2438, price=25380.0, quantity=2448)
Product(id=2439, name=Product 2439, price=25390.0, quantity=2449)
Product(id=2440, name=Product 2440, price=25400.0, quantity=2450)
Product(id=2441, name=Product 2441, price=25410.0, quantity=2451)
Product(id=2442, name=Product 2442, price=25420.0, quantity=2452)
Product(id=2443, name=Product 2443, price=25430.0, quantity=2453)
Product(id=2444, name=Product 2444, price=25440.0, quantity=2454)
Product(id=2445, name=Product 2445, price=25450.0, quantity=2455)
Product(id=2446, name=Product 2446, price=25460.0, quantity=2456)
Product(id=2447, name=Product 2447, price=25470.0, quantity=2457)
Product(id=2448, name=Product 2448, price=25480.0, quantity=2458)
Product(id=2449, name=Product 2449, price=25490.0, quantity=2459)
Product(id=2450, name=Product 2450, price=25500.0, quantity=2460)
Product(id=2451, name=Product 2451, price=25510.0, quantity=2461)
Product(id=2452, name=Product 2452, price=25520.0, quantity=2462)
Product(id=2453, name=Product 2453, price=25530.0, quantity=2463)
Product(id=2454, name=Product 2454, price=25540.0, quantity=2464)
Product(id=2455, name=Product 2455, price=25550.0, quantity=2465)
Product(id=2456, name=Product 2456, price=25560.0, quantity=2466)
Product(id=2457, name=Product 2457, price=25570.0, quantity=2467)
Product(id=2458, name=Product 2458, price=25580.0, quantity=2468)
Product(id=2459, name=Product 2459, price=25590.0, quantity=2469)
Product(id=2460, name=Product 2460, price=25600.0, quantity=2470)
Product(id=2461, name=Product 2461, price=25610.0, quantity=2471)
Product(id=2462, name=Product 2462, price=25620.0, quantity=2472)
Product(id=2463, name=Product 2463, price=25630.0, quantity=2473)
Product(id=2464, name=Product 2464, price=25640.0, quantity=2474)
Product(id=2465, name=Product 2465, price=25650.0, quantity=2475)
Product(id=2466, name=Product 2466, price=25660.0, quantity=2476)
Product(id=2467, name=Product 2467, price=25670.0, quantity=2477)
Product(id=2468, name=Product 2468, price=25680.0, quantity=2478)
Product(id=2469, name=Product 2469, price=25690.0, quantity=2479)
Product(id=2470, name=Product 2470, price=25700.0, quantity=2480)
Product(id=2471, name=Product 2471, price=25710.0, quantity=2481)
Product(id=2472, name=Product 2472, price=25720.0, quantity=2482)
Product(id=2473, name=Product 2473, price=25730.0, quantity=2483)
Product(id=2474, name=Product 2474, price=25740.0, quantity=2484)
Product(id=2475, name=Product 2475, price=25750.0, quantity=2485)
Product(id=2476, name=Product 2476, price=25760.0, quantity=2486)
Product(id=2477, name=Product 2477, price=25770.0, quantity=2487)
Product(id=2478, name=Product 2478, price=25780.0, quantity=2488)
Product(id=2479, name=Product 2479, price=25790.0, quantity=2489)
Product(id=2480, name=Product 2480, price=25800.0, quantity=2490)
Product(id=2481, name=Product 2481, price=25810.0, quantity=2491)
Product(id=2482, name=Product 2482, price=25820.0, quantity=2492)
Product(id=2483, name=Product 2483, price=25830.0, quantity=2493)
Product(id=2484, name=Product 2484, price=25840.0, quantity=2494)
Product(id=2485, name=Product 2485, price=25850.0, quantity=2495)
Product(id=2486, name=Product 2486, price=25860.0, quantity=2496)
Product(id=2487, name=Product 2487, price=25870.0, quantity=2497)
Product(id=2488, name=Product 2488, price=25880.0, quantity=2498)
Product(id=2489, name=Product 2489, price=25890.0, quantity=2499)
Product(id=2490, name=Product 2490, price=25900.0, quantity=2500)
Product(id=2491, name=Product 2491, price=25910.0, quantity=2501)
Product(id=2492, name=Product 2492, price=25920.0, quantity=2502)
Product(id=2493, name=Product 2493, price=25930.0, quantity=2503)
Product(id=2494, name=Product 2494, price=25940.0, quantity=2504)
Product(id=2495, name=Product 2495, price=25950.0, quantity=2505)
Product(id=2496, name=Product 2496, price=25960.0, quantity=2506)
Product(id=2497, name=Product 2497, price=25970.0, quantity=2507)
Product(id=2498, name=Product 2498, price=25980.0, quantity=2508)
Product(id=2499, name=Product 2499, price=25990.0, quantity=2509)
Product(id=2500, name=Product 2500, price=26000.0, quantity=2510)
Product(id=2501, name=Product 2501, price=26010.0, quantity=2511)
Product(id=2502, name=Product 2502, price=26020.0, quantity=2512)
Product(id=2503, name=Product 2503, price=26030.0, quantity=2513)
Product(id=2504, name=Product 2504, price=26040.0, quantity=2514)
Product(id=2505, name=Product 2505, price=26050.0, quantity=2515)
Product(id=2506, name=Product 2506, price=26060.0, quantity=2516)
Product(id=2507, name=Product 2507, price=26070.0, quantity=2517)
Product(id=2508, name=Product 2508, price=26080.0, quantity=2518)
Product(id=2509, name=Product 2509, price=26090.0, quantity=2519)
Product(id=2510, name=Product 2510, price=26100.0, quantity=2520)
Product(id=2511, name=Product 2511, price=26110.0, quantity=2521)
Product(id=2512, name=Product 2512, price=26120.0, quantity=2522)
Product(id=2513, name=Product 2513, price=26130.0, quantity=2523)
Product(id=2514, name=Product 2514, price=26140.0, quantity=2524)
Product(id=2515, name=Product 2515, price=26150.0, quantity=2525)
Product(id=2516, name=Product 2516, price=26160.0, quantity=2526)
Product(id=2517, name=Product 2517, price=26170.0, quantity=2527)
Product(id=2518, name=Product 2518, price=26180.0, quantity=2528)
Product(id=2519, name=Product 2519, price=26190.0, quantity=2529)
Product(id=2520, name=Product 2520, price=26200.0, quantity=2530)
Product(id=2521, name=Product 2521, price=26210.0, quantity=2531)
Product(id=2522, name=Product 2522, price=26220.0, quantity=2532)
Product(id=2523, name=Product 2523, price=26230.0, quantity=2533)
Product(id=2524, name=Product 2524, price=26240.0, quantity=2534)
Product(id=2525, name=Product 2525, price=26250.0, quantity=2535)
Product(id=2526, name=Product 2526, price=26260.0, quantity=2536)
Product(id=2527, name=Product 2527, price=26270.0, quantity=2537)
Product(id=2528, name=Product 2528, price=26280.0, quantity=2538)
Product(id=2529, name=Product 2529, price=26290.0, quantity=2539)
Product(id=2530, name=Product 2530, price=26300.0, quantity=2540)
Product(id=2531, name=Product 2531, price=26310.0, quantity=2541)
Product(id=2532, name=Product 2532, price=26320.0, quantity=2542)
Product(id=2533, name=Product 2533, price=26330.0, quantity=2543)
Product(id=2534, name=Product 2534, price=26340.0, quantity=2544)
Product(id=2535, name=Product 2535, price=26350.0, quantity=2545)
Product(id=2536, name=Product 2536, price=26360.0, quantity=2546)
Product(id=2537, name=Product 2537, price=26370.0, quantity=2547)
Product(id=2538, name=Product 2538, price=26380.0, quantity=2548)
Product(id=2539, name=Product 2539, price=26390.0, quantity=2549)
Product(id=2540, name=Product 2540, price=26400.0, quantity=2550)
Product(id=2541, name=Product 2541, price=26410.0, quantity=2551)
Product(id=2542, name=Product 2542, price=26420.0, quantity=2552)
Product(id=2543, name=Product 2543, price=26430.0, quantity=2553)
Product(id=2544, name=Product 2544, price=26440.0, quantity=2554)
Product(id=2545, name=Product 2545, price=26450.0, quantity=2555)
Product(id=2546, name=Product 2546, price=26460.0, quantity=2556)
Product(id=2547, name=Product 2547, price=26470.0, quantity=2557)
Product(id=2548, name=Product 2548, price=26480.0, quantity=2558)
Product(id=2549, name=Product 2549, price=26490.0, quantity=2559)
Product(id=2550, name=Product 2550, price=26500.0, quantity=2560)
Product(id=2551, name=Product 2551, price=26510.0, quantity=2561)
Product(id=2552, name=Product 2552, price=26520.0, quantity=2562)
Product(id=2553, name=Product 2553, price=26530.0, quantity=2563)
Product(id=2554, name=Product 2554, price=26540.0, quantity=2564)
Product(id=2555, name=Product 2555, price=26550.0, quantity=2565)
Product(id=2556, name=Product 2556, price=26560.0, quantity=2566)
Product(id=2557, name=Product 2557, price=26570.0, quantity=2567)
Product(id=2558, name=Product 2558, price=26580.0, quantity=2568)
Product(id=2559, name=Product 2559, price=26590.0, quantity=2569)
Product(id=2560, name=Product 2560, price=26600.0, quantity=2570)
Product(id=2561, name=Product 2561, price=26610.0, quantity=2571)
Product(id=2562, name=Product 2562, price=26620.0, quantity=2572)
Product(id=2563, name=Product 2563, price=26630.0, quantity=2573)
Product(id=2564, name=Product 2564, price=26640.0, quantity=2574)
Product(id=2565, name=Product 2565, price=26650.0, quantity=2575)
Product(id=2566, name=Product 2566, price=26660.0, quantity=2576)
Product(id=2567, name=Product 2567, price=26670.0, quantity=2577)
Product(id=2568, name=Product 2568, price=26680.0, quantity=2578)
Product(id=2569, name=Product 2569, price=26690.0, quantity=2579)
Product(id=2570, name=Product 2570, price=26700.0, quantity=2580)
Product(id=2571, name=Product 2571, price=26710.0, quantity=2581)
Product(id=2572, name=Product 2572, price=26720.0, quantity=2582)
Product(id=2573, name=Product 2573, price=26730.0, quantity=2583)
Product(id=2574, name=Product 2574, price=26740.0, quantity=2584)
Product(id=2575, name=Product 2575, price=26750.0, quantity=2585)
Product(id=2576, name=Product 2576, price=26760.0, quantity=2586)
Product(id=2577, name=Product 2577, price=26770.0, quantity=2587)
Product(id=2578, name=Product 2578, price=26780.0, quantity=2588)
Product(id=2579, name=Product 2579, price=26790.0, quantity=2589)
Product(id=2580, name=Product 2580, price=26800.0, quantity=2590)
Product(id=2581, name=Product 2581, price=26810.0, quantity=2591)
Product(id=2582, name=Product 2582, price=26820.0, quantity=2592)
Product(id=2583, name=Product 2583, price=26830.0, quantity=2593)
Product(id=2584, name=Product 2584, price=26840.0, quantity=2594)
Product(id=2585, name=Product 2585, price=26850.0, quantity=2595)
Product(id=2586, name=Product 2586, price=26860.0, quantity=2596)
Product(id=2587, name=Product 2587, price=26870.0, quantity=2597)
Product(id=2588, name=Product 2588, price=26880.0, quantity=2598)
Product(id=2589, name=Product 2589, price=26890.0, quantity=2599)
Product(id=2590, name=Product 2590, price=26900.0, quantity=2600)
Product(id=2591, name=Product 2591, price=26910.0, quantity=2601)
Product(id=2592, name=Product 2592, price=26920.0, quantity=2602)
Product(id=2593, name=Product 2593, price=26930.0, quantity=2603)
Product(id=2594, name=Product 2594, price=26940.0, quantity=2604)
Product(id=2595, name=Product 2595, price=26950.0, quantity=2605)
Product(id=2596, name=Product 2596, price=26960.0, quantity=2606)
Product(id=2597, name=Product 2597, price=26970.0, quantity=2607)
Product(id=2598, name=Product 2598, price=26980.0, quantity=2608)
Product(id=2599, name=Product 2599, price=26990.0, quantity=2609)
Product(id=2600, name=Product 2600, price=27000.0, quantity=2610)
Product(id=2601, name=Product 2601, price=27010.0, quantity=2611)
Product(id=2602, name=Product 2602, price=27020.0, quantity=2612)
Product(id=2603, name=Product 2603, price=27030.0, quantity=2613)
Product(id=2604, name=Product 2604, price=27040.0, quantity=2614)
Product(id=2605, name=Product 2605, price=27050.0, quantity=2615)
Product(id=2606, name=Product 2606, price=27060.0, quantity=2616)
Product(id=2607, name=Product 2607, price=27070.0, quantity=2617)
Product(id=2608, name=Product 2608, price=27080.0, quantity=2618)
Product(id=2609, name=Product 2609, price=27090.0, quantity=2619)
Product(id=2610, name=Product 2610, price=27100.0, quantity=2620)
Product(id=2611, name=Product 2611, price=27110.0, quantity=2621)
Product(id=2612, name=Product 2612, price=27120.0, quantity=2622)
Product(id=2613, name=Product 2613, price=27130.0, quantity=2623)
Product(id=2614, name=Product 2614, price=27140.0, quantity=2624)
Product(id=2615, name=Product 2615, price=27150.0, quantity=2625)
Product(id=2616, name=Product 2616, price=27160.0, quantity=2626)
Product(id=2617, name=Product 2617, price=27170.0, quantity=2627)
Product(id=2618, name=Product 2618, price=27180.0, quantity=2628)
Product(id=2619, name=Product 2619, price=27190.0, quantity=2629)
Product(id=2620, name=Product 2620, price=27200.0, quantity=2630)
Product(id=2621, name=Product 2621, price=27210.0, quantity=2631)
Product(id=2622, name=Product 2622, price=27220.0, quantity=2632)
Product(id=2623, name=Product 2623, price=27230.0, quantity=2633)
Product(id=2624, name=Product 2624, price=27240.0, quantity=2634)
Product(id=2625, name=Product 2625, price=27250.0, quantity=2635)
Product(id=2626, name=Product 2626, price=27260.0, quantity=2636)
Product(id=2627, name=Product 2627, price=27270.0, quantity=2637)
Product(id=2628, name=Product 2628, price=27280.0, quantity=2638)
Product(id=2629, name=Product 2629, price=27290.0, quantity=2639)
Product(id=2630, name=Product 2630, price=27300.0, quantity=2640)
Product(id=2631, name=Product 2631, price=27310.0, quantity=2641)
Product(id=2632, name=Product 2632, price=27320.0, quantity=2642)
Product(id=2633, name=Product 2633, price=27330.0, quantity=2643)
Product(id=2634, name=Product 2634, price=27340.0, quantity=2644)
Product(id=2635, name=Product 2635, price=27350.0, quantity=2645)
Product(id=2636, name=Product 2636, price=27360.0, quantity=2646)
Product(id=2637, name=Product 2637, price=27370.0, quantity=2647)
Product(id=2638, name=Product 2638, price=27380.0, quantity=2648)
Product(id=2639, name=Product 2639, price=27390.0, quantity=2649)
Product(id=2640, name=Product 2640, price=27400.0, quantity=2650)
Product(id=2641, name=Product 2641, price=27410.0, quantity=2651)
Product(id=2642, name=Product 2642, price=27420.0, quantity=2652)
Product(id=2643, name=Product 2643, price=27430.0, quantity=2653)
Product(id=2644, name=Product 2644, price=27440.0, quantity=2654)
Product(id=2645, name=Product 2645, price=27450.0, quantity=2655)
Product(id=2646, name=Product 2646, price=27460.0, quantity=2656)
Product(id=2647, name=Product 2647, price=27470.0, quantity=2657)
Product(id=2648, name=Product 2648, price=27480.0, quantity=2658)
Product(id=2649, name=Product 2649, price=27490.0, quantity=2659)
Product(id=2650, name=Product 2650, price=27500.0, quantity=2660)
Product(id=2651, name=Product 2651, price=27510.0, quantity=2661)
Product(id=2652, name=Product 2652, price=27520.0, quantity=2662)
Product(id=2653, name=Product 2653, price=27530.0, quantity=2663)
Product(id=2654, name=Product 2654, price=27540.0, quantity=2664)
Product(id=2655, name=Product 2655, price=27550.0, quantity=2665)
Product(id=2656, name=Product 2656, price=27560.0, quantity=2666)
Product(id=2657, name=Product 2657, price=27570.0, quantity=2667)
Product(id=2658, name=Product 2658, price=27580.0, quantity=2668)
Product(id=2659, name=Product 2659, price=27590.0, quantity=2669)
Product(id=2660, name=Product 2660, price=27600.0, quantity=2670)
Product(id=2661, name=Product 2661, price=27610.0, quantity=2671)
Product(id=2662, name=Product 2662, price=27620.0, quantity=2672)
Product(id=2663, name=Product 2663, price=27630.0, quantity=2673)
Product(id=2664, name=Product 2664, price=27640.0, quantity=2674)
Product(id=2665, name=Product 2665, price=27650.0, quantity=2675)
Product(id=2666, name=Product 2666, price=27660.0, quantity=2676)
Product(id=2667, name=Product 2667, price=27670.0, quantity=2677)
Product(id=2668, name=Product 2668, price=27680.0, quantity=2678)
Product(id=2669, name=Product 2669, price=27690.0, quantity=2679)
Product(id=2670, name=Product 2670, price=27700.0, quantity=2680)
Product(id=2671, name=Product 2671, price=27710.0, quantity=2681)
Product(id=2672, name=Product 2672, price=27720.0, quantity=2682)
Product(id=2673, name=Product 2673, price=27730.0, quantity=2683)
Product(id=2674, name=Product 2674, price=27740.0, quantity=2684)
Product(id=2675, name=Product 2675, price=27750.0, quantity=2685)
Product(id=2676, name=Product 2676, price=27760.0, quantity=2686)
Product(id=2677, name=Product 2677, price=27770.0, quantity=2687)
Product(id=2678, name=Product 2678, price=27780.0, quantity=2688)
Product(id=2679, name=Product 2679, price=27790.0, quantity=2689)
Product(id=2680, name=Product 2680, price=27800.0, quantity=2690)
Product(id=2681, name=Product 2681, price=27810.0, quantity=2691)
Product(id=2682, name=Product 2682, price=27820.0, quantity=2692)
Product(id=2683, name=Product 2683, price=27830.0, quantity=2693)
Product(id=2684, name=Product 2684, price=27840.0, quantity=2694)
Product(id=2685, name=Product 2685, price=27850.0, quantity=2695)
Product(id=2686, name=Product 2686, price=27860.0, quantity=2696)
Product(id=2687, name=Product 2687, price=27870.0, quantity=2697)
Product(id=2688, name=Product 2688, price=27880.0, quantity=2698)
Product(id=2689, name=Product 2689, price=27890.0, quantity=2699)
Product(id=2690, name=Product 2690, price=27900.0, quantity=2700)
Product(id=2691, name=Product 2691, price=27910.0, quantity=2701)
Product(id=2692, name=Product 2692, price=27920.0, quantity=2702)
Product(id=2693, name=Product 2693, price=27930.0, quantity=2703)
Product(id=2694, name=Product 2694, price=27940.0, quantity=2704)
Product(id=2695, name=Product 2695, price=27950.0, quantity=2705)
Product(id=2696, name=Product 2696, price=27960.0, quantity=2706)
Product(id=2697, name=Product 2697, price=27970.0, quantity=2707)
Product(id=2698, name=Product 2698, price=27980.0, quantity=2708)
Product(id=2699, name=Product 2699, price=27990.0, quantity=2709)
Product(id=2700, name=Product 2700, price=28000.0, quantity=2710)
Product(id=2701, name=Product 2701, price=28010.0, quantity=2711)
Product(id=2702, name=Product 2702, price=28020.0, quantity=2712)
Product(id=2703, name=Product 2703, price=28030.0, quantity=2713)
Product(id=2704, name=Product 2704, price=28040.0, quantity=2714)
Product(id=2705, name=Product 2705, price=28050.0, quantity=2715)
Product(id=2706, name=Product 2706, price=28060.0, quantity=2716)
Product(id=2707, name=Product 2707, price=28070.0, quantity=2717)
Product(id=2708, name=Product 2708, price=28080.0, quantity=2718)
Product(id=2709, name=Product 2709, price=28090.0, quantity=2719)
Product(id=2710, name=Product 2710, price=28100.0, quantity=2720)
Product(id=2711, name=Product 2711, price=28110.0, quantity=2721)
Product(id=2712, name=Product 2712, price=28120.0, quantity=2722)
Product(id=2713, name=Product 2713, price=28130.0, quantity=2723)
Product(id=2714, name=Product 2714, price=28140.0, quantity=2724)
Product(id=2715, name=Product 2715, price=28150.0, quantity=2725)
Product(id=2716, name=Product 2716, price=28160.0, quantity=2726)
Product(id=2717, name=Product 2717, price=28170.0, quantity=2727)
Product(id=2718, name=Product 2718, price=28180.0, quantity=2728)
Product(id=2719, name=Product 2719, price=28190.0, quantity=2729)
Product(id=2720, name=Product 2720, price=28200.0, quantity=2730)
Product(id=2721, name=Product 2721, price=28210.0, quantity=2731)
Product(id=2722, name=Product 2722, price=28220.0, quantity=2732)
Product(id=2723, name=Product 2723, price=28230.0, quantity=2733)
Product(id=2724, name=Product 2724, price=28240.0, quantity=2734)
Product(id=2725, name=Product 2725, price=28250.0, quantity=2735)
Product(id=2726, name=Product 2726, price=28260.0, quantity=2736)
Product(id=2727, name=Product 2727, price=28270.0, quantity=2737)
Product(id=2728, name=Product 2728, price=28280.0, quantity=2738)
Product(id=2729, name=Product 2729, price=28290.0, quantity=2739)
Product(id=2730, name=Product 2730, price=28300.0, quantity=2740)
Product(id=2731, name=Product 2731, price=28310.0, quantity=2741)
Product(id=2732, name=Product 2732, price=28320.0, quantity=2742)
Product(id=2733, name=Product 2733, price=28330.0, quantity=2743)
Product(id=2734, name=Product 2734, price=28340.0, quantity=2744)
Product(id=2735, name=Product 2735, price=28350.0, quantity=2745)
Product(id=2736, name=Product 2736, price=28360.0, quantity=2746)
Product(id=2737, name=Product 2737, price=28370.0, quantity=2747)
Product(id=2738, name=Product 2738, price=28380.0, quantity=2748)
Product(id=2739, name=Product 2739, price=28390.0, quantity=2749)
Product(id=2740, name=Product 2740, price=28400.0, quantity=2750)
Product(id=2741, name=Product 2741, price=28410.0, quantity=2751)
Product(id=2742, name=Product 2742, price=28420.0, quantity=2752)
Product(id=2743, name=Product 2743, price=28430.0, quantity=2753)
Product(id=2744, name=Product 2744, price=28440.0, quantity=2754)
Product(id=2745, name=Product 2745, price=28450.0, quantity=2755)
Product(id=2746, name=Product 2746, price=28460.0, quantity=2756)
Product(id=2747, name=Product 2747, price=28470.0, quantity=2757)
Product(id=2748, name=Product 2748, price=28480.0, quantity=2758)
Product(id=2749, name=Product 2749, price=28490.0, quantity=2759)
Product(id=2750, name=Product 2750, price=28500.0, quantity=2760)
Product(id=2751, name=Product 2751, price=28510.0, quantity=2761)
Product(id=2752, name=Product 2752, price=28520.0, quantity=2762)
Product(id=2753, name=Product 2753, price=28530.0, quantity=2763)
Product(id=2754, name=Product 2754, price=28540.0, quantity=2764)
Product(id=2755, name=Product 2755, price=28550.0, quantity=2765)
Product(id=2756, name=Product 2756, price=28560.0, quantity=2766)
Product(id=2757, name=Product 2757, price=28570.0, quantity=2767)
Product(id=2758, name=Product 2758, price=28580.0, quantity=2768)
Product(id=2759, name=Product 2759, price=28590.0, quantity=2769)
Product(id=2760, name=Product 2760, price=28600.0, quantity=2770)
Product(id=2761, name=Product 2761, price=28610.0, quantity=2771)
Product(id=2762, name=Product 2762, price=28620.0, quantity=2772)
Product(id=2763, name=Product 2763, price=28630.0, quantity=2773)
Product(id=2764, name=Product 2764, price=28640.0, quantity=2774)
Product(id=2765, name=Product 2765, price=28650.0, quantity=2775)
Product(id=2766, name=Product 2766, price=28660.0, quantity=2776)
Product(id=2767, name=Product 2767, price=28670.0, quantity=2777)
Product(id=2768, name=Product 2768, price=28680.0, quantity=2778)
Product(id=2769, name=Product 2769, price=28690.0, quantity=2779)
Product(id=2770, name=Product 2770, price=28700.0, quantity=2780)
Product(id=2771, name=Product 2771, price=28710.0, quantity=2781)
Product(id=2772, name=Product 2772, price=28720.0, quantity=2782)
Product(id=2773, name=Product 2773, price=28730.0, quantity=2783)
Product(id=2774, name=Product 2774, price=28740.0, quantity=2784)
Product(id=2775, name=Product 2775, price=28750.0, quantity=2785)
Product(id=2776, name=Product 2776, price=28760.0, quantity=2786)
Product(id=2777, name=Product 2777, price=28770.0, quantity=2787)
Product(id=2778, name=Product 2778, price=28780.0, quantity=2788)
Product(id=2779, name=Product 2779, price=28790.0, quantity=2789)
Product(id=2780, name=Product 2780, price=28800.0, quantity=2790)
Product(id=2781, name=Product 2781, price=28810.0, quantity=2791)
Product(id=2782, name=Product 2782, price=28820.0, quantity=2792)
Product(id=2783, name=Product 2783, price=28830.0, quantity=2793)
Product(id=2784, name=Product 2784, price=28840.0, quantity=2794)
Product(id=2785, name=Product 2785, price=28850.0, quantity=2795)
Product(id=2786, name=Product 2786, price=28860.0, quantity=2796)
Product(id=2787, name=Product 2787, price=28870.0, quantity=2797)
Product(id=2788, name=Product 2788, price=28880.0, quantity=2798)
Product(id=2789, name=Product 2789, price=28890.0, quantity=2799)
Product(id=2790, name=Product 2790, price=28900.0, quantity=2800)
Product(id=2791, name=Product 2791, price=28910.0, quantity=2801)
Product(id=2792, name=Product 2792, price=28920.0, quantity=2802)
Product(id=2793, name=Product 2793, price=28930.0, quantity=2803)
Product(id=2794, name=Product 2794, price=28940.0, quantity=2804)
Product(id=2795, name=Product 2795, price=28950.0, quantity=2805)
Product(id=2796, name=Product 2796, price=28960.0, quantity=2806)
Product(id=2797, name=Product 2797, price=28970.0, quantity=2807)
Product(id=2798, name=Product 2798, price=28980.0, quantity=2808)
Product(id=2799, name=Product 2799, price=28990.0, quantity=2809)
Product(id=2800, name=Product 2800, price=29000.0, quantity=2810)
Product(id=2801, name=Product 2801, price=29010.0, quantity=2811)
Product(id=2802, name=Product 2802, price=29020.0, quantity=2812)
Product(id=2803, name=Product 2803, price=29030.0, quantity=2813)
Product(id=2804, name=Product 2804, price=29040.0, quantity=2814)
Product(id=2805, name=Product 2805, price=29050.0, quantity=2815)
Product(id=2806, name=Product 2806, price=29060.0, quantity=2816)
Product(id=2807, name=Product 2807, price=29070.0, quantity=2817)
Product(id=2808, name=Product 2808, price=29080.0, quantity=2818)
Product(id=2809, name=Product 2809, price=29090.0, quantity=2819)
Product(id=2810, name=Product 2810, price=29100.0, quantity=2820)
Product(id=2811, name=Product 2811, price=29110.0, quantity=2821)
Product(id=2812, name=Product 2812, price=29120.0, quantity=2822)
Product(id=2813, name=Product 2813, price=29130.0, quantity=2823)
Product(id=2814, name=Product 2814, price=29140.0, quantity=2824)
Product(id=2815, name=Product 2815, price=29150.0, quantity=2825)
Product(id=2816, name=Product 2816, price=29160.0, quantity=2826)
Product(id=2817, name=Product 2817, price=29170.0, quantity=2827)
Product(id=2818, name=Product 2818, price=29180.0, quantity=2828)
Product(id=2819, name=Product 2819, price=29190.0, quantity=2829)
Product(id=2820, name=Product 2820, price=29200.0, quantity=2830)
Product(id=2821, name=Product 2821, price=29210.0, quantity=2831)
Product(id=2822, name=Product 2822, price=29220.0, quantity=2832)
Product(id=2823, name=Product 2823, price=29230.0, quantity=2833)
Product(id=2824, name=Product 2824, price=29240.0, quantity=2834)
Product(id=2825, name=Product 2825, price=29250.0, quantity=2835)
Product(id=2826, name=Product 2826, price=29260.0, quantity=2836)
Product(id=2827, name=Product 2827, price=29270.0, quantity=2837)
Product(id=2828, name=Product 2828, price=29280.0, quantity=2838)
Product(id=2829, name=Product 2829, price=29290.0, quantity=2839)
Product(id=2830, name=Product 2830, price=29300.0, quantity=2840)
Product(id=2831, name=Product 2831, price=29310.0, quantity=2841)
Product(id=2832, name=Product 2832, price=29320.0, quantity=2842)
Product(id=2833, name=Product 2833, price=29330.0, quantity=2843)
Product(id=2834, name=Product 2834, price=29340.0, quantity=2844)
Product(id=2835, name=Product 2835, price=29350.0, quantity=2845)
Product(id=2836, name=Product 2836, price=29360.0, quantity=2846)
Product(id=2837, name=Product 2837, price=29370.0, quantity=2847)
Product(id=2838, name=Product 2838, price=29380.0, quantity=2848)
Product(id=2839, name=Product 2839, price=29390.0, quantity=2849)
Product(id=2840, name=Product 2840, price=29400.0, quantity=2850)
Product(id=2841, name=Product 2841, price=29410.0, quantity=2851)
Product(id=2842, name=Product 2842, price=29420.0, quantity=2852)
Product(id=2843, name=Product 2843, price=29430.0, quantity=2853)
Product(id=2844, name=Product 2844, price=29440.0, quantity=2854)
Product(id=2845, name=Product 2845, price=29450.0, quantity=2855)
Product(id=2846, name=Product 2846, price=29460.0, quantity=2856)
Product(id=2847, name=Product 2847, price=29470.0, quantity=2857)
Product(id=2848, name=Product 2848, price=29480.0, quantity=2858)
Product(id=2849, name=Product 2849, price=29490.0, quantity=2859)
Product(id=2850, name=Product 2850, price=29500.0, quantity=2860)
Product(id=2851, name=Product 2851, price=29510.0, quantity=2861)
Product(id=2852, name=Product 2852, price=29520.0, quantity=2862)
Product(id=2853, name=Product 2853, price=29530.0, quantity=2863)
Product(id=2854, name=Product 2854, price=29540.0, quantity=2864)
Product(id=2855, name=Product 2855, price=29550.0, quantity=2865)
Product(id=2856, name=Product 2856, price=29560.0, quantity=2866)
Product(id=2857, name=Product 2857, price=29570.0, quantity=2867)
Product(id=2858, name=Product 2858, price=29580.0, quantity=2868)
Product(id=2859, name=Product 2859, price=29590.0, quantity=2869)
Product(id=2860, name=Product 2860, price=29600.0, quantity=2870)
Product(id=2861, name=Product 2861, price=29610.0, quantity=2871)
Product(id=2862, name=Product 2862, price=29620.0, quantity=2872)
Product(id=2863, name=Product 2863, price=29630.0, quantity=2873)
Product(id=2864, name=Product 2864, price=29640.0, quantity=2874)
Product(id=2865, name=Product 2865, price=29650.0, quantity=2875)
Product(id=2866, name=Product 2866, price=29660.0, quantity=2876)
Product(id=2867, name=Product 2867, price=29670.0, quantity=2877)
Product(id=2868, name=Product 2868, price=29680.0, quantity=2878)
Product(id=2869, name=Product 2869, price=29690.0, quantity=2879)
Product(id=2870, name=Product 2870, price=29700.0, quantity=2880)
Product(id=2871, name=Product 2871, price=29710.0, quantity=2881)
Product(id=2872, name=Product 2872, price=29720.0, quantity=2882)
Product(id=2873, name=Product 2873, price=29730.0, quantity=2883)
Product(id=2874, name=Product 2874, price=29740.0, quantity=2884)
Product(id=2875, name=Product 2875, price=29750.0, quantity=2885)
Product(id=2876, name=Product 2876, price=29760.0, quantity=2886)
Product(id=2877, name=Product 2877, price=29770.0, quantity=2887)
Product(id=2878, name=Product 2878, price=29780.0, quantity=2888)
Product(id=2879, name=Product 2879, price=29790.0, quantity=2889)
Product(id=2880, name=Product 2880, price=29800.0, quantity=2890)
Product(id=2881, name=Product 2881, price=29810.0, quantity=2891)
Product(id=2882, name=Product 2882, price=29820.0, quantity=2892)
Product(id=2883, name=Product 2883, price=29830.0, quantity=2893)
Product(id=2884, name=Product 2884, price=29840.0, quantity=2894)
Product(id=2885, name=Product 2885, price=29850.0, quantity=2895)
Product(id=2886, name=Product 2886, price=29860.0, quantity=2896)
Product(id=2887, name=Product 2887, price=29870.0, quantity=2897)
Product(id=2888, name=Product 2888, price=29880.0, quantity=2898)
Product(id=2889, name=Product 2889, price=29890.0, quantity=2899)
Product(id=2890, name=Product 2890, price=29900.0, quantity=2900)
Product(id=2891, name=Product 2891, price=29910.0, quantity=2901)
Product(id=2892, name=Product 2892, price=29920.0, quantity=2902)
Product(id=2893, name=Product 2893, price=29930.0, quantity=2903)
Product(id=2894, name=Product 2894, price=29940.0, quantity=2904)
Product(id=2895, name=Product 2895, price=29950.0, quantity=2905)
Product(id=2896, name=Product 2896, price=29960.0, quantity=2906)
Product(id=2897, name=Product 2897, price=29970.0, quantity=2907)
Product(id=2898, name=Product 2898, price=29980.0, quantity=2908)
Product(id=2899, name=Product 2899, price=29990.0, quantity=2909)
Product(id=2900, name=Product 2900, price=30000.0, quantity=2910)
Product(id=2901, name=Product 2901, price=30010.0, quantity=2911)
Product(id=2902, name=Product 2902, price=30020.0, quantity=2912)
Product(id=2903, name=Product 2903, price=30030.0, quantity=2913)
Product(id=2904, name=Product 2904, price=30040.0, quantity=2914)
Product(id=2905, name=Product 2905, price=30050.0, quantity=2915)
Product(id=2906, name=Product 2906, price=30060.0, quantity=2916)
Product(id=2907, name=Product 2907, price=30070.0, quantity=2917)
Product(id=2908, name=Product 2908, price=30080.0, quantity=2918)
Product(id=2909, name=Product 2909, price=30090.0, quantity=2919)
Product(id=2910, name=Product 2910, price=30100.0, quantity=2920)
Product(id=2911, name=Product 2911, price=30110.0, quantity=2921)
Product(id=2912, name=Product 2912, price=30120.0, quantity=2922)
Product(id=2913, name=Product 2913, price=30130.0, quantity=2923)
Product(id=2914, name=Product 2914, price=30140.0, quantity=2924)
Product(id=2915, name=Product 2915, price=30150.0, quantity=2925)
Product(id=2916, name=Product 2916, price=30160.0, quantity=2926)
Product(id=2917, name=Product 2917, price=30170.0, quantity=2927)
Product(id=2918, name=Product 2918, price=30180.0, quantity=2928)
Product(id=2919, name=Product 2919, price=30190.0, quantity=2929)
Product(id=2920, name=Product 2920, price=30200.0, quantity=2930)
Product(id=2921, name=Product 2921, price=30210.0, quantity=2931)
Product(id=2922, name=Product 2922, price=30220.0, quantity=2932)
Product(id=2923, name=Product 2923, price=30230.0, quantity=2933)
Product(id=2924, name=Product 2924, price=30240.0, quantity=2934)
Product(id=2925, name=Product 2925, price=30250.0, quantity=2935)
Product(id=2926, name=Product 2926, price=30260.0, quantity=2936)
Product(id=2927, name=Product 2927, price=30270.0, quantity=2937)
Product(id=2928, name=Product 2928, price=30280.0, quantity=2938)
Product(id=2929, name=Product 2929, price=30290.0, quantity=2939)
Product(id=2930, name=Product 2930, price=30300.0, quantity=2940)
Product(id=2931, name=Product 2931, price=30310.0, quantity=2941)
Product(id=2932, name=Product 2932, price=30320.0, quantity=2942)
Product(id=2933, name=Product 2933, price=30330.0, quantity=2943)
Product(id=2934, name=Product 2934, price=30340.0, quantity=2944)
Product(id=2935, name=Product 2935, price=30350.0, quantity=2945)
Product(id=2936, name=Product 2936, price=30360.0, quantity=2946)
Product(id=2937, name=Product 2937, price=30370.0, quantity=2947)
Product(id=2938, name=Product 2938, price=30380.0, quantity=2948)
Product(id=2939, name=Product 2939, price=30390.0, quantity=2949)
Product(id=2940, name=Product 2940, price=30400.0, quantity=2950)
Product(id=2941, name=Product 2941, price=30410.0, quantity=2951)
Product(id=2942, name=Product 2942, price=30420.0, quantity=2952)
Product(id=2943, name=Product 2943, price=30430.0, quantity=2953)
Product(id=2944, name=Product 2944, price=30440.0, quantity=2954)
Product(id=2945, name=Product 2945, price=30450.0, quantity=2955)
Product(id=2946, name=Product 2946, price=30460.0, quantity=2956)
Product(id=2947, name=Product 2947, price=30470.0, quantity=2957)
Product(id=2948, name=Product 2948, price=30480.0, quantity=2958)
Product(id=2949, name=Product 2949, price=30490.0, quantity=2959)
Product(id=2950, name=Product 2950, price=30500.0, quantity=2960)
Product(id=2951, name=Product 2951, price=30510.0, quantity=2961)
Product(id=2952, name=Product 2952, price=30520.0, quantity=2962)
Product(id=2953, name=Product 2953, price=30530.0, quantity=2963)
Product(id=2954, name=Product 2954, price=30540.0, quantity=2964)
Product(id=2955, name=Product 2955, price=30550.0, quantity=2965)
Product(id=2956, name=Product 2956, price=30560.0, quantity=2966)
Product(id=2957, name=Product 2957, price=30570.0, quantity=2967)
Product(id=2958, name=Product 2958, price=30580.0, quantity=2968)
Product(id=2959, name=Product 2959, price=30590.0, quantity=2969)
Product(id=2960, name=Product 2960, price=30600.0, quantity=2970)
Product(id=2961, name=Product 2961, price=30610.0, quantity=2971)
Product(id=2962, name=Product 2962, price=30620.0, quantity=2972)
Product(id=2963, name=Product 2963, price=30630.0, quantity=2973)
Product(id=2964, name=Product 2964, price=30640.0, quantity=2974)
Product(id=2965, name=Product 2965, price=30650.0, quantity=2975)
Product(id=2966, name=Product 2966, price=30660.0, quantity=2976)
Product(id=2967, name=Product 2967, price=30670.0, quantity=2977)
Product(id=2968, name=Product 2968, price=30680.0, quantity=2978)
Product(id=2969, name=Product 2969, price=30690.0, quantity=2979)
Product(id=2970, name=Product 2970, price=30700.0, quantity=2980)
Product(id=2971, name=Product 2971, price=30710.0, quantity=2981)
Product(id=2972, name=Product 2972, price=30720.0, quantity=2982)
Product(id=2973, name=Product 2973, price=30730.0, quantity=2983)
Product(id=2974, name=Product 2974, price=30740.0, quantity=2984)
Product(id=2975, name=Product 2975, price=30750.0, quantity=2985)
Product(id=2976, name=Product 2976, price=30760.0, quantity=2986)
Product(id=2977, name=Product 2977, price=30770.0, quantity=2987)
Product(id=2978, name=Product 2978, price=30780.0, quantity=2988)
Product(id=2979, name=Product 2979, price=30790.0, quantity=2989)
Product(id=2980, name=Product 2980, price=30800.0, quantity=2990)
Product(id=2981, name=Product 2981, price=30810.0, quantity=2991)
Product(id=2982, name=Product 2982, price=30820.0, quantity=2992)
Product(id=2983, name=Product 2983, price=30830.0, quantity=2993)
Product(id=2984, name=Product 2984, price=30840.0, quantity=2994)
Product(id=2985, name=Product 2985, price=30850.0, quantity=2995)
Product(id=2986, name=Product 2986, price=30860.0, quantity=2996)
Product(id=2987, name=Product 2987, price=30870.0, quantity=2997)
Product(id=2988, name=Product 2988, price=30880.0, quantity=2998)
Product(id=2989, name=Product 2989, price=30890.0, quantity=2999)
Product(id=2990, name=Product 2990, price=30900.0, quantity=3000)
Product(id=2991, name=Product 2991, price=30910.0, quantity=3001)
Product(id=2992, name=Product 2992, price=30920.0, quantity=3002)
Product(id=2993, name=Product 2993, price=30930.0, quantity=3003)
Product(id=2994, name=Product 2994, price=30940.0, quantity=3004)
Product(id=2995, name=Product 2995, price=30950.0, quantity=3005)
Product(id=2996, name=Product 2996, price=30960.0, quantity=3006)
Product(id=2997, name=Product 2997, price=30970.0, quantity=3007)
Product(id=2998, name=Product 2998, price=30980.0, quantity=3008)
Product(id=2999, name=Product 2999, price=30990.0, quantity=3009)
Product(id=3000, name=Product 3000, price=31000.0, quantity=3010)
Product(id=3001, name=Product 3001, price=31010.0, quantity=3011)
Product(id=3002, name=Product 3002, price=31020.0, quantity=3012)
Product(id=3003, name=Product 3003, price=31030.0, quantity=3013)
Product(id=3004, name=Product 3004, price=31040.0, quantity=3014)
Product(id=3005, name=Product 3005, price=31050.0, quantity=3015)
Product(id=3006, name=Product 3006, price=31060.0, quantity=3016)
Product(id=3007, name=Product 3007, price=31070.0, quantity=3017)
Product(id=3008, name=Product 3008, price=31080.0, quantity=3018)
Product(id=3009, name=Product 3009, price=31090.0, quantity=3019)
Product(id=3010, name=Product 3010, price=31100.0, quantity=3020)
Product(id=3011, name=Product 3011, price=31110.0, quantity=3021)
Product(id=3012, name=Product 3012, price=31120.0, quantity=3022)
Product(id=3013, name=Product 3013, price=31130.0, quantity=3023)
Product(id=3014, name=Product 3014, price=31140.0, quantity=3024)
Product(id=3015, name=Product 3015, price=31150.0, quantity=3025)
Product(id=3016, name=Product 3016, price=31160.0, quantity=3026)
Product(id=3017, name=Product 3017, price=31170.0, quantity=3027)
Product(id=3018, name=Product 3018, price=31180.0, quantity=3028)
Product(id=3019, name=Product 3019, price=31190.0, quantity=3029)
Product(id=3020, name=Product 3020, price=31200.0, quantity=3030)
Product(id=3021, name=Product 3021, price=31210.0, quantity=3031)
Product(id=3022, name=Product 3022, price=31220.0, quantity=3032)
Product(id=3023, name=Product 3023, price=31230.0, quantity=3033)
Product(id=3024, name=Product 3024, price=31240.0, quantity=3034)
Product(id=3025, name=Product 3025, price=31250.0, quantity=3035)
Product(id=3026, name=Product 3026, price=31260.0, quantity=3036)
Product(id=3027, name=Product 3027, price=31270.0, quantity=3037)
Product(id=3028, name=Product 3028, price=31280.0, quantity=3038)
Product(id=3029, name=Product 3029, price=31290.0, quantity=3039)
Product(id=3030, name=Product 3030, price=31300.0, quantity=3040)
Product(id=3031, name=Product 3031, price=31310.0, quantity=3041)
Product(id=3032, name=Product 3032, price=31320.0, quantity=3042)
Product(id=3033, name=Product 3033, price=31330.0, quantity=3043)
Product(id=3034, name=Product 3034, price=31340.0, quantity=3044)
Product(id=3035, name=Product 3035, price=31350.0, quantity=3045)
Product(id=3036, name=Product 3036, price=31360.0, quantity=3046)
Product(id=3037, name=Product 3037, price=31370.0, quantity=3047)
Product(id=3038, name=Product 3038, price=31380.0, quantity=3048)
Product(id=3039, name=Product 3039, price=31390.0, quantity=3049)
Product(id=3040, name=Product 3040, price=31400.0, quantity=3050)
Product(id=3041, name=Product 3041, price=31410.0, quantity=3051)
Product(id=3042, name=Product 3042, price=31420.0, quantity=3052)
Product(id=3043, name=Product 3043, price=31430.0, quantity=3053)
Product(id=3044, name=Product 3044, price=31440.0, quantity=3054)
Product(id=3045, name=Product 3045, price=31450.0, quantity=3055)
Product(id=3046, name=Product 3046, price=31460.0, quantity=3056)
Product(id=3047, name=Product 3047, price=31470.0, quantity=3057)
Product(id=3048, name=Product 3048, price=31480.0, quantity=3058)
Product(id=3049, name=Product 3049, price=31490.0, quantity=3059)
Product(id=3050, name=Product 3050, price=31500.0, quantity=3060)
Product(id=3051, name=Product 3051, price=31510.0, quantity=3061)
Product(id=3052, name=Product 3052, price=31520.0, quantity=3062)
Product(id=3053, name=Product 3053, price=31530.0, quantity=3063)
Product(id=3054, name=Product 3054, price=31540.0, quantity=3064)
Product(id=3055, name=Product 3055, price=31550.0, quantity=3065)
Product(id=3056, name=Product 3056, price=31560.0, quantity=3066)
Product(id=3057, name=Product 3057, price=31570.0, quantity=3067)
Product(id=3058, name=Product 3058, price=31580.0, quantity=3068)
Product(id=3059, name=Product 3059, price=31590.0, quantity=3069)
Product(id=3060, name=Product 3060, price=31600.0, quantity=3070)
Product(id=3061, name=Product 3061, price=31610.0, quantity=3071)
Product(id=3062, name=Product 3062, price=31620.0, quantity=3072)
Product(id=3063, name=Product 3063, price=31630.0, quantity=3073)
Product(id=3064, name=Product 3064, price=31640.0, quantity=3074)
Product(id=3065, name=Product 3065, price=31650.0, quantity=3075)
Product(id=3066, name=Product 3066, price=31660.0, quantity=3076)
Product(id=3067, name=Product 3067, price=31670.0, quantity=3077)
Product(id=3068, name=Product 3068, price=31680.0, quantity=3078)
Product(id=3069, name=Product 3069, price=31690.0, quantity=3079)
Product(id=3070, name=Product 3070, price=31700.0, quantity=3080)
Product(id=3071, name=Product 3071, price=31710.0, quantity=3081)
Product(id=3072, name=Product 3072, price=31720.0, quantity=3082)
Product(id=3073, name=Product 3073, price=31730.0, quantity=3083)
Product(id=3074, name=Product 3074, price=31740.0, quantity=3084)
Product(id=3075, name=Product 3075, price=31750.0, quantity=3085)
Product(id=3076, name=Product 3076, price=31760.0, quantity=3086)
Product(id=3077, name=Product 3077, price=31770.0, quantity=3087)
Product(id=3078, name=Product 3078, price=31780.0, quantity=3088)
Product(id=3079, name=Product 3079, price=31790.0, quantity=3089)
Product(id=3080, name=Product 3080, price=31800.0, quantity=3090)
Product(id=3081, name=Product 3081, price=31810.0, quantity=3091)
Product(id=3082, name=Product 3082, price=31820.0, quantity=3092)
Product(id=3083, name=Product 3083, price=31830.0, quantity=3093)
Product(id=3084, name=Product 3084, price=31840.0, quantity=3094)
Product(id=3085, name=Product 3085, price=31850.0, quantity=3095)
Product(id=3086, name=Product 3086, price=31860.0, quantity=3096)
Product(id=3087, name=Product 3087, price=31870.0, quantity=3097)
Product(id=3088, name=Product 3088, price=31880.0, quantity=3098)
Product(id=3089, name=Product 3089, price=31890.0, quantity=3099)
Product(id=3090, name=Product 3090, price=31900.0, quantity=3100)
Product(id=3091, name=Product 3091, price=31910.0, quantity=3101)
Product(id=3092, name=Product 3092, price=31920.0, quantity=3102)
Product(id=3093, name=Product 3093, price=31930.0, quantity=3103)
Product(id=3094, name=Product 3094, price=31940.0, quantity=3104)
Product(id=3095, name=Product 3095, price=31950.0, quantity=3105)
Product(id=3096, name=Product 3096, price=31960.0, quantity=3106)
Product(id=3097, name=Product 3097, price=31970.0, quantity=3107)
Product(id=3098, name=Product 3098, price=31980.0, quantity=3108)
Product(id=3099, name=Product 3099, price=31990.0, quantity=3109)
Product(id=3100, name=Product 3100, price=32000.0, quantity=3110)
Product(id=3101, name=Product 3101, price=32010.0, quantity=3111)
Product(id=3102, name=Product 3102, price=32020.0, quantity=3112)
Product(id=3103, name=Product 3103, price=32030.0, quantity=3113)
Product(id=3104, name=Product 3104, price=32040.0, quantity=3114)
Product(id=3105, name=Product 3105, price=32050.0, quantity=3115)
Product(id=3106, name=Product 3106, price=32060.0, quantity=3116)
Product(id=3107, name=Product 3107, price=32070.0, quantity=3117)
Product(id=3108, name=Product 3108, price=32080.0, quantity=3118)
Product(id=3109, name=Product 3109, price=32090.0, quantity=3119)
Product(id=3110, name=Product 3110, price=32100.0, quantity=3120)
Product(id=3111, name=Product 3111, price=32110.0, quantity=3121)
Product(id=3112, name=Product 3112, price=32120.0, quantity=3122)
Product(id=3113, name=Product 3113, price=32130.0, quantity=3123)
Product(id=3114, name=Product 3114, price=32140.0, quantity=3124)
Product(id=3115, name=Product 3115, price=32150.0, quantity=3125)
Product(id=3116, name=Product 3116, price=32160.0, quantity=3126)
Product(id=3117, name=Product 3117, price=32170.0, quantity=3127)
Product(id=3118, name=Product 3118, price=32180.0, quantity=3128)
Product(id=3119, name=Product 3119, price=32190.0, quantity=3129)
Product(id=3120, name=Product 3120, price=32200.0, quantity=3130)
Product(id=3121, name=Product 3121, price=32210.0, quantity=3131)
Product(id=3122, name=Product 3122, price=32220.0, quantity=3132)
Product(id=3123, name=Product 3123, price=32230.0, quantity=3133)
Product(id=3124, name=Product 3124, price=32240.0, quantity=3134)
Product(id=3125, name=Product 3125, price=32250.0, quantity=3135)
Product(id=3126, name=Product 3126, price=32260.0, quantity=3136)
Product(id=3127, name=Product 3127, price=32270.0, quantity=3137)
Product(id=3128, name=Product 3128, price=32280.0, quantity=3138)
Product(id=3129, name=Product 3129, price=32290.0, quantity=3139)
Product(id=3130, name=Product 3130, price=32300.0, quantity=3140)
Product(id=3131, name=Product 3131, price=32310.0, quantity=3141)
Product(id=3132, name=Product 3132, price=32320.0, quantity=3142)
Product(id=3133, name=Product 3133, price=32330.0, quantity=3143)
Product(id=3134, name=Product 3134, price=32340.0, quantity=3144)
Product(id=3135, name=Product 3135, price=32350.0, quantity=3145)
Product(id=3136, name=Product 3136, price=32360.0, quantity=3146)
Product(id=3137, name=Product 3137, price=32370.0, quantity=3147)
Product(id=3138, name=Product 3138, price=32380.0, quantity=3148)
Product(id=3139, name=Product 3139, price=32390.0, quantity=3149)
Product(id=3140, name=Product 3140, price=32400.0, quantity=3150)
Product(id=3141, name=Product 3141, price=32410.0, quantity=3151)
Product(id=3142, name=Product 3142, price=32420.0, quantity=3152)
Product(id=3143, name=Product 3143, price=32430.0, quantity=3153)
Product(id=3144, name=Product 3144, price=32440.0, quantity=3154)
Product(id=3145, name=Product 3145, price=32450.0, quantity=3155)
Product(id=3146, name=Product 3146, price=32460.0, quantity=3156)
Product(id=3147, name=Product 3147, price=32470.0, quantity=3157)
Product(id=3148, name=Product 3148, price=32480.0, quantity=3158)
Product(id=3149, name=Product 3149, price=32490.0, quantity=3159)
Product(id=3150, name=Product 3150, price=32500.0, quantity=3160)
Product(id=3151, name=Product 3151, price=32510.0, quantity=3161)
Product(id=3152, name=Product 3152, price=32520.0, quantity=3162)
Product(id=3153, name=Product 3153, price=32530.0, quantity=3163)
Product(id=3154, name=Product 3154, price=32540.0, quantity=3164)
Product(id=3155, name=Product 3155, price=32550.0, quantity=3165)
Product(id=3156, name=Product 3156, price=32560.0, quantity=3166)
Product(id=3157, name=Product 3157, price=32570.0, quantity=3167)
Product(id=3158, name=Product 3158, price=32580.0, quantity=3168)
Product(id=3159, name=Product 3159, price=32590.0, quantity=3169)
Product(id=3160, name=Product 3160, price=32600.0, quantity=3170)
Product(id=3161, name=Product 3161, price=32610.0, quantity=3171)
Product(id=3162, name=Product 3162, price=32620.0, quantity=3172)
Product(id=3163, name=Product 3163, price=32630.0, quantity=3173)
Product(id=3164, name=Product 3164, price=32640.0, quantity=3174)
Product(id=3165, name=Product 3165, price=32650.0, quantity=3175)
Product(id=3166, name=Product 3166, price=32660.0, quantity=3176)
Product(id=3167, name=Product 3167, price=32670.0, quantity=3177)
Product(id=3168, name=Product 3168, price=32680.0, quantity=3178)
Product(id=3169, name=Product 3169, price=32690.0, quantity=3179)
Product(id=3170, name=Product 3170, price=32700.0, quantity=3180)
Product(id=3171, name=Product 3171, price=32710.0, quantity=3181)
Product(id=3172, name=Product 3172, price=32720.0, quantity=3182)
Product(id=3173, name=Product 3173, price=32730.0, quantity=3183)
Product(id=3174, name=Product 3174, price=32740.0, quantity=3184)
Product(id=3175, name=Product 3175, price=32750.0, quantity=3185)
Product(id=3176, name=Product 3176, price=32760.0, quantity=3186)
Product(id=3177, name=Product 3177, price=32770.0, quantity=3187)
Product(id=3178, name=Product 3178, price=32780.0, quantity=3188)
Product(id=3179, name=Product 3179, price=32790.0, quantity=3189)
Product(id=3180, name=Product 3180, price=32800.0, quantity=3190)
Product(id=3181, name=Product 3181, price=32810.0, quantity=3191)
Product(id=3182, name=Product 3182, price=32820.0, quantity=3192)
Product(id=3183, name=Product 3183, price=32830.0, quantity=3193)
Product(id=3184, name=Product 3184, price=32840.0, quantity=3194)
Product(id=3185, name=Product 3185, price=32850.0, quantity=3195)
Product(id=3186, name=Product 3186, price=32860.0, quantity=3196)
Product(id=3187, name=Product 3187, price=32870.0, quantity=3197)
Product(id=3188, name=Product 3188, price=32880.0, quantity=3198)
Product(id=3189, name=Product 3189, price=32890.0, quantity=3199)
Product(id=3190, name=Product 3190, price=32900.0, quantity=3200)
Product(id=3191, name=Product 3191, price=32910.0, quantity=3201)
Product(id=3192, name=Product 3192, price=32920.0, quantity=3202)
Product(id=3193, name=Product 3193, price=32930.0, quantity=3203)
Product(id=3194, name=Product 3194, price=32940.0, quantity=3204)
Product(id=3195, name=Product 3195, price=32950.0, quantity=3205)
Product(id=3196, name=Product 3196, price=32960.0, quantity=3206)
Product(id=3197, name=Product 3197, price=32970.0, quantity=3207)
Product(id=3198, name=Product 3198, price=32980.0, quantity=3208)
Product(id=3199, name=Product 3199, price=32990.0, quantity=3209)
Product(id=3200, name=Product 3200, price=33000.0, quantity=3210)
Product(id=3201, name=Product 3201, price=33010.0, quantity=3211)
Product(id=3202, name=Product 3202, price=33020.0, quantity=3212)
Product(id=3203, name=Product 3203, price=33030.0, quantity=3213)
Product(id=3204, name=Product 3204, price=33040.0, quantity=3214)
Product(id=3205, name=Product 3205, price=33050.0, quantity=3215)
Product(id=3206, name=Product 3206, price=33060.0, quantity=3216)
Product(id=3207, name=Product 3207, price=33070.0, quantity=3217)
Product(id=3208, name=Product 3208, price=33080.0, quantity=3218)
Product(id=3209, name=Product 3209, price=33090.0, quantity=3219)
Product(id=3210, name=Product 3210, price=33100.0, quantity=3220)
Product(id=3211, name=Product 3211, price=33110.0, quantity=3221)
Product(id=3212, name=Product 3212, price=33120.0, quantity=3222)
Product(id=3213, name=Product 3213, price=33130.0, quantity=3223)
Product(id=3214, name=Product 3214, price=33140.0, quantity=3224)
Product(id=3215, name=Product 3215, price=33150.0, quantity=3225)
Product(id=3216, name=Product 3216, price=33160.0, quantity=3226)
Product(id=3217, name=Product 3217, price=33170.0, quantity=3227)
Product(id=3218, name=Product 3218, price=33180.0, quantity=3228)
Product(id=3219, name=Product 3219, price=33190.0, quantity=3229)
Product(id=3220, name=Product 3220, price=33200.0, quantity=3230)
Product(id=3221, name=Product 3221, price=33210.0, quantity=3231)
Product(id=3222, name=Product 3222, price=33220.0, quantity=3232)
Product(id=3223, name=Product 3223, price=33230.0, quantity=3233)
Product(id=3224, name=Product 3224, price=33240.0, quantity=3234)
Product(id=3225, name=Product 3225, price=33250.0, quantity=3235)
Product(id=3226, name=Product 3226, price=33260.0, quantity=3236)
Product(id=3227, name=Product 3227, price=33270.0, quantity=3237)
Product(id=3228, name=Product 3228, price=33280.0, quantity=3238)
Product(id=3229, name=Product 3229, price=33290.0, quantity=3239)
Product(id=3230, name=Product 3230, price=33300.0, quantity=3240)
Product(id=3231, name=Product 3231, price=33310.0, quantity=3241)
Product(id=3232, name=Product 3232, price=33320.0, quantity=3242)
Product(id=3233, name=Product 3233, price=33330.0, quantity=3243)
Product(id=3234, name=Product 3234, price=33340.0, quantity=3244)
Product(id=3235, name=Product 3235, price=33350.0, quantity=3245)
Product(id=3236, name=Product 3236, price=33360.0, quantity=3246)
Product(id=3237, name=Product 3237, price=33370.0, quantity=3247)
Product(id=3238, name=Product 3238, price=33380.0, quantity=3248)
Product(id=3239, name=Product 3239, price=33390.0, quantity=3249)
Product(id=3240, name=Product 3240, price=33400.0, quantity=3250)
Product(id=3241, name=Product 3241, price=33410.0, quantity=3251)
Product(id=3242, name=Product 3242, price=33420.0, quantity=3252)
Product(id=3243, name=Product 3243, price=33430.0, quantity=3253)
Product(id=3244, name=Product 3244, price=33440.0, quantity=3254)
Product(id=3245, name=Product 3245, price=33450.0, quantity=3255)
Product(id=3246, name=Product 3246, price=33460.0, quantity=3256)
Product(id=3247, name=Product 3247, price=33470.0, quantity=3257)
Product(id=3248, name=Product 3248, price=33480.0, quantity=3258)
Product(id=3249, name=Product 3249, price=33490.0, quantity=3259)
Product(id=3250, name=Product 3250, price=33500.0, quantity=3260)
Product(id=3251, name=Product 3251, price=33510.0, quantity=3261)
Product(id=3252, name=Product 3252, price=33520.0, quantity=3262)
Product(id=3253, name=Product 3253, price=33530.0, quantity=3263)
Product(id=3254, name=Product 3254, price=33540.0, quantity=3264)
Product(id=3255, name=Product 3255, price=33550.0, quantity=3265)
Product(id=3256, name=Product 3256, price=33560.0, quantity=3266)
Product(id=3257, name=Product 3257, price=33570.0, quantity=3267)
Product(id=3258, name=Product 3258, price=33580.0, quantity=3268)
Product(id=3259, name=Product 3259, price=33590.0, quantity=3269)
Product(id=3260, name=Product 3260, price=33600.0, quantity=3270)
Product(id=3261, name=Product 3261, price=33610.0, quantity=3271)
Product(id=3262, name=Product 3262, price=33620.0, quantity=3272)
Product(id=3263, name=Product 3263, price=33630.0, quantity=3273)
Product(id=3264, name=Product 3264, price=33640.0, quantity=3274)
Product(id=3265, name=Product 3265, price=33650.0, quantity=3275)
Product(id=3266, name=Product 3266, price=33660.0, quantity=3276)
Product(id=3267, name=Product 3267, price=33670.0, quantity=3277)
Product(id=3268, name=Product 3268, price=33680.0, quantity=3278)
Product(id=3269, name=Product 3269, price=33690.0, quantity=3279)
Product(id=3270, name=Product 3270, price=33700.0, quantity=3280)
Product(id=3271, name=Product 3271, price=33710.0, quantity=3281)
Product(id=3272, name=Product 3272, price=33720.0, quantity=3282)
Product(id=3273, name=Product 3273, price=33730.0, quantity=3283)
Product(id=3274, name=Product 3274, price=33740.0, quantity=3284)
Product(id=3275, name=Product 3275, price=33750.0, quantity=3285)
Product(id=3276, name=Product 3276, price=33760.0, quantity=3286)
Product(id=3277, name=Product 3277, price=33770.0, quantity=3287)
Product(id=3278, name=Product 3278, price=33780.0, quantity=3288)
Product(id=3279, name=Product 3279, price=33790.0, quantity=3289)
Product(id=3280, name=Product 3280, price=33800.0, quantity=3290)
Product(id=3281, name=Product 3281, price=33810.0, quantity=3291)
Product(id=3282, name=Product 3282, price=33820.0, quantity=3292)
Product(id=3283, name=Product 3283, price=33830.0, quantity=3293)
Product(id=3284, name=Product 3284, price=33840.0, quantity=3294)
Product(id=3285, name=Product 3285, price=33850.0, quantity=3295)
Product(id=3286, name=Product 3286, price=33860.0, quantity=3296)
Product(id=3287, name=Product 3287, price=33870.0, quantity=3297)
Product(id=3288, name=Product 3288, price=33880.0, quantity=3298)
Product(id=3289, name=Product 3289, price=33890.0, quantity=3299)
Product(id=3290, name=Product 3290, price=33900.0, quantity=3300)
Product(id=3291, name=Product 3291, price=33910.0, quantity=3301)
Product(id=3292, name=Product 3292, price=33920.0, quantity=3302)
Product(id=3293, name=Product 3293, price=33930.0, quantity=3303)
Product(id=3294, name=Product 3294, price=33940.0, quantity=3304)
Product(id=3295, name=Product 3295, price=33950.0, quantity=3305)
Product(id=3296, name=Product 3296, price=33960.0, quantity=3306)
Product(id=3297, name=Product 3297, price=33970.0, quantity=3307)
Product(id=3298, name=Product 3298, price=33980.0, quantity=3308)
Product(id=3299, name=Product 3299, price=33990.0, quantity=3309)
Product(id=3300, name=Product 3300, price=34000.0, quantity=3310)
Product(id=3301, name=Product 3301, price=34010.0, quantity=3311)
Product(id=3302, name=Product 3302, price=34020.0, quantity=3312)
Product(id=3303, name=Product 3303, price=34030.0, quantity=3313)
Product(id=3304, name=Product 3304, price=34040.0, quantity=3314)
Product(id=3305, name=Product 3305, price=34050.0, quantity=3315)
Product(id=3306, name=Product 3306, price=34060.0, quantity=3316)
Product(id=3307, name=Product 3307, price=34070.0, quantity=3317)
Product(id=3308, name=Product 3308, price=34080.0, quantity=3318)
Product(id=3309, name=Product 3309, price=34090.0, quantity=3319)
Product(id=3310, name=Product 3310, price=34100.0, quantity=3320)
Product(id=3311, name=Product 3311, price=34110.0, quantity=3321)
Product(id=3312, name=Product 3312, price=34120.0, quantity=3322)
Product(id=3313, name=Product 3313, price=34130.0, quantity=3323)
Product(id=3314, name=Product 3314, price=34140.0, quantity=3324)
Product(id=3315, name=Product 3315, price=34150.0, quantity=3325)
Product(id=3316, name=Product 3316, price=34160.0, quantity=3326)
Product(id=3317, name=Product 3317, price=34170.0, quantity=3327)
Product(id=3318, name=Product 3318, price=34180.0, quantity=3328)
Product(id=3319, name=Product 3319, price=34190.0, quantity=3329)
Product(id=3320, name=Product 3320, price=34200.0, quantity=3330)
Product(id=3321, name=Product 3321, price=34210.0, quantity=3331)
Product(id=3322, name=Product 3322, price=34220.0, quantity=3332)
Product(id=3323, name=Product 3323, price=34230.0, quantity=3333)
Product(id=3324, name=Product 3324, price=34240.0, quantity=3334)
Product(id=3325, name=Product 3325, price=34250.0, quantity=3335)
Product(id=3326, name=Product 3326, price=34260.0, quantity=3336)
Product(id=3327, name=Product 3327, price=34270.0, quantity=3337)
Product(id=3328, name=Product 3328, price=34280.0, quantity=3338)
Product(id=3329, name=Product 3329, price=34290.0, quantity=3339)
Product(id=3330, name=Product 3330, price=34300.0, quantity=3340)
Product(id=3331, name=Product 3331, price=34310.0, quantity=3341)
Product(id=3332, name=Product 3332, price=34320.0, quantity=3342)
Product(id=3333, name=Product 3333, price=34330.0, quantity=3343)
Product(id=3334, name=Product 3334, price=34340.0, quantity=3344)
Product(id=3335, name=Product 3335, price=34350.0, quantity=3345)
Product(id=3336, name=Product 3336, price=34360.0, quantity=3346)
Product(id=3337, name=Product 3337, price=34370.0, quantity=3347)
Product(id=3338, name=Product 3338, price=34380.0, quantity=3348)
Product(id=3339, name=Product 3339, price=34390.0, quantity=3349)
Product(id=3340, name=Product 3340, price=34400.0, quantity=3350)
Product(id=3341, name=Product 3341, price=34410.0, quantity=3351)
Product(id=3342, name=Product 3342, price=34420.0, quantity=3352)
Product(id=3343, name=Product 3343, price=34430.0, quantity=3353)
Product(id=3344, name=Product 3344, price=34440.0, quantity=3354)
Product(id=3345, name=Product 3345, price=34450.0, quantity=3355)
Product(id=3346, name=Product 3346, price=34460.0, quantity=3356)
Product(id=3347, name=Product 3347, price=34470.0, quantity=3357)
Product(id=3348, name=Product 3348, price=34480.0, quantity=3358)
Product(id=3349, name=Product 3349, price=34490.0, quantity=3359)
Product(id=3350, name=Product 3350, price=34500.0, quantity=3360)
Product(id=3351, name=Product 3351, price=34510.0, quantity=3361)
Product(id=3352, name=Product 3352, price=34520.0, quantity=3362)
Product(id=3353, name=Product 3353, price=34530.0, quantity=3363)
Product(id=3354, name=Product 3354, price=34540.0, quantity=3364)
Product(id=3355, name=Product 3355, price=34550.0, quantity=3365)
Product(id=3356, name=Product 3356, price=34560.0, quantity=3366)
Product(id=3357, name=Product 3357, price=34570.0, quantity=3367)
Product(id=3358, name=Product 3358, price=34580.0, quantity=3368)
Product(id=3359, name=Product 3359, price=34590.0, quantity=3369)
Product(id=3360, name=Product 3360, price=34600.0, quantity=3370)
Product(id=3361, name=Product 3361, price=34610.0, quantity=3371)
Product(id=3362, name=Product 3362, price=34620.0, quantity=3372)
Product(id=3363, name=Product 3363, price=34630.0, quantity=3373)
Product(id=3364, name=Product 3364, price=34640.0, quantity=3374)
Product(id=3365, name=Product 3365, price=34650.0, quantity=3375)
Product(id=3366, name=Product 3366, price=34660.0, quantity=3376)
Product(id=3367, name=Product 3367, price=34670.0, quantity=3377)
Product(id=3368, name=Product 3368, price=34680.0, quantity=3378)
Product(id=3369, name=Product 3369, price=34690.0, quantity=3379)
Product(id=3370, name=Product 3370, price=34700.0, quantity=3380)
Product(id=3371, name=Product 3371, price=34710.0, quantity=3381)
Product(id=3372, name=Product 3372, price=34720.0, quantity=3382)
Product(id=3373, name=Product 3373, price=34730.0, quantity=3383)
Product(id=3374, name=Product 3374, price=34740.0, quantity=3384)
Product(id=3375, name=Product 3375, price=34750.0, quantity=3385)
Product(id=3376, name=Product 3376, price=34760.0, quantity=3386)
Product(id=3377, name=Product 3377, price=34770.0, quantity=3387)
Product(id=3378, name=Product 3378, price=34780.0, quantity=3388)
Product(id=3379, name=Product 3379, price=34790.0, quantity=3389)
Product(id=3380, name=Product 3380, price=34800.0, quantity=3390)
Product(id=3381, name=Product 3381, price=34810.0, quantity=3391)
Product(id=3382, name=Product 3382, price=34820.0, quantity=3392)
Product(id=3383, name=Product 3383, price=34830.0, quantity=3393)
Product(id=3384, name=Product 3384, price=34840.0, quantity=3394)
Product(id=3385, name=Product 3385, price=34850.0, quantity=3395)
Product(id=3386, name=Product 3386, price=34860.0, quantity=3396)
Product(id=3387, name=Product 3387, price=34870.0, quantity=3397)
Product(id=3388, name=Product 3388, price=34880.0, quantity=3398)
Product(id=3389, name=Product 3389, price=34890.0, quantity=3399)
Product(id=3390, name=Product 3390, price=34900.0, quantity=3400)
Product(id=3391, name=Product 3391, price=34910.0, quantity=3401)
Product(id=3392, name=Product 3392, price=34920.0, quantity=3402)
Product(id=3393, name=Product 3393, price=34930.0, quantity=3403)
Product(id=3394, name=Product 3394, price=34940.0, quantity=3404)
Product(id=3395, name=Product 3395, price=34950.0, quantity=3405)
Product(id=3396, name=Product 3396, price=34960.0, quantity=3406)
Product(id=3397, name=Product 3397, price=34970.0, quantity=3407)
Product(id=3398, name=Product 3398, price=34980.0, quantity=3408)
Product(id=3399, name=Product 3399, price=34990.0, quantity=3409)
Product(id=3400, name=Product 3400, price=35000.0, quantity=3410)
Product(id=3401, name=Product 3401, price=35010.0, quantity=3411)
Product(id=3402, name=Product 3402, price=35020.0, quantity=3412)
Product(id=3403, name=Product 3403, price=35030.0, quantity=3413)
Product(id=3404, name=Product 3404, price=35040.0, quantity=3414)
Product(id=3405, name=Product 3405, price=35050.0, quantity=3415)
Product(id=3406, name=Product 3406, price=35060.0, quantity=3416)
Product(id=3407, name=Product 3407, price=35070.0, quantity=3417)
Product(id=3408, name=Product 3408, price=35080.0, quantity=3418)
Product(id=3409, name=Product 3409, price=35090.0, quantity=3419)
Product(id=3410, name=Product 3410, price=35100.0, quantity=3420)
Product(id=3411, name=Product 3411, price=35110.0, quantity=3421)
Product(id=3412, name=Product 3412, price=35120.0, quantity=3422)
Product(id=3413, name=Product 3413, price=35130.0, quantity=3423)
Product(id=3414, name=Product 3414, price=35140.0, quantity=3424)
Product(id=3415, name=Product 3415, price=35150.0, quantity=3425)
Product(id=3416, name=Product 3416, price=35160.0, quantity=3426)
Product(id=3417, name=Product 3417, price=35170.0, quantity=3427)
Product(id=3418, name=Product 3418, price=35180.0, quantity=3428)
Product(id=3419, name=Product 3419, price=35190.0, quantity=3429)
Product(id=3420, name=Product 3420, price=35200.0, quantity=3430)
Product(id=3421, name=Product 3421, price=35210.0, quantity=3431)
Product(id=3422, name=Product 3422, price=35220.0, quantity=3432)
Product(id=3423, name=Product 3423, price=35230.0, quantity=3433)
Product(id=3424, name=Product 3424, price=35240.0, quantity=3434)
Product(id=3425, name=Product 3425, price=35250.0, quantity=3435)
Product(id=3426, name=Product 3426, price=35260.0, quantity=3436)
Product(id=3427, name=Product 3427, price=35270.0, quantity=3437)
Product(id=3428, name=Product 3428, price=35280.0, quantity=3438)
Product(id=3429, name=Product 3429, price=35290.0, quantity=3439)
Product(id=3430, name=Product 3430, price=35300.0, quantity=3440)
Product(id=3431, name=Product 3431, price=35310.0, quantity=3441)
Product(id=3432, name=Product 3432, price=35320.0, quantity=3442)
Product(id=3433, name=Product 3433, price=35330.0, quantity=3443)
Product(id=3434, name=Product 3434, price=35340.0, quantity=3444)
Product(id=3435, name=Product 3435, price=35350.0, quantity=3445)
Product(id=3436, name=Product 3436, price=35360.0, quantity=3446)
Product(id=3437, name=Product 3437, price=35370.0, quantity=3447)
Product(id=3438, name=Product 3438, price=35380.0, quantity=3448)
Product(id=3439, name=Product 3439, price=35390.0, quantity=3449)
Product(id=3440, name=Product 3440, price=35400.0, quantity=3450)
Product(id=3441, name=Product 3441, price=35410.0, quantity=3451)
Product(id=3442, name=Product 3442, price=35420.0, quantity=3452)
Product(id=3443, name=Product 3443, price=35430.0, quantity=3453)
Product(id=3444, name=Product 3444, price=35440.0, quantity=3454)
Product(id=3445, name=Product 3445, price=35450.0, quantity=3455)
Product(id=3446, name=Product 3446, price=35460.0, quantity=3456)
Product(id=3447, name=Product 3447, price=35470.0, quantity=3457)
Product(id=3448, name=Product 3448, price=35480.0, quantity=3458)
Product(id=3449, name=Product 3449, price=35490.0, quantity=3459)
Product(id=3450, name=Product 3450, price=35500.0, quantity=3460)
Product(id=3451, name=Product 3451, price=35510.0, quantity=3461)
Product(id=3452, name=Product 3452, price=35520.0, quantity=3462)
Product(id=3453, name=Product 3453, price=35530.0, quantity=3463)
Product(id=3454, name=Product 3454, price=35540.0, quantity=3464)
Product(id=3455, name=Product 3455, price=35550.0, quantity=3465)
Product(id=3456, name=Product 3456, price=35560.0, quantity=3466)
Product(id=3457, name=Product 3457, price=35570.0, quantity=3467)
Product(id=3458, name=Product 3458, price=35580.0, quantity=3468)
Product(id=3459, name=Product 3459, price=35590.0, quantity=3469)
Product(id=3460, name=Product 3460, price=35600.0, quantity=3470)
Product(id=3461, name=Product 3461, price=35610.0, quantity=3471)
Product(id=3462, name=Product 3462, price=35620.0, quantity=3472)
Product(id=3463, name=Product 3463, price=35630.0, quantity=3473)
Product(id=3464, name=Product 3464, price=35640.0, quantity=3474)
Product(id=3465, name=Product 3465, price=35650.0, quantity=3475)
Product(id=3466, name=Product 3466, price=35660.0, quantity=3476)
Product(id=3467, name=Product 3467, price=35670.0, quantity=3477)
Product(id=3468, name=Product 3468, price=35680.0, quantity=3478)
Product(id=3469, name=Product 3469, price=35690.0, quantity=3479)
Product(id=3470, name=Product 3470, price=35700.0, quantity=3480)
Product(id=3471, name=Product 3471, price=35710.0, quantity=3481)
Product(id=3472, name=Product 3472, price=35720.0, quantity=3482)
Product(id=3473, name=Product 3473, price=35730.0, quantity=3483)
Product(id=3474, name=Product 3474, price=35740.0, quantity=3484)
Product(id=3475, name=Product 3475, price=35750.0, quantity=3485)
Product(id=3476, name=Product 3476, price=35760.0, quantity=3486)
Product(id=3477, name=Product 3477, price=35770.0, quantity=3487)
Product(id=3478, name=Product 3478, price=35780.0, quantity=3488)
Product(id=3479, name=Product 3479, price=35790.0, quantity=3489)
Product(id=3480, name=Product 3480, price=35800.0, quantity=3490)
Product(id=3481, name=Product 3481, price=35810.0, quantity=3491)
Product(id=3482, name=Product 3482, price=35820.0, quantity=3492)
Product(id=3483, name=Product 3483, price=35830.0, quantity=3493)
Product(id=3484, name=Product 3484, price=35840.0, quantity=3494)
Product(id=3485, name=Product 3485, price=35850.0, quantity=3495)
Product(id=3486, name=Product 3486, price=35860.0, quantity=3496)
Product(id=3487, name=Product 3487, price=35870.0, quantity=3497)
Product(id=3488, name=Product 3488, price=35880.0, quantity=3498)
Product(id=3489, name=Product 3489, price=35890.0, quantity=3499)
Product(id=3490, name=Product 3490, price=35900.0, quantity=3500)
Product(id=3491, name=Product 3491, price=35910.0, quantity=3501)
Product(id=3492, name=Product 3492, price=35920.0, quantity=3502)
Product(id=3493, name=Product 3493, price=35930.0, quantity=3503)
Product(id=3494, name=Product 3494, price=35940.0, quantity=3504)
Product(id=3495, name=Product 3495, price=35950.0, quantity=3505)
Product(id=3496, name=Product 3496, price=35960.0, quantity=3506)
Product(id=3497, name=Product 3497, price=35970.0, quantity=3507)
Product(id=3498, name=Product 3498, price=35980.0, quantity=3508)
Product(id=3499, name=Product 3499, price=35990.0, quantity=3509)
Product(id=3500, name=Product 3500, price=36000.0, quantity=3510)
Product(id=3501, name=Product 3501, price=36010.0, quantity=3511)
Product(id=3502, name=Product 3502, price=36020.0, quantity=3512)
Product(id=3503, name=Product 3503, price=36030.0, quantity=3513)
Product(id=3504, name=Product 3504, price=36040.0, quantity=3514)
Product(id=3505, name=Product 3505, price=36050.0, quantity=3515)
Product(id=3506, name=Product 3506, price=36060.0, quantity=3516)
Product(id=3507, name=Product 3507, price=36070.0, quantity=3517)
Product(id=3508, name=Product 3508, price=36080.0, quantity=3518)
Product(id=3509, name=Product 3509, price=36090.0, quantity=3519)
Product(id=3510, name=Product 3510, price=36100.0, quantity=3520)
Product(id=3511, name=Product 3511, price=36110.0, quantity=3521)
Product(id=3512, name=Product 3512, price=36120.0, quantity=3522)
Product(id=3513, name=Product 3513, price=36130.0, quantity=3523)
Product(id=3514, name=Product 3514, price=36140.0, quantity=3524)
Product(id=3515, name=Product 3515, price=36150.0, quantity=3525)
Product(id=3516, name=Product 3516, price=36160.0, quantity=3526)
Product(id=3517, name=Product 3517, price=36170.0, quantity=3527)
Product(id=3518, name=Product 3518, price=36180.0, quantity=3528)
Product(id=3519, name=Product 3519, price=36190.0, quantity=3529)
Product(id=3520, name=Product 3520, price=36200.0, quantity=3530)
Product(id=3521, name=Product 3521, price=36210.0, quantity=3531)
Product(id=3522, name=Product 3522, price=36220.0, quantity=3532)
Product(id=3523, name=Product 3523, price=36230.0, quantity=3533)
Product(id=3524, name=Product 3524, price=36240.0, quantity=3534)
Product(id=3525, name=Product 3525, price=36250.0, quantity=3535)
Product(id=3526, name=Product 3526, price=36260.0, quantity=3536)
Product(id=3527, name=Product 3527, price=36270.0, quantity=3537)
Product(id=3528, name=Product 3528, price=36280.0, quantity=3538)
Product(id=3529, name=Product 3529, price=36290.0, quantity=3539)
Product(id=3530, name=Product 3530, price=36300.0, quantity=3540)
Product(id=3531, name=Product 3531, price=36310.0, quantity=3541)
Product(id=3532, name=Product 3532, price=36320.0, quantity=3542)
Product(id=3533, name=Product 3533, price=36330.0, quantity=3543)
Product(id=3534, name=Product 3534, price=36340.0, quantity=3544)
Product(id=3535, name=Product 3535, price=36350.0, quantity=3545)
Product(id=3536, name=Product 3536, price=36360.0, quantity=3546)
Product(id=3537, name=Product 3537, price=36370.0, quantity=3547)
Product(id=3538, name=Product 3538, price=36380.0, quantity=3548)
Product(id=3539, name=Product 3539, price=36390.0, quantity=3549)
Product(id=3540, name=Product 3540, price=36400.0, quantity=3550)
Product(id=3541, name=Product 3541, price=36410.0, quantity=3551)
Product(id=3542, name=Product 3542, price=36420.0, quantity=3552)
Product(id=3543, name=Product 3543, price=36430.0, quantity=3553)
Product(id=3544, name=Product 3544, price=36440.0, quantity=3554)
Product(id=3545, name=Product 3545, price=36450.0, quantity=3555)
Product(id=3546, name=Product 3546, price=36460.0, quantity=3556)
Product(id=3547, name=Product 3547, price=36470.0, quantity=3557)
Product(id=3548, name=Product 3548, price=36480.0, quantity=3558)
Product(id=3549, name=Product 3549, price=36490.0, quantity=3559)
Product(id=3550, name=Product 3550, price=36500.0, quantity=3560)
Product(id=3551, name=Product 3551, price=36510.0, quantity=3561)
Product(id=3552, name=Product 3552, price=36520.0, quantity=3562)
Product(id=3553, name=Product 3553, price=36530.0, quantity=3563)
Product(id=3554, name=Product 3554, price=36540.0, quantity=3564)
Product(id=3555, name=Product 3555, price=36550.0, quantity=3565)
Product(id=3556, name=Product 3556, price=36560.0, quantity=3566)
Product(id=3557, name=Product 3557, price=36570.0, quantity=3567)
Product(id=3558, name=Product 3558, price=36580.0, quantity=3568)
Product(id=3559, name=Product 3559, price=36590.0, quantity=3569)
Product(id=3560, name=Product 3560, price=36600.0, quantity=3570)
Product(id=3561, name=Product 3561, price=36610.0, quantity=3571)
Product(id=3562, name=Product 3562, price=36620.0, quantity=3572)
Product(id=3563, name=Product 3563, price=36630.0, quantity=3573)
Product(id=3564, name=Product 3564, price=36640.0, quantity=3574)
Product(id=3565, name=Product 3565, price=36650.0, quantity=3575)
Product(id=3566, name=Product 3566, price=36660.0, quantity=3576)
Product(id=3567, name=Product 3567, price=36670.0, quantity=3577)
Product(id=3568, name=Product 3568, price=36680.0, quantity=3578)
Product(id=3569, name=Product 3569, price=36690.0, quantity=3579)
Product(id=3570, name=Product 3570, price=36700.0, quantity=3580)
Product(id=3571, name=Product 3571, price=36710.0, quantity=3581)
Product(id=3572, name=Product 3572, price=36720.0, quantity=3582)
Product(id=3573, name=Product 3573, price=36730.0, quantity=3583)
Product(id=3574, name=Product 3574, price=36740.0, quantity=3584)
Product(id=3575, name=Product 3575, price=36750.0, quantity=3585)
Product(id=3576, name=Product 3576, price=36760.0, quantity=3586)
Product(id=3577, name=Product 3577, price=36770.0, quantity=3587)
Product(id=3578, name=Product 3578, price=36780.0, quantity=3588)
Product(id=3579, name=Product 3579, price=36790.0, quantity=3589)
Product(id=3580, name=Product 3580, price=36800.0, quantity=3590)
Product(id=3581, name=Product 3581, price=36810.0, quantity=3591)
Product(id=3582, name=Product 3582, price=36820.0, quantity=3592)
Product(id=3583, name=Product 3583, price=36830.0, quantity=3593)
Product(id=3584, name=Product 3584, price=36840.0, quantity=3594)
Product(id=3585, name=Product 3585, price=36850.0, quantity=3595)
Product(id=3586, name=Product 3586, price=36860.0, quantity=3596)
Product(id=3587, name=Product 3587, price=36870.0, quantity=3597)
Product(id=3588, name=Product 3588, price=36880.0, quantity=3598)
Product(id=3589, name=Product 3589, price=36890.0, quantity=3599)
Product(id=3590, name=Product 3590, price=36900.0, quantity=3600)
Product(id=3591, name=Product 3591, price=36910.0, quantity=3601)
Product(id=3592, name=Product 3592, price=36920.0, quantity=3602)
Product(id=3593, name=Product 3593, price=36930.0, quantity=3603)
Product(id=3594, name=Product 3594, price=36940.0, quantity=3604)
Product(id=3595, name=Product 3595, price=36950.0, quantity=3605)
Product(id=3596, name=Product 3596, price=36960.0, quantity=3606)
Product(id=3597, name=Product 3597, price=36970.0, quantity=3607)
Product(id=3598, name=Product 3598, price=36980.0, quantity=3608)
Product(id=3599, name=Product 3599, price=36990.0, quantity=3609)
Product(id=3600, name=Product 3600, price=37000.0, quantity=3610)
Product(id=3601, name=Product 3601, price=37010.0, quantity=3611)
Product(id=3602, name=Product 3602, price=37020.0, quantity=3612)
Product(id=3603, name=Product 3603, price=37030.0, quantity=3613)
Product(id=3604, name=Product 3604, price=37040.0, quantity=3614)
Product(id=3605, name=Product 3605, price=37050.0, quantity=3615)
Product(id=3606, name=Product 3606, price=37060.0, quantity=3616)
Product(id=3607, name=Product 3607, price=37070.0, quantity=3617)
Product(id=3608, name=Product 3608, price=37080.0, quantity=3618)
Product(id=3609, name=Product 3609, price=37090.0, quantity=3619)
Product(id=3610, name=Product 3610, price=37100.0, quantity=3620)
Product(id=3611, name=Product 3611, price=37110.0, quantity=3621)
Product(id=3612, name=Product 3612, price=37120.0, quantity=3622)
Product(id=3613, name=Product 3613, price=37130.0, quantity=3623)
Product(id=3614, name=Product 3614, price=37140.0, quantity=3624)
Product(id=3615, name=Product 3615, price=37150.0, quantity=3625)
Product(id=3616, name=Product 3616, price=37160.0, quantity=3626)
Product(id=3617, name=Product 3617, price=37170.0, quantity=3627)
Product(id=3618, name=Product 3618, price=37180.0, quantity=3628)
Product(id=3619, name=Product 3619, price=37190.0, quantity=3629)
Product(id=3620, name=Product 3620, price=37200.0, quantity=3630)
Product(id=3621, name=Product 3621, price=37210.0, quantity=3631)
Product(id=3622, name=Product 3622, price=37220.0, quantity=3632)
Product(id=3623, name=Product 3623, price=37230.0, quantity=3633)
Product(id=3624, name=Product 3624, price=37240.0, quantity=3634)
Product(id=3625, name=Product 3625, price=37250.0, quantity=3635)
Product(id=3626, name=Product 3626, price=37260.0, quantity=3636)
Product(id=3627, name=Product 3627, price=37270.0, quantity=3637)
Product(id=3628, name=Product 3628, price=37280.0, quantity=3638)
Product(id=3629, name=Product 3629, price=37290.0, quantity=3639)
Product(id=3630, name=Product 3630, price=37300.0, quantity=3640)
Product(id=3631, name=Product 3631, price=37310.0, quantity=3641)
Product(id=3632, name=Product 3632, price=37320.0, quantity=3642)
Product(id=3633, name=Product 3633, price=37330.0, quantity=3643)
Product(id=3634, name=Product 3634, price=37340.0, quantity=3644)
Product(id=3635, name=Product 3635, price=37350.0, quantity=3645)
Product(id=3636, name=Product 3636, price=37360.0, quantity=3646)
Product(id=3637, name=Product 3637, price=37370.0, quantity=3647)
Product(id=3638, name=Product 3638, price=37380.0, quantity=3648)
Product(id=3639, name=Product 3639, price=37390.0, quantity=3649)
Product(id=3640, name=Product 3640, price=37400.0, quantity=3650)
Product(id=3641, name=Product 3641, price=37410.0, quantity=3651)
Product(id=3642, name=Product 3642, price=37420.0, quantity=3652)
Product(id=3643, name=Product 3643, price=37430.0, quantity=3653)
Product(id=3644, name=Product 3644, price=37440.0, quantity=3654)
Product(id=3645, name=Product 3645, price=37450.0, quantity=3655)
Product(id=3646, name=Product 3646, price=37460.0, quantity=3656)
Product(id=3647, name=Product 3647, price=37470.0, quantity=3657)
Product(id=3648, name=Product 3648, price=37480.0, quantity=3658)
Product(id=3649, name=Product 3649, price=37490.0, quantity=3659)
Product(id=3650, name=Product 3650, price=37500.0, quantity=3660)
Product(id=3651, name=Product 3651, price=37510.0, quantity=3661)
Product(id=3652, name=Product 3652, price=37520.0, quantity=3662)
Product(id=3653, name=Product 3653, price=37530.0, quantity=3663)
Product(id=3654, name=Product 3654, price=37540.0, quantity=3664)
Product(id=3655, name=Product 3655, price=37550.0, quantity=3665)
Product(id=3656, name=Product 3656, price=37560.0, quantity=3666)
Product(id=3657, name=Product 3657, price=37570.0, quantity=3667)
Product(id=3658, name=Product 3658, price=37580.0, quantity=3668)
Product(id=3659, name=Product 3659, price=37590.0, quantity=3669)
Product(id=3660, name=Product 3660, price=37600.0, quantity=3670)
Product(id=3661, name=Product 3661, price=37610.0, quantity=3671)
Product(id=3662, name=Product 3662, price=37620.0, quantity=3672)
Product(id=3663, name=Product 3663, price=37630.0, quantity=3673)
Product(id=3664, name=Product 3664, price=37640.0, quantity=3674)
Product(id=3665, name=Product 3665, price=37650.0, quantity=3675)
Product(id=3666, name=Product 3666, price=37660.0, quantity=3676)
Product(id=3667, name=Product 3667, price=37670.0, quantity=3677)
Product(id=3668, name=Product 3668, price=37680.0, quantity=3678)
Product(id=3669, name=Product 3669, price=37690.0, quantity=3679)
Product(id=3670, name=Product 3670, price=37700.0, quantity=3680)
Product(id=3671, name=Product 3671, price=37710.0, quantity=3681)
Product(id=3672, name=Product 3672, price=37720.0, quantity=3682)
Product(id=3673, name=Product 3673, price=37730.0, quantity=3683)
Product(id=3674, name=Product 3674, price=37740.0, quantity=3684)
Product(id=3675, name=Product 3675, price=37750.0, quantity=3685)
Product(id=3676, name=Product 3676, price=37760.0, quantity=3686)
Product(id=3677, name=Product 3677, price=37770.0, quantity=3687)
Product(id=3678, name=Product 3678, price=37780.0, quantity=3688)
Product(id=3679, name=Product 3679, price=37790.0, quantity=3689)
Product(id=3680, name=Product 3680, price=37800.0, quantity=3690)
Product(id=3681, name=Product 3681, price=37810.0, quantity=3691)
Product(id=3682, name=Product 3682, price=37820.0, quantity=3692)
Product(id=3683, name=Product 3683, price=37830.0, quantity=3693)
Product(id=3684, name=Product 3684, price=37840.0, quantity=3694)
Product(id=3685, name=Product 3685, price=37850.0, quantity=3695)
Product(id=3686, name=Product 3686, price=37860.0, quantity=3696)
Product(id=3687, name=Product 3687, price=37870.0, quantity=3697)
Product(id=3688, name=Product 3688, price=37880.0, quantity=3698)
Product(id=3689, name=Product 3689, price=37890.0, quantity=3699)
Product(id=3690, name=Product 3690, price=37900.0, quantity=3700)
Product(id=3691, name=Product 3691, price=37910.0, quantity=3701)
Product(id=3692, name=Product 3692, price=37920.0, quantity=3702)
Product(id=3693, name=Product 3693, price=37930.0, quantity=3703)
Product(id=3694, name=Product 3694, price=37940.0, quantity=3704)
Product(id=3695, name=Product 3695, price=37950.0, quantity=3705)
Product(id=3696, name=Product 3696, price=37960.0, quantity=3706)
Product(id=3697, name=Product 3697, price=37970.0, quantity=3707)
Product(id=3698, name=Product 3698, price=37980.0, quantity=3708)
Product(id=3699, name=Product 3699, price=37990.0, quantity=3709)
Product(id=3700, name=Product 3700, price=38000.0, quantity=3710)
Product(id=3701, name=Product 3701, price=38010.0, quantity=3711)
Product(id=3702, name=Product 3702, price=38020.0, quantity=3712)
Product(id=3703, name=Product 3703, price=38030.0, quantity=3713)
Product(id=3704, name=Product 3704, price=38040.0, quantity=3714)
Product(id=3705, name=Product 3705, price=38050.0, quantity=3715)
Product(id=3706, name=Product 3706, price=38060.0, quantity=3716)
Product(id=3707, name=Product 3707, price=38070.0, quantity=3717)
Product(id=3708, name=Product 3708, price=38080.0, quantity=3718)
Product(id=3709, name=Product 3709, price=38090.0, quantity=3719)
Product(id=3710, name=Product 3710, price=38100.0, quantity=3720)
Product(id=3711, name=Product 3711, price=38110.0, quantity=3721)
Product(id=3712, name=Product 3712, price=38120.0, quantity=3722)
Product(id=3713, name=Product 3713, price=38130.0, quantity=3723)
Product(id=3714, name=Product 3714, price=38140.0, quantity=3724)
Product(id=3715, name=Product 3715, price=38150.0, quantity=3725)
Product(id=3716, name=Product 3716, price=38160.0, quantity=3726)
Product(id=3717, name=Product 3717, price=38170.0, quantity=3727)
Product(id=3718, name=Product 3718, price=38180.0, quantity=3728)
Product(id=3719, name=Product 3719, price=38190.0, quantity=3729)
Product(id=3720, name=Product 3720, price=38200.0, quantity=3730)
Product(id=3721, name=Product 3721, price=38210.0, quantity=3731)
Product(id=3722, name=Product 3722, price=38220.0, quantity=3732)
Product(id=3723, name=Product 3723, price=38230.0, quantity=3733)
Product(id=3724, name=Product 3724, price=38240.0, quantity=3734)
Product(id=3725, name=Product 3725, price=38250.0, quantity=3735)
Product(id=3726, name=Product 3726, price=38260.0, quantity=3736)
Product(id=3727, name=Product 3727, price=38270.0, quantity=3737)
Product(id=3728, name=Product 3728, price=38280.0, quantity=3738)
Product(id=3729, name=Product 3729, price=38290.0, quantity=3739)
Product(id=3730, name=Product 3730, price=38300.0, quantity=3740)
Product(id=3731, name=Product 3731, price=38310.0, quantity=3741)
Product(id=3732, name=Product 3732, price=38320.0, quantity=3742)
Product(id=3733, name=Product 3733, price=38330.0, quantity=3743)
Product(id=3734, name=Product 3734, price=38340.0, quantity=3744)
Product(id=3735, name=Product 3735, price=38350.0, quantity=3745)
Product(id=3736, name=Product 3736, price=38360.0, quantity=3746)
Product(id=3737, name=Product 3737, price=38370.0, quantity=3747)
Product(id=3738, name=Product 3738, price=38380.0, quantity=3748)
Product(id=3739, name=Product 3739, price=38390.0, quantity=3749)
Product(id=3740, name=Product 3740, price=38400.0, quantity=3750)
Product(id=3741, name=Product 3741, price=38410.0, quantity=3751)
Product(id=3742, name=Product 3742, price=38420.0, quantity=3752)
Product(id=3743, name=Product 3743, price=38430.0, quantity=3753)
Product(id=3744, name=Product 3744, price=38440.0, quantity=3754)
Product(id=3745, name=Product 3745, price=38450.0, quantity=3755)
Product(id=3746, name=Product 3746, price=38460.0, quantity=3756)
Product(id=3747, name=Product 3747, price=38470.0, quantity=3757)
Product(id=3748, name=Product 3748, price=38480.0, quantity=3758)
Product(id=3749, name=Product 3749, price=38490.0, quantity=3759)
Product(id=3750, name=Product 3750, price=38500.0, quantity=3760)
Product(id=3751, name=Product 3751, price=38510.0, quantity=3761)
Product(id=3752, name=Product 3752, price=38520.0, quantity=3762)
Product(id=3753, name=Product 3753, price=38530.0, quantity=3763)
Product(id=3754, name=Product 3754, price=38540.0, quantity=3764)
Product(id=3755, name=Product 3755, price=38550.0, quantity=3765)
Product(id=3756, name=Product 3756, price=38560.0, quantity=3766)
Product(id=3757, name=Product 3757, price=38570.0, quantity=3767)
Product(id=3758, name=Product 3758, price=38580.0, quantity=3768)
Product(id=3759, name=Product 3759, price=38590.0, quantity=3769)
Product(id=3760, name=Product 3760, price=38600.0, quantity=3770)
Product(id=3761, name=Product 3761, price=38610.0, quantity=3771)
Product(id=3762, name=Product 3762, price=38620.0, quantity=3772)
Product(id=3763, name=Product 3763, price=38630.0, quantity=3773)
Product(id=3764, name=Product 3764, price=38640.0, quantity=3774)
Product(id=3765, name=Product 3765, price=38650.0, quantity=3775)
Product(id=3766, name=Product 3766, price=38660.0, quantity=3776)
Product(id=3767, name=Product 3767, price=38670.0, quantity=3777)
Product(id=3768, name=Product 3768, price=38680.0, quantity=3778)
Product(id=3769, name=Product 3769, price=38690.0, quantity=3779)
Product(id=3770, name=Product 3770, price=38700.0, quantity=3780)
Product(id=3771, name=Product 3771, price=38710.0, quantity=3781)
Product(id=3772, name=Product 3772, price=38720.0, quantity=3782)
Product(id=3773, name=Product 3773, price=38730.0, quantity=3783)
Product(id=3774, name=Product 3774, price=38740.0, quantity=3784)
Product(id=3775, name=Product 3775, price=38750.0, quantity=3785)
Product(id=3776, name=Product 3776, price=38760.0, quantity=3786)
Product(id=3777, name=Product 3777, price=38770.0, quantity=3787)
Product(id=3778, name=Product 3778, price=38780.0, quantity=3788)
Product(id=3779, name=Product 3779, price=38790.0, quantity=3789)
Product(id=3780, name=Product 3780, price=38800.0, quantity=3790)
Product(id=3781, name=Product 3781, price=38810.0, quantity=3791)
Product(id=3782, name=Product 3782, price=38820.0, quantity=3792)
Product(id=3783, name=Product 3783, price=38830.0, quantity=3793)
Product(id=3784, name=Product 3784, price=38840.0, quantity=3794)
Product(id=3785, name=Product 3785, price=38850.0, quantity=3795)
Product(id=3786, name=Product 3786, price=38860.0, quantity=3796)
Product(id=3787, name=Product 3787, price=38870.0, quantity=3797)
Product(id=3788, name=Product 3788, price=38880.0, quantity=3798)
Product(id=3789, name=Product 3789, price=38890.0, quantity=3799)
Product(id=3790, name=Product 3790, price=38900.0, quantity=3800)
Product(id=3791, name=Product 3791, price=38910.0, quantity=3801)
Product(id=3792, name=Product 3792, price=38920.0, quantity=3802)
Product(id=3793, name=Product 3793, price=38930.0, quantity=3803)
Product(id=3794, name=Product 3794, price=38940.0, quantity=3804)
Product(id=3795, name=Product 3795, price=38950.0, quantity=3805)
Product(id=3796, name=Product 3796, price=38960.0, quantity=3806)
Product(id=3797, name=Product 3797, price=38970.0, quantity=3807)
Product(id=3798, name=Product 3798, price=38980.0, quantity=3808)
Product(id=3799, name=Product 3799, price=38990.0, quantity=3809)
Product(id=3800, name=Product 3800, price=39000.0, quantity=3810)
Product(id=3801, name=Product 3801, price=39010.0, quantity=3811)
Product(id=3802, name=Product 3802, price=39020.0, quantity=3812)
Product(id=3803, name=Product 3803, price=39030.0, quantity=3813)
Product(id=3804, name=Product 3804, price=39040.0, quantity=3814)
Product(id=3805, name=Product 3805, price=39050.0, quantity=3815)
Product(id=3806, name=Product 3806, price=39060.0, quantity=3816)
Product(id=3807, name=Product 3807, price=39070.0, quantity=3817)
Product(id=3808, name=Product 3808, price=39080.0, quantity=3818)
Product(id=3809, name=Product 3809, price=39090.0, quantity=3819)
Product(id=3810, name=Product 3810, price=39100.0, quantity=3820)
Product(id=3811, name=Product 3811, price=39110.0, quantity=3821)
Product(id=3812, name=Product 3812, price=39120.0, quantity=3822)
Product(id=3813, name=Product 3813, price=39130.0, quantity=3823)
Product(id=3814, name=Product 3814, price=39140.0, quantity=3824)
Product(id=3815, name=Product 3815, price=39150.0, quantity=3825)
Product(id=3816, name=Product 3816, price=39160.0, quantity=3826)
Product(id=3817, name=Product 3817, price=39170.0, quantity=3827)
Product(id=3818, name=Product 3818, price=39180.0, quantity=3828)
Product(id=3819, name=Product 3819, price=39190.0, quantity=3829)
Product(id=3820, name=Product 3820, price=39200.0, quantity=3830)
Product(id=3821, name=Product 3821, price=39210.0, quantity=3831)
Product(id=3822, name=Product 3822, price=39220.0, quantity=3832)
Product(id=3823, name=Product 3823, price=39230.0, quantity=3833)
Product(id=3824, name=Product 3824, price=39240.0, quantity=3834)
Product(id=3825, name=Product 3825, price=39250.0, quantity=3835)
Product(id=3826, name=Product 3826, price=39260.0, quantity=3836)
Product(id=3827, name=Product 3827, price=39270.0, quantity=3837)
Product(id=3828, name=Product 3828, price=39280.0, quantity=3838)
Product(id=3829, name=Product 3829, price=39290.0, quantity=3839)
Product(id=3830, name=Product 3830, price=39300.0, quantity=3840)
Product(id=3831, name=Product 3831, price=39310.0, quantity=3841)
Product(id=3832, name=Product 3832, price=39320.0, quantity=3842)
Product(id=3833, name=Product 3833, price=39330.0, quantity=3843)
Product(id=3834, name=Product 3834, price=39340.0, quantity=3844)
Product(id=3835, name=Product 3835, price=39350.0, quantity=3845)
Product(id=3836, name=Product 3836, price=39360.0, quantity=3846)
Product(id=3837, name=Product 3837, price=39370.0, quantity=3847)
Product(id=3838, name=Product 3838, price=39380.0, quantity=3848)
Product(id=3839, name=Product 3839, price=39390.0, quantity=3849)
Product(id=3840, name=Product 3840, price=39400.0, quantity=3850)
Product(id=3841, name=Product 3841, price=39410.0, quantity=3851)
Product(id=3842, name=Product 3842, price=39420.0, quantity=3852)
Product(id=3843, name=Product 3843, price=39430.0, quantity=3853)
Product(id=3844, name=Product 3844, price=39440.0, quantity=3854)
Product(id=3845, name=Product 3845, price=39450.0, quantity=3855)
Product(id=3846, name=Product 3846, price=39460.0, quantity=3856)
Product(id=3847, name=Product 3847, price=39470.0, quantity=3857)
Product(id=3848, name=Product 3848, price=39480.0, quantity=3858)
Product(id=3849, name=Product 3849, price=39490.0, quantity=3859)
Product(id=3850, name=Product 3850, price=39500.0, quantity=3860)
Product(id=3851, name=Product 3851, price=39510.0, quantity=3861)
Product(id=3852, name=Product 3852, price=39520.0, quantity=3862)
Product(id=3853, name=Product 3853, price=39530.0, quantity=3863)
Product(id=3854, name=Product 3854, price=39540.0, quantity=3864)
Product(id=3855, name=Product 3855, price=39550.0, quantity=3865)
Product(id=3856, name=Product 3856, price=39560.0, quantity=3866)
Product(id=3857, name=Product 3857, price=39570.0, quantity=3867)
Product(id=3858, name=Product 3858, price=39580.0, quantity=3868)
Product(id=3859, name=Product 3859, price=39590.0, quantity=3869)
Product(id=3860, name=Product 3860, price=39600.0, quantity=3870)
Product(id=3861, name=Product 3861, price=39610.0, quantity=3871)
Product(id=3862, name=Product 3862, price=39620.0, quantity=3872)
Product(id=3863, name=Product 3863, price=39630.0, quantity=3873)
Product(id=3864, name=Product 3864, price=39640.0, quantity=3874)
Product(id=3865, name=Product 3865, price=39650.0, quantity=3875)
Product(id=3866, name=Product 3866, price=39660.0, quantity=3876)
Product(id=3867, name=Product 3867, price=39670.0, quantity=3877)
Product(id=3868, name=Product 3868, price=39680.0, quantity=3878)
Product(id=3869, name=Product 3869, price=39690.0, quantity=3879)
Product(id=3870, name=Product 3870, price=39700.0, quantity=3880)
Product(id=3871, name=Product 3871, price=39710.0, quantity=3881)
Product(id=3872, name=Product 3872, price=39720.0, quantity=3882)
Product(id=3873, name=Product 3873, price=39730.0, quantity=3883)
Product(id=3874, name=Product 3874, price=39740.0, quantity=3884)
Product(id=3875, name=Product 3875, price=39750.0, quantity=3885)
Product(id=3876, name=Product 3876, price=39760.0, quantity=3886)
Product(id=3877, name=Product 3877, price=39770.0, quantity=3887)
Product(id=3878, name=Product 3878, price=39780.0, quantity=3888)
Product(id=3879, name=Product 3879, price=39790.0, quantity=3889)
Product(id=3880, name=Product 3880, price=39800.0, quantity=3890)
Product(id=3881, name=Product 3881, price=39810.0, quantity=3891)
Product(id=3882, name=Product 3882, price=39820.0, quantity=3892)
Product(id=3883, name=Product 3883, price=39830.0, quantity=3893)
Product(id=3884, name=Product 3884, price=39840.0, quantity=3894)
Product(id=3885, name=Product 3885, price=39850.0, quantity=3895)
Product(id=3886, name=Product 3886, price=39860.0, quantity=3896)
Product(id=3887, name=Product 3887, price=39870.0, quantity=3897)
Product(id=3888, name=Product 3888, price=39880.0, quantity=3898)
Product(id=3889, name=Product 3889, price=39890.0, quantity=3899)
Product(id=3890, name=Product 3890, price=39900.0, quantity=3900)
Product(id=3891, name=Product 3891, price=39910.0, quantity=3901)
Product(id=3892, name=Product 3892, price=39920.0, quantity=3902)
Product(id=3893, name=Product 3893, price=39930.0, quantity=3903)
Product(id=3894, name=Product 3894, price=39940.0, quantity=3904)
Product(id=3895, name=Product 3895, price=39950.0, quantity=3905)
Product(id=3896, name=Product 3896, price=39960.0, quantity=3906)
Product(id=3897, name=Product 3897, price=39970.0, quantity=3907)
Product(id=3898, name=Product 3898, price=39980.0, quantity=3908)
Product(id=3899, name=Product 3899, price=39990.0, quantity=3909)
Product(id=3900, name=Product 3900, price=40000.0, quantity=3910)
Product(id=3901, name=Product 3901, price=40010.0, quantity=3911)
Product(id=3902, name=Product 3902, price=40020.0, quantity=3912)
Product(id=3903, name=Product 3903, price=40030.0, quantity=3913)
Product(id=3904, name=Product 3904, price=40040.0, quantity=3914)
Product(id=3905, name=Product 3905, price=40050.0, quantity=3915)
Product(id=3906, name=Product 3906, price=40060.0, quantity=3916)
Product(id=3907, name=Product 3907, price=40070.0, quantity=3917)
Product(id=3908, name=Product 3908, price=40080.0, quantity=3918)
Product(id=3909, name=Product 3909, price=40090.0, quantity=3919)
Product(id=3910, name=Product 3910, price=40100.0, quantity=3920)
Product(id=3911, name=Product 3911, price=40110.0, quantity=3921)
Product(id=3912, name=Product 3912, price=40120.0, quantity=3922)
Product(id=3913, name=Product 3913, price=40130.0, quantity=3923)
Product(id=3914, name=Product 3914, price=40140.0, quantity=3924)
Product(id=3915, name=Product 3915, price=40150.0, quantity=3925)
Product(id=3916, name=Product 3916, price=40160.0, quantity=3926)
Product(id=3917, name=Product 3917, price=40170.0, quantity=3927)
Product(id=3918, name=Product 3918, price=40180.0, quantity=3928)
Product(id=3919, name=Product 3919, price=40190.0, quantity=3929)
Product(id=3920, name=Product 3920, price=40200.0, quantity=3930)
Product(id=3921, name=Product 3921, price=40210.0, quantity=3931)
Product(id=3922, name=Product 3922, price=40220.0, quantity=3932)
Product(id=3923, name=Product 3923, price=40230.0, quantity=3933)
Product(id=3924, name=Product 3924, price=40240.0, quantity=3934)
Product(id=3925, name=Product 3925, price=40250.0, quantity=3935)
Product(id=3926, name=Product 3926, price=40260.0, quantity=3936)
Product(id=3927, name=Product 3927, price=40270.0, quantity=3937)
Product(id=3928, name=Product 3928, price=40280.0, quantity=3938)
Product(id=3929, name=Product 3929, price=40290.0, quantity=3939)
Product(id=3930, name=Product 3930, price=40300.0, quantity=3940)
Product(id=3931, name=Product 3931, price=40310.0, quantity=3941)
Product(id=3932, name=Product 3932, price=40320.0, quantity=3942)
Product(id=3933, name=Product 3933, price=40330.0, quantity=3943)
Product(id=3934, name=Product 3934, price=40340.0, quantity=3944)
Product(id=3935, name=Product 3935, price=40350.0, quantity=3945)
Product(id=3936, name=Product 3936, price=40360.0, quantity=3946)
Product(id=3937, name=Product 3937, price=40370.0, quantity=3947)
Product(id=3938, name=Product 3938, price=40380.0, quantity=3948)
Product(id=3939, name=Product 3939, price=40390.0, quantity=3949)
Product(id=3940, name=Product 3940, price=40400.0, quantity=3950)
Product(id=3941, name=Product 3941, price=40410.0, quantity=3951)
Product(id=3942, name=Product 3942, price=40420.0, quantity=3952)
Product(id=3943, name=Product 3943, price=40430.0, quantity=3953)
Product(id=3944, name=Product 3944, price=40440.0, quantity=3954)
Product(id=3945, name=Product 3945, price=40450.0, quantity=3955)
Product(id=3946, name=Product 3946, price=40460.0, quantity=3956)
Product(id=3947, name=Product 3947, price=40470.0, quantity=3957)
Product(id=3948, name=Product 3948, price=40480.0, quantity=3958)
Product(id=3949, name=Product 3949, price=40490.0, quantity=3959)
Product(id=3950, name=Product 3950, price=40500.0, quantity=3960)
Product(id=3951, name=Product 3951, price=40510.0, quantity=3961)
Product(id=3952, name=Product 3952, price=40520.0, quantity=3962)
Product(id=3953, name=Product 3953, price=40530.0, quantity=3963)
Product(id=3954, name=Product 3954, price=40540.0, quantity=3964)
Product(id=3955, name=Product 3955, price=40550.0, quantity=3965)
Product(id=3956, name=Product 3956, price=40560.0, quantity=3966)
Product(id=3957, name=Product 3957, price=40570.0, quantity=3967)
Product(id=3958, name=Product 3958, price=40580.0, quantity=3968)
Product(id=3959, name=Product 3959, price=40590.0, quantity=3969)
Product(id=3960, name=Product 3960, price=40600.0, quantity=3970)
Product(id=3961, name=Product 3961, price=40610.0, quantity=3971)
Product(id=3962, name=Product 3962, price=40620.0, quantity=3972)
Product(id=3963, name=Product 3963, price=40630.0, quantity=3973)
Product(id=3964, name=Product 3964, price=40640.0, quantity=3974)
Product(id=3965, name=Product 3965, price=40650.0, quantity=3975)
Product(id=3966, name=Product 3966, price=40660.0, quantity=3976)
Product(id=3967, name=Product 3967, price=40670.0, quantity=3977)
Product(id=3968, name=Product 3968, price=40680.0, quantity=3978)
Product(id=3969, name=Product 3969, price=40690.0, quantity=3979)
Product(id=3970, name=Product 3970, price=40700.0, quantity=3980)
Product(id=3971, name=Product 3971, price=40710.0, quantity=3981)
Product(id=3972, name=Product 3972, price=40720.0, quantity=3982)
Product(id=3973, name=Product 3973, price=40730.0, quantity=3983)
Product(id=3974, name=Product 3974, price=40740.0, quantity=3984)
Product(id=3975, name=Product 3975, price=40750.0, quantity=3985)
Product(id=3976, name=Product 3976, price=40760.0, quantity=3986)
Product(id=3977, name=Product 3977, price=40770.0, quantity=3987)
Product(id=3978, name=Product 3978, price=40780.0, quantity=3988)
Product(id=3979, name=Product 3979, price=40790.0, quantity=3989)
Product(id=3980, name=Product 3980, price=40800.0, quantity=3990)
Product(id=3981, name=Product 3981, price=40810.0, quantity=3991)
Product(id=3982, name=Product 3982, price=40820.0, quantity=3992)
Product(id=3983, name=Product 3983, price=40830.0, quantity=3993)
Product(id=3984, name=Product 3984, price=40840.0, quantity=3994)
Product(id=3985, name=Product 3985, price=40850.0, quantity=3995)
Product(id=3986, name=Product 3986, price=40860.0, quantity=3996)
Product(id=3987, name=Product 3987, price=40870.0, quantity=3997)
Product(id=3988, name=Product 3988, price=40880.0, quantity=3998)
Product(id=3989, name=Product 3989, price=40890.0, quantity=3999)
Product(id=3990, name=Product 3990, price=40900.0, quantity=4000)
Product(id=3991, name=Product 3991, price=40910.0, quantity=4001)
Product(id=3992, name=Product 3992, price=40920.0, quantity=4002)
Product(id=3993, name=Product 3993, price=40930.0, quantity=4003)
Product(id=3994, name=Product 3994, price=40940.0, quantity=4004)
Product(id=3995, name=Product 3995, price=40950.0, quantity=4005)
Product(id=3996, name=Product 3996, price=40960.0, quantity=4006)
Product(id=3997, name=Product 3997, price=40970.0, quantity=4007)
Product(id=3998, name=Product 3998, price=40980.0, quantity=4008)
Product(id=3999, name=Product 3999, price=40990.0, quantity=4009)
Product(id=4000, name=Product 4000, price=41000.0, quantity=4010)
Product(id=4001, name=Product 4001, price=41010.0, quantity=4011)
Product(id=4002, name=Product 4002, price=41020.0, quantity=4012)
Product(id=4003, name=Product 4003, price=41030.0, quantity=4013)
Product(id=4004, name=Product 4004, price=41040.0, quantity=4014)
Product(id=4005, name=Product 4005, price=41050.0, quantity=4015)
Product(id=4006, name=Product 4006, price=41060.0, quantity=4016)
Product(id=4007, name=Product 4007, price=41070.0, quantity=4017)
Product(id=4008, name=Product 4008, price=41080.0, quantity=4018)
Product(id=4009, name=Product 4009, price=41090.0, quantity=4019)
Product(id=4010, name=Product 4010, price=41100.0, quantity=4020)
Product(id=4011, name=Product 4011, price=41110.0, quantity=4021)
Product(id=4012, name=Product 4012, price=41120.0, quantity=4022)
Product(id=4013, name=Product 4013, price=41130.0, quantity=4023)
Product(id=4014, name=Product 4014, price=41140.0, quantity=4024)
Product(id=4015, name=Product 4015, price=41150.0, quantity=4025)
Product(id=4016, name=Product 4016, price=41160.0, quantity=4026)
Product(id=4017, name=Product 4017, price=41170.0, quantity=4027)
Product(id=4018, name=Product 4018, price=41180.0, quantity=4028)
Product(id=4019, name=Product 4019, price=41190.0, quantity=4029)
Product(id=4020, name=Product 4020, price=41200.0, quantity=4030)
Product(id=4021, name=Product 4021, price=41210.0, quantity=4031)
Product(id=4022, name=Product 4022, price=41220.0, quantity=4032)
Product(id=4023, name=Product 4023, price=41230.0, quantity=4033)
Product(id=4024, name=Product 4024, price=41240.0, quantity=4034)
Product(id=4025, name=Product 4025, price=41250.0, quantity=4035)
Product(id=4026, name=Product 4026, price=41260.0, quantity=4036)
Product(id=4027, name=Product 4027, price=41270.0, quantity=4037)
Product(id=4028, name=Product 4028, price=41280.0, quantity=4038)
Product(id=4029, name=Product 4029, price=41290.0, quantity=4039)
Product(id=4030, name=Product 4030, price=41300.0, quantity=4040)
Product(id=4031, name=Product 4031, price=41310.0, quantity=4041)
Product(id=4032, name=Product 4032, price=41320.0, quantity=4042)
Product(id=4033, name=Product 4033, price=41330.0, quantity=4043)
Product(id=4034, name=Product 4034, price=41340.0, quantity=4044)
Product(id=4035, name=Product 4035, price=41350.0, quantity=4045)
Product(id=4036, name=Product 4036, price=41360.0, quantity=4046)
Product(id=4037, name=Product 4037, price=41370.0, quantity=4047)
Product(id=4038, name=Product 4038, price=41380.0, quantity=4048)
Product(id=4039, name=Product 4039, price=41390.0, quantity=4049)
Product(id=4040, name=Product 4040, price=41400.0, quantity=4050)
Product(id=4041, name=Product 4041, price=41410.0, quantity=4051)
Product(id=4042, name=Product 4042, price=41420.0, quantity=4052)
Product(id=4043, name=Product 4043, price=41430.0, quantity=4053)
Product(id=4044, name=Product 4044, price=41440.0, quantity=4054)
Product(id=4045, name=Product 4045, price=41450.0, quantity=4055)
Product(id=4046, name=Product 4046, price=41460.0, quantity=4056)
Product(id=4047, name=Product 4047, price=41470.0, quantity=4057)
Product(id=4048, name=Product 4048, price=41480.0, quantity=4058)
Product(id=4049, name=Product 4049, price=41490.0, quantity=4059)
Product(id=4050, name=Product 4050, price=41500.0, quantity=4060)
Product(id=4051, name=Product 4051, price=41510.0, quantity=4061)
Product(id=4052, name=Product 4052, price=41520.0, quantity=4062)
Product(id=4053, name=Product 4053, price=41530.0, quantity=4063)
Product(id=4054, name=Product 4054, price=41540.0, quantity=4064)
Product(id=4055, name=Product 4055, price=41550.0, quantity=4065)
Product(id=4056, name=Product 4056, price=41560.0, quantity=4066)
Product(id=4057, name=Product 4057, price=41570.0, quantity=4067)
Product(id=4058, name=Product 4058, price=41580.0, quantity=4068)
Product(id=4059, name=Product 4059, price=41590.0, quantity=4069)
Product(id=4060, name=Product 4060, price=41600.0, quantity=4070)
Product(id=4061, name=Product 4061, price=41610.0, quantity=4071)
Product(id=4062, name=Product 4062, price=41620.0, quantity=4072)
Product(id=4063, name=Product 4063, price=41630.0, quantity=4073)
Product(id=4064, name=Product 4064, price=41640.0, quantity=4074)
Product(id=4065, name=Product 4065, price=41650.0, quantity=4075)
Product(id=4066, name=Product 4066, price=41660.0, quantity=4076)
Product(id=4067, name=Product 4067, price=41670.0, quantity=4077)
Product(id=4068, name=Product 4068, price=41680.0, quantity=4078)
Product(id=4069, name=Product 4069, price=41690.0, quantity=4079)
Product(id=4070, name=Product 4070, price=41700.0, quantity=4080)
Product(id=4071, name=Product 4071, price=41710.0, quantity=4081)
Product(id=4072, name=Product 4072, price=41720.0, quantity=4082)
Product(id=4073, name=Product 4073, price=41730.0, quantity=4083)
Product(id=4074, name=Product 4074, price=41740.0, quantity=4084)
Product(id=4075, name=Product 4075, price=41750.0, quantity=4085)
Product(id=4076, name=Product 4076, price=41760.0, quantity=4086)
Product(id=4077, name=Product 4077, price=41770.0, quantity=4087)
Product(id=4078, name=Product 4078, price=41780.0, quantity=4088)
Product(id=4079, name=Product 4079, price=41790.0, quantity=4089)
Product(id=4080, name=Product 4080, price=41800.0, quantity=4090)
Product(id=4081, name=Product 4081, price=41810.0, quantity=4091)
Product(id=4082, name=Product 4082, price=41820.0, quantity=4092)
Product(id=4083, name=Product 4083, price=41830.0, quantity=4093)
Product(id=4084, name=Product 4084, price=41840.0, quantity=4094)
Product(id=4085, name=Product 4085, price=41850.0, quantity=4095)
Product(id=4086, name=Product 4086, price=41860.0, quantity=4096)
Product(id=4087, name=Product 4087, price=41870.0, quantity=4097)
Product(id=4088, name=Product 4088, price=41880.0, quantity=4098)
Product(id=4089, name=Product 4089, price=41890.0, quantity=4099)
Product(id=4090, name=Product 4090, price=41900.0, quantity=4100)
Product(id=4091, name=Product 4091, price=41910.0, quantity=4101)
Product(id=4092, name=Product 4092, price=41920.0, quantity=4102)
Product(id=4093, name=Product 4093, price=41930.0, quantity=4103)
Product(id=4094, name=Product 4094, price=41940.0, quantity=4104)
Product(id=4095, name=Product 4095, price=41950.0, quantity=4105)
Product(id=4096, name=Product 4096, price=41960.0, quantity=4106)
Product(id=4097, name=Product 4097, price=41970.0, quantity=4107)
Product(id=4098, name=Product 4098, price=41980.0, quantity=4108)
Product(id=4099, name=Product 4099, price=41990.0, quantity=4109)
Product(id=4100, name=Product 4100, price=42000.0, quantity=4110)
Product(id=4101, name=Product 4101, price=42010.0, quantity=4111)
Product(id=4102, name=Product 4102, price=42020.0, quantity=4112)
Product(id=4103, name=Product 4103, price=42030.0, quantity=4113)
Product(id=4104, name=Product 4104, price=42040.0, quantity=4114)
Product(id=4105, name=Product 4105, price=42050.0, quantity=4115)
Product(id=4106, name=Product 4106, price=42060.0, quantity=4116)
Product(id=4107, name=Product 4107, price=42070.0, quantity=4117)
Product(id=4108, name=Product 4108, price=42080.0, quantity=4118)
Product(id=4109, name=Product 4109, price=42090.0, quantity=4119)
Product(id=4110, name=Product 4110, price=42100.0, quantity=4120)
Product(id=4111, name=Product 4111, price=42110.0, quantity=4121)
Product(id=4112, name=Product 4112, price=42120.0, quantity=4122)
Product(id=4113, name=Product 4113, price=42130.0, quantity=4123)
Product(id=4114, name=Product 4114, price=42140.0, quantity=4124)
Product(id=4115, name=Product 4115, price=42150.0, quantity=4125)
Product(id=4116, name=Product 4116, price=42160.0, quantity=4126)
Product(id=4117, name=Product 4117, price=42170.0, quantity=4127)
Product(id=4118, name=Product 4118, price=42180.0, quantity=4128)
Product(id=4119, name=Product 4119, price=42190.0, quantity=4129)
Product(id=4120, name=Product 4120, price=42200.0, quantity=4130)
Product(id=4121, name=Product 4121, price=42210.0, quantity=4131)
Product(id=4122, name=Product 4122, price=42220.0, quantity=4132)
Product(id=4123, name=Product 4123, price=42230.0, quantity=4133)
Product(id=4124, name=Product 4124, price=42240.0, quantity=4134)
Product(id=4125, name=Product 4125, price=42250.0, quantity=4135)
Product(id=4126, name=Product 4126, price=42260.0, quantity=4136)
Product(id=4127, name=Product 4127, price=42270.0, quantity=4137)
Product(id=4128, name=Product 4128, price=42280.0, quantity=4138)
Product(id=4129, name=Product 4129, price=42290.0, quantity=4139)
Product(id=4130, name=Product 4130, price=42300.0, quantity=4140)
Product(id=4131, name=Product 4131, price=42310.0, quantity=4141)
Product(id=4132, name=Product 4132, price=42320.0, quantity=4142)
Product(id=4133, name=Product 4133, price=42330.0, quantity=4143)
Product(id=4134, name=Product 4134, price=42340.0, quantity=4144)
Product(id=4135, name=Product 4135, price=42350.0, quantity=4145)
Product(id=4136, name=Product 4136, price=42360.0, quantity=4146)
Product(id=4137, name=Product 4137, price=42370.0, quantity=4147)
Product(id=4138, name=Product 4138, price=42380.0, quantity=4148)
Product(id=4139, name=Product 4139, price=42390.0, quantity=4149)
Product(id=4140, name=Product 4140, price=42400.0, quantity=4150)
Product(id=4141, name=Product 4141, price=42410.0, quantity=4151)
Product(id=4142, name=Product 4142, price=42420.0, quantity=4152)
Product(id=4143, name=Product 4143, price=42430.0, quantity=4153)
Product(id=4144, name=Product 4144, price=42440.0, quantity=4154)
Product(id=4145, name=Product 4145, price=42450.0, quantity=4155)
Product(id=4146, name=Product 4146, price=42460.0, quantity=4156)
Product(id=4147, name=Product 4147, price=42470.0, quantity=4157)
Product(id=4148, name=Product 4148, price=42480.0, quantity=4158)
Product(id=4149, name=Product 4149, price=42490.0, quantity=4159)
Product(id=4150, name=Product 4150, price=42500.0, quantity=4160)
Product(id=4151, name=Product 4151, price=42510.0, quantity=4161)
Product(id=4152, name=Product 4152, price=42520.0, quantity=4162)
Product(id=4153, name=Product 4153, price=42530.0, quantity=4163)
Product(id=4154, name=Product 4154, price=42540.0, quantity=4164)
Product(id=4155, name=Product 4155, price=42550.0, quantity=4165)
Product(id=4156, name=Product 4156, price=42560.0, quantity=4166)
Product(id=4157, name=Product 4157, price=42570.0, quantity=4167)
Product(id=4158, name=Product 4158, price=42580.0, quantity=4168)
Product(id=4159, name=Product 4159, price=42590.0, quantity=4169)
Product(id=4160, name=Product 4160, price=42600.0, quantity=4170)
Product(id=4161, name=Product 4161, price=42610.0, quantity=4171)
Product(id=4162, name=Product 4162, price=42620.0, quantity=4172)
Product(id=4163, name=Product 4163, price=42630.0, quantity=4173)
Product(id=4164, name=Product 4164, price=42640.0, quantity=4174)
Product(id=4165, name=Product 4165, price=42650.0, quantity=4175)
Product(id=4166, name=Product 4166, price=42660.0, quantity=4176)
Product(id=4167, name=Product 4167, price=42670.0, quantity=4177)
Product(id=4168, name=Product 4168, price=42680.0, quantity=4178)
Product(id=4169, name=Product 4169, price=42690.0, quantity=4179)
Product(id=4170, name=Product 4170, price=42700.0, quantity=4180)
Product(id=4171, name=Product 4171, price=42710.0, quantity=4181)
Product(id=4172, name=Product 4172, price=42720.0, quantity=4182)
Product(id=4173, name=Product 4173, price=42730.0, quantity=4183)
Product(id=4174, name=Product 4174, price=42740.0, quantity=4184)
Product(id=4175, name=Product 4175, price=42750.0, quantity=4185)
Product(id=4176, name=Product 4176, price=42760.0, quantity=4186)
Product(id=4177, name=Product 4177, price=42770.0, quantity=4187)
Product(id=4178, name=Product 4178, price=42780.0, quantity=4188)
Product(id=4179, name=Product 4179, price=42790.0, quantity=4189)
Product(id=4180, name=Product 4180, price=42800.0, quantity=4190)
Product(id=4181, name=Product 4181, price=42810.0, quantity=4191)
Product(id=4182, name=Product 4182, price=42820.0, quantity=4192)
Product(id=4183, name=Product 4183, price=42830.0, quantity=4193)
Product(id=4184, name=Product 4184, price=42840.0, quantity=4194)
Product(id=4185, name=Product 4185, price=42850.0, quantity=4195)
Product(id=4186, name=Product 4186, price=42860.0, quantity=4196)
Product(id=4187, name=Product 4187, price=42870.0, quantity=4197)
Product(id=4188, name=Product 4188, price=42880.0, quantity=4198)
Product(id=4189, name=Product 4189, price=42890.0, quantity=4199)
Product(id=4190, name=Product 4190, price=42900.0, quantity=4200)
Product(id=4191, name=Product 4191, price=42910.0, quantity=4201)
Product(id=4192, name=Product 4192, price=42920.0, quantity=4202)
Product(id=4193, name=Product 4193, price=42930.0, quantity=4203)
Product(id=4194, name=Product 4194, price=42940.0, quantity=4204)
Product(id=4195, name=Product 4195, price=42950.0, quantity=4205)
Product(id=4196, name=Product 4196, price=42960.0, quantity=4206)
Product(id=4197, name=Product 4197, price=42970.0, quantity=4207)
Product(id=4198, name=Product 4198, price=42980.0, quantity=4208)
Product(id=4199, name=Product 4199, price=42990.0, quantity=4209)
Product(id=4200, name=Product 4200, price=43000.0, quantity=4210)
Product(id=4201, name=Product 4201, price=43010.0, quantity=4211)
Product(id=4202, name=Product 4202, price=43020.0, quantity=4212)
Product(id=4203, name=Product 4203, price=43030.0, quantity=4213)
Product(id=4204, name=Product 4204, price=43040.0, quantity=4214)
Product(id=4205, name=Product 4205, price=43050.0, quantity=4215)
Product(id=4206, name=Product 4206, price=43060.0, quantity=4216)
Product(id=4207, name=Product 4207, price=43070.0, quantity=4217)
Product(id=4208, name=Product 4208, price=43080.0, quantity=4218)
Product(id=4209, name=Product 4209, price=43090.0, quantity=4219)
Product(id=4210, name=Product 4210, price=43100.0, quantity=4220)
Product(id=4211, name=Product 4211, price=43110.0, quantity=4221)
Product(id=4212, name=Product 4212, price=43120.0, quantity=4222)
Product(id=4213, name=Product 4213, price=43130.0, quantity=4223)
Product(id=4214, name=Product 4214, price=43140.0, quantity=4224)
Product(id=4215, name=Product 4215, price=43150.0, quantity=4225)
Product(id=4216, name=Product 4216, price=43160.0, quantity=4226)
Product(id=4217, name=Product 4217, price=43170.0, quantity=4227)
Product(id=4218, name=Product 4218, price=43180.0, quantity=4228)
Product(id=4219, name=Product 4219, price=43190.0, quantity=4229)
Product(id=4220, name=Product 4220, price=43200.0, quantity=4230)
Product(id=4221, name=Product 4221, price=43210.0, quantity=4231)
Product(id=4222, name=Product 4222, price=43220.0, quantity=4232)
Product(id=4223, name=Product 4223, price=43230.0, quantity=4233)
Product(id=4224, name=Product 4224, price=43240.0, quantity=4234)
Product(id=4225, name=Product 4225, price=43250.0, quantity=4235)
Product(id=4226, name=Product 4226, price=43260.0, quantity=4236)
Product(id=4227, name=Product 4227, price=43270.0, quantity=4237)
Product(id=4228, name=Product 4228, price=43280.0, quantity=4238)
Product(id=4229, name=Product 4229, price=43290.0, quantity=4239)
Product(id=4230, name=Product 4230, price=43300.0, quantity=4240)
Product(id=4231, name=Product 4231, price=43310.0, quantity=4241)
Product(id=4232, name=Product 4232, price=43320.0, quantity=4242)
Product(id=4233, name=Product 4233, price=43330.0, quantity=4243)
Product(id=4234, name=Product 4234, price=43340.0, quantity=4244)
Product(id=4235, name=Product 4235, price=43350.0, quantity=4245)
Product(id=4236, name=Product 4236, price=43360.0, quantity=4246)
Product(id=4237, name=Product 4237, price=43370.0, quantity=4247)
Product(id=4238, name=Product 4238, price=43380.0, quantity=4248)
Product(id=4239, name=Product 4239, price=43390.0, quantity=4249)
Product(id=4240, name=Product 4240, price=43400.0, quantity=4250)
Product(id=4241, name=Product 4241, price=43410.0, quantity=4251)
Product(id=4242, name=Product 4242, price=43420.0, quantity=4252)
Product(id=4243, name=Product 4243, price=43430.0, quantity=4253)
Product(id=4244, name=Product 4244, price=43440.0, quantity=4254)
Product(id=4245, name=Product 4245, price=43450.0, quantity=4255)
Product(id=4246, name=Product 4246, price=43460.0, quantity=4256)
Product(id=4247, name=Product 4247, price=43470.0, quantity=4257)
Product(id=4248, name=Product 4248, price=43480.0, quantity=4258)
Product(id=4249, name=Product 4249, price=43490.0, quantity=4259)
Product(id=4250, name=Product 4250, price=43500.0, quantity=4260)
Product(id=4251, name=Product 4251, price=43510.0, quantity=4261)
Product(id=4252, name=Product 4252, price=43520.0, quantity=4262)
Product(id=4253, name=Product 4253, price=43530.0, quantity=4263)
Product(id=4254, name=Product 4254, price=43540.0, quantity=4264)
Product(id=4255, name=Product 4255, price=43550.0, quantity=4265)
Product(id=4256, name=Product 4256, price=43560.0, quantity=4266)
Product(id=4257, name=Product 4257, price=43570.0, quantity=4267)
Product(id=4258, name=Product 4258, price=43580.0, quantity=4268)
Product(id=4259, name=Product 4259, price=43590.0, quantity=4269)
Product(id=4260, name=Product 4260, price=43600.0, quantity=4270)
Product(id=4261, name=Product 4261, price=43610.0, quantity=4271)
Product(id=4262, name=Product 4262, price=43620.0, quantity=4272)
Product(id=4263, name=Product 4263, price=43630.0, quantity=4273)
Product(id=4264, name=Product 4264, price=43640.0, quantity=4274)
Product(id=4265, name=Product 4265, price=43650.0, quantity=4275)
Product(id=4266, name=Product 4266, price=43660.0, quantity=4276)
Product(id=4267, name=Product 4267, price=43670.0, quantity=4277)
Product(id=4268, name=Product 4268, price=43680.0, quantity=4278)
Product(id=4269, name=Product 4269, price=43690.0, quantity=4279)
Product(id=4270, name=Product 4270, price=43700.0, quantity=4280)
Product(id=4271, name=Product 4271, price=43710.0, quantity=4281)
Product(id=4272, name=Product 4272, price=43720.0, quantity=4282)
Product(id=4273, name=Product 4273, price=43730.0, quantity=4283)
Product(id=4274, name=Product 4274, price=43740.0, quantity=4284)
Product(id=4275, name=Product 4275, price=43750.0, quantity=4285)
Product(id=4276, name=Product 4276, price=43760.0, quantity=4286)
Product(id=4277, name=Product 4277, price=43770.0, quantity=4287)
Product(id=4278, name=Product 4278, price=43780.0, quantity=4288)
Product(id=4279, name=Product 4279, price=43790.0, quantity=4289)
Product(id=4280, name=Product 4280, price=43800.0, quantity=4290)
Product(id=4281, name=Product 4281, price=43810.0, quantity=4291)
Product(id=4282, name=Product 4282, price=43820.0, quantity=4292)
Product(id=4283, name=Product 4283, price=43830.0, quantity=4293)
Product(id=4284, name=Product 4284, price=43840.0, quantity=4294)
Product(id=4285, name=Product 4285, price=43850.0, quantity=4295)
Product(id=4286, name=Product 4286, price=43860.0, quantity=4296)
Product(id=4287, name=Product 4287, price=43870.0, quantity=4297)
Product(id=4288, name=Product 4288, price=43880.0, quantity=4298)
Product(id=4289, name=Product 4289, price=43890.0, quantity=4299)
Product(id=4290, name=Product 4290, price=43900.0, quantity=4300)
Product(id=4291, name=Product 4291, price=43910.0, quantity=4301)
Product(id=4292, name=Product 4292, price=43920.0, quantity=4302)
Product(id=4293, name=Product 4293, price=43930.0, quantity=4303)
Product(id=4294, name=Product 4294, price=43940.0, quantity=4304)
Product(id=4295, name=Product 4295, price=43950.0, quantity=4305)
Product(id=4296, name=Product 4296, price=43960.0, quantity=4306)
Product(id=4297, name=Product 4297, price=43970.0, quantity=4307)
Product(id=4298, name=Product 4298, price=43980.0, quantity=4308)
Product(id=4299, name=Product 4299, price=43990.0, quantity=4309)
Product(id=4300, name=Product 4300, price=44000.0, quantity=4310)
Product(id=4301, name=Product 4301, price=44010.0, quantity=4311)
Product(id=4302, name=Product 4302, price=44020.0, quantity=4312)
Product(id=4303, name=Product 4303, price=44030.0, quantity=4313)
Product(id=4304, name=Product 4304, price=44040.0, quantity=4314)
Product(id=4305, name=Product 4305, price=44050.0, quantity=4315)
Product(id=4306, name=Product 4306, price=44060.0, quantity=4316)
Product(id=4307, name=Product 4307, price=44070.0, quantity=4317)
Product(id=4308, name=Product 4308, price=44080.0, quantity=4318)
Product(id=4309, name=Product 4309, price=44090.0, quantity=4319)
Product(id=4310, name=Product 4310, price=44100.0, quantity=4320)
Product(id=4311, name=Product 4311, price=44110.0, quantity=4321)
Product(id=4312, name=Product 4312, price=44120.0, quantity=4322)
Product(id=4313, name=Product 4313, price=44130.0, quantity=4323)
Product(id=4314, name=Product 4314, price=44140.0, quantity=4324)
Product(id=4315, name=Product 4315, price=44150.0, quantity=4325)
Product(id=4316, name=Product 4316, price=44160.0, quantity=4326)
Product(id=4317, name=Product 4317, price=44170.0, quantity=4327)
Product(id=4318, name=Product 4318, price=44180.0, quantity=4328)
Product(id=4319, name=Product 4319, price=44190.0, quantity=4329)
Product(id=4320, name=Product 4320, price=44200.0, quantity=4330)
Product(id=4321, name=Product 4321, price=44210.0, quantity=4331)
Product(id=4322, name=Product 4322, price=44220.0, quantity=4332)
Product(id=4323, name=Product 4323, price=44230.0, quantity=4333)
Product(id=4324, name=Product 4324, price=44240.0, quantity=4334)
Product(id=4325, name=Product 4325, price=44250.0, quantity=4335)
Product(id=4326, name=Product 4326, price=44260.0, quantity=4336)
Product(id=4327, name=Product 4327, price=44270.0, quantity=4337)
Product(id=4328, name=Product 4328, price=44280.0, quantity=4338)
Product(id=4329, name=Product 4329, price=44290.0, quantity=4339)
Product(id=4330, name=Product 4330, price=44300.0, quantity=4340)
Product(id=4331, name=Product 4331, price=44310.0, quantity=4341)
Product(id=4332, name=Product 4332, price=44320.0, quantity=4342)
Product(id=4333, name=Product 4333, price=44330.0, quantity=4343)
Product(id=4334, name=Product 4334, price=44340.0, quantity=4344)
Product(id=4335, name=Product 4335, price=44350.0, quantity=4345)
Product(id=4336, name=Product 4336, price=44360.0, quantity=4346)
Product(id=4337, name=Product 4337, price=44370.0, quantity=4347)
Product(id=4338, name=Product 4338, price=44380.0, quantity=4348)
Product(id=4339, name=Product 4339, price=44390.0, quantity=4349)
Product(id=4340, name=Product 4340, price=44400.0, quantity=4350)
Product(id=4341, name=Product 4341, price=44410.0, quantity=4351)
Product(id=4342, name=Product 4342, price=44420.0, quantity=4352)
Product(id=4343, name=Product 4343, price=44430.0, quantity=4353)
Product(id=4344, name=Product 4344, price=44440.0, quantity=4354)
Product(id=4345, name=Product 4345, price=44450.0, quantity=4355)
Product(id=4346, name=Product 4346, price=44460.0, quantity=4356)
Product(id=4347, name=Product 4347, price=44470.0, quantity=4357)
Product(id=4348, name=Product 4348, price=44480.0, quantity=4358)
Product(id=4349, name=Product 4349, price=44490.0, quantity=4359)
Product(id=4350, name=Product 4350, price=44500.0, quantity=4360)
Product(id=4351, name=Product 4351, price=44510.0, quantity=4361)
Product(id=4352, name=Product 4352, price=44520.0, quantity=4362)
Product(id=4353, name=Product 4353, price=44530.0, quantity=4363)
Product(id=4354, name=Product 4354, price=44540.0, quantity=4364)
Product(id=4355, name=Product 4355, price=44550.0, quantity=4365)
Product(id=4356, name=Product 4356, price=44560.0, quantity=4366)
Product(id=4357, name=Product 4357, price=44570.0, quantity=4367)
Product(id=4358, name=Product 4358, price=44580.0, quantity=4368)
Product(id=4359, name=Product 4359, price=44590.0, quantity=4369)
Product(id=4360, name=Product 4360, price=44600.0, quantity=4370)
Product(id=4361, name=Product 4361, price=44610.0, quantity=4371)
Product(id=4362, name=Product 4362, price=44620.0, quantity=4372)
Product(id=4363, name=Product 4363, price=44630.0, quantity=4373)
Product(id=4364, name=Product 4364, price=44640.0, quantity=4374)
Product(id=4365, name=Product 4365, price=44650.0, quantity=4375)
Product(id=4366, name=Product 4366, price=44660.0, quantity=4376)
Product(id=4367, name=Product 4367, price=44670.0, quantity=4377)
Product(id=4368, name=Product 4368, price=44680.0, quantity=4378)
Product(id=4369, name=Product 4369, price=44690.0, quantity=4379)
Product(id=4370, name=Product 4370, price=44700.0, quantity=4380)
Product(id=4371, name=Product 4371, price=44710.0, quantity=4381)
Product(id=4372, name=Product 4372, price=44720.0, quantity=4382)
Product(id=4373, name=Product 4373, price=44730.0, quantity=4383)
Product(id=4374, name=Product 4374, price=44740.0, quantity=4384)
Product(id=4375, name=Product 4375, price=44750.0, quantity=4385)
Product(id=4376, name=Product 4376, price=44760.0, quantity=4386)
Product(id=4377, name=Product 4377, price=44770.0, quantity=4387)
Product(id=4378, name=Product 4378, price=44780.0, quantity=4388)
Product(id=4379, name=Product 4379, price=44790.0, quantity=4389)
Product(id=4380, name=Product 4380, price=44800.0, quantity=4390)
Product(id=4381, name=Product 4381, price=44810.0, quantity=4391)
Product(id=4382, name=Product 4382, price=44820.0, quantity=4392)
Product(id=4383, name=Product 4383, price=44830.0, quantity=4393)
Product(id=4384, name=Product 4384, price=44840.0, quantity=4394)
Product(id=4385, name=Product 4385, price=44850.0, quantity=4395)
Product(id=4386, name=Product 4386, price=44860.0, quantity=4396)
Product(id=4387, name=Product 4387, price=44870.0, quantity=4397)
Product(id=4388, name=Product 4388, price=44880.0, quantity=4398)
Product(id=4389, name=Product 4389, price=44890.0, quantity=4399)
Product(id=4390, name=Product 4390, price=44900.0, quantity=4400)
Product(id=4391, name=Product 4391, price=44910.0, quantity=4401)
Product(id=4392, name=Product 4392, price=44920.0, quantity=4402)
Product(id=4393, name=Product 4393, price=44930.0, quantity=4403)
Product(id=4394, name=Product 4394, price=44940.0, quantity=4404)
Product(id=4395, name=Product 4395, price=44950.0, quantity=4405)
Product(id=4396, name=Product 4396, price=44960.0, quantity=4406)
Product(id=4397, name=Product 4397, price=44970.0, quantity=4407)
Product(id=4398, name=Product 4398, price=44980.0, quantity=4408)
Product(id=4399, name=Product 4399, price=44990.0, quantity=4409)
Product(id=4400, name=Product 4400, price=45000.0, quantity=4410)
Product(id=4401, name=Product 4401, price=45010.0, quantity=4411)
Product(id=4402, name=Product 4402, price=45020.0, quantity=4412)
Product(id=4403, name=Product 4403, price=45030.0, quantity=4413)
Product(id=4404, name=Product 4404, price=45040.0, quantity=4414)
Product(id=4405, name=Product 4405, price=45050.0, quantity=4415)
Product(id=4406, name=Product 4406, price=45060.0, quantity=4416)
Product(id=4407, name=Product 4407, price=45070.0, quantity=4417)
Product(id=4408, name=Product 4408, price=45080.0, quantity=4418)
Product(id=4409, name=Product 4409, price=45090.0, quantity=4419)
Product(id=4410, name=Product 4410, price=45100.0, quantity=4420)
Product(id=4411, name=Product 4411, price=45110.0, quantity=4421)
Product(id=4412, name=Product 4412, price=45120.0, quantity=4422)
Product(id=4413, name=Product 4413, price=45130.0, quantity=4423)
Product(id=4414, name=Product 4414, price=45140.0, quantity=4424)
Product(id=4415, name=Product 4415, price=45150.0, quantity=4425)
Product(id=4416, name=Product 4416, price=45160.0, quantity=4426)
Product(id=4417, name=Product 4417, price=45170.0, quantity=4427)
Product(id=4418, name=Product 4418, price=45180.0, quantity=4428)
Product(id=4419, name=Product 4419, price=45190.0, quantity=4429)
Product(id=4420, name=Product 4420, price=45200.0, quantity=4430)
Product(id=4421, name=Product 4421, price=45210.0, quantity=4431)
Product(id=4422, name=Product 4422, price=45220.0, quantity=4432)
Product(id=4423, name=Product 4423, price=45230.0, quantity=4433)
Product(id=4424, name=Product 4424, price=45240.0, quantity=4434)
Product(id=4425, name=Product 4425, price=45250.0, quantity=4435)
Product(id=4426, name=Product 4426, price=45260.0, quantity=4436)
Product(id=4427, name=Product 4427, price=45270.0, quantity=4437)
Product(id=4428, name=Product 4428, price=45280.0, quantity=4438)
Product(id=4429, name=Product 4429, price=45290.0, quantity=4439)
Product(id=4430, name=Product 4430, price=45300.0, quantity=4440)
Product(id=4431, name=Product 4431, price=45310.0, quantity=4441)
Product(id=4432, name=Product 4432, price=45320.0, quantity=4442)
Product(id=4433, name=Product 4433, price=45330.0, quantity=4443)
Product(id=4434, name=Product 4434, price=45340.0, quantity=4444)
Product(id=4435, name=Product 4435, price=45350.0, quantity=4445)
Product(id=4436, name=Product 4436, price=45360.0, quantity=4446)
Product(id=4437, name=Product 4437, price=45370.0, quantity=4447)
Product(id=4438, name=Product 4438, price=45380.0, quantity=4448)
Product(id=4439, name=Product 4439, price=45390.0, quantity=4449)
Product(id=4440, name=Product 4440, price=45400.0, quantity=4450)
Product(id=4441, name=Product 4441, price=45410.0, quantity=4451)
Product(id=4442, name=Product 4442, price=45420.0, quantity=4452)
Product(id=4443, name=Product 4443, price=45430.0, quantity=4453)
Product(id=4444, name=Product 4444, price=45440.0, quantity=4454)
Product(id=4445, name=Product 4445, price=45450.0, quantity=4455)
Product(id=4446, name=Product 4446, price=45460.0, quantity=4456)
Product(id=4447, name=Product 4447, price=45470.0, quantity=4457)
Product(id=4448, name=Product 4448, price=45480.0, quantity=4458)
Product(id=4449, name=Product 4449, price=45490.0, quantity=4459)
Product(id=4450, name=Product 4450, price=45500.0, quantity=4460)
Product(id=4451, name=Product 4451, price=45510.0, quantity=4461)
Product(id=4452, name=Product 4452, price=45520.0, quantity=4462)
Product(id=4453, name=Product 4453, price=45530.0, quantity=4463)
Product(id=4454, name=Product 4454, price=45540.0, quantity=4464)
Product(id=4455, name=Product 4455, price=45550.0, quantity=4465)
Product(id=4456, name=Product 4456, price=45560.0, quantity=4466)
Product(id=4457, name=Product 4457, price=45570.0, quantity=4467)
Product(id=4458, name=Product 4458, price=45580.0, quantity=4468)
Product(id=4459, name=Product 4459, price=45590.0, quantity=4469)
Product(id=4460, name=Product 4460, price=45600.0, quantity=4470)
Product(id=4461, name=Product 4461, price=45610.0, quantity=4471)
Product(id=4462, name=Product 4462, price=45620.0, quantity=4472)
Product(id=4463, name=Product 4463, price=45630.0, quantity=4473)
Product(id=4464, name=Product 4464, price=45640.0, quantity=4474)
Product(id=4465, name=Product 4465, price=45650.0, quantity=4475)
Product(id=4466, name=Product 4466, price=45660.0, quantity=4476)
Product(id=4467, name=Product 4467, price=45670.0, quantity=4477)
Product(id=4468, name=Product 4468, price=45680.0, quantity=4478)
Product(id=4469, name=Product 4469, price=45690.0, quantity=4479)
Product(id=4470, name=Product 4470, price=45700.0, quantity=4480)
Product(id=4471, name=Product 4471, price=45710.0, quantity=4481)
Product(id=4472, name=Product 4472, price=45720.0, quantity=4482)
Product(id=4473, name=Product 4473, price=45730.0, quantity=4483)
Product(id=4474, name=Product 4474, price=45740.0, quantity=4484)
Product(id=4475, name=Product 4475, price=45750.0, quantity=4485)
Product(id=4476, name=Product 4476, price=45760.0, quantity=4486)
Product(id=4477, name=Product 4477, price=45770.0, quantity=4487)
Product(id=4478, name=Product 4478, price=45780.0, quantity=4488)
Product(id=4479, name=Product 4479, price=45790.0, quantity=4489)
Product(id=4480, name=Product 4480, price=45800.0, quantity=4490)
Product(id=4481, name=Product 4481, price=45810.0, quantity=4491)
Product(id=4482, name=Product 4482, price=45820.0, quantity=4492)
Product(id=4483, name=Product 4483, price=45830.0, quantity=4493)
Product(id=4484, name=Product 4484, price=45840.0, quantity=4494)
Product(id=4485, name=Product 4485, price=45850.0, quantity=4495)
Product(id=4486, name=Product 4486, price=45860.0, quantity=4496)
Product(id=4487, name=Product 4487, price=45870.0, quantity=4497)
Product(id=4488, name=Product 4488, price=45880.0, quantity=4498)
Product(id=4489, name=Product 4489, price=45890.0, quantity=4499)
Product(id=4490, name=Product 4490, price=45900.0, quantity=4500)
Product(id=4491, name=Product 4491, price=45910.0, quantity=4501)
Product(id=4492, name=Product 4492, price=45920.0, quantity=4502)
Product(id=4493, name=Product 4493, price=45930.0, quantity=4503)
Product(id=4494, name=Product 4494, price=45940.0, quantity=4504)
Product(id=4495, name=Product 4495, price=45950.0, quantity=4505)
Product(id=4496, name=Product 4496, price=45960.0, quantity=4506)
Product(id=4497, name=Product 4497, price=45970.0, quantity=4507)
Product(id=4498, name=Product 4498, price=45980.0, quantity=4508)
Product(id=4499, name=Product 4499, price=45990.0, quantity=4509)
Product(id=4500, name=Product 4500, price=46000.0, quantity=4510)
Product(id=4501, name=Product 4501, price=46010.0, quantity=4511)
Product(id=4502, name=Product 4502, price=46020.0, quantity=4512)
Product(id=4503, name=Product 4503, price=46030.0, quantity=4513)
Product(id=4504, name=Product 4504, price=46040.0, quantity=4514)
Product(id=4505, name=Product 4505, price=46050.0, quantity=4515)
Product(id=4506, name=Product 4506, price=46060.0, quantity=4516)
Product(id=4507, name=Product 4507, price=46070.0, quantity=4517)
Product(id=4508, name=Product 4508, price=46080.0, quantity=4518)
Product(id=4509, name=Product 4509, price=46090.0, quantity=4519)
Product(id=4510, name=Product 4510, price=46100.0, quantity=4520)
Product(id=4511, name=Product 4511, price=46110.0, quantity=4521)
Product(id=4512, name=Product 4512, price=46120.0, quantity=4522)
Product(id=4513, name=Product 4513, price=46130.0, quantity=4523)
Product(id=4514, name=Product 4514, price=46140.0, quantity=4524)
Product(id=4515, name=Product 4515, price=46150.0, quantity=4525)
Product(id=4516, name=Product 4516, price=46160.0, quantity=4526)
Product(id=4517, name=Product 4517, price=46170.0, quantity=4527)
Product(id=4518, name=Product 4518, price=46180.0, quantity=4528)
Product(id=4519, name=Product 4519, price=46190.0, quantity=4529)
Product(id=4520, name=Product 4520, price=46200.0, quantity=4530)
Product(id=4521, name=Product 4521, price=46210.0, quantity=4531)
Product(id=4522, name=Product 4522, price=46220.0, quantity=4532)
Product(id=4523, name=Product 4523, price=46230.0, quantity=4533)
Product(id=4524, name=Product 4524, price=46240.0, quantity=4534)
Product(id=4525, name=Product 4525, price=46250.0, quantity=4535)
Product(id=4526, name=Product 4526, price=46260.0, quantity=4536)
Product(id=4527, name=Product 4527, price=46270.0, quantity=4537)
Product(id=4528, name=Product 4528, price=46280.0, quantity=4538)
Product(id=4529, name=Product 4529, price=46290.0, quantity=4539)
Product(id=4530, name=Product 4530, price=46300.0, quantity=4540)
Product(id=4531, name=Product 4531, price=46310.0, quantity=4541)
Product(id=4532, name=Product 4532, price=46320.0, quantity=4542)
Product(id=4533, name=Product 4533, price=46330.0, quantity=4543)
Product(id=4534, name=Product 4534, price=46340.0, quantity=4544)
Product(id=4535, name=Product 4535, price=46350.0, quantity=4545)
Product(id=4536, name=Product 4536, price=46360.0, quantity=4546)
Product(id=4537, name=Product 4537, price=46370.0, quantity=4547)
Product(id=4538, name=Product 4538, price=46380.0, quantity=4548)
Product(id=4539, name=Product 4539, price=46390.0, quantity=4549)
Product(id=4540, name=Product 4540, price=46400.0, quantity=4550)
Product(id=4541, name=Product 4541, price=46410.0, quantity=4551)
Product(id=4542, name=Product 4542, price=46420.0, quantity=4552)
Product(id=4543, name=Product 4543, price=46430.0, quantity=4553)
Product(id=4544, name=Product 4544, price=46440.0, quantity=4554)
Product(id=4545, name=Product 4545, price=46450.0, quantity=4555)
Product(id=4546, name=Product 4546, price=46460.0, quantity=4556)
Product(id=4547, name=Product 4547, price=46470.0, quantity=4557)
Product(id=4548, name=Product 4548, price=46480.0, quantity=4558)
Product(id=4549, name=Product 4549, price=46490.0, quantity=4559)
Product(id=4550, name=Product 4550, price=46500.0, quantity=4560)
Product(id=4551, name=Product 4551, price=46510.0, quantity=4561)
Product(id=4552, name=Product 4552, price=46520.0, quantity=4562)
Product(id=4553, name=Product 4553, price=46530.0, quantity=4563)
Product(id=4554, name=Product 4554, price=46540.0, quantity=4564)
Product(id=4555, name=Product 4555, price=46550.0, quantity=4565)
Product(id=4556, name=Product 4556, price=46560.0, quantity=4566)
Product(id=4557, name=Product 4557, price=46570.0, quantity=4567)
Product(id=4558, name=Product 4558, price=46580.0, quantity=4568)
Product(id=4559, name=Product 4559, price=46590.0, quantity=4569)
Product(id=4560, name=Product 4560, price=46600.0, quantity=4570)
Product(id=4561, name=Product 4561, price=46610.0, quantity=4571)
Product(id=4562, name=Product 4562, price=46620.0, quantity=4572)
Product(id=4563, name=Product 4563, price=46630.0, quantity=4573)
Product(id=4564, name=Product 4564, price=46640.0, quantity=4574)
Product(id=4565, name=Product 4565, price=46650.0, quantity=4575)
Product(id=4566, name=Product 4566, price=46660.0, quantity=4576)
Product(id=4567, name=Product 4567, price=46670.0, quantity=4577)
Product(id=4568, name=Product 4568, price=46680.0, quantity=4578)
Product(id=4569, name=Product 4569, price=46690.0, quantity=4579)
Product(id=4570, name=Product 4570, price=46700.0, quantity=4580)
Product(id=4571, name=Product 4571, price=46710.0, quantity=4581)
Product(id=4572, name=Product 4572, price=46720.0, quantity=4582)
Product(id=4573, name=Product 4573, price=46730.0, quantity=4583)
Product(id=4574, name=Product 4574, price=46740.0, quantity=4584)
Product(id=4575, name=Product 4575, price=46750.0, quantity=4585)
Product(id=4576, name=Product 4576, price=46760.0, quantity=4586)
Product(id=4577, name=Product 4577, price=46770.0, quantity=4587)
Product(id=4578, name=Product 4578, price=46780.0, quantity=4588)
Product(id=4579, name=Product 4579, price=46790.0, quantity=4589)
Product(id=4580, name=Product 4580, price=46800.0, quantity=4590)
Product(id=4581, name=Product 4581, price=46810.0, quantity=4591)
Product(id=4582, name=Product 4582, price=46820.0, quantity=4592)
Product(id=4583, name=Product 4583, price=46830.0, quantity=4593)
Product(id=4584, name=Product 4584, price=46840.0, quantity=4594)
Product(id=4585, name=Product 4585, price=46850.0, quantity=4595)
Product(id=4586, name=Product 4586, price=46860.0, quantity=4596)
Product(id=4587, name=Product 4587, price=46870.0, quantity=4597)
Product(id=4588, name=Product 4588, price=46880.0, quantity=4598)
Product(id=4589, name=Product 4589, price=46890.0, quantity=4599)
Product(id=4590, name=Product 4590, price=46900.0, quantity=4600)
Product(id=4591, name=Product 4591, price=46910.0, quantity=4601)
Product(id=4592, name=Product 4592, price=46920.0, quantity=4602)
Product(id=4593, name=Product 4593, price=46930.0, quantity=4603)
Product(id=4594, name=Product 4594, price=46940.0, quantity=4604)
Product(id=4595, name=Product 4595, price=46950.0, quantity=4605)
Product(id=4596, name=Product 4596, price=46960.0, quantity=4606)
Product(id=4597, name=Product 4597, price=46970.0, quantity=4607)
Product(id=4598, name=Product 4598, price=46980.0, quantity=4608)
Product(id=4599, name=Product 4599, price=46990.0, quantity=4609)
Product(id=4600, name=Product 4600, price=47000.0, quantity=4610)
Product(id=4601, name=Product 4601, price=47010.0, quantity=4611)
Product(id=4602, name=Product 4602, price=47020.0, quantity=4612)
Product(id=4603, name=Product 4603, price=47030.0, quantity=4613)
Product(id=4604, name=Product 4604, price=47040.0, quantity=4614)
Product(id=4605, name=Product 4605, price=47050.0, quantity=4615)
Product(id=4606, name=Product 4606, price=47060.0, quantity=4616)
Product(id=4607, name=Product 4607, price=47070.0, quantity=4617)
Product(id=4608, name=Product 4608, price=47080.0, quantity=4618)
Product(id=4609, name=Product 4609, price=47090.0, quantity=4619)
Product(id=4610, name=Product 4610, price=47100.0, quantity=4620)
Product(id=4611, name=Product 4611, price=47110.0, quantity=4621)
Product(id=4612, name=Product 4612, price=47120.0, quantity=4622)
Product(id=4613, name=Product 4613, price=47130.0, quantity=4623)
Product(id=4614, name=Product 4614, price=47140.0, quantity=4624)
Product(id=4615, name=Product 4615, price=47150.0, quantity=4625)
Product(id=4616, name=Product 4616, price=47160.0, quantity=4626)
Product(id=4617, name=Product 4617, price=47170.0, quantity=4627)
Product(id=4618, name=Product 4618, price=47180.0, quantity=4628)
Product(id=4619, name=Product 4619, price=47190.0, quantity=4629)
Product(id=4620, name=Product 4620, price=47200.0, quantity=4630)
Product(id=4621, name=Product 4621, price=47210.0, quantity=4631)
Product(id=4622, name=Product 4622, price=47220.0, quantity=4632)
Product(id=4623, name=Product 4623, price=47230.0, quantity=4633)
Product(id=4624, name=Product 4624, price=47240.0, quantity=4634)
Product(id=4625, name=Product 4625, price=47250.0, quantity=4635)
Product(id=4626, name=Product 4626, price=47260.0, quantity=4636)
Product(id=4627, name=Product 4627, price=47270.0, quantity=4637)
Product(id=4628, name=Product 4628, price=47280.0, quantity=4638)
Product(id=4629, name=Product 4629, price=47290.0, quantity=4639)
Product(id=4630, name=Product 4630, price=47300.0, quantity=4640)
Product(id=4631, name=Product 4631, price=47310.0, quantity=4641)
Product(id=4632, name=Product 4632, price=47320.0, quantity=4642)
Product(id=4633, name=Product 4633, price=47330.0, quantity=4643)
Product(id=4634, name=Product 4634, price=47340.0, quantity=4644)
Product(id=4635, name=Product 4635, price=47350.0, quantity=4645)
Product(id=4636, name=Product 4636, price=47360.0, quantity=4646)
Product(id=4637, name=Product 4637, price=47370.0, quantity=4647)
Product(id=4638, name=Product 4638, price=47380.0, quantity=4648)
Product(id=4639, name=Product 4639, price=47390.0, quantity=4649)
Product(id=4640, name=Product 4640, price=47400.0, quantity=4650)
Product(id=4641, name=Product 4641, price=47410.0, quantity=4651)
Product(id=4642, name=Product 4642, price=47420.0, quantity=4652)
Product(id=4643, name=Product 4643, price=47430.0, quantity=4653)
Product(id=4644, name=Product 4644, price=47440.0, quantity=4654)
Product(id=4645, name=Product 4645, price=47450.0, quantity=4655)
Product(id=4646, name=Product 4646, price=47460.0, quantity=4656)
Product(id=4647, name=Product 4647, price=47470.0, quantity=4657)
Product(id=4648, name=Product 4648, price=47480.0, quantity=4658)
Product(id=4649, name=Product 4649, price=47490.0, quantity=4659)
Product(id=4650, name=Product 4650, price=47500.0, quantity=4660)
Product(id=4651, name=Product 4651, price=47510.0, quantity=4661)
Product(id=4652, name=Product 4652, price=47520.0, quantity=4662)
Product(id=4653, name=Product 4653, price=47530.0, quantity=4663)
Product(id=4654, name=Product 4654, price=47540.0, quantity=4664)
Product(id=4655, name=Product 4655, price=47550.0, quantity=4665)
Product(id=4656, name=Product 4656, price=47560.0, quantity=4666)
Product(id=4657, name=Product 4657, price=47570.0, quantity=4667)
Product(id=4658, name=Product 4658, price=47580.0, quantity=4668)
Product(id=4659, name=Product 4659, price=47590.0, quantity=4669)
Product(id=4660, name=Product 4660, price=47600.0, quantity=4670)
Product(id=4661, name=Product 4661, price=47610.0, quantity=4671)
Product(id=4662, name=Product 4662, price=47620.0, quantity=4672)
Product(id=4663, name=Product 4663, price=47630.0, quantity=4673)
Product(id=4664, name=Product 4664, price=47640.0, quantity=4674)
Product(id=4665, name=Product 4665, price=47650.0, quantity=4675)
Product(id=4666, name=Product 4666, price=47660.0, quantity=4676)
Product(id=4667, name=Product 4667, price=47670.0, quantity=4677)
Product(id=4668, name=Product 4668, price=47680.0, quantity=4678)
Product(id=4669, name=Product 4669, price=47690.0, quantity=4679)
Product(id=4670, name=Product 4670, price=47700.0, quantity=4680)
Product(id=4671, name=Product 4671, price=47710.0, quantity=4681)
Product(id=4672, name=Product 4672, price=47720.0, quantity=4682)
Product(id=4673, name=Product 4673, price=47730.0, quantity=4683)
Product(id=4674, name=Product 4674, price=47740.0, quantity=4684)
Product(id=4675, name=Product 4675, price=47750.0, quantity=4685)
Product(id=4676, name=Product 4676, price=47760.0, quantity=4686)
Product(id=4677, name=Product 4677, price=47770.0, quantity=4687)
Product(id=4678, name=Product 4678, price=47780.0, quantity=4688)
Product(id=4679, name=Product 4679, price=47790.0, quantity=4689)
Product(id=4680, name=Product 4680, price=47800.0, quantity=4690)
Product(id=4681, name=Product 4681, price=47810.0, quantity=4691)
Product(id=4682, name=Product 4682, price=47820.0, quantity=4692)
Product(id=4683, name=Product 4683, price=47830.0, quantity=4693)
Product(id=4684, name=Product 4684, price=47840.0, quantity=4694)
Product(id=4685, name=Product 4685, price=47850.0, quantity=4695)
Product(id=4686, name=Product 4686, price=47860.0, quantity=4696)
Product(id=4687, name=Product 4687, price=47870.0, quantity=4697)
Product(id=4688, name=Product 4688, price=47880.0, quantity=4698)
Product(id=4689, name=Product 4689, price=47890.0, quantity=4699)
Product(id=4690, name=Product 4690, price=47900.0, quantity=4700)
Product(id=4691, name=Product 4691, price=47910.0, quantity=4701)
Product(id=4692, name=Product 4692, price=47920.0, quantity=4702)
Product(id=4693, name=Product 4693, price=47930.0, quantity=4703)
Product(id=4694, name=Product 4694, price=47940.0, quantity=4704)
Product(id=4695, name=Product 4695, price=47950.0, quantity=4705)
Product(id=4696, name=Product 4696, price=47960.0, quantity=4706)
Product(id=4697, name=Product 4697, price=47970.0, quantity=4707)
Product(id=4698, name=Product 4698, price=47980.0, quantity=4708)
Product(id=4699, name=Product 4699, price=47990.0, quantity=4709)
Product(id=4700, name=Product 4700, price=48000.0, quantity=4710)
Product(id=4701, name=Product 4701, price=48010.0, quantity=4711)
Product(id=4702, name=Product 4702, price=48020.0, quantity=4712)
Product(id=4703, name=Product 4703, price=48030.0, quantity=4713)
Product(id=4704, name=Product 4704, price=48040.0, quantity=4714)
Product(id=4705, name=Product 4705, price=48050.0, quantity=4715)
Product(id=4706, name=Product 4706, price=48060.0, quantity=4716)
Product(id=4707, name=Product 4707, price=48070.0, quantity=4717)
Product(id=4708, name=Product 4708, price=48080.0, quantity=4718)
Product(id=4709, name=Product 4709, price=48090.0, quantity=4719)
Product(id=4710, name=Product 4710, price=48100.0, quantity=4720)
Product(id=4711, name=Product 4711, price=48110.0, quantity=4721)
Product(id=4712, name=Product 4712, price=48120.0, quantity=4722)
Product(id=4713, name=Product 4713, price=48130.0, quantity=4723)
Product(id=4714, name=Product 4714, price=48140.0, quantity=4724)
Product(id=4715, name=Product 4715, price=48150.0, quantity=4725)
Product(id=4716, name=Product 4716, price=48160.0, quantity=4726)
Product(id=4717, name=Product 4717, price=48170.0, quantity=4727)
Product(id=4718, name=Product 4718, price=48180.0, quantity=4728)
Product(id=4719, name=Product 4719, price=48190.0, quantity=4729)
Product(id=4720, name=Product 4720, price=48200.0, quantity=4730)
Product(id=4721, name=Product 4721, price=48210.0, quantity=4731)
Product(id=4722, name=Product 4722, price=48220.0, quantity=4732)
Product(id=4723, name=Product 4723, price=48230.0, quantity=4733)
Product(id=4724, name=Product 4724, price=48240.0, quantity=4734)
Product(id=4725, name=Product 4725, price=48250.0, quantity=4735)
Product(id=4726, name=Product 4726, price=48260.0, quantity=4736)
Product(id=4727, name=Product 4727, price=48270.0, quantity=4737)
Product(id=4728, name=Product 4728, price=48280.0, quantity=4738)
Product(id=4729, name=Product 4729, price=48290.0, quantity=4739)
Product(id=4730, name=Product 4730, price=48300.0, quantity=4740)
Product(id=4731, name=Product 4731, price=48310.0, quantity=4741)
Product(id=4732, name=Product 4732, price=48320.0, quantity=4742)
Product(id=4733, name=Product 4733, price=48330.0, quantity=4743)
Product(id=4734, name=Product 4734, price=48340.0, quantity=4744)
Product(id=4735, name=Product 4735, price=48350.0, quantity=4745)
Product(id=4736, name=Product 4736, price=48360.0, quantity=4746)
Product(id=4737, name=Product 4737, price=48370.0, quantity=4747)
Product(id=4738, name=Product 4738, price=48380.0, quantity=4748)
Product(id=4739, name=Product 4739, price=48390.0, quantity=4749)
Product(id=4740, name=Product 4740, price=48400.0, quantity=4750)
Product(id=4741, name=Product 4741, price=48410.0, quantity=4751)
Product(id=4742, name=Product 4742, price=48420.0, quantity=4752)
Product(id=4743, name=Product 4743, price=48430.0, quantity=4753)
Product(id=4744, name=Product 4744, price=48440.0, quantity=4754)
Product(id=4745, name=Product 4745, price=48450.0, quantity=4755)
Product(id=4746, name=Product 4746, price=48460.0, quantity=4756)
Product(id=4747, name=Product 4747, price=48470.0, quantity=4757)
Product(id=4748, name=Product 4748, price=48480.0, quantity=4758)
Product(id=4749, name=Product 4749, price=48490.0, quantity=4759)
Product(id=4750, name=Product 4750, price=48500.0, quantity=4760)
Product(id=4751, name=Product 4751, price=48510.0, quantity=4761)
Product(id=4752, name=Product 4752, price=48520.0, quantity=4762)
Product(id=4753, name=Product 4753, price=48530.0, quantity=4763)
Product(id=4754, name=Product 4754, price=48540.0, quantity=4764)
Product(id=4755, name=Product 4755, price=48550.0, quantity=4765)
Product(id=4756, name=Product 4756, price=48560.0, quantity=4766)
Product(id=4757, name=Product 4757, price=48570.0, quantity=4767)
Product(id=4758, name=Product 4758, price=48580.0, quantity=4768)
Product(id=4759, name=Product 4759, price=48590.0, quantity=4769)
Product(id=4760, name=Product 4760, price=48600.0, quantity=4770)
Product(id=4761, name=Product 4761, price=48610.0, quantity=4771)
Product(id=4762, name=Product 4762, price=48620.0, quantity=4772)
Product(id=4763, name=Product 4763, price=48630.0, quantity=4773)
Product(id=4764, name=Product 4764, price=48640.0, quantity=4774)
Product(id=4765, name=Product 4765, price=48650.0, quantity=4775)
Product(id=4766, name=Product 4766, price=48660.0, quantity=4776)
Product(id=4767, name=Product 4767, price=48670.0, quantity=4777)
Product(id=4768, name=Product 4768, price=48680.0, quantity=4778)
Product(id=4769, name=Product 4769, price=48690.0, quantity=4779)
Product(id=4770, name=Product 4770, price=48700.0, quantity=4780)
Product(id=4771, name=Product 4771, price=48710.0, quantity=4781)
Product(id=4772, name=Product 4772, price=48720.0, quantity=4782)
Product(id=4773, name=Product 4773, price=48730.0, quantity=4783)
Product(id=4774, name=Product 4774, price=48740.0, quantity=4784)
Product(id=4775, name=Product 4775, price=48750.0, quantity=4785)
Product(id=4776, name=Product 4776, price=48760.0, quantity=4786)
Product(id=4777, name=Product 4777, price=48770.0, quantity=4787)
Product(id=4778, name=Product 4778, price=48780.0, quantity=4788)
Product(id=4779, name=Product 4779, price=48790.0, quantity=4789)
Product(id=4780, name=Product 4780, price=48800.0, quantity=4790)
Product(id=4781, name=Product 4781, price=48810.0, quantity=4791)
Product(id=4782, name=Product 4782, price=48820.0, quantity=4792)
Product(id=4783, name=Product 4783, price=48830.0, quantity=4793)
Product(id=4784, name=Product 4784, price=48840.0, quantity=4794)
Product(id=4785, name=Product 4785, price=48850.0, quantity=4795)
Product(id=4786, name=Product 4786, price=48860.0, quantity=4796)
Product(id=4787, name=Product 4787, price=48870.0, quantity=4797)
Product(id=4788, name=Product 4788, price=48880.0, quantity=4798)
Product(id=4789, name=Product 4789, price=48890.0, quantity=4799)
Product(id=4790, name=Product 4790, price=48900.0, quantity=4800)
Product(id=4791, name=Product 4791, price=48910.0, quantity=4801)
Product(id=4792, name=Product 4792, price=48920.0, quantity=4802)
Product(id=4793, name=Product 4793, price=48930.0, quantity=4803)
Product(id=4794, name=Product 4794, price=48940.0, quantity=4804)
Product(id=4795, name=Product 4795, price=48950.0, quantity=4805)
Product(id=4796, name=Product 4796, price=48960.0, quantity=4806)
Product(id=4797, name=Product 4797, price=48970.0, quantity=4807)
Product(id=4798, name=Product 4798, price=48980.0, quantity=4808)
Product(id=4799, name=Product 4799, price=48990.0, quantity=4809)
Product(id=4800, name=Product 4800, price=49000.0, quantity=4810)
Product(id=4801, name=Product 4801, price=49010.0, quantity=4811)
Product(id=4802, name=Product 4802, price=49020.0, quantity=4812)
Product(id=4803, name=Product 4803, price=49030.0, quantity=4813)
Product(id=4804, name=Product 4804, price=49040.0, quantity=4814)
Product(id=4805, name=Product 4805, price=49050.0, quantity=4815)
Product(id=4806, name=Product 4806, price=49060.0, quantity=4816)
Product(id=4807, name=Product 4807, price=49070.0, quantity=4817)
Product(id=4808, name=Product 4808, price=49080.0, quantity=4818)
Product(id=4809, name=Product 4809, price=49090.0, quantity=4819)
Product(id=4810, name=Product 4810, price=49100.0, quantity=4820)
Product(id=4811, name=Product 4811, price=49110.0, quantity=4821)
Product(id=4812, name=Product 4812, price=49120.0, quantity=4822)
Product(id=4813, name=Product 4813, price=49130.0, quantity=4823)
Product(id=4814, name=Product 4814, price=49140.0, quantity=4824)
Product(id=4815, name=Product 4815, price=49150.0, quantity=4825)
Product(id=4816, name=Product 4816, price=49160.0, quantity=4826)
Product(id=4817, name=Product 4817, price=49170.0, quantity=4827)
Product(id=4818, name=Product 4818, price=49180.0, quantity=4828)
Product(id=4819, name=Product 4819, price=49190.0, quantity=4829)
Product(id=4820, name=Product 4820, price=49200.0, quantity=4830)
Product(id=4821, name=Product 4821, price=49210.0, quantity=4831)
Product(id=4822, name=Product 4822, price=49220.0, quantity=4832)
Product(id=4823, name=Product 4823, price=49230.0, quantity=4833)
Product(id=4824, name=Product 4824, price=49240.0, quantity=4834)
Product(id=4825, name=Product 4825, price=49250.0, quantity=4835)
Product(id=4826, name=Product 4826, price=49260.0, quantity=4836)
Product(id=4827, name=Product 4827, price=49270.0, quantity=4837)
Product(id=4828, name=Product 4828, price=49280.0, quantity=4838)
Product(id=4829, name=Product 4829, price=49290.0, quantity=4839)
Product(id=4830, name=Product 4830, price=49300.0, quantity=4840)
Product(id=4831, name=Product 4831, price=49310.0, quantity=4841)
Product(id=4832, name=Product 4832, price=49320.0, quantity=4842)
Product(id=4833, name=Product 4833, price=49330.0, quantity=4843)
Product(id=4834, name=Product 4834, price=49340.0, quantity=4844)
Product(id=4835, name=Product 4835, price=49350.0, quantity=4845)
Product(id=4836, name=Product 4836, price=49360.0, quantity=4846)
Product(id=4837, name=Product 4837, price=49370.0, quantity=4847)
Product(id=4838, name=Product 4838, price=49380.0, quantity=4848)
Product(id=4839, name=Product 4839, price=49390.0, quantity=4849)
Product(id=4840, name=Product 4840, price=49400.0, quantity=4850)
Product(id=4841, name=Product 4841, price=49410.0, quantity=4851)
Product(id=4842, name=Product 4842, price=49420.0, quantity=4852)
Product(id=4843, name=Product 4843, price=49430.0, quantity=4853)
Product(id=4844, name=Product 4844, price=49440.0, quantity=4854)
Product(id=4845, name=Product 4845, price=49450.0, quantity=4855)
Product(id=4846, name=Product 4846, price=49460.0, quantity=4856)
Product(id=4847, name=Product 4847, price=49470.0, quantity=4857)
Product(id=4848, name=Product 4848, price=49480.0, quantity=4858)
Product(id=4849, name=Product 4849, price=49490.0, quantity=4859)
Product(id=4850, name=Product 4850, price=49500.0, quantity=4860)
Product(id=4851, name=Product 4851, price=49510.0, quantity=4861)
Product(id=4852, name=Product 4852, price=49520.0, quantity=4862)
Product(id=4853, name=Product 4853, price=49530.0, quantity=4863)
Product(id=4854, name=Product 4854, price=49540.0, quantity=4864)
Product(id=4855, name=Product 4855, price=49550.0, quantity=4865)
Product(id=4856, name=Product 4856, price=49560.0, quantity=4866)
Product(id=4857, name=Product 4857, price=49570.0, quantity=4867)
Product(id=4858, name=Product 4858, price=49580.0, quantity=4868)
Product(id=4859, name=Product 4859, price=49590.0, quantity=4869)
Product(id=4860, name=Product 4860, price=49600.0, quantity=4870)
Product(id=4861, name=Product 4861, price=49610.0, quantity=4871)
Product(id=4862, name=Product 4862, price=49620.0, quantity=4872)
Product(id=4863, name=Product 4863, price=49630.0, quantity=4873)
Product(id=4864, name=Product 4864, price=49640.0, quantity=4874)
Product(id=4865, name=Product 4865, price=49650.0, quantity=4875)
Product(id=4866, name=Product 4866, price=49660.0, quantity=4876)
Product(id=4867, name=Product 4867, price=49670.0, quantity=4877)
Product(id=4868, name=Product 4868, price=49680.0, quantity=4878)
Product(id=4869, name=Product 4869, price=49690.0, quantity=4879)
Product(id=4870, name=Product 4870, price=49700.0, quantity=4880)
Product(id=4871, name=Product 4871, price=49710.0, quantity=4881)
Product(id=4872, name=Product 4872, price=49720.0, quantity=4882)
Product(id=4873, name=Product 4873, price=49730.0, quantity=4883)
Product(id=4874, name=Product 4874, price=49740.0, quantity=4884)
Product(id=4875, name=Product 4875, price=49750.0, quantity=4885)
Product(id=4876, name=Product 4876, price=49760.0, quantity=4886)
Product(id=4877, name=Product 4877, price=49770.0, quantity=4887)
Product(id=4878, name=Product 4878, price=49780.0, quantity=4888)
Product(id=4879, name=Product 4879, price=49790.0, quantity=4889)
Product(id=4880, name=Product 4880, price=49800.0, quantity=4890)
Product(id=4881, name=Product 4881, price=49810.0, quantity=4891)
Product(id=4882, name=Product 4882, price=49820.0, quantity=4892)
Product(id=4883, name=Product 4883, price=49830.0, quantity=4893)
Product(id=4884, name=Product 4884, price=49840.0, quantity=4894)
Product(id=4885, name=Product 4885, price=49850.0, quantity=4895)
Product(id=4886, name=Product 4886, price=49860.0, quantity=4896)
Product(id=4887, name=Product 4887, price=49870.0, quantity=4897)
Product(id=4888, name=Product 4888, price=49880.0, quantity=4898)
Product(id=4889, name=Product 4889, price=49890.0, quantity=4899)
Product(id=4890, name=Product 4890, price=49900.0, quantity=4900)
Product(id=4891, name=Product 4891, price=49910.0, quantity=4901)
Product(id=4892, name=Product 4892, price=49920.0, quantity=4902)
Product(id=4893, name=Product 4893, price=49930.0, quantity=4903)
Product(id=4894, name=Product 4894, price=49940.0, quantity=4904)
Product(id=4895, name=Product 4895, price=49950.0, quantity=4905)
Product(id=4896, name=Product 4896, price=49960.0, quantity=4906)
Product(id=4897, name=Product 4897, price=49970.0, quantity=4907)
Product(id=4898, name=Product 4898, price=49980.0, quantity=4908)
Product(id=4899, name=Product 4899, price=49990.0, quantity=4909)
Product(id=4900, name=Product 4900, price=50000.0, quantity=4910)
Product(id=4901, name=Product 4901, price=50010.0, quantity=4911)
Product(id=4902, name=Product 4902, price=50020.0, quantity=4912)
Product(id=4903, name=Product 4903, price=50030.0, quantity=4913)
Product(id=4904, name=Product 4904, price=50040.0, quantity=4914)
Product(id=4905, name=Product 4905, price=50050.0, quantity=4915)
Product(id=4906, name=Product 4906, price=50060.0, quantity=4916)
Product(id=4907, name=Product 4907, price=50070.0, quantity=4917)
Product(id=4908, name=Product 4908, price=50080.0, quantity=4918)
Product(id=4909, name=Product 4909, price=50090.0, quantity=4919)
Product(id=4910, name=Product 4910, price=50100.0, quantity=4920)
Product(id=4911, name=Product 4911, price=50110.0, quantity=4921)
Product(id=4912, name=Product 4912, price=50120.0, quantity=4922)
Product(id=4913, name=Product 4913, price=50130.0, quantity=4923)
Product(id=4914, name=Product 4914, price=50140.0, quantity=4924)
Product(id=4915, name=Product 4915, price=50150.0, quantity=4925)
Product(id=4916, name=Product 4916, price=50160.0, quantity=4926)
Product(id=4917, name=Product 4917, price=50170.0, quantity=4927)
Product(id=4918, name=Product 4918, price=50180.0, quantity=4928)
Product(id=4919, name=Product 4919, price=50190.0, quantity=4929)
Product(id=4920, name=Product 4920, price=50200.0, quantity=4930)
Product(id=4921, name=Product 4921, price=50210.0, quantity=4931)
Product(id=4922, name=Product 4922, price=50220.0, quantity=4932)
Product(id=4923, name=Product 4923, price=50230.0, quantity=4933)
Product(id=4924, name=Product 4924, price=50240.0, quantity=4934)
Product(id=4925, name=Product 4925, price=50250.0, quantity=4935)
Product(id=4926, name=Product 4926, price=50260.0, quantity=4936)
Product(id=4927, name=Product 4927, price=50270.0, quantity=4937)
Product(id=4928, name=Product 4928, price=50280.0, quantity=4938)
Product(id=4929, name=Product 4929, price=50290.0, quantity=4939)
Product(id=4930, name=Product 4930, price=50300.0, quantity=4940)
Product(id=4931, name=Product 4931, price=50310.0, quantity=4941)
Product(id=4932, name=Product 4932, price=50320.0, quantity=4942)
Product(id=4933, name=Product 4933, price=50330.0, quantity=4943)
Product(id=4934, name=Product 4934, price=50340.0, quantity=4944)
Product(id=4935, name=Product 4935, price=50350.0, quantity=4945)
Product(id=4936, name=Product 4936, price=50360.0, quantity=4946)
Product(id=4937, name=Product 4937, price=50370.0, quantity=4947)
Product(id=4938, name=Product 4938, price=50380.0, quantity=4948)
Product(id=4939, name=Product 4939, price=50390.0, quantity=4949)
Product(id=4940, name=Product 4940, price=50400.0, quantity=4950)
Product(id=4941, name=Product 4941, price=50410.0, quantity=4951)
Product(id=4942, name=Product 4942, price=50420.0, quantity=4952)
Product(id=4943, name=Product 4943, price=50430.0, quantity=4953)
Product(id=4944, name=Product 4944, price=50440.0, quantity=4954)
Product(id=4945, name=Product 4945, price=50450.0, quantity=4955)
Product(id=4946, name=Product 4946, price=50460.0, quantity=4956)
Product(id=4947, name=Product 4947, price=50470.0, quantity=4957)
Product(id=4948, name=Product 4948, price=50480.0, quantity=4958)
Product(id=4949, name=Product 4949, price=50490.0, quantity=4959)
Product(id=4950, name=Product 4950, price=50500.0, quantity=4960)
Product(id=4951, name=Product 4951, price=50510.0, quantity=4961)
Product(id=4952, name=Product 4952, price=50520.0, quantity=4962)
Product(id=4953, name=Product 4953, price=50530.0, quantity=4963)
Product(id=4954, name=Product 4954, price=50540.0, quantity=4964)
Product(id=4955, name=Product 4955, price=50550.0, quantity=4965)
Product(id=4956, name=Product 4956, price=50560.0, quantity=4966)
Product(id=4957, name=Product 4957, price=50570.0, quantity=4967)
Product(id=4958, name=Product 4958, price=50580.0, quantity=4968)
Product(id=4959, name=Product 4959, price=50590.0, quantity=4969)
Product(id=4960, name=Product 4960, price=50600.0, quantity=4970)
Product(id=4961, name=Product 4961, price=50610.0, quantity=4971)
Product(id=4962, name=Product 4962, price=50620.0, quantity=4972)
Product(id=4963, name=Product 4963, price=50630.0, quantity=4973)
Product(id=4964, name=Product 4964, price=50640.0, quantity=4974)
Product(id=4965, name=Product 4965, price=50650.0, quantity=4975)
Product(id=4966, name=Product 4966, price=50660.0, quantity=4976)
Product(id=4967, name=Product 4967, price=50670.0, quantity=4977)
Product(id=4968, name=Product 4968, price=50680.0, quantity=4978)
Product(id=4969, name=Product 4969, price=50690.0, quantity=4979)
Product(id=4970, name=Product 4970, price=50700.0, quantity=4980)
Product(id=4971, name=Product 4971, price=50710.0, quantity=4981)
Product(id=4972, name=Product 4972, price=50720.0, quantity=4982)
Product(id=4973, name=Product 4973, price=50730.0, quantity=4983)
Product(id=4974, name=Product 4974, price=50740.0, quantity=4984)
Product(id=4975, name=Product 4975, price=50750.0, quantity=4985)
Product(id=4976, name=Product 4976, price=50760.0, quantity=4986)
Product(id=4977, name=Product 4977, price=50770.0, quantity=4987)
Product(id=4978, name=Product 4978, price=50780.0, quantity=4988)
Product(id=4979, name=Product 4979, price=50790.0, quantity=4989)
Product(id=4980, name=Product 4980, price=50800.0, quantity=4990)
Product(id=4981, name=Product 4981, price=50810.0, quantity=4991)
Product(id=4982, name=Product 4982, price=50820.0, quantity=4992)
Product(id=4983, name=Product 4983, price=50830.0, quantity=4993)
Product(id=4984, name=Product 4984, price=50840.0, quantity=4994)
Product(id=4985, name=Product 4985, price=50850.0, quantity=4995)
Product(id=4986, name=Product 4986, price=50860.0, quantity=4996)
Product(id=4987, name=Product 4987, price=50870.0, quantity=4997)
Product(id=4988, name=Product 4988, price=50880.0, quantity=4998)
Product(id=4989, name=Product 4989, price=50890.0, quantity=4999)
Product(id=4990, name=Product 4990, price=50900.0, quantity=5000)
Product(id=4991, name=Product 4991, price=50910.0, quantity=5001)
Product(id=4992, name=Product 4992, price=50920.0, quantity=5002)
Product(id=4993, name=Product 4993, price=50930.0, quantity=5003)
Product(id=4994, name=Product 4994, price=50940.0, quantity=5004)
Product(id=4995, name=Product 4995, price=50950.0, quantity=5005)
Product(id=4996, name=Product 4996, price=50960.0, quantity=5006)
Product(id=4997, name=Product 4997, price=50970.0, quantity=5007)
Product(id=4998, name=Product 4998, price=50980.0, quantity=5008)
Product(id=4999, name=Product 4999, price=50990.0, quantity=5009)
Product(id=5000, name=Product 5000, price=51000.0, quantity=5010)
Product(id=5001, name=Product 5001, price=51010.0, quantity=5011)
Product(id=5002, name=Product 5002, price=51020.0, quantity=5012)
Product(id=5003, name=Product 5003, price=51030.0, quantity=5013)
Product(id=5004, name=Product 5004, price=51040.0, quantity=5014)
Product(id=5005, name=Product 5005, price=51050.0, quantity=5015)
Product(id=5006, name=Product 5006, price=51060.0, quantity=5016)
Product(id=5007, name=Product 5007, price=51070.0, quantity=5017)
Product(id=5008, name=Product 5008, price=51080.0, quantity=5018)
Product(id=5009, name=Product 5009, price=51090.0, quantity=5019)
Product(id=5010, name=Product 5010, price=51100.0, quantity=5020)
Product(id=5011, name=Product 5011, price=51110.0, quantity=5021)
Product(id=5012, name=Product 5012, price=51120.0, quantity=5022)
Product(id=5013, name=Product 5013, price=51130.0, quantity=5023)
Product(id=5014, name=Product 5014, price=51140.0, quantity=5024)
Product(id=5015, name=Product 5015, price=51150.0, quantity=5025)
Product(id=5016, name=Product 5016, price=51160.0, quantity=5026)
Product(id=5017, name=Product 5017, price=51170.0, quantity=5027)
Product(id=5018, name=Product 5018, price=51180.0, quantity=5028)
Product(id=5019, name=Product 5019, price=51190.0, quantity=5029)
Product(id=5020, name=Product 5020, price=51200.0, quantity=5030)
Product(id=5021, name=Product 5021, price=51210.0, quantity=5031)
Product(id=5022, name=Product 5022, price=51220.0, quantity=5032)
Product(id=5023, name=Product 5023, price=51230.0, quantity=5033)
Product(id=5024, name=Product 5024, price=51240.0, quantity=5034)
Product(id=5025, name=Product 5025, price=51250.0, quantity=5035)
Product(id=5026, name=Product 5026, price=51260.0, quantity=5036)
Product(id=5027, name=Product 5027, price=51270.0, quantity=5037)
Product(id=5028, name=Product 5028, price=51280.0, quantity=5038)
Product(id=5029, name=Product 5029, price=51290.0, quantity=5039)
Product(id=5030, name=Product 5030, price=51300.0, quantity=5040)
Product(id=5031, name=Product 5031, price=51310.0, quantity=5041)
Product(id=5032, name=Product 5032, price=51320.0, quantity=5042)
Product(id=5033, name=Product 5033, price=51330.0, quantity=5043)
Product(id=5034, name=Product 5034, price=51340.0, quantity=5044)
Product(id=5035, name=Product 5035, price=51350.0, quantity=5045)
Product(id=5036, name=Product 5036, price=51360.0, quantity=5046)
Product(id=5037, name=Product 5037, price=51370.0, quantity=5047)
Product(id=5038, name=Product 5038, price=51380.0, quantity=5048)
Product(id=5039, name=Product 5039, price=51390.0, quantity=5049)
Product(id=5040, name=Product 5040, price=51400.0, quantity=5050)
Product(id=5041, name=Product 5041, price=51410.0, quantity=5051)
Product(id=5042, name=Product 5042, price=51420.0, quantity=5052)
Product(id=5043, name=Product 5043, price=51430.0, quantity=5053)
Product(id=5044, name=Product 5044, price=51440.0, quantity=5054)
Product(id=5045, name=Product 5045, price=51450.0, quantity=5055)
Product(id=5046, name=Product 5046, price=51460.0, quantity=5056)
Product(id=5047, name=Product 5047, price=51470.0, quantity=5057)
Product(id=5048, name=Product 5048, price=51480.0, quantity=5058)
Product(id=5049, name=Product 5049, price=51490.0, quantity=5059)
Product(id=5050, name=Product 5050, price=51500.0, quantity=5060)
Product(id=5051, name=Product 5051, price=51510.0, quantity=5061)
Product(id=5052, name=Product 5052, price=51520.0, quantity=5062)
Product(id=5053, name=Product 5053, price=51530.0, quantity=5063)
Product(id=5054, name=Product 5054, price=51540.0, quantity=5064)
Product(id=5055, name=Product 5055, price=51550.0, quantity=5065)
Product(id=5056, name=Product 5056, price=51560.0, quantity=5066)
Product(id=5057, name=Product 5057, price=51570.0, quantity=5067)
Product(id=5058, name=Product 5058, price=51580.0, quantity=5068)
Product(id=5059, name=Product 5059, price=51590.0, quantity=5069)
Product(id=5060, name=Product 5060, price=51600.0, quantity=5070)
Product(id=5061, name=Product 5061, price=51610.0, quantity=5071)
Product(id=5062, name=Product 5062, price=51620.0, quantity=5072)
Product(id=5063, name=Product 5063, price=51630.0, quantity=5073)
Product(id=5064, name=Product 5064, price=51640.0, quantity=5074)
Product(id=5065, name=Product 5065, price=51650.0, quantity=5075)
Product(id=5066, name=Product 5066, price=51660.0, quantity=5076)
Product(id=5067, name=Product 5067, price=51670.0, quantity=5077)
Product(id=5068, name=Product 5068, price=51680.0, quantity=5078)
Product(id=5069, name=Product 5069, price=51690.0, quantity=5079)
Product(id=5070, name=Product 5070, price=51700.0, quantity=5080)
Product(id=5071, name=Product 5071, price=51710.0, quantity=5081)
Product(id=5072, name=Product 5072, price=51720.0, quantity=5082)
Product(id=5073, name=Product 5073, price=51730.0, quantity=5083)
Product(id=5074, name=Product 5074, price=51740.0, quantity=5084)
Product(id=5075, name=Product 5075, price=51750.0, quantity=5085)
Product(id=5076, name=Product 5076, price=51760.0, quantity=5086)
Product(id=5077, name=Product 5077, price=51770.0, quantity=5087)
Product(id=5078, name=Product 5078, price=51780.0, quantity=5088)
Product(id=5079, name=Product 5079, price=51790.0, quantity=5089)
Product(id=5080, name=Product 5080, price=51800.0, quantity=5090)
Product(id=5081, name=Product 5081, price=51810.0, quantity=5091)
Product(id=5082, name=Product 5082, price=51820.0, quantity=5092)
Product(id=5083, name=Product 5083, price=51830.0, quantity=5093)
Product(id=5084, name=Product 5084, price=51840.0, quantity=5094)
Product(id=5085, name=Product 5085, price=51850.0, quantity=5095)
Product(id=5086, name=Product 5086, price=51860.0, quantity=5096)
Product(id=5087, name=Product 5087, price=51870.0, quantity=5097)
Product(id=5088, name=Product 5088, price=51880.0, quantity=5098)
Product(id=5089, name=Product 5089, price=51890.0, quantity=5099)
Product(id=5090, name=Product 5090, price=51900.0, quantity=5100)
Product(id=5091, name=Product 5091, price=51910.0, quantity=5101)
Product(id=5092, name=Product 5092, price=51920.0, quantity=5102)
Product(id=5093, name=Product 5093, price=51930.0, quantity=5103)
Product(id=5094, name=Product 5094, price=51940.0, quantity=5104)
Product(id=5095, name=Product 5095, price=51950.0, quantity=5105)
Product(id=5096, name=Product 5096, price=51960.0, quantity=5106)
Product(id=5097, name=Product 5097, price=51970.0, quantity=5107)
Product(id=5098, name=Product 5098, price=51980.0, quantity=5108)
Product(id=5099, name=Product 5099, price=51990.0, quantity=5109)
Product(id=5100, name=Product 5100, price=52000.0, quantity=5110)
Product(id=5101, name=Product 5101, price=52010.0, quantity=5111)
Product(id=5102, name=Product 5102, price=52020.0, quantity=5112)
Product(id=5103, name=Product 5103, price=52030.0, quantity=5113)
Product(id=5104, name=Product 5104, price=52040.0, quantity=5114)
Product(id=5105, name=Product 5105, price=52050.0, quantity=5115)
Product(id=5106, name=Product 5106, price=52060.0, quantity=5116)
Product(id=5107, name=Product 5107, price=52070.0, quantity=5117)
Product(id=5108, name=Product 5108, price=52080.0, quantity=5118)
Product(id=5109, name=Product 5109, price=52090.0, quantity=5119)
Product(id=5110, name=Product 5110, price=52100.0, quantity=5120)
Product(id=5111, name=Product 5111, price=52110.0, quantity=5121)
Product(id=5112, name=Product 5112, price=52120.0, quantity=5122)
Product(id=5113, name=Product 5113, price=52130.0, quantity=5123)
Product(id=5114, name=Product 5114, price=52140.0, quantity=5124)
Product(id=5115, name=Product 5115, price=52150.0, quantity=5125)
Product(id=5116, name=Product 5116, price=52160.0, quantity=5126)
Product(id=5117, name=Product 5117, price=52170.0, quantity=5127)
Product(id=5118, name=Product 5118, price=52180.0, quantity=5128)
Product(id=5119, name=Product 5119, price=52190.0, quantity=5129)
Product(id=5120, name=Product 5120, price=52200.0, quantity=5130)
Product(id=5121, name=Product 5121, price=52210.0, quantity=5131)
Product(id=5122, name=Product 5122, price=52220.0, quantity=5132)
Product(id=5123, name=Product 5123, price=52230.0, quantity=5133)
Product(id=5124, name=Product 5124, price=52240.0, quantity=5134)
Product(id=5125, name=Product 5125, price=52250.0, quantity=5135)
Product(id=5126, name=Product 5126, price=52260.0, quantity=5136)
Product(id=5127, name=Product 5127, price=52270.0, quantity=5137)
Product(id=5128, name=Product 5128, price=52280.0, quantity=5138)
Product(id=5129, name=Product 5129, price=52290.0, quantity=5139)
Product(id=5130, name=Product 5130, price=52300.0, quantity=5140)
Product(id=5131, name=Product 5131, price=52310.0, quantity=5141)
Product(id=5132, name=Product 5132, price=52320.0, quantity=5142)
Product(id=5133, name=Product 5133, price=52330.0, quantity=5143)
Product(id=5134, name=Product 5134, price=52340.0, quantity=5144)
Product(id=5135, name=Product 5135, price=52350.0, quantity=5145)
Product(id=5136, name=Product 5136, price=52360.0, quantity=5146)
Product(id=5137, name=Product 5137, price=52370.0, quantity=5147)
Product(id=5138, name=Product 5138, price=52380.0, quantity=5148)
Product(id=5139, name=Product 5139, price=52390.0, quantity=5149)
Product(id=5140, name=Product 5140, price=52400.0, quantity=5150)
Product(id=5141, name=Product 5141, price=52410.0, quantity=5151)
Product(id=5142, name=Product 5142, price=52420.0, quantity=5152)
Product(id=5143, name=Product 5143, price=52430.0, quantity=5153)
Product(id=5144, name=Product 5144, price=52440.0, quantity=5154)
Product(id=5145, name=Product 5145, price=52450.0, quantity=5155)
Product(id=5146, name=Product 5146, price=52460.0, quantity=5156)
Product(id=5147, name=Product 5147, price=52470.0, quantity=5157)
Product(id=5148, name=Product 5148, price=52480.0, quantity=5158)
Product(id=5149, name=Product 5149, price=52490.0, quantity=5159)
Product(id=5150, name=Product 5150, price=52500.0, quantity=5160)
Product(id=5151, name=Product 5151, price=52510.0, quantity=5161)
Product(id=5152, name=Product 5152, price=52520.0, quantity=5162)
Product(id=5153, name=Product 5153, price=52530.0, quantity=5163)
Product(id=5154, name=Product 5154, price=52540.0, quantity=5164)
Product(id=5155, name=Product 5155, price=52550.0, quantity=5165)
Product(id=5156, name=Product 5156, price=52560.0, quantity=5166)
Product(id=5157, name=Product 5157, price=52570.0, quantity=5167)
Product(id=5158, name=Product 5158, price=52580.0, quantity=5168)
Product(id=5159, name=Product 5159, price=52590.0, quantity=5169)
Product(id=5160, name=Product 5160, price=52600.0, quantity=5170)
Product(id=5161, name=Product 5161, price=52610.0, quantity=5171)
Product(id=5162, name=Product 5162, price=52620.0, quantity=5172)
Product(id=5163, name=Product 5163, price=52630.0, quantity=5173)
Product(id=5164, name=Product 5164, price=52640.0, quantity=5174)
Product(id=5165, name=Product 5165, price=52650.0, quantity=5175)
Product(id=5166, name=Product 5166, price=52660.0, quantity=5176)
Product(id=5167, name=Product 5167, price=52670.0, quantity=5177)
Product(id=5168, name=Product 5168, price=52680.0, quantity=5178)
Product(id=5169, name=Product 5169, price=52690.0, quantity=5179)
Product(id=5170, name=Product 5170, price=52700.0, quantity=5180)
Product(id=5171, name=Product 5171, price=52710.0, quantity=5181)
Product(id=5172, name=Product 5172, price=52720.0, quantity=5182)
Product(id=5173, name=Product 5173, price=52730.0, quantity=5183)
Product(id=5174, name=Product 5174, price=52740.0, quantity=5184)
Product(id=5175, name=Product 5175, price=52750.0, quantity=5185)
Product(id=5176, name=Product 5176, price=52760.0, quantity=5186)
Product(id=5177, name=Product 5177, price=52770.0, quantity=5187)
Product(id=5178, name=Product 5178, price=52780.0, quantity=5188)
Product(id=5179, name=Product 5179, price=52790.0, quantity=5189)
Product(id=5180, name=Product 5180, price=52800.0, quantity=5190)
Product(id=5181, name=Product 5181, price=52810.0, quantity=5191)
Product(id=5182, name=Product 5182, price=52820.0, quantity=5192)
Product(id=5183, name=Product 5183, price=52830.0, quantity=5193)
Product(id=5184, name=Product 5184, price=52840.0, quantity=5194)
Product(id=5185, name=Product 5185, price=52850.0, quantity=5195)
Product(id=5186, name=Product 5186, price=52860.0, quantity=5196)
Product(id=5187, name=Product 5187, price=52870.0, quantity=5197)
Product(id=5188, name=Product 5188, price=52880.0, quantity=5198)
Product(id=5189, name=Product 5189, price=52890.0, quantity=5199)
Product(id=5190, name=Product 5190, price=52900.0, quantity=5200)
Product(id=5191, name=Product 5191, price=52910.0, quantity=5201)
Product(id=5192, name=Product 5192, price=52920.0, quantity=5202)
Product(id=5193, name=Product 5193, price=52930.0, quantity=5203)
Product(id=5194, name=Product 5194, price=52940.0, quantity=5204)
Product(id=5195, name=Product 5195, price=52950.0, quantity=5205)
Product(id=5196, name=Product 5196, price=52960.0, quantity=5206)
Product(id=5197, name=Product 5197, price=52970.0, quantity=5207)
Product(id=5198, name=Product 5198, price=52980.0, quantity=5208)
Product(id=5199, name=Product 5199, price=52990.0, quantity=5209)
Product(id=5200, name=Product 5200, price=53000.0, quantity=5210)
Product(id=5201, name=Product 5201, price=53010.0, quantity=5211)
Product(id=5202, name=Product 5202, price=53020.0, quantity=5212)
Product(id=5203, name=Product 5203, price=53030.0, quantity=5213)
Product(id=5204, name=Product 5204, price=53040.0, quantity=5214)
Product(id=5205, name=Product 5205, price=53050.0, quantity=5215)
Product(id=5206, name=Product 5206, price=53060.0, quantity=5216)
Product(id=5207, name=Product 5207, price=53070.0, quantity=5217)
Product(id=5208, name=Product 5208, price=53080.0, quantity=5218)
Product(id=5209, name=Product 5209, price=53090.0, quantity=5219)
Product(id=5210, name=Product 5210, price=53100.0, quantity=5220)
Product(id=5211, name=Product 5211, price=53110.0, quantity=5221)
Product(id=5212, name=Product 5212, price=53120.0, quantity=5222)
Product(id=5213, name=Product 5213, price=53130.0, quantity=5223)
Product(id=5214, name=Product 5214, price=53140.0, quantity=5224)
Product(id=5215, name=Product 5215, price=53150.0, quantity=5225)
Product(id=5216, name=Product 5216, price=53160.0, quantity=5226)
Product(id=5217, name=Product 5217, price=53170.0, quantity=5227)
Product(id=5218, name=Product 5218, price=53180.0, quantity=5228)
Product(id=5219, name=Product 5219, price=53190.0, quantity=5229)
Product(id=5220, name=Product 5220, price=53200.0, quantity=5230)
Product(id=5221, name=Product 5221, price=53210.0, quantity=5231)
Product(id=5222, name=Product 5222, price=53220.0, quantity=5232)
Product(id=5223, name=Product 5223, price=53230.0, quantity=5233)
Product(id=5224, name=Product 5224, price=53240.0, quantity=5234)
Product(id=5225, name=Product 5225, price=53250.0, quantity=5235)
Product(id=5226, name=Product 5226, price=53260.0, quantity=5236)
Product(id=5227, name=Product 5227, price=53270.0, quantity=5237)
Product(id=5228, name=Product 5228, price=53280.0, quantity=5238)
Product(id=5229, name=Product 5229, price=53290.0, quantity=5239)
Product(id=5230, name=Product 5230, price=53300.0, quantity=5240)
Product(id=5231, name=Product 5231, price=53310.0, quantity=5241)
Product(id=5232, name=Product 5232, price=53320.0, quantity=5242)
Product(id=5233, name=Product 5233, price=53330.0, quantity=5243)
Product(id=5234, name=Product 5234, price=53340.0, quantity=5244)
Product(id=5235, name=Product 5235, price=53350.0, quantity=5245)
Product(id=5236, name=Product 5236, price=53360.0, quantity=5246)
Product(id=5237, name=Product 5237, price=53370.0, quantity=5247)
Product(id=5238, name=Product 5238, price=53380.0, quantity=5248)
Product(id=5239, name=Product 5239, price=53390.0, quantity=5249)
Product(id=5240, name=Product 5240, price=53400.0, quantity=5250)
Product(id=5241, name=Product 5241, price=53410.0, quantity=5251)
Product(id=5242, name=Product 5242, price=53420.0, quantity=5252)
Product(id=5243, name=Product 5243, price=53430.0, quantity=5253)
Product(id=5244, name=Product 5244, price=53440.0, quantity=5254)
Product(id=5245, name=Product 5245, price=53450.0, quantity=5255)
Product(id=5246, name=Product 5246, price=53460.0, quantity=5256)
Product(id=5247, name=Product 5247, price=53470.0, quantity=5257)
Product(id=5248, name=Product 5248, price=53480.0, quantity=5258)
Product(id=5249, name=Product 5249, price=53490.0, quantity=5259)
Product(id=5250, name=Product 5250, price=53500.0, quantity=5260)
Product(id=5251, name=Product 5251, price=53510.0, quantity=5261)
Product(id=5252, name=Product 5252, price=53520.0, quantity=5262)
Product(id=5253, name=Product 5253, price=53530.0, quantity=5263)
Product(id=5254, name=Product 5254, price=53540.0, quantity=5264)
Product(id=5255, name=Product 5255, price=53550.0, quantity=5265)
Product(id=5256, name=Product 5256, price=53560.0, quantity=5266)
Product(id=5257, name=Product 5257, price=53570.0, quantity=5267)
Product(id=5258, name=Product 5258, price=53580.0, quantity=5268)
Product(id=5259, name=Product 5259, price=53590.0, quantity=5269)
Product(id=5260, name=Product 5260, price=53600.0, quantity=5270)
Product(id=5261, name=Product 5261, price=53610.0, quantity=5271)
Product(id=5262, name=Product 5262, price=53620.0, quantity=5272)
Product(id=5263, name=Product 5263, price=53630.0, quantity=5273)
Product(id=5264, name=Product 5264, price=53640.0, quantity=5274)
Product(id=5265, name=Product 5265, price=53650.0, quantity=5275)
Product(id=5266, name=Product 5266, price=53660.0, quantity=5276)
Product(id=5267, name=Product 5267, price=53670.0, quantity=5277)
Product(id=5268, name=Product 5268, price=53680.0, quantity=5278)
Product(id=5269, name=Product 5269, price=53690.0, quantity=5279)
Product(id=5270, name=Product 5270, price=53700.0, quantity=5280)
Product(id=5271, name=Product 5271, price=53710.0, quantity=5281)
Product(id=5272, name=Product 5272, price=53720.0, quantity=5282)
Product(id=5273, name=Product 5273, price=53730.0, quantity=5283)
Product(id=5274, name=Product 5274, price=53740.0, quantity=5284)
Product(id=5275, name=Product 5275, price=53750.0, quantity=5285)
Product(id=5276, name=Product 5276, price=53760.0, quantity=5286)
Product(id=5277, name=Product 5277, price=53770.0, quantity=5287)
Product(id=5278, name=Product 5278, price=53780.0, quantity=5288)
Product(id=5279, name=Product 5279, price=53790.0, quantity=5289)
Product(id=5280, name=Product 5280, price=53800.0, quantity=5290)
Product(id=5281, name=Product 5281, price=53810.0, quantity=5291)
Product(id=5282, name=Product 5282, price=53820.0, quantity=5292)
Product(id=5283, name=Product 5283, price=53830.0, quantity=5293)
Product(id=5284, name=Product 5284, price=53840.0, quantity=5294)
Product(id=5285, name=Product 5285, price=53850.0, quantity=5295)
Product(id=5286, name=Product 5286, price=53860.0, quantity=5296)
Product(id=5287, name=Product 5287, price=53870.0, quantity=5297)
Product(id=5288, name=Product 5288, price=53880.0, quantity=5298)
Product(id=5289, name=Product 5289, price=53890.0, quantity=5299)
Product(id=5290, name=Product 5290, price=53900.0, quantity=5300)
Product(id=5291, name=Product 5291, price=53910.0, quantity=5301)
Product(id=5292, name=Product 5292, price=53920.0, quantity=5302)
Product(id=5293, name=Product 5293, price=53930.0, quantity=5303)
Product(id=5294, name=Product 5294, price=53940.0, quantity=5304)
Product(id=5295, name=Product 5295, price=53950.0, quantity=5305)
Product(id=5296, name=Product 5296, price=53960.0, quantity=5306)
Product(id=5297, name=Product 5297, price=53970.0, quantity=5307)
Product(id=5298, name=Product 5298, price=53980.0, quantity=5308)
Product(id=5299, name=Product 5299, price=53990.0, quantity=5309)
Product(id=5300, name=Product 5300, price=54000.0, quantity=5310)
Product(id=5301, name=Product 5301, price=54010.0, quantity=5311)
Product(id=5302, name=Product 5302, price=54020.0, quantity=5312)
Product(id=5303, name=Product 5303, price=54030.0, quantity=5313)
Product(id=5304, name=Product 5304, price=54040.0, quantity=5314)
Product(id=5305, name=Product 5305, price=54050.0, quantity=5315)
Product(id=5306, name=Product 5306, price=54060.0, quantity=5316)
Product(id=5307, name=Product 5307, price=54070.0, quantity=5317)
Product(id=5308, name=Product 5308, price=54080.0, quantity=5318)
Product(id=5309, name=Product 5309, price=54090.0, quantity=5319)
Product(id=5310, name=Product 5310, price=54100.0, quantity=5320)
Product(id=5311, name=Product 5311, price=54110.0, quantity=5321)
Product(id=5312, name=Product 5312, price=54120.0, quantity=5322)
Product(id=5313, name=Product 5313, price=54130.0, quantity=5323)
Product(id=5314, name=Product 5314, price=54140.0, quantity=5324)
Product(id=5315, name=Product 5315, price=54150.0, quantity=5325)
Product(id=5316, name=Product 5316, price=54160.0, quantity=5326)
Product(id=5317, name=Product 5317, price=54170.0, quantity=5327)
Product(id=5318, name=Product 5318, price=54180.0, quantity=5328)
Product(id=5319, name=Product 5319, price=54190.0, quantity=5329)
Product(id=5320, name=Product 5320, price=54200.0, quantity=5330)
Product(id=5321, name=Product 5321, price=54210.0, quantity=5331)
Product(id=5322, name=Product 5322, price=54220.0, quantity=5332)
Product(id=5323, name=Product 5323, price=54230.0, quantity=5333)
Product(id=5324, name=Product 5324, price=54240.0, quantity=5334)
Product(id=5325, name=Product 5325, price=54250.0, quantity=5335)
Product(id=5326, name=Product 5326, price=54260.0, quantity=5336)
Product(id=5327, name=Product 5327, price=54270.0, quantity=5337)
Product(id=5328, name=Product 5328, price=54280.0, quantity=5338)
Product(id=5329, name=Product 5329, price=54290.0, quantity=5339)
Product(id=5330, name=Product 5330, price=54300.0, quantity=5340)
Product(id=5331, name=Product 5331, price=54310.0, quantity=5341)
Product(id=5332, name=Product 5332, price=54320.0, quantity=5342)
Product(id=5333, name=Product 5333, price=54330.0, quantity=5343)
Product(id=5334, name=Product 5334, price=54340.0, quantity=5344)
Product(id=5335, name=Product 5335, price=54350.0, quantity=5345)
Product(id=5336, name=Product 5336, price=54360.0, quantity=5346)
Product(id=5337, name=Product 5337, price=54370.0, quantity=5347)
Product(id=5338, name=Product 5338, price=54380.0, quantity=5348)
Product(id=5339, name=Product 5339, price=54390.0, quantity=5349)
Product(id=5340, name=Product 5340, price=54400.0, quantity=5350)
Product(id=5341, name=Product 5341, price=54410.0, quantity=5351)
Product(id=5342, name=Product 5342, price=54420.0, quantity=5352)
Product(id=5343, name=Product 5343, price=54430.0, quantity=5353)
Product(id=5344, name=Product 5344, price=54440.0, quantity=5354)
Product(id=5345, name=Product 5345, price=54450.0, quantity=5355)
Product(id=5346, name=Product 5346, price=54460.0, quantity=5356)
Product(id=5347, name=Product 5347, price=54470.0, quantity=5357)
Product(id=5348, name=Product 5348, price=54480.0, quantity=5358)
Product(id=5349, name=Product 5349, price=54490.0, quantity=5359)
Product(id=5350, name=Product 5350, price=54500.0, quantity=5360)
Product(id=5351, name=Product 5351, price=54510.0, quantity=5361)
Product(id=5352, name=Product 5352, price=54520.0, quantity=5362)
Product(id=5353, name=Product 5353, price=54530.0, quantity=5363)
Product(id=5354, name=Product 5354, price=54540.0, quantity=5364)
Product(id=5355, name=Product 5355, price=54550.0, quantity=5365)
Product(id=5356, name=Product 5356, price=54560.0, quantity=5366)
Product(id=5357, name=Product 5357, price=54570.0, quantity=5367)
Product(id=5358, name=Product 5358, price=54580.0, quantity=5368)
Product(id=5359, name=Product 5359, price=54590.0, quantity=5369)
Product(id=5360, name=Product 5360, price=54600.0, quantity=5370)
Product(id=5361, name=Product 5361, price=54610.0, quantity=5371)
Product(id=5362, name=Product 5362, price=54620.0, quantity=5372)
Product(id=5363, name=Product 5363, price=54630.0, quantity=5373)
Product(id=5364, name=Product 5364, price=54640.0, quantity=5374)
Product(id=5365, name=Product 5365, price=54650.0, quantity=5375)
Product(id=5366, name=Product 5366, price=54660.0, quantity=5376)
Product(id=5367, name=Product 5367, price=54670.0, quantity=5377)
Product(id=5368, name=Product 5368, price=54680.0, quantity=5378)
Product(id=5369, name=Product 5369, price=54690.0, quantity=5379)
Product(id=5370, name=Product 5370, price=54700.0, quantity=5380)
Product(id=5371, name=Product 5371, price=54710.0, quantity=5381)
Product(id=5372, name=Product 5372, price=54720.0, quantity=5382)
Product(id=5373, name=Product 5373, price=54730.0, quantity=5383)
Product(id=5374, name=Product 5374, price=54740.0, quantity=5384)
Product(id=5375, name=Product 5375, price=54750.0, quantity=5385)
Product(id=5376, name=Product 5376, price=54760.0, quantity=5386)
Product(id=5377, name=Product 5377, price=54770.0, quantity=5387)
Product(id=5378, name=Product 5378, price=54780.0, quantity=5388)
Product(id=5379, name=Product 5379, price=54790.0, quantity=5389)
Product(id=5380, name=Product 5380, price=54800.0, quantity=5390)
Product(id=5381, name=Product 5381, price=54810.0, quantity=5391)
Product(id=5382, name=Product 5382, price=54820.0, quantity=5392)
Product(id=5383, name=Product 5383, price=54830.0, quantity=5393)
Product(id=5384, name=Product 5384, price=54840.0, quantity=5394)
Product(id=5385, name=Product 5385, price=54850.0, quantity=5395)
Product(id=5386, name=Product 5386, price=54860.0, quantity=5396)
Product(id=5387, name=Product 5387, price=54870.0, quantity=5397)
Product(id=5388, name=Product 5388, price=54880.0, quantity=5398)
Product(id=5389, name=Product 5389, price=54890.0, quantity=5399)
Product(id=5390, name=Product 5390, price=54900.0, quantity=5400)
Product(id=5391, name=Product 5391, price=54910.0, quantity=5401)
Product(id=5392, name=Product 5392, price=54920.0, quantity=5402)
Product(id=5393, name=Product 5393, price=54930.0, quantity=5403)
Product(id=5394, name=Product 5394, price=54940.0, quantity=5404)
Product(id=5395, name=Product 5395, price=54950.0, quantity=5405)
Product(id=5396, name=Product 5396, price=54960.0, quantity=5406)
Product(id=5397, name=Product 5397, price=54970.0, quantity=5407)
Product(id=5398, name=Product 5398, price=54980.0, quantity=5408)
Product(id=5399, name=Product 5399, price=54990.0, quantity=5409)
Product(id=5400, name=Product 5400, price=55000.0, quantity=5410)
Product(id=5401, name=Product 5401, price=55010.0, quantity=5411)
Product(id=5402, name=Product 5402, price=55020.0, quantity=5412)
Product(id=5403, name=Product 5403, price=55030.0, quantity=5413)
Product(id=5404, name=Product 5404, price=55040.0, quantity=5414)
Product(id=5405, name=Product 5405, price=55050.0, quantity=5415)
Product(id=5406, name=Product 5406, price=55060.0, quantity=5416)
Product(id=5407, name=Product 5407, price=55070.0, quantity=5417)
Product(id=5408, name=Product 5408, price=55080.0, quantity=5418)
Product(id=5409, name=Product 5409, price=55090.0, quantity=5419)
Product(id=5410, name=Product 5410, price=55100.0, quantity=5420)
Product(id=5411, name=Product 5411, price=55110.0, quantity=5421)
Product(id=5412, name=Product 5412, price=55120.0, quantity=5422)
Product(id=5413, name=Product 5413, price=55130.0, quantity=5423)
Product(id=5414, name=Product 5414, price=55140.0, quantity=5424)
Product(id=5415, name=Product 5415, price=55150.0, quantity=5425)
Product(id=5416, name=Product 5416, price=55160.0, quantity=5426)
Product(id=5417, name=Product 5417, price=55170.0, quantity=5427)
Product(id=5418, name=Product 5418, price=55180.0, quantity=5428)
Product(id=5419, name=Product 5419, price=55190.0, quantity=5429)
Product(id=5420, name=Product 5420, price=55200.0, quantity=5430)
Product(id=5421, name=Product 5421, price=55210.0, quantity=5431)
Product(id=5422, name=Product 5422, price=55220.0, quantity=5432)
Product(id=5423, name=Product 5423, price=55230.0, quantity=5433)
Product(id=5424, name=Product 5424, price=55240.0, quantity=5434)
Product(id=5425, name=Product 5425, price=55250.0, quantity=5435)
Product(id=5426, name=Product 5426, price=55260.0, quantity=5436)
Product(id=5427, name=Product 5427, price=55270.0, quantity=5437)
Product(id=5428, name=Product 5428, price=55280.0, quantity=5438)
Product(id=5429, name=Product 5429, price=55290.0, quantity=5439)
Product(id=5430, name=Product 5430, price=55300.0, quantity=5440)
Product(id=5431, name=Product 5431, price=55310.0, quantity=5441)
Product(id=5432, name=Product 5432, price=55320.0, quantity=5442)
Product(id=5433, name=Product 5433, price=55330.0, quantity=5443)
Product(id=5434, name=Product 5434, price=55340.0, quantity=5444)
Product(id=5435, name=Product 5435, price=55350.0, quantity=5445)
Product(id=5436, name=Product 5436, price=55360.0, quantity=5446)
Product(id=5437, name=Product 5437, price=55370.0, quantity=5447)
Product(id=5438, name=Product 5438, price=55380.0, quantity=5448)
Product(id=5439, name=Product 5439, price=55390.0, quantity=5449)
Product(id=5440, name=Product 5440, price=55400.0, quantity=5450)
Product(id=5441, name=Product 5441, price=55410.0, quantity=5451)
Product(id=5442, name=Product 5442, price=55420.0, quantity=5452)
Product(id=5443, name=Product 5443, price=55430.0, quantity=5453)
Product(id=5444, name=Product 5444, price=55440.0, quantity=5454)
Product(id=5445, name=Product 5445, price=55450.0, quantity=5455)
Product(id=5446, name=Product 5446, price=55460.0, quantity=5456)
Product(id=5447, name=Product 5447, price=55470.0, quantity=5457)
Product(id=5448, name=Product 5448, price=55480.0, quantity=5458)
Product(id=5449, name=Product 5449, price=55490.0, quantity=5459)
Product(id=5450, name=Product 5450, price=55500.0, quantity=5460)
Product(id=5451, name=Product 5451, price=55510.0, quantity=5461)
Product(id=5452, name=Product 5452, price=55520.0, quantity=5462)
Product(id=5453, name=Product 5453, price=55530.0, quantity=5463)
Product(id=5454, name=Product 5454, price=55540.0, quantity=5464)
Product(id=5455, name=Product 5455, price=55550.0, quantity=5465)
Product(id=5456, name=Product 5456, price=55560.0, quantity=5466)
Product(id=5457, name=Product 5457, price=55570.0, quantity=5467)
Product(id=5458, name=Product 5458, price=55580.0, quantity=5468)
Product(id=5459, name=Product 5459, price=55590.0, quantity=5469)
Product(id=5460, name=Product 5460, price=55600.0, quantity=5470)
Product(id=5461, name=Product 5461, price=55610.0, quantity=5471)
Product(id=5462, name=Product 5462, price=55620.0, quantity=5472)
Product(id=5463, name=Product 5463, price=55630.0, quantity=5473)
Product(id=5464, name=Product 5464, price=55640.0, quantity=5474)
Product(id=5465, name=Product 5465, price=55650.0, quantity=5475)
Product(id=5466, name=Product 5466, price=55660.0, quantity=5476)
Product(id=5467, name=Product 5467, price=55670.0, quantity=5477)
Product(id=5468, name=Product 5468, price=55680.0, quantity=5478)
Product(id=5469, name=Product 5469, price=55690.0, quantity=5479)
Product(id=5470, name=Product 5470, price=55700.0, quantity=5480)
Product(id=5471, name=Product 5471, price=55710.0, quantity=5481)
Product(id=5472, name=Product 5472, price=55720.0, quantity=5482)
Product(id=5473, name=Product 5473, price=55730.0, quantity=5483)
Product(id=5474, name=Product 5474, price=55740.0, quantity=5484)
Product(id=5475, name=Product 5475, price=55750.0, quantity=5485)
Product(id=5476, name=Product 5476, price=55760.0, quantity=5486)
Product(id=5477, name=Product 5477, price=55770.0, quantity=5487)
Product(id=5478, name=Product 5478, price=55780.0, quantity=5488)
Product(id=5479, name=Product 5479, price=55790.0, quantity=5489)
Product(id=5480, name=Product 5480, price=55800.0, quantity=5490)
Product(id=5481, name=Product 5481, price=55810.0, quantity=5491)
Product(id=5482, name=Product 5482, price=55820.0, quantity=5492)
Product(id=5483, name=Product 5483, price=55830.0, quantity=5493)
Product(id=5484, name=Product 5484, price=55840.0, quantity=5494)
Product(id=5485, name=Product 5485, price=55850.0, quantity=5495)
Product(id=5486, name=Product 5486, price=55860.0, quantity=5496)
Product(id=5487, name=Product 5487, price=55870.0, quantity=5497)
Product(id=5488, name=Product 5488, price=55880.0, quantity=5498)
Product(id=5489, name=Product 5489, price=55890.0, quantity=5499)
Product(id=5490, name=Product 5490, price=55900.0, quantity=5500)
Product(id=5491, name=Product 5491, price=55910.0, quantity=5501)
Product(id=5492, name=Product 5492, price=55920.0, quantity=5502)
Product(id=5493, name=Product 5493, price=55930.0, quantity=5503)
Product(id=5494, name=Product 5494, price=55940.0, quantity=5504)
Product(id=5495, name=Product 5495, price=55950.0, quantity=5505)
Product(id=5496, name=Product 5496, price=55960.0, quantity=5506)
Product(id=5497, name=Product 5497, price=55970.0, quantity=5507)
Product(id=5498, name=Product 5498, price=55980.0, quantity=5508)
Product(id=5499, name=Product 5499, price=55990.0, quantity=5509)
Product(id=5500, name=Product 5500, price=56000.0, quantity=5510)
Product(id=5501, name=Product 5501, price=56010.0, quantity=5511)
Product(id=5502, name=Product 5502, price=56020.0, quantity=5512)
Product(id=5503, name=Product 5503, price=56030.0, quantity=5513)
Product(id=5504, name=Product 5504, price=56040.0, quantity=5514)
Product(id=5505, name=Product 5505, price=56050.0, quantity=5515)
Product(id=5506, name=Product 5506, price=56060.0, quantity=5516)
Product(id=5507, name=Product 5507, price=56070.0, quantity=5517)
Product(id=5508, name=Product 5508, price=56080.0, quantity=5518)
Product(id=5509, name=Product 5509, price=56090.0, quantity=5519)
Product(id=5510, name=Product 5510, price=56100.0, quantity=5520)
Product(id=5511, name=Product 5511, price=56110.0, quantity=5521)
Product(id=5512, name=Product 5512, price=56120.0, quantity=5522)
Product(id=5513, name=Product 5513, price=56130.0, quantity=5523)
Product(id=5514, name=Product 5514, price=56140.0, quantity=5524)
Product(id=5515, name=Product 5515, price=56150.0, quantity=5525)
Product(id=5516, name=Product 5516, price=56160.0, quantity=5526)
Product(id=5517, name=Product 5517, price=56170.0, quantity=5527)
Product(id=5518, name=Product 5518, price=56180.0, quantity=5528)
Product(id=5519, name=Product 5519, price=56190.0, quantity=5529)
Product(id=5520, name=Product 5520, price=56200.0, quantity=5530)
Product(id=5521, name=Product 5521, price=56210.0, quantity=5531)
Product(id=5522, name=Product 5522, price=56220.0, quantity=5532)
Product(id=5523, name=Product 5523, price=56230.0, quantity=5533)
Product(id=5524, name=Product 5524, price=56240.0, quantity=5534)
Product(id=5525, name=Product 5525, price=56250.0, quantity=5535)
Product(id=5526, name=Product 5526, price=56260.0, quantity=5536)
Product(id=5527, name=Product 5527, price=56270.0, quantity=5537)
Product(id=5528, name=Product 5528, price=56280.0, quantity=5538)
Product(id=5529, name=Product 5529, price=56290.0, quantity=5539)
Product(id=5530, name=Product 5530, price=56300.0, quantity=5540)
Product(id=5531, name=Product 5531, price=56310.0, quantity=5541)
Product(id=5532, name=Product 5532, price=56320.0, quantity=5542)
Product(id=5533, name=Product 5533, price=56330.0, quantity=5543)
Product(id=5534, name=Product 5534, price=56340.0, quantity=5544)
Product(id=5535, name=Product 5535, price=56350.0, quantity=5545)
Product(id=5536, name=Product 5536, price=56360.0, quantity=5546)
Product(id=5537, name=Product 5537, price=56370.0, quantity=5547)
Product(id=5538, name=Product 5538, price=56380.0, quantity=5548)
Product(id=5539, name=Product 5539, price=56390.0, quantity=5549)
Product(id=5540, name=Product 5540, price=56400.0, quantity=5550)
Product(id=5541, name=Product 5541, price=56410.0, quantity=5551)
Product(id=5542, name=Product 5542, price=56420.0, quantity=5552)
Product(id=5543, name=Product 5543, price=56430.0, quantity=5553)
Product(id=5544, name=Product 5544, price=56440.0, quantity=5554)
Product(id=5545, name=Product 5545, price=56450.0, quantity=5555)
Product(id=5546, name=Product 5546, price=56460.0, quantity=5556)
Product(id=5547, name=Product 5547, price=56470.0, quantity=5557)
Product(id=5548, name=Product 5548, price=56480.0, quantity=5558)
Product(id=5549, name=Product 5549, price=56490.0, quantity=5559)
Product(id=5550, name=Product 5550, price=56500.0, quantity=5560)
Product(id=5551, name=Product 5551, price=56510.0, quantity=5561)
Product(id=5552, name=Product 5552, price=56520.0, quantity=5562)
Product(id=5553, name=Product 5553, price=56530.0, quantity=5563)
Product(id=5554, name=Product 5554, price=56540.0, quantity=5564)
Product(id=5555, name=Product 5555, price=56550.0, quantity=5565)
Product(id=5556, name=Product 5556, price=56560.0, quantity=5566)
Product(id=5557, name=Product 5557, price=56570.0, quantity=5567)
Product(id=5558, name=Product 5558, price=56580.0, quantity=5568)
Product(id=5559, name=Product 5559, price=56590.0, quantity=5569)
Product(id=5560, name=Product 5560, price=56600.0, quantity=5570)
Product(id=5561, name=Product 5561, price=56610.0, quantity=5571)
Product(id=5562, name=Product 5562, price=56620.0, quantity=5572)
Product(id=5563, name=Product 5563, price=56630.0, quantity=5573)
Product(id=5564, name=Product 5564, price=56640.0, quantity=5574)
Product(id=5565, name=Product 5565, price=56650.0, quantity=5575)
Product(id=5566, name=Product 5566, price=56660.0, quantity=5576)
Product(id=5567, name=Product 5567, price=56670.0, quantity=5577)
Product(id=5568, name=Product 5568, price=56680.0, quantity=5578)
Product(id=5569, name=Product 5569, price=56690.0, quantity=5579)
Product(id=5570, name=Product 5570, price=56700.0, quantity=5580)
Product(id=5571, name=Product 5571, price=56710.0, quantity=5581)
Product(id=5572, name=Product 5572, price=56720.0, quantity=5582)
Product(id=5573, name=Product 5573, price=56730.0, quantity=5583)
Product(id=5574, name=Product 5574, price=56740.0, quantity=5584)
Product(id=5575, name=Product 5575, price=56750.0, quantity=5585)
Product(id=5576, name=Product 5576, price=56760.0, quantity=5586)
Product(id=5577, name=Product 5577, price=56770.0, quantity=5587)
Product(id=5578, name=Product 5578, price=56780.0, quantity=5588)
Product(id=5579, name=Product 5579, price=56790.0, quantity=5589)
Product(id=5580, name=Product 5580, price=56800.0, quantity=5590)
Product(id=5581, name=Product 5581, price=56810.0, quantity=5591)
Product(id=5582, name=Product 5582, price=56820.0, quantity=5592)
Product(id=5583, name=Product 5583, price=56830.0, quantity=5593)
Product(id=5584, name=Product 5584, price=56840.0, quantity=5594)
Product(id=5585, name=Product 5585, price=56850.0, quantity=5595)
Product(id=5586, name=Product 5586, price=56860.0, quantity=5596)
Product(id=5587, name=Product 5587, price=56870.0, quantity=5597)
Product(id=5588, name=Product 5588, price=56880.0, quantity=5598)
Product(id=5589, name=Product 5589, price=56890.0, quantity=5599)
Product(id=5590, name=Product 5590, price=56900.0, quantity=5600)
Product(id=5591, name=Product 5591, price=56910.0, quantity=5601)
Product(id=5592, name=Product 5592, price=56920.0, quantity=5602)
Product(id=5593, name=Product 5593, price=56930.0, quantity=5603)
Product(id=5594, name=Product 5594, price=56940.0, quantity=5604)
Product(id=5595, name=Product 5595, price=56950.0, quantity=5605)
Product(id=5596, name=Product 5596, price=56960.0, quantity=5606)
Product(id=5597, name=Product 5597, price=56970.0, quantity=5607)
Product(id=5598, name=Product 5598, price=56980.0, quantity=5608)
Product(id=5599, name=Product 5599, price=56990.0, quantity=5609)
Product(id=5600, name=Product 5600, price=57000.0, quantity=5610)
Product(id=5601, name=Product 5601, price=57010.0, quantity=5611)
Product(id=5602, name=Product 5602, price=57020.0, quantity=5612)
Product(id=5603, name=Product 5603, price=57030.0, quantity=5613)
Product(id=5604, name=Product 5604, price=57040.0, quantity=5614)
Product(id=5605, name=Product 5605, price=57050.0, quantity=5615)
Product(id=5606, name=Product 5606, price=57060.0, quantity=5616)
Product(id=5607, name=Product 5607, price=57070.0, quantity=5617)
Product(id=5608, name=Product 5608, price=57080.0, quantity=5618)
Product(id=5609, name=Product 5609, price=57090.0, quantity=5619)
Product(id=5610, name=Product 5610, price=57100.0, quantity=5620)
Product(id=5611, name=Product 5611, price=57110.0, quantity=5621)
Product(id=5612, name=Product 5612, price=57120.0, quantity=5622)
Product(id=5613, name=Product 5613, price=57130.0, quantity=5623)
Product(id=5614, name=Product 5614, price=57140.0, quantity=5624)
Product(id=5615, name=Product 5615, price=57150.0, quantity=5625)
Product(id=5616, name=Product 5616, price=57160.0, quantity=5626)
Product(id=5617, name=Product 5617, price=57170.0, quantity=5627)
Product(id=5618, name=Product 5618, price=57180.0, quantity=5628)
Product(id=5619, name=Product 5619, price=57190.0, quantity=5629)
Product(id=5620, name=Product 5620, price=57200.0, quantity=5630)
Product(id=5621, name=Product 5621, price=57210.0, quantity=5631)
Product(id=5622, name=Product 5622, price=57220.0, quantity=5632)
Product(id=5623, name=Product 5623, price=57230.0, quantity=5633)
Product(id=5624, name=Product 5624, price=57240.0, quantity=5634)
Product(id=5625, name=Product 5625, price=57250.0, quantity=5635)
Product(id=5626, name=Product 5626, price=57260.0, quantity=5636)
Product(id=5627, name=Product 5627, price=57270.0, quantity=5637)
Product(id=5628, name=Product 5628, price=57280.0, quantity=5638)
Product(id=5629, name=Product 5629, price=57290.0, quantity=5639)
Product(id=5630, name=Product 5630, price=57300.0, quantity=5640)
Product(id=5631, name=Product 5631, price=57310.0, quantity=5641)
Product(id=5632, name=Product 5632, price=57320.0, quantity=5642)
Product(id=5633, name=Product 5633, price=57330.0, quantity=5643)
Product(id=5634, name=Product 5634, price=57340.0, quantity=5644)
Product(id=5635, name=Product 5635, price=57350.0, quantity=5645)
Product(id=5636, name=Product 5636, price=57360.0, quantity=5646)
Product(id=5637, name=Product 5637, price=57370.0, quantity=5647)
Product(id=5638, name=Product 5638, price=57380.0, quantity=5648)
Product(id=5639, name=Product 5639, price=57390.0, quantity=5649)
Product(id=5640, name=Product 5640, price=57400.0, quantity=5650)
Product(id=5641, name=Product 5641, price=57410.0, quantity=5651)
Product(id=5642, name=Product 5642, price=57420.0, quantity=5652)
Product(id=5643, name=Product 5643, price=57430.0, quantity=5653)
Product(id=5644, name=Product 5644, price=57440.0, quantity=5654)
Product(id=5645, name=Product 5645, price=57450.0, quantity=5655)
Product(id=5646, name=Product 5646, price=57460.0, quantity=5656)
Product(id=5647, name=Product 5647, price=57470.0, quantity=5657)
Product(id=5648, name=Product 5648, price=57480.0, quantity=5658)
Product(id=5649, name=Product 5649, price=57490.0, quantity=5659)
Product(id=5650, name=Product 5650, price=57500.0, quantity=5660)
Product(id=5651, name=Product 5651, price=57510.0, quantity=5661)
Product(id=5652, name=Product 5652, price=57520.0, quantity=5662)
Product(id=5653, name=Product 5653, price=57530.0, quantity=5663)
Product(id=5654, name=Product 5654, price=57540.0, quantity=5664)
Product(id=5655, name=Product 5655, price=57550.0, quantity=5665)
Product(id=5656, name=Product 5656, price=57560.0, quantity=5666)
Product(id=5657, name=Product 5657, price=57570.0, quantity=5667)
Product(id=5658, name=Product 5658, price=57580.0, quantity=5668)
Product(id=5659, name=Product 5659, price=57590.0, quantity=5669)
Product(id=5660, name=Product 5660, price=57600.0, quantity=5670)
Product(id=5661, name=Product 5661, price=57610.0, quantity=5671)
Product(id=5662, name=Product 5662, price=57620.0, quantity=5672)
Product(id=5663, name=Product 5663, price=57630.0, quantity=5673)
Product(id=5664, name=Product 5664, price=57640.0, quantity=5674)
Product(id=5665, name=Product 5665, price=57650.0, quantity=5675)
Product(id=5666, name=Product 5666, price=57660.0, quantity=5676)
Product(id=5667, name=Product 5667, price=57670.0, quantity=5677)
Product(id=5668, name=Product 5668, price=57680.0, quantity=5678)
Product(id=5669, name=Product 5669, price=57690.0, quantity=5679)
Product(id=5670, name=Product 5670, price=57700.0, quantity=5680)
Product(id=5671, name=Product 5671, price=57710.0, quantity=5681)
Product(id=5672, name=Product 5672, price=57720.0, quantity=5682)
Product(id=5673, name=Product 5673, price=57730.0, quantity=5683)
Product(id=5674, name=Product 5674, price=57740.0, quantity=5684)
Product(id=5675, name=Product 5675, price=57750.0, quantity=5685)
Product(id=5676, name=Product 5676, price=57760.0, quantity=5686)
Product(id=5677, name=Product 5677, price=57770.0, quantity=5687)
Product(id=5678, name=Product 5678, price=57780.0, quantity=5688)
Product(id=5679, name=Product 5679, price=57790.0, quantity=5689)
Product(id=5680, name=Product 5680, price=57800.0, quantity=5690)
Product(id=5681, name=Product 5681, price=57810.0, quantity=5691)
Product(id=5682, name=Product 5682, price=57820.0, quantity=5692)
Product(id=5683, name=Product 5683, price=57830.0, quantity=5693)
Product(id=5684, name=Product 5684, price=57840.0, quantity=5694)
Product(id=5685, name=Product 5685, price=57850.0, quantity=5695)
Product(id=5686, name=Product 5686, price=57860.0, quantity=5696)
Product(id=5687, name=Product 5687, price=57870.0, quantity=5697)
Product(id=5688, name=Product 5688, price=57880.0, quantity=5698)
Product(id=5689, name=Product 5689, price=57890.0, quantity=5699)
Product(id=5690, name=Product 5690, price=57900.0, quantity=5700)
Product(id=5691, name=Product 5691, price=57910.0, quantity=5701)
Product(id=5692, name=Product 5692, price=57920.0, quantity=5702)
Product(id=5693, name=Product 5693, price=57930.0, quantity=5703)
Product(id=5694, name=Product 5694, price=57940.0, quantity=5704)
Product(id=5695, name=Product 5695, price=57950.0, quantity=5705)
Product(id=5696, name=Product 5696, price=57960.0, quantity=5706)
Product(id=5697, name=Product 5697, price=57970.0, quantity=5707)
Product(id=5698, name=Product 5698, price=57980.0, quantity=5708)
Product(id=5699, name=Product 5699, price=57990.0, quantity=5709)
Product(id=5700, name=Product 5700, price=58000.0, quantity=5710)
Product(id=5701, name=Product 5701, price=58010.0, quantity=5711)
Product(id=5702, name=Product 5702, price=58020.0, quantity=5712)
Product(id=5703, name=Product 5703, price=58030.0, quantity=5713)
Product(id=5704, name=Product 5704, price=58040.0, quantity=5714)
Product(id=5705, name=Product 5705, price=58050.0, quantity=5715)
Product(id=5706, name=Product 5706, price=58060.0, quantity=5716)
Product(id=5707, name=Product 5707, price=58070.0, quantity=5717)
Product(id=5708, name=Product 5708, price=58080.0, quantity=5718)
Product(id=5709, name=Product 5709, price=58090.0, quantity=5719)
Product(id=5710, name=Product 5710, price=58100.0, quantity=5720)
Product(id=5711, name=Product 5711, price=58110.0, quantity=5721)
Product(id=5712, name=Product 5712, price=58120.0, quantity=5722)
Product(id=5713, name=Product 5713, price=58130.0, quantity=5723)
Product(id=5714, name=Product 5714, price=58140.0, quantity=5724)
Product(id=5715, name=Product 5715, price=58150.0, quantity=5725)
Product(id=5716, name=Product 5716, price=58160.0, quantity=5726)
Product(id=5717, name=Product 5717, price=58170.0, quantity=5727)
Product(id=5718, name=Product 5718, price=58180.0, quantity=5728)
Product(id=5719, name=Product 5719, price=58190.0, quantity=5729)
Product(id=5720, name=Product 5720, price=58200.0, quantity=5730)
Product(id=5721, name=Product 5721, price=58210.0, quantity=5731)
Product(id=5722, name=Product 5722, price=58220.0, quantity=5732)
Product(id=5723, name=Product 5723, price=58230.0, quantity=5733)
Product(id=5724, name=Product 5724, price=58240.0, quantity=5734)
Product(id=5725, name=Product 5725, price=58250.0, quantity=5735)
Product(id=5726, name=Product 5726, price=58260.0, quantity=5736)
Product(id=5727, name=Product 5727, price=58270.0, quantity=5737)
Product(id=5728, name=Product 5728, price=58280.0, quantity=5738)
Product(id=5729, name=Product 5729, price=58290.0, quantity=5739)
Product(id=5730, name=Product 5730, price=58300.0, quantity=5740)
Product(id=5731, name=Product 5731, price=58310.0, quantity=5741)
Product(id=5732, name=Product 5732, price=58320.0, quantity=5742)
Product(id=5733, name=Product 5733, price=58330.0, quantity=5743)
Product(id=5734, name=Product 5734, price=58340.0, quantity=5744)
Product(id=5735, name=Product 5735, price=58350.0, quantity=5745)
Product(id=5736, name=Product 5736, price=58360.0, quantity=5746)
Product(id=5737, name=Product 5737, price=58370.0, quantity=5747)
Product(id=5738, name=Product 5738, price=58380.0, quantity=5748)
Product(id=5739, name=Product 5739, price=58390.0, quantity=5749)
Product(id=5740, name=Product 5740, price=58400.0, quantity=5750)
Product(id=5741, name=Product 5741, price=58410.0, quantity=5751)
Product(id=5742, name=Product 5742, price=58420.0, quantity=5752)
Product(id=5743, name=Product 5743, price=58430.0, quantity=5753)
Product(id=5744, name=Product 5744, price=58440.0, quantity=5754)
Product(id=5745, name=Product 5745, price=58450.0, quantity=5755)
Product(id=5746, name=Product 5746, price=58460.0, quantity=5756)
Product(id=5747, name=Product 5747, price=58470.0, quantity=5757)
Product(id=5748, name=Product 5748, price=58480.0, quantity=5758)
Product(id=5749, name=Product 5749, price=58490.0, quantity=5759)
Product(id=5750, name=Product 5750, price=58500.0, quantity=5760)
Product(id=5751, name=Product 5751, price=58510.0, quantity=5761)
Product(id=5752, name=Product 5752, price=58520.0, quantity=5762)
Product(id=5753, name=Product 5753, price=58530.0, quantity=5763)
Product(id=5754, name=Product 5754, price=58540.0, quantity=5764)
Product(id=5755, name=Product 5755, price=58550.0, quantity=5765)
Product(id=5756, name=Product 5756, price=58560.0, quantity=5766)
Product(id=5757, name=Product 5757, price=58570.0, quantity=5767)
Product(id=5758, name=Product 5758, price=58580.0, quantity=5768)
Product(id=5759, name=Product 5759, price=58590.0, quantity=5769)
Product(id=5760, name=Product 5760, price=58600.0, quantity=5770)
Product(id=5761, name=Product 5761, price=58610.0, quantity=5771)
Product(id=5762, name=Product 5762, price=58620.0, quantity=5772)
Product(id=5763, name=Product 5763, price=58630.0, quantity=5773)
Product(id=5764, name=Product 5764, price=58640.0, quantity=5774)
Product(id=5765, name=Product 5765, price=58650.0, quantity=5775)
Product(id=5766, name=Product 5766, price=58660.0, quantity=5776)
Product(id=5767, name=Product 5767, price=58670.0, quantity=5777)
Product(id=5768, name=Product 5768, price=58680.0, quantity=5778)
Product(id=5769, name=Product 5769, price=58690.0, quantity=5779)
Product(id=5770, name=Product 5770, price=58700.0, quantity=5780)
Product(id=5771, name=Product 5771, price=58710.0, quantity=5781)
Product(id=5772, name=Product 5772, price=58720.0, quantity=5782)
Product(id=5773, name=Product 5773, price=58730.0, quantity=5783)
Product(id=5774, name=Product 5774, price=58740.0, quantity=5784)
Product(id=5775, name=Product 5775, price=58750.0, quantity=5785)
Product(id=5776, name=Product 5776, price=58760.0, quantity=5786)
Product(id=5777, name=Product 5777, price=58770.0, quantity=5787)
Product(id=5778, name=Product 5778, price=58780.0, quantity=5788)
Product(id=5779, name=Product 5779, price=58790.0, quantity=5789)
Product(id=5780, name=Product 5780, price=58800.0, quantity=5790)
Product(id=5781, name=Product 5781, price=58810.0, quantity=5791)
Product(id=5782, name=Product 5782, price=58820.0, quantity=5792)
Product(id=5783, name=Product 5783, price=58830.0, quantity=5793)
Product(id=5784, name=Product 5784, price=58840.0, quantity=5794)
Product(id=5785, name=Product 5785, price=58850.0, quantity=5795)
Product(id=5786, name=Product 5786, price=58860.0, quantity=5796)
Product(id=5787, name=Product 5787, price=58870.0, quantity=5797)
Product(id=5788, name=Product 5788, price=58880.0, quantity=5798)
Product(id=5789, name=Product 5789, price=58890.0, quantity=5799)
Product(id=5790, name=Product 5790, price=58900.0, quantity=5800)
Product(id=5791, name=Product 5791, price=58910.0, quantity=5801)
Product(id=5792, name=Product 5792, price=58920.0, quantity=5802)
Product(id=5793, name=Product 5793, price=58930.0, quantity=5803)
Product(id=5794, name=Product 5794, price=58940.0, quantity=5804)
Product(id=5795, name=Product 5795, price=58950.0, quantity=5805)
Product(id=5796, name=Product 5796, price=58960.0, quantity=5806)
Product(id=5797, name=Product 5797, price=58970.0, quantity=5807)
Product(id=5798, name=Product 5798, price=58980.0, quantity=5808)
Product(id=5799, name=Product 5799, price=58990.0, quantity=5809)
Product(id=5800, name=Product 5800, price=59000.0, quantity=5810)
Product(id=5801, name=Product 5801, price=59010.0, quantity=5811)
Product(id=5802, name=Product 5802, price=59020.0, quantity=5812)
Product(id=5803, name=Product 5803, price=59030.0, quantity=5813)
Product(id=5804, name=Product 5804, price=59040.0, quantity=5814)
Product(id=5805, name=Product 5805, price=59050.0, quantity=5815)
Product(id=5806, name=Product 5806, price=59060.0, quantity=5816)
Product(id=5807, name=Product 5807, price=59070.0, quantity=5817)
Product(id=5808, name=Product 5808, price=59080.0, quantity=5818)
Product(id=5809, name=Product 5809, price=59090.0, quantity=5819)
Product(id=5810, name=Product 5810, price=59100.0, quantity=5820)
Product(id=5811, name=Product 5811, price=59110.0, quantity=5821)
Product(id=5812, name=Product 5812, price=59120.0, quantity=5822)
Product(id=5813, name=Product 5813, price=59130.0, quantity=5823)
Product(id=5814, name=Product 5814, price=59140.0, quantity=5824)
Product(id=5815, name=Product 5815, price=59150.0, quantity=5825)
Product(id=5816, name=Product 5816, price=59160.0, quantity=5826)
Product(id=5817, name=Product 5817, price=59170.0, quantity=5827)
Product(id=5818, name=Product 5818, price=59180.0, quantity=5828)
Product(id=5819, name=Product 5819, price=59190.0, quantity=5829)
Product(id=5820, name=Product 5820, price=59200.0, quantity=5830)
Product(id=5821, name=Product 5821, price=59210.0, quantity=5831)
Product(id=5822, name=Product 5822, price=59220.0, quantity=5832)
Product(id=5823, name=Product 5823, price=59230.0, quantity=5833)
Product(id=5824, name=Product 5824, price=59240.0, quantity=5834)
Product(id=5825, name=Product 5825, price=59250.0, quantity=5835)
Product(id=5826, name=Product 5826, price=59260.0, quantity=5836)
Product(id=5827, name=Product 5827, price=59270.0, quantity=5837)
Product(id=5828, name=Product 5828, price=59280.0, quantity=5838)
Product(id=5829, name=Product 5829, price=59290.0, quantity=5839)
Product(id=5830, name=Product 5830, price=59300.0, quantity=5840)
Product(id=5831, name=Product 5831, price=59310.0, quantity=5841)
Product(id=5832, name=Product 5832, price=59320.0, quantity=5842)
Product(id=5833, name=Product 5833, price=59330.0, quantity=5843)
Product(id=5834, name=Product 5834, price=59340.0, quantity=5844)
Product(id=5835, name=Product 5835, price=59350.0, quantity=5845)
Product(id=5836, name=Product 5836, price=59360.0, quantity=5846)
Product(id=5837, name=Product 5837, price=59370.0, quantity=5847)
Product(id=5838, name=Product 5838, price=59380.0, quantity=5848)
Product(id=5839, name=Product 5839, price=59390.0, quantity=5849)
Product(id=5840, name=Product 5840, price=59400.0, quantity=5850)
Product(id=5841, name=Product 5841, price=59410.0, quantity=5851)
Product(id=5842, name=Product 5842, price=59420.0, quantity=5852)
Product(id=5843, name=Product 5843, price=59430.0, quantity=5853)
Product(id=5844, name=Product 5844, price=59440.0, quantity=5854)
Product(id=5845, name=Product 5845, price=59450.0, quantity=5855)
Product(id=5846, name=Product 5846, price=59460.0, quantity=5856)
Product(id=5847, name=Product 5847, price=59470.0, quantity=5857)
Product(id=5848, name=Product 5848, price=59480.0, quantity=5858)
Product(id=5849, name=Product 5849, price=59490.0, quantity=5859)
Product(id=5850, name=Product 5850, price=59500.0, quantity=5860)
Product(id=5851, name=Product 5851, price=59510.0, quantity=5861)
Product(id=5852, name=Product 5852, price=59520.0, quantity=5862)
Product(id=5853, name=Product 5853, price=59530.0, quantity=5863)
Product(id=5854, name=Product 5854, price=59540.0, quantity=5864)
Product(id=5855, name=Product 5855, price=59550.0, quantity=5865)
Product(id=5856, name=Product 5856, price=59560.0, quantity=5866)
Product(id=5857, name=Product 5857, price=59570.0, quantity=5867)
Product(id=5858, name=Product 5858, price=59580.0, quantity=5868)
Product(id=5859, name=Product 5859, price=59590.0, quantity=5869)
Product(id=5860, name=Product 5860, price=59600.0, quantity=5870)
Product(id=5861, name=Product 5861, price=59610.0, quantity=5871)
Product(id=5862, name=Product 5862, price=59620.0, quantity=5872)
Product(id=5863, name=Product 5863, price=59630.0, quantity=5873)
Product(id=5864, name=Product 5864, price=59640.0, quantity=5874)
Product(id=5865, name=Product 5865, price=59650.0, quantity=5875)
Product(id=5866, name=Product 5866, price=59660.0, quantity=5876)
Product(id=5867, name=Product 5867, price=59670.0, quantity=5877)
Product(id=5868, name=Product 5868, price=59680.0, quantity=5878)
Product(id=5869, name=Product 5869, price=59690.0, quantity=5879)
Product(id=5870, name=Product 5870, price=59700.0, quantity=5880)
Product(id=5871, name=Product 5871, price=59710.0, quantity=5881)
Product(id=5872, name=Product 5872, price=59720.0, quantity=5882)
Product(id=5873, name=Product 5873, price=59730.0, quantity=5883)
Product(id=5874, name=Product 5874, price=59740.0, quantity=5884)
Product(id=5875, name=Product 5875, price=59750.0, quantity=5885)
Product(id=5876, name=Product 5876, price=59760.0, quantity=5886)
Product(id=5877, name=Product 5877, price=59770.0, quantity=5887)
Product(id=5878, name=Product 5878, price=59780.0, quantity=5888)
Product(id=5879, name=Product 5879, price=59790.0, quantity=5889)
Product(id=5880, name=Product 5880, price=59800.0, quantity=5890)
Product(id=5881, name=Product 5881, price=59810.0, quantity=5891)
Product(id=5882, name=Product 5882, price=59820.0, quantity=5892)
Product(id=5883, name=Product 5883, price=59830.0, quantity=5893)
Product(id=5884, name=Product 5884, price=59840.0, quantity=5894)
Product(id=5885, name=Product 5885, price=59850.0, quantity=5895)
Product(id=5886, name=Product 5886, price=59860.0, quantity=5896)
Product(id=5887, name=Product 5887, price=59870.0, quantity=5897)
Product(id=5888, name=Product 5888, price=59880.0, quantity=5898)
Product(id=5889, name=Product 5889, price=59890.0, quantity=5899)
Product(id=5890, name=Product 5890, price=59900.0, quantity=5900)
Product(id=5891, name=Product 5891, price=59910.0, quantity=5901)
Product(id=5892, name=Product 5892, price=59920.0, quantity=5902)
Product(id=5893, name=Product 5893, price=59930.0, quantity=5903)
Product(id=5894, name=Product 5894, price=59940.0, quantity=5904)
Product(id=5895, name=Product 5895, price=59950.0, quantity=5905)
Product(id=5896, name=Product 5896, price=59960.0, quantity=5906)
Product(id=5897, name=Product 5897, price=59970.0, quantity=5907)
Product(id=5898, name=Product 5898, price=59980.0, quantity=5908)
Product(id=5899, name=Product 5899, price=59990.0, quantity=5909)
Product(id=5900, name=Product 5900, price=60000.0, quantity=5910)
Product(id=5901, name=Product 5901, price=60010.0, quantity=5911)
Product(id=5902, name=Product 5902, price=60020.0, quantity=5912)
Product(id=5903, name=Product 5903, price=60030.0, quantity=5913)
Product(id=5904, name=Product 5904, price=60040.0, quantity=5914)
Product(id=5905, name=Product 5905, price=60050.0, quantity=5915)
Product(id=5906, name=Product 5906, price=60060.0, quantity=5916)
Product(id=5907, name=Product 5907, price=60070.0, quantity=5917)
Product(id=5908, name=Product 5908, price=60080.0, quantity=5918)
Product(id=5909, name=Product 5909, price=60090.0, quantity=5919)
Product(id=5910, name=Product 5910, price=60100.0, quantity=5920)
Product(id=5911, name=Product 5911, price=60110.0, quantity=5921)
Product(id=5912, name=Product 5912, price=60120.0, quantity=5922)
Product(id=5913, name=Product 5913, price=60130.0, quantity=5923)
Product(id=5914, name=Product 5914, price=60140.0, quantity=5924)
Product(id=5915, name=Product 5915, price=60150.0, quantity=5925)
Product(id=5916, name=Product 5916, price=60160.0, quantity=5926)
Product(id=5917, name=Product 5917, price=60170.0, quantity=5927)
Product(id=5918, name=Product 5918, price=60180.0, quantity=5928)
Product(id=5919, name=Product 5919, price=60190.0, quantity=5929)
Product(id=5920, name=Product 5920, price=60200.0, quantity=5930)
Product(id=5921, name=Product 5921, price=60210.0, quantity=5931)
Product(id=5922, name=Product 5922, price=60220.0, quantity=5932)
Product(id=5923, name=Product 5923, price=60230.0, quantity=5933)
Product(id=5924, name=Product 5924, price=60240.0, quantity=5934)
Product(id=5925, name=Product 5925, price=60250.0, quantity=5935)
Product(id=5926, name=Product 5926, price=60260.0, quantity=5936)
Product(id=5927, name=Product 5927, price=60270.0, quantity=5937)
Product(id=5928, name=Product 5928, price=60280.0, quantity=5938)
Product(id=5929, name=Product 5929, price=60290.0, quantity=5939)
Product(id=5930, name=Product 5930, price=60300.0, quantity=5940)
Product(id=5931, name=Product 5931, price=60310.0, quantity=5941)
Product(id=5932, name=Product 5932, price=60320.0, quantity=5942)
Product(id=5933, name=Product 5933, price=60330.0, quantity=5943)
Product(id=5934, name=Product 5934, price=60340.0, quantity=5944)
Product(id=5935, name=Product 5935, price=60350.0, quantity=5945)
Product(id=5936, name=Product 5936, price=60360.0, quantity=5946)
Product(id=5937, name=Product 5937, price=60370.0, quantity=5947)
Product(id=5938, name=Product 5938, price=60380.0, quantity=5948)
Product(id=5939, name=Product 5939, price=60390.0, quantity=5949)
Product(id=5940, name=Product 5940, price=60400.0, quantity=5950)
Product(id=5941, name=Product 5941, price=60410.0, quantity=5951)
Product(id=5942, name=Product 5942, price=60420.0, quantity=5952)
Product(id=5943, name=Product 5943, price=60430.0, quantity=5953)
Product(id=5944, name=Product 5944, price=60440.0, quantity=5954)
Product(id=5945, name=Product 5945, price=60450.0, quantity=5955)
Product(id=5946, name=Product 5946, price=60460.0, quantity=5956)
Product(id=5947, name=Product 5947, price=60470.0, quantity=5957)
Product(id=5948, name=Product 5948, price=60480.0, quantity=5958)
Product(id=5949, name=Product 5949, price=60490.0, quantity=5959)
Product(id=5950, name=Product 5950, price=60500.0, quantity=5960)
Product(id=5951, name=Product 5951, price=60510.0, quantity=5961)
Product(id=5952, name=Product 5952, price=60520.0, quantity=5962)
Product(id=5953, name=Product 5953, price=60530.0, quantity=5963)
Product(id=5954, name=Product 5954, price=60540.0, quantity=5964)
Product(id=5955, name=Product 5955, price=60550.0, quantity=5965)
Product(id=5956, name=Product 5956, price=60560.0, quantity=5966)
Product(id=5957, name=Product 5957, price=60570.0, quantity=5967)
Product(id=5958, name=Product 5958, price=60580.0, quantity=5968)
Product(id=5959, name=Product 5959, price=60590.0, quantity=5969)
Product(id=5960, name=Product 5960, price=60600.0, quantity=5970)
Product(id=5961, name=Product 5961, price=60610.0, quantity=5971)
Product(id=5962, name=Product 5962, price=60620.0, quantity=5972)
Product(id=5963, name=Product 5963, price=60630.0, quantity=5973)
Product(id=5964, name=Product 5964, price=60640.0, quantity=5974)
Product(id=5965, name=Product 5965, price=60650.0, quantity=5975)
Product(id=5966, name=Product 5966, price=60660.0, quantity=5976)
Product(id=5967, name=Product 5967, price=60670.0, quantity=5977)
Product(id=5968, name=Product 5968, price=60680.0, quantity=5978)
Product(id=5969, name=Product 5969, price=60690.0, quantity=5979)
Product(id=5970, name=Product 5970, price=60700.0, quantity=5980)
Product(id=5971, name=Product 5971, price=60710.0, quantity=5981)
Product(id=5972, name=Product 5972, price=60720.0, quantity=5982)
Product(id=5973, name=Product 5973, price=60730.0, quantity=5983)
Product(id=5974, name=Product 5974, price=60740.0, quantity=5984)
Product(id=5975, name=Product 5975, price=60750.0, quantity=5985)
Product(id=5976, name=Product 5976, price=60760.0, quantity=5986)
Product(id=5977, name=Product 5977, price=60770.0, quantity=5987)
Product(id=5978, name=Product 5978, price=60780.0, quantity=5988)
Product(id=5979, name=Product 5979, price=60790.0, quantity=5989)
Product(id=5980, name=Product 5980, price=60800.0, quantity=5990)
Product(id=5981, name=Product 5981, price=60810.0, quantity=5991)
Product(id=5982, name=Product 5982, price=60820.0, quantity=5992)
Product(id=5983, name=Product 5983, price=60830.0, quantity=5993)
Product(id=5984, name=Product 5984, price=60840.0, quantity=5994)
Product(id=5985, name=Product 5985, price=60850.0, quantity=5995)
Product(id=5986, name=Product 5986, price=60860.0, quantity=5996)
Product(id=5987, name=Product 5987, price=60870.0, quantity=5997)
Product(id=5988, name=Product 5988, price=60880.0, quantity=5998)
Product(id=5989, name=Product 5989, price=60890.0, quantity=5999)
Product(id=5990, name=Product 5990, price=60900.0, quantity=6000)
Product(id=5991, name=Product 5991, price=60910.0, quantity=6001)
Product(id=5992, name=Product 5992, price=60920.0, quantity=6002)
Product(id=5993, name=Product 5993, price=60930.0, quantity=6003)
Product(id=5994, name=Product 5994, price=60940.0, quantity=6004)
Product(id=5995, name=Product 5995, price=60950.0, quantity=6005)
Product(id=5996, name=Product 5996, price=60960.0, quantity=6006)
Product(id=5997, name=Product 5997, price=60970.0, quantity=6007)
Product(id=5998, name=Product 5998, price=60980.0, quantity=6008)
Product(id=5999, name=Product 5999, price=60990.0, quantity=6009)
Product(id=6000, name=Product 6000, price=61000.0, quantity=6010)
Product(id=6001, name=Product 6001, price=61010.0, quantity=6011)
Product(id=6002, name=Product 6002, price=61020.0, quantity=6012)
Product(id=6003, name=Product 6003, price=61030.0, quantity=6013)
Product(id=6004, name=Product 6004, price=61040.0, quantity=6014)
Product(id=6005, name=Product 6005, price=61050.0, quantity=6015)
Product(id=6006, name=Product 6006, price=61060.0, quantity=6016)
Product(id=6007, name=Product 6007, price=61070.0, quantity=6017)
Product(id=6008, name=Product 6008, price=61080.0, quantity=6018)
Product(id=6009, name=Product 6009, price=61090.0, quantity=6019)
Product(id=6010, name=Product 6010, price=61100.0, quantity=6020)
Product(id=6011, name=Product 6011, price=61110.0, quantity=6021)
Product(id=6012, name=Product 6012, price=61120.0, quantity=6022)
Product(id=6013, name=Product 6013, price=61130.0, quantity=6023)
Product(id=6014, name=Product 6014, price=61140.0, quantity=6024)
Product(id=6015, name=Product 6015, price=61150.0, quantity=6025)
Product(id=6016, name=Product 6016, price=61160.0, quantity=6026)
Product(id=6017, name=Product 6017, price=61170.0, quantity=6027)
Product(id=6018, name=Product 6018, price=61180.0, quantity=6028)
Product(id=6019, name=Product 6019, price=61190.0, quantity=6029)
Product(id=6020, name=Product 6020, price=61200.0, quantity=6030)
Product(id=6021, name=Product 6021, price=61210.0, quantity=6031)
Product(id=6022, name=Product 6022, price=61220.0, quantity=6032)
Product(id=6023, name=Product 6023, price=61230.0, quantity=6033)
Product(id=6024, name=Product 6024, price=61240.0, quantity=6034)
Product(id=6025, name=Product 6025, price=61250.0, quantity=6035)
Product(id=6026, name=Product 6026, price=61260.0, quantity=6036)
Product(id=6027, name=Product 6027, price=61270.0, quantity=6037)
Product(id=6028, name=Product 6028, price=61280.0, quantity=6038)
Product(id=6029, name=Product 6029, price=61290.0, quantity=6039)
Product(id=6030, name=Product 6030, price=61300.0, quantity=6040)
Product(id=6031, name=Product 6031, price=61310.0, quantity=6041)
Product(id=6032, name=Product 6032, price=61320.0, quantity=6042)
Product(id=6033, name=Product 6033, price=61330.0, quantity=6043)
Product(id=6034, name=Product 6034, price=61340.0, quantity=6044)
Product(id=6035, name=Product 6035, price=61350.0, quantity=6045)
Product(id=6036, name=Product 6036, price=61360.0, quantity=6046)
Product(id=6037, name=Product 6037, price=61370.0, quantity=6047)
Product(id=6038, name=Product 6038, price=61380.0, quantity=6048)
Product(id=6039, name=Product 6039, price=61390.0, quantity=6049)
Product(id=6040, name=Product 6040, price=61400.0, quantity=6050)
Product(id=6041, name=Product 6041, price=61410.0, quantity=6051)
Product(id=6042, name=Product 6042, price=61420.0, quantity=6052)
Product(id=6043, name=Product 6043, price=61430.0, quantity=6053)
Product(id=6044, name=Product 6044, price=61440.0, quantity=6054)
Product(id=6045, name=Product 6045, price=61450.0, quantity=6055)
Product(id=6046, name=Product 6046, price=61460.0, quantity=6056)
Product(id=6047, name=Product 6047, price=61470.0, quantity=6057)
Product(id=6048, name=Product 6048, price=61480.0, quantity=6058)
Product(id=6049, name=Product 6049, price=61490.0, quantity=6059)
Product(id=6050, name=Product 6050, price=61500.0, quantity=6060)
Product(id=6051, name=Product 6051, price=61510.0, quantity=6061)
Product(id=6052, name=Product 6052, price=61520.0, quantity=6062)
Product(id=6053, name=Product 6053, price=61530.0, quantity=6063)
Product(id=6054, name=Product 6054, price=61540.0, quantity=6064)
Product(id=6055, name=Product 6055, price=61550.0, quantity=6065)
Product(id=6056, name=Product 6056, price=61560.0, quantity=6066)
Product(id=6057, name=Product 6057, price=61570.0, quantity=6067)
Product(id=6058, name=Product 6058, price=61580.0, quantity=6068)
Product(id=6059, name=Product 6059, price=61590.0, quantity=6069)
Product(id=6060, name=Product 6060, price=61600.0, quantity=6070)
Product(id=6061, name=Product 6061, price=61610.0, quantity=6071)
Product(id=6062, name=Product 6062, price=61620.0, quantity=6072)
Product(id=6063, name=Product 6063, price=61630.0, quantity=6073)
Product(id=6064, name=Product 6064, price=61640.0, quantity=6074)
Product(id=6065, name=Product 6065, price=61650.0, quantity=6075)
Product(id=6066, name=Product 6066, price=61660.0, quantity=6076)
Product(id=6067, name=Product 6067, price=61670.0, quantity=6077)
Product(id=6068, name=Product 6068, price=61680.0, quantity=6078)
Product(id=6069, name=Product 6069, price=61690.0, quantity=6079)
Product(id=6070, name=Product 6070, price=61700.0, quantity=6080)
Product(id=6071, name=Product 6071, price=61710.0, quantity=6081)
Product(id=6072, name=Product 6072, price=61720.0, quantity=6082)
Product(id=6073, name=Product 6073, price=61730.0, quantity=6083)
Product(id=6074, name=Product 6074, price=61740.0, quantity=6084)
Product(id=6075, name=Product 6075, price=61750.0, quantity=6085)
Product(id=6076, name=Product 6076, price=61760.0, quantity=6086)
Product(id=6077, name=Product 6077, price=61770.0, quantity=6087)
Product(id=6078, name=Product 6078, price=61780.0, quantity=6088)
Product(id=6079, name=Product 6079, price=61790.0, quantity=6089)
Product(id=6080, name=Product 6080, price=61800.0, quantity=6090)
Product(id=6081, name=Product 6081, price=61810.0, quantity=6091)
Product(id=6082, name=Product 6082, price=61820.0, quantity=6092)
Product(id=6083, name=Product 6083, price=61830.0, quantity=6093)
Product(id=6084, name=Product 6084, price=61840.0, quantity=6094)
Product(id=6085, name=Product 6085, price=61850.0, quantity=6095)
Product(id=6086, name=Product 6086, price=61860.0, quantity=6096)
Product(id=6087, name=Product 6087, price=61870.0, quantity=6097)
Product(id=6088, name=Product 6088, price=61880.0, quantity=6098)
Product(id=6089, name=Product 6089, price=61890.0, quantity=6099)
Product(id=6090, name=Product 6090, price=61900.0, quantity=6100)
Product(id=6091, name=Product 6091, price=61910.0, quantity=6101)
Product(id=6092, name=Product 6092, price=61920.0, quantity=6102)
Product(id=6093, name=Product 6093, price=61930.0, quantity=6103)
Product(id=6094, name=Product 6094, price=61940.0, quantity=6104)
Product(id=6095, name=Product 6095, price=61950.0, quantity=6105)
Product(id=6096, name=Product 6096, price=61960.0, quantity=6106)
Product(id=6097, name=Product 6097, price=61970.0, quantity=6107)
Product(id=6098, name=Product 6098, price=61980.0, quantity=6108)
Product(id=6099, name=Product 6099, price=61990.0, quantity=6109)
Product(id=6100, name=Product 6100, price=62000.0, quantity=6110)
Product(id=6101, name=Product 6101, price=62010.0, quantity=6111)
Product(id=6102, name=Product 6102, price=62020.0, quantity=6112)
Product(id=6103, name=Product 6103, price=62030.0, quantity=6113)
Product(id=6104, name=Product 6104, price=62040.0, quantity=6114)
Product(id=6105, name=Product 6105, price=62050.0, quantity=6115)
Product(id=6106, name=Product 6106, price=62060.0, quantity=6116)
Product(id=6107, name=Product 6107, price=62070.0, quantity=6117)
Product(id=6108, name=Product 6108, price=62080.0, quantity=6118)
Product(id=6109, name=Product 6109, price=62090.0, quantity=6119)
Product(id=6110, name=Product 6110, price=62100.0, quantity=6120)
Product(id=6111, name=Product 6111, price=62110.0, quantity=6121)
Product(id=6112, name=Product 6112, price=62120.0, quantity=6122)
Product(id=6113, name=Product 6113, price=62130.0, quantity=6123)
Product(id=6114, name=Product 6114, price=62140.0, quantity=6124)
Product(id=6115, name=Product 6115, price=62150.0, quantity=6125)
Product(id=6116, name=Product 6116, price=62160.0, quantity=6126)
Product(id=6117, name=Product 6117, price=62170.0, quantity=6127)
Product(id=6118, name=Product 6118, price=62180.0, quantity=6128)
Product(id=6119, name=Product 6119, price=62190.0, quantity=6129)
Product(id=6120, name=Product 6120, price=62200.0, quantity=6130)
Product(id=6121, name=Product 6121, price=62210.0, quantity=6131)
Product(id=6122, name=Product 6122, price=62220.0, quantity=6132)
Product(id=6123, name=Product 6123, price=62230.0, quantity=6133)
Product(id=6124, name=Product 6124, price=62240.0, quantity=6134)
Product(id=6125, name=Product 6125, price=62250.0, quantity=6135)
Product(id=6126, name=Product 6126, price=62260.0, quantity=6136)
Product(id=6127, name=Product 6127, price=62270.0, quantity=6137)
Product(id=6128, name=Product 6128, price=62280.0, quantity=6138)
Product(id=6129, name=Product 6129, price=62290.0, quantity=6139)
Product(id=6130, name=Product 6130, price=62300.0, quantity=6140)
Product(id=6131, name=Product 6131, price=62310.0, quantity=6141)
Product(id=6132, name=Product 6132, price=62320.0, quantity=6142)
Product(id=6133, name=Product 6133, price=62330.0, quantity=6143)
Product(id=6134, name=Product 6134, price=62340.0, quantity=6144)
Product(id=6135, name=Product 6135, price=62350.0, quantity=6145)
Product(id=6136, name=Product 6136, price=62360.0, quantity=6146)
Product(id=6137, name=Product 6137, price=62370.0, quantity=6147)
Product(id=6138, name=Product 6138, price=62380.0, quantity=6148)
Product(id=6139, name=Product 6139, price=62390.0, quantity=6149)
Product(id=6140, name=Product 6140, price=62400.0, quantity=6150)
Product(id=6141, name=Product 6141, price=62410.0, quantity=6151)
Product(id=6142, name=Product 6142, price=62420.0, quantity=6152)
Product(id=6143, name=Product 6143, price=62430.0, quantity=6153)
Product(id=6144, name=Product 6144, price=62440.0, quantity=6154)
Product(id=6145, name=Product 6145, price=62450.0, quantity=6155)
Product(id=6146, name=Product 6146, price=62460.0, quantity=6156)
Product(id=6147, name=Product 6147, price=62470.0, quantity=6157)
Product(id=6148, name=Product 6148, price=62480.0, quantity=6158)
Product(id=6149, name=Product 6149, price=62490.0, quantity=6159)
Product(id=6150, name=Product 6150, price=62500.0, quantity=6160)
Product(id=6151, name=Product 6151, price=62510.0, quantity=6161)
Product(id=6152, name=Product 6152, price=62520.0, quantity=6162)
Product(id=6153, name=Product 6153, price=62530.0, quantity=6163)
Product(id=6154, name=Product 6154, price=62540.0, quantity=6164)
Product(id=6155, name=Product 6155, price=62550.0, quantity=6165)
Product(id=6156, name=Product 6156, price=62560.0, quantity=6166)
Product(id=6157, name=Product 6157, price=62570.0, quantity=6167)
Product(id=6158, name=Product 6158, price=62580.0, quantity=6168)
Product(id=6159, name=Product 6159, price=62590.0, quantity=6169)
Product(id=6160, name=Product 6160, price=62600.0, quantity=6170)
Product(id=6161, name=Product 6161, price=62610.0, quantity=6171)
Product(id=6162, name=Product 6162, price=62620.0, quantity=6172)
Product(id=6163, name=Product 6163, price=62630.0, quantity=6173)
Product(id=6164, name=Product 6164, price=62640.0, quantity=6174)
Product(id=6165, name=Product 6165, price=62650.0, quantity=6175)
Product(id=6166, name=Product 6166, price=62660.0, quantity=6176)
Product(id=6167, name=Product 6167, price=62670.0, quantity=6177)
Product(id=6168, name=Product 6168, price=62680.0, quantity=6178)
Product(id=6169, name=Product 6169, price=62690.0, quantity=6179)
Product(id=6170, name=Product 6170, price=62700.0, quantity=6180)
Product(id=6171, name=Product 6171, price=62710.0, quantity=6181)
Product(id=6172, name=Product 6172, price=62720.0, quantity=6182)
Product(id=6173, name=Product 6173, price=62730.0, quantity=6183)
Product(id=6174, name=Product 6174, price=62740.0, quantity=6184)
Product(id=6175, name=Product 6175, price=62750.0, quantity=6185)
Product(id=6176, name=Product 6176, price=62760.0, quantity=6186)
Product(id=6177, name=Product 6177, price=62770.0, quantity=6187)
Product(id=6178, name=Product 6178, price=62780.0, quantity=6188)
Product(id=6179, name=Product 6179, price=62790.0, quantity=6189)
Product(id=6180, name=Product 6180, price=62800.0, quantity=6190)
Product(id=6181, name=Product 6181, price=62810.0, quantity=6191)
Product(id=6182, name=Product 6182, price=62820.0, quantity=6192)
Product(id=6183, name=Product 6183, price=62830.0, quantity=6193)
Product(id=6184, name=Product 6184, price=62840.0, quantity=6194)
Product(id=6185, name=Product 6185, price=62850.0, quantity=6195)
Product(id=6186, name=Product 6186, price=62860.0, quantity=6196)
Product(id=6187, name=Product 6187, price=62870.0, quantity=6197)
Product(id=6188, name=Product 6188, price=62880.0, quantity=6198)
Product(id=6189, name=Product 6189, price=62890.0, quantity=6199)
Product(id=6190, name=Product 6190, price=62900.0, quantity=6200)
Product(id=6191, name=Product 6191, price=62910.0, quantity=6201)
Product(id=6192, name=Product 6192, price=62920.0, quantity=6202)
Product(id=6193, name=Product 6193, price=62930.0, quantity=6203)
Product(id=6194, name=Product 6194, price=62940.0, quantity=6204)
Product(id=6195, name=Product 6195, price=62950.0, quantity=6205)
Product(id=6196, name=Product 6196, price=62960.0, quantity=6206)
Product(id=6197, name=Product 6197, price=62970.0, quantity=6207)
Product(id=6198, name=Product 6198, price=62980.0, quantity=6208)
Product(id=6199, name=Product 6199, price=62990.0, quantity=6209)
Product(id=6200, name=Product 6200, price=63000.0, quantity=6210)
Product(id=6201, name=Product 6201, price=63010.0, quantity=6211)
Product(id=6202, name=Product 6202, price=63020.0, quantity=6212)
Product(id=6203, name=Product 6203, price=63030.0, quantity=6213)
Product(id=6204, name=Product 6204, price=63040.0, quantity=6214)
Product(id=6205, name=Product 6205, price=63050.0, quantity=6215)
Product(id=6206, name=Product 6206, price=63060.0, quantity=6216)
Product(id=6207, name=Product 6207, price=63070.0, quantity=6217)
Product(id=6208, name=Product 6208, price=63080.0, quantity=6218)
Product(id=6209, name=Product 6209, price=63090.0, quantity=6219)
Product(id=6210, name=Product 6210, price=63100.0, quantity=6220)
Product(id=6211, name=Product 6211, price=63110.0, quantity=6221)
Product(id=6212, name=Product 6212, price=63120.0, quantity=6222)
Product(id=6213, name=Product 6213, price=63130.0, quantity=6223)
Product(id=6214, name=Product 6214, price=63140.0, quantity=6224)
Product(id=6215, name=Product 6215, price=63150.0, quantity=6225)
Product(id=6216, name=Product 6216, price=63160.0, quantity=6226)
Product(id=6217, name=Product 6217, price=63170.0, quantity=6227)
Product(id=6218, name=Product 6218, price=63180.0, quantity=6228)
Product(id=6219, name=Product 6219, price=63190.0, quantity=6229)
Product(id=6220, name=Product 6220, price=63200.0, quantity=6230)
Product(id=6221, name=Product 6221, price=63210.0, quantity=6231)
Product(id=6222, name=Product 6222, price=63220.0, quantity=6232)
Product(id=6223, name=Product 6223, price=63230.0, quantity=6233)
Product(id=6224, name=Product 6224, price=63240.0, quantity=6234)
Product(id=6225, name=Product 6225, price=63250.0, quantity=6235)
Product(id=6226, name=Product 6226, price=63260.0, quantity=6236)
Product(id=6227, name=Product 6227, price=63270.0, quantity=6237)
Product(id=6228, name=Product 6228, price=63280.0, quantity=6238)
Product(id=6229, name=Product 6229, price=63290.0, quantity=6239)
Product(id=6230, name=Product 6230, price=63300.0, quantity=6240)
Product(id=6231, name=Product 6231, price=63310.0, quantity=6241)
Product(id=6232, name=Product 6232, price=63320.0, quantity=6242)
Product(id=6233, name=Product 6233, price=63330.0, quantity=6243)
Product(id=6234, name=Product 6234, price=63340.0, quantity=6244)
Product(id=6235, name=Product 6235, price=63350.0, quantity=6245)
Product(id=6236, name=Product 6236, price=63360.0, quantity=6246)
Product(id=6237, name=Product 6237, price=63370.0, quantity=6247)
Product(id=6238, name=Product 6238, price=63380.0, quantity=6248)
Product(id=6239, name=Product 6239, price=63390.0, quantity=6249)
Product(id=6240, name=Product 6240, price=63400.0, quantity=6250)
Product(id=6241, name=Product 6241, price=63410.0, quantity=6251)
Product(id=6242, name=Product 6242, price=63420.0, quantity=6252)
Product(id=6243, name=Product 6243, price=63430.0, quantity=6253)
Product(id=6244, name=Product 6244, price=63440.0, quantity=6254)
Product(id=6245, name=Product 6245, price=63450.0, quantity=6255)
Product(id=6246, name=Product 6246, price=63460.0, quantity=6256)
Product(id=6247, name=Product 6247, price=63470.0, quantity=6257)
Product(id=6248, name=Product 6248, price=63480.0, quantity=6258)
Product(id=6249, name=Product 6249, price=63490.0, quantity=6259)
Product(id=6250, name=Product 6250, price=63500.0, quantity=6260)
Product(id=6251, name=Product 6251, price=63510.0, quantity=6261)
Product(id=6252, name=Product 6252, price=63520.0, quantity=6262)
Product(id=6253, name=Product 6253, price=63530.0, quantity=6263)
Product(id=6254, name=Product 6254, price=63540.0, quantity=6264)
Product(id=6255, name=Product 6255, price=63550.0, quantity=6265)
Product(id=6256, name=Product 6256, price=63560.0, quantity=6266)
Product(id=6257, name=Product 6257, price=63570.0, quantity=6267)
Product(id=6258, name=Product 6258, price=63580.0, quantity=6268)
Product(id=6259, name=Product 6259, price=63590.0, quantity=6269)
Product(id=6260, name=Product 6260, price=63600.0, quantity=6270)
Product(id=6261, name=Product 6261, price=63610.0, quantity=6271)
Product(id=6262, name=Product 6262, price=63620.0, quantity=6272)
Product(id=6263, name=Product 6263, price=63630.0, quantity=6273)
Product(id=6264, name=Product 6264, price=63640.0, quantity=6274)
Product(id=6265, name=Product 6265, price=63650.0, quantity=6275)
Product(id=6266, name=Product 6266, price=63660.0, quantity=6276)
Product(id=6267, name=Product 6267, price=63670.0, quantity=6277)
Product(id=6268, name=Product 6268, price=63680.0, quantity=6278)
Product(id=6269, name=Product 6269, price=63690.0, quantity=6279)
Product(id=6270, name=Product 6270, price=63700.0, quantity=6280)
Product(id=6271, name=Product 6271, price=63710.0, quantity=6281)
Product(id=6272, name=Product 6272, price=63720.0, quantity=6282)
Product(id=6273, name=Product 6273, price=63730.0, quantity=6283)
Product(id=6274, name=Product 6274, price=63740.0, quantity=6284)
Product(id=6275, name=Product 6275, price=63750.0, quantity=6285)
Product(id=6276, name=Product 6276, price=63760.0, quantity=6286)
Product(id=6277, name=Product 6277, price=63770.0, quantity=6287)
Product(id=6278, name=Product 6278, price=63780.0, quantity=6288)
Product(id=6279, name=Product 6279, price=63790.0, quantity=6289)
Product(id=6280, name=Product 6280, price=63800.0, quantity=6290)
Product(id=6281, name=Product 6281, price=63810.0, quantity=6291)
Product(id=6282, name=Product 6282, price=63820.0, quantity=6292)
Product(id=6283, name=Product 6283, price=63830.0, quantity=6293)
Product(id=6284, name=Product 6284, price=63840.0, quantity=6294)
Product(id=6285, name=Product 6285, price=63850.0, quantity=6295)
Product(id=6286, name=Product 6286, price=63860.0, quantity=6296)
Product(id=6287, name=Product 6287, price=63870.0, quantity=6297)
Product(id=6288, name=Product 6288, price=63880.0, quantity=6298)
Product(id=6289, name=Product 6289, price=63890.0, quantity=6299)
Product(id=6290, name=Product 6290, price=63900.0, quantity=6300)
Product(id=6291, name=Product 6291, price=63910.0, quantity=6301)
Product(id=6292, name=Product 6292, price=63920.0, quantity=6302)
Product(id=6293, name=Product 6293, price=63930.0, quantity=6303)
Product(id=6294, name=Product 6294, price=63940.0, quantity=6304)
Product(id=6295, name=Product 6295, price=63950.0, quantity=6305)
Product(id=6296, name=Product 6296, price=63960.0, quantity=6306)
Product(id=6297, name=Product 6297, price=63970.0, quantity=6307)
Product(id=6298, name=Product 6298, price=63980.0, quantity=6308)
Product(id=6299, name=Product 6299, price=63990.0, quantity=6309)
Product(id=6300, name=Product 6300, price=64000.0, quantity=6310)
Product(id=6301, name=Product 6301, price=64010.0, quantity=6311)
Product(id=6302, name=Product 6302, price=64020.0, quantity=6312)
Product(id=6303, name=Product 6303, price=64030.0, quantity=6313)
Product(id=6304, name=Product 6304, price=64040.0, quantity=6314)
Product(id=6305, name=Product 6305, price=64050.0, quantity=6315)
Product(id=6306, name=Product 6306, price=64060.0, quantity=6316)
Product(id=6307, name=Product 6307, price=64070.0, quantity=6317)
Product(id=6308, name=Product 6308, price=64080.0, quantity=6318)
Product(id=6309, name=Product 6309, price=64090.0, quantity=6319)
Product(id=6310, name=Product 6310, price=64100.0, quantity=6320)
Product(id=6311, name=Product 6311, price=64110.0, quantity=6321)
Product(id=6312, name=Product 6312, price=64120.0, quantity=6322)
Product(id=6313, name=Product 6313, price=64130.0, quantity=6323)
Product(id=6314, name=Product 6314, price=64140.0, quantity=6324)
Product(id=6315, name=Product 6315, price=64150.0, quantity=6325)
Product(id=6316, name=Product 6316, price=64160.0, quantity=6326)
Product(id=6317, name=Product 6317, price=64170.0, quantity=6327)
Product(id=6318, name=Product 6318, price=64180.0, quantity=6328)
Product(id=6319, name=Product 6319, price=64190.0, quantity=6329)
Product(id=6320, name=Product 6320, price=64200.0, quantity=6330)
Product(id=6321, name=Product 6321, price=64210.0, quantity=6331)
Product(id=6322, name=Product 6322, price=64220.0, quantity=6332)
Product(id=6323, name=Product 6323, price=64230.0, quantity=6333)
Product(id=6324, name=Product 6324, price=64240.0, quantity=6334)
Product(id=6325, name=Product 6325, price=64250.0, quantity=6335)
Product(id=6326, name=Product 6326, price=64260.0, quantity=6336)
Product(id=6327, name=Product 6327, price=64270.0, quantity=6337)
Product(id=6328, name=Product 6328, price=64280.0, quantity=6338)
Product(id=6329, name=Product 6329, price=64290.0, quantity=6339)
Product(id=6330, name=Product 6330, price=64300.0, quantity=6340)
Product(id=6331, name=Product 6331, price=64310.0, quantity=6341)
Product(id=6332, name=Product 6332, price=64320.0, quantity=6342)
Product(id=6333, name=Product 6333, price=64330.0, quantity=6343)
Product(id=6334, name=Product 6334, price=64340.0, quantity=6344)
Product(id=6335, name=Product 6335, price=64350.0, quantity=6345)
Product(id=6336, name=Product 6336, price=64360.0, quantity=6346)
Product(id=6337, name=Product 6337, price=64370.0, quantity=6347)
Product(id=6338, name=Product 6338, price=64380.0, quantity=6348)
Product(id=6339, name=Product 6339, price=64390.0, quantity=6349)
Product(id=6340, name=Product 6340, price=64400.0, quantity=6350)
Product(id=6341, name=Product 6341, price=64410.0, quantity=6351)
Product(id=6342, name=Product 6342, price=64420.0, quantity=6352)
Product(id=6343, name=Product 6343, price=64430.0, quantity=6353)
Product(id=6344, name=Product 6344, price=64440.0, quantity=6354)
Product(id=6345, name=Product 6345, price=64450.0, quantity=6355)
Product(id=6346, name=Product 6346, price=64460.0, quantity=6356)
Product(id=6347, name=Product 6347, price=64470.0, quantity=6357)
Product(id=6348, name=Product 6348, price=64480.0, quantity=6358)
Product(id=6349, name=Product 6349, price=64490.0, quantity=6359)
Product(id=6350, name=Product 6350, price=64500.0, quantity=6360)
Product(id=6351, name=Product 6351, price=64510.0, quantity=6361)
Product(id=6352, name=Product 6352, price=64520.0, quantity=6362)
Product(id=6353, name=Product 6353, price=64530.0, quantity=6363)
Product(id=6354, name=Product 6354, price=64540.0, quantity=6364)
Product(id=6355, name=Product 6355, price=64550.0, quantity=6365)
Product(id=6356, name=Product 6356, price=64560.0, quantity=6366)
Product(id=6357, name=Product 6357, price=64570.0, quantity=6367)
Product(id=6358, name=Product 6358, price=64580.0, quantity=6368)
Product(id=6359, name=Product 6359, price=64590.0, quantity=6369)
Product(id=6360, name=Product 6360, price=64600.0, quantity=6370)
Product(id=6361, name=Product 6361, price=64610.0, quantity=6371)
Product(id=6362, name=Product 6362, price=64620.0, quantity=6372)
Product(id=6363, name=Product 6363, price=64630.0, quantity=6373)
Product(id=6364, name=Product 6364, price=64640.0, quantity=6374)
Product(id=6365, name=Product 6365, price=64650.0, quantity=6375)
Product(id=6366, name=Product 6366, price=64660.0, quantity=6376)
Product(id=6367, name=Product 6367, price=64670.0, quantity=6377)
Product(id=6368, name=Product 6368, price=64680.0, quantity=6378)
Product(id=6369, name=Product 6369, price=64690.0, quantity=6379)
Product(id=6370, name=Product 6370, price=64700.0, quantity=6380)
Product(id=6371, name=Product 6371, price=64710.0, quantity=6381)
Product(id=6372, name=Product 6372, price=64720.0, quantity=6382)
Product(id=6373, name=Product 6373, price=64730.0, quantity=6383)
Product(id=6374, name=Product 6374, price=64740.0, quantity=6384)
Product(id=6375, name=Product 6375, price=64750.0, quantity=6385)
Product(id=6376, name=Product 6376, price=64760.0, quantity=6386)
Product(id=6377, name=Product 6377, price=64770.0, quantity=6387)
Product(id=6378, name=Product 6378, price=64780.0, quantity=6388)
Product(id=6379, name=Product 6379, price=64790.0, quantity=6389)
Product(id=6380, name=Product 6380, price=64800.0, quantity=6390)
Product(id=6381, name=Product 6381, price=64810.0, quantity=6391)
Product(id=6382, name=Product 6382, price=64820.0, quantity=6392)
Product(id=6383, name=Product 6383, price=64830.0, quantity=6393)
Product(id=6384, name=Product 6384, price=64840.0, quantity=6394)
Product(id=6385, name=Product 6385, price=64850.0, quantity=6395)
Product(id=6386, name=Product 6386, price=64860.0, quantity=6396)
Product(id=6387, name=Product 6387, price=64870.0, quantity=6397)
Product(id=6388, name=Product 6388, price=64880.0, quantity=6398)
Product(id=6389, name=Product 6389, price=64890.0, quantity=6399)
Product(id=6390, name=Product 6390, price=64900.0, quantity=6400)
Product(id=6391, name=Product 6391, price=64910.0, quantity=6401)
Product(id=6392, name=Product 6392, price=64920.0, quantity=6402)
Product(id=6393, name=Product 6393, price=64930.0, quantity=6403)
Product(id=6394, name=Product 6394, price=64940.0, quantity=6404)
Product(id=6395, name=Product 6395, price=64950.0, quantity=6405)
Product(id=6396, name=Product 6396, price=64960.0, quantity=6406)
Product(id=6397, name=Product 6397, price=64970.0, quantity=6407)
Product(id=6398, name=Product 6398, price=64980.0, quantity=6408)
Product(id=6399, name=Product 6399, price=64990.0, quantity=6409)
Product(id=6400, name=Product 6400, price=65000.0, quantity=6410)
Product(id=6401, name=Product 6401, price=65010.0, quantity=6411)
Product(id=6402, name=Product 6402, price=65020.0, quantity=6412)
Product(id=6403, name=Product 6403, price=65030.0, quantity=6413)
Product(id=6404, name=Product 6404, price=65040.0, quantity=6414)
Product(id=6405, name=Product 6405, price=65050.0, quantity=6415)
Product(id=6406, name=Product 6406, price=65060.0, quantity=6416)
Product(id=6407, name=Product 6407, price=65070.0, quantity=6417)
Product(id=6408, name=Product 6408, price=65080.0, quantity=6418)
Product(id=6409, name=Product 6409, price=65090.0, quantity=6419)
Product(id=6410, name=Product 6410, price=65100.0, quantity=6420)
Product(id=6411, name=Product 6411, price=65110.0, quantity=6421)
Product(id=6412, name=Product 6412, price=65120.0, quantity=6422)
Product(id=6413, name=Product 6413, price=65130.0, quantity=6423)
Product(id=6414, name=Product 6414, price=65140.0, quantity=6424)
Product(id=6415, name=Product 6415, price=65150.0, quantity=6425)
Product(id=6416, name=Product 6416, price=65160.0, quantity=6426)
Product(id=6417, name=Product 6417, price=65170.0, quantity=6427)
Product(id=6418, name=Product 6418, price=65180.0, quantity=6428)
Product(id=6419, name=Product 6419, price=65190.0, quantity=6429)
Product(id=6420, name=Product 6420, price=65200.0, quantity=6430)
Product(id=6421, name=Product 6421, price=65210.0, quantity=6431)
Product(id=6422, name=Product 6422, price=65220.0, quantity=6432)
Product(id=6423, name=Product 6423, price=65230.0, quantity=6433)
Product(id=6424, name=Product 6424, price=65240.0, quantity=6434)
Product(id=6425, name=Product 6425, price=65250.0, quantity=6435)
Product(id=6426, name=Product 6426, price=65260.0, quantity=6436)
Product(id=6427, name=Product 6427, price=65270.0, quantity=6437)
Product(id=6428, name=Product 6428, price=65280.0, quantity=6438)
Product(id=6429, name=Product 6429, price=65290.0, quantity=6439)
Product(id=6430, name=Product 6430, price=65300.0, quantity=6440)
Product(id=6431, name=Product 6431, price=65310.0, quantity=6441)
Product(id=6432, name=Product 6432, price=65320.0, quantity=6442)
Product(id=6433, name=Product 6433, price=65330.0, quantity=6443)
Product(id=6434, name=Product 6434, price=65340.0, quantity=6444)
Product(id=6435, name=Product 6435, price=65350.0, quantity=6445)
Product(id=6436, name=Product 6436, price=65360.0, quantity=6446)
Product(id=6437, name=Product 6437, price=65370.0, quantity=6447)
Product(id=6438, name=Product 6438, price=65380.0, quantity=6448)
Product(id=6439, name=Product 6439, price=65390.0, quantity=6449)
Product(id=6440, name=Product 6440, price=65400.0, quantity=6450)
Product(id=6441, name=Product 6441, price=65410.0, quantity=6451)
Product(id=6442, name=Product 6442, price=65420.0, quantity=6452)
Product(id=6443, name=Product 6443, price=65430.0, quantity=6453)
Product(id=6444, name=Product 6444, price=65440.0, quantity=6454)
Product(id=6445, name=Product 6445, price=65450.0, quantity=6455)
Product(id=6446, name=Product 6446, price=65460.0, quantity=6456)
Product(id=6447, name=Product 6447, price=65470.0, quantity=6457)
Product(id=6448, name=Product 6448, price=65480.0, quantity=6458)
Product(id=6449, name=Product 6449, price=65490.0, quantity=6459)
Product(id=6450, name=Product 6450, price=65500.0, quantity=6460)
Product(id=6451, name=Product 6451, price=65510.0, quantity=6461)
Product(id=6452, name=Product 6452, price=65520.0, quantity=6462)
Product(id=6453, name=Product 6453, price=65530.0, quantity=6463)
Product(id=6454, name=Product 6454, price=65540.0, quantity=6464)
Product(id=6455, name=Product 6455, price=65550.0, quantity=6465)
Product(id=6456, name=Product 6456, price=65560.0, quantity=6466)
Product(id=6457, name=Product 6457, price=65570.0, quantity=6467)
Product(id=6458, name=Product 6458, price=65580.0, quantity=6468)
Product(id=6459, name=Product 6459, price=65590.0, quantity=6469)
Product(id=6460, name=Product 6460, price=65600.0, quantity=6470)
Product(id=6461, name=Product 6461, price=65610.0, quantity=6471)
Product(id=6462, name=Product 6462, price=65620.0, quantity=6472)
Product(id=6463, name=Product 6463, price=65630.0, quantity=6473)
Product(id=6464, name=Product 6464, price=65640.0, quantity=6474)
Product(id=6465, name=Product 6465, price=65650.0, quantity=6475)
Product(id=6466, name=Product 6466, price=65660.0, quantity=6476)
Product(id=6467, name=Product 6467, price=65670.0, quantity=6477)
Product(id=6468, name=Product 6468, price=65680.0, quantity=6478)
Product(id=6469, name=Product 6469, price=65690.0, quantity=6479)
Product(id=6470, name=Product 6470, price=65700.0, quantity=6480)
Product(id=6471, name=Product 6471, price=65710.0, quantity=6481)
Product(id=6472, name=Product 6472, price=65720.0, quantity=6482)
Product(id=6473, name=Product 6473, price=65730.0, quantity=6483)
Product(id=6474, name=Product 6474, price=65740.0, quantity=6484)
Product(id=6475, name=Product 6475, price=65750.0, quantity=6485)
Product(id=6476, name=Product 6476, price=65760.0, quantity=6486)
Product(id=6477, name=Product 6477, price=65770.0, quantity=6487)
Product(id=6478, name=Product 6478, price=65780.0, quantity=6488)
Product(id=6479, name=Product 6479, price=65790.0, quantity=6489)
Product(id=6480, name=Product 6480, price=65800.0, quantity=6490)
Product(id=6481, name=Product 6481, price=65810.0, quantity=6491)
Product(id=6482, name=Product 6482, price=65820.0, quantity=6492)
Product(id=6483, name=Product 6483, price=65830.0, quantity=6493)
Product(id=6484, name=Product 6484, price=65840.0, quantity=6494)
Product(id=6485, name=Product 6485, price=65850.0, quantity=6495)
Product(id=6486, name=Product 6486, price=65860.0, quantity=6496)
Product(id=6487, name=Product 6487, price=65870.0, quantity=6497)
Product(id=6488, name=Product 6488, price=65880.0, quantity=6498)
Product(id=6489, name=Product 6489, price=65890.0, quantity=6499)
Product(id=6490, name=Product 6490, price=65900.0, quantity=6500)
Product(id=6491, name=Product 6491, price=65910.0, quantity=6501)
Product(id=6492, name=Product 6492, price=65920.0, quantity=6502)
Product(id=6493, name=Product 6493, price=65930.0, quantity=6503)
Product(id=6494, name=Product 6494, price=65940.0, quantity=6504)
Product(id=6495, name=Product 6495, price=65950.0, quantity=6505)
Product(id=6496, name=Product 6496, price=65960.0, quantity=6506)
Product(id=6497, name=Product 6497, price=65970.0, quantity=6507)
Product(id=6498, name=Product 6498, price=65980.0, quantity=6508)
Product(id=6499, name=Product 6499, price=65990.0, quantity=6509)
Product(id=6500, name=Product 6500, price=66000.0, quantity=6510)
Product(id=6501, name=Product 6501, price=66010.0, quantity=6511)
Product(id=6502, name=Product 6502, price=66020.0, quantity=6512)
Product(id=6503, name=Product 6503, price=66030.0, quantity=6513)
Product(id=6504, name=Product 6504, price=66040.0, quantity=6514)
Product(id=6505, name=Product 6505, price=66050.0, quantity=6515)
Product(id=6506, name=Product 6506, price=66060.0, quantity=6516)
Product(id=6507, name=Product 6507, price=66070.0, quantity=6517)
Product(id=6508, name=Product 6508, price=66080.0, quantity=6518)
Product(id=6509, name=Product 6509, price=66090.0, quantity=6519)
Product(id=6510, name=Product 6510, price=66100.0, quantity=6520)
Product(id=6511, name=Product 6511, price=66110.0, quantity=6521)
Product(id=6512, name=Product 6512, price=66120.0, quantity=6522)
Product(id=6513, name=Product 6513, price=66130.0, quantity=6523)
Product(id=6514, name=Product 6514, price=66140.0, quantity=6524)
Product(id=6515, name=Product 6515, price=66150.0, quantity=6525)
Product(id=6516, name=Product 6516, price=66160.0, quantity=6526)
Product(id=6517, name=Product 6517, price=66170.0, quantity=6527)
Product(id=6518, name=Product 6518, price=66180.0, quantity=6528)
Product(id=6519, name=Product 6519, price=66190.0, quantity=6529)
Product(id=6520, name=Product 6520, price=66200.0, quantity=6530)
Product(id=6521, name=Product 6521, price=66210.0, quantity=6531)
Product(id=6522, name=Product 6522, price=66220.0, quantity=6532)
Product(id=6523, name=Product 6523, price=66230.0, quantity=6533)
Product(id=6524, name=Product 6524, price=66240.0, quantity=6534)
Product(id=6525, name=Product 6525, price=66250.0, quantity=6535)
Product(id=6526, name=Product 6526, price=66260.0, quantity=6536)
Product(id=6527, name=Product 6527, price=66270.0, quantity=6537)
Product(id=6528, name=Product 6528, price=66280.0, quantity=6538)
Product(id=6529, name=Product 6529, price=66290.0, quantity=6539)
Product(id=6530, name=Product 6530, price=66300.0, quantity=6540)
Product(id=6531, name=Product 6531, price=66310.0, quantity=6541)
Product(id=6532, name=Product 6532, price=66320.0, quantity=6542)
Product(id=6533, name=Product 6533, price=66330.0, quantity=6543)
Product(id=6534, name=Product 6534, price=66340.0, quantity=6544)
Product(id=6535, name=Product 6535, price=66350.0, quantity=6545)
Product(id=6536, name=Product 6536, price=66360.0, quantity=6546)
Product(id=6537, name=Product 6537, price=66370.0, quantity=6547)
Product(id=6538, name=Product 6538, price=66380.0, quantity=6548)
Product(id=6539, name=Product 6539, price=66390.0, quantity=6549)
Product(id=6540, name=Product 6540, price=66400.0, quantity=6550)
Product(id=6541, name=Product 6541, price=66410.0, quantity=6551)
Product(id=6542, name=Product 6542, price=66420.0, quantity=6552)
Product(id=6543, name=Product 6543, price=66430.0, quantity=6553)
Product(id=6544, name=Product 6544, price=66440.0, quantity=6554)
Product(id=6545, name=Product 6545, price=66450.0, quantity=6555)
Product(id=6546, name=Product 6546, price=66460.0, quantity=6556)
Product(id=6547, name=Product 6547, price=66470.0, quantity=6557)
Product(id=6548, name=Product 6548, price=66480.0, quantity=6558)
Product(id=6549, name=Product 6549, price=66490.0, quantity=6559)
Product(id=6550, name=Product 6550, price=66500.0, quantity=6560)
Product(id=6551, name=Product 6551, price=66510.0, quantity=6561)
Product(id=6552, name=Product 6552, price=66520.0, quantity=6562)
Product(id=6553, name=Product 6553, price=66530.0, quantity=6563)
Product(id=6554, name=Product 6554, price=66540.0, quantity=6564)
Product(id=6555, name=Product 6555, price=66550.0, quantity=6565)
Product(id=6556, name=Product 6556, price=66560.0, quantity=6566)
Product(id=6557, name=Product 6557, price=66570.0, quantity=6567)
Product(id=6558, name=Product 6558, price=66580.0, quantity=6568)
Product(id=6559, name=Product 6559, price=66590.0, quantity=6569)
Product(id=6560, name=Product 6560, price=66600.0, quantity=6570)
Product(id=6561, name=Product 6561, price=66610.0, quantity=6571)
Product(id=6562, name=Product 6562, price=66620.0, quantity=6572)
Product(id=6563, name=Product 6563, price=66630.0, quantity=6573)
Product(id=6564, name=Product 6564, price=66640.0, quantity=6574)
Product(id=6565, name=Product 6565, price=66650.0, quantity=6575)
Product(id=6566, name=Product 6566, price=66660.0, quantity=6576)
Product(id=6567, name=Product 6567, price=66670.0, quantity=6577)
Product(id=6568, name=Product 6568, price=66680.0, quantity=6578)
Product(id=6569, name=Product 6569, price=66690.0, quantity=6579)
Product(id=6570, name=Product 6570, price=66700.0, quantity=6580)
Product(id=6571, name=Product 6571, price=66710.0, quantity=6581)
Product(id=6572, name=Product 6572, price=66720.0, quantity=6582)
Product(id=6573, name=Product 6573, price=66730.0, quantity=6583)
Product(id=6574, name=Product 6574, price=66740.0, quantity=6584)
Product(id=6575, name=Product 6575, price=66750.0, quantity=6585)
Product(id=6576, name=Product 6576, price=66760.0, quantity=6586)
Product(id=6577, name=Product 6577, price=66770.0, quantity=6587)
Product(id=6578, name=Product 6578, price=66780.0, quantity=6588)
Product(id=6579, name=Product 6579, price=66790.0, quantity=6589)
Product(id=6580, name=Product 6580, price=66800.0, quantity=6590)
Product(id=6581, name=Product 6581, price=66810.0, quantity=6591)
Product(id=6582, name=Product 6582, price=66820.0, quantity=6592)
Product(id=6583, name=Product 6583, price=66830.0, quantity=6593)
Product(id=6584, name=Product 6584, price=66840.0, quantity=6594)
Product(id=6585, name=Product 6585, price=66850.0, quantity=6595)
Product(id=6586, name=Product 6586, price=66860.0, quantity=6596)
Product(id=6587, name=Product 6587, price=66870.0, quantity=6597)
Product(id=6588, name=Product 6588, price=66880.0, quantity=6598)
Product(id=6589, name=Product 6589, price=66890.0, quantity=6599)
Product(id=6590, name=Product 6590, price=66900.0, quantity=6600)
Product(id=6591, name=Product 6591, price=66910.0, quantity=6601)
Product(id=6592, name=Product 6592, price=66920.0, quantity=6602)
Product(id=6593, name=Product 6593, price=66930.0, quantity=6603)
Product(id=6594, name=Product 6594, price=66940.0, quantity=6604)
Product(id=6595, name=Product 6595, price=66950.0, quantity=6605)
Product(id=6596, name=Product 6596, price=66960.0, quantity=6606)
Product(id=6597, name=Product 6597, price=66970.0, quantity=6607)
Product(id=6598, name=Product 6598, price=66980.0, quantity=6608)
Product(id=6599, name=Product 6599, price=66990.0, quantity=6609)
Product(id=6600, name=Product 6600, price=67000.0, quantity=6610)
Product(id=6601, name=Product 6601, price=67010.0, quantity=6611)
Product(id=6602, name=Product 6602, price=67020.0, quantity=6612)
Product(id=6603, name=Product 6603, price=67030.0, quantity=6613)
Product(id=6604, name=Product 6604, price=67040.0, quantity=6614)
Product(id=6605, name=Product 6605, price=67050.0, quantity=6615)
Product(id=6606, name=Product 6606, price=67060.0, quantity=6616)
Product(id=6607, name=Product 6607, price=67070.0, quantity=6617)
Product(id=6608, name=Product 6608, price=67080.0, quantity=6618)
Product(id=6609, name=Product 6609, price=67090.0, quantity=6619)
Product(id=6610, name=Product 6610, price=67100.0, quantity=6620)
Product(id=6611, name=Product 6611, price=67110.0, quantity=6621)
Product(id=6612, name=Product 6612, price=67120.0, quantity=6622)
Product(id=6613, name=Product 6613, price=67130.0, quantity=6623)
Product(id=6614, name=Product 6614, price=67140.0, quantity=6624)
Product(id=6615, name=Product 6615, price=67150.0, quantity=6625)
Product(id=6616, name=Product 6616, price=67160.0, quantity=6626)
Product(id=6617, name=Product 6617, price=67170.0, quantity=6627)
Product(id=6618, name=Product 6618, price=67180.0, quantity=6628)
Product(id=6619, name=Product 6619, price=67190.0, quantity=6629)
Product(id=6620, name=Product 6620, price=67200.0, quantity=6630)
Product(id=6621, name=Product 6621, price=67210.0, quantity=6631)
Product(id=6622, name=Product 6622, price=67220.0, quantity=6632)
Product(id=6623, name=Product 6623, price=67230.0, quantity=6633)
Product(id=6624, name=Product 6624, price=67240.0, quantity=6634)
Product(id=6625, name=Product 6625, price=67250.0, quantity=6635)
Product(id=6626, name=Product 6626, price=67260.0, quantity=6636)
Product(id=6627, name=Product 6627, price=67270.0, quantity=6637)
Product(id=6628, name=Product 6628, price=67280.0, quantity=6638)
Product(id=6629, name=Product 6629, price=67290.0, quantity=6639)
Product(id=6630, name=Product 6630, price=67300.0, quantity=6640)
Product(id=6631, name=Product 6631, price=67310.0, quantity=6641)
Product(id=6632, name=Product 6632, price=67320.0, quantity=6642)
Product(id=6633, name=Product 6633, price=67330.0, quantity=6643)
Product(id=6634, name=Product 6634, price=67340.0, quantity=6644)
Product(id=6635, name=Product 6635, price=67350.0, quantity=6645)
Product(id=6636, name=Product 6636, price=67360.0, quantity=6646)
Product(id=6637, name=Product 6637, price=67370.0, quantity=6647)
Product(id=6638, name=Product 6638, price=67380.0, quantity=6648)
Product(id=6639, name=Product 6639, price=67390.0, quantity=6649)
Product(id=6640, name=Product 6640, price=67400.0, quantity=6650)
Product(id=6641, name=Product 6641, price=67410.0, quantity=6651)
Product(id=6642, name=Product 6642, price=67420.0, quantity=6652)
Product(id=6643, name=Product 6643, price=67430.0, quantity=6653)
Product(id=6644, name=Product 6644, price=67440.0, quantity=6654)
Product(id=6645, name=Product 6645, price=67450.0, quantity=6655)
Product(id=6646, name=Product 6646, price=67460.0, quantity=6656)
Product(id=6647, name=Product 6647, price=67470.0, quantity=6657)
Product(id=6648, name=Product 6648, price=67480.0, quantity=6658)
Product(id=6649, name=Product 6649, price=67490.0, quantity=6659)
Product(id=6650, name=Product 6650, price=67500.0, quantity=6660)
Product(id=6651, name=Product 6651, price=67510.0, quantity=6661)
Product(id=6652, name=Product 6652, price=67520.0, quantity=6662)
Product(id=6653, name=Product 6653, price=67530.0, quantity=6663)
Product(id=6654, name=Product 6654, price=67540.0, quantity=6664)
Product(id=6655, name=Product 6655, price=67550.0, quantity=6665)
Product(id=6656, name=Product 6656, price=67560.0, quantity=6666)
Product(id=6657, name=Product 6657, price=67570.0, quantity=6667)
Product(id=6658, name=Product 6658, price=67580.0, quantity=6668)
Product(id=6659, name=Product 6659, price=67590.0, quantity=6669)
Product(id=6660, name=Product 6660, price=67600.0, quantity=6670)
Product(id=6661, name=Product 6661, price=67610.0, quantity=6671)
Product(id=6662, name=Product 6662, price=67620.0, quantity=6672)
Product(id=6663, name=Product 6663, price=67630.0, quantity=6673)
Product(id=6664, name=Product 6664, price=67640.0, quantity=6674)
Product(id=6665, name=Product 6665, price=67650.0, quantity=6675)
Product(id=6666, name=Product 6666, price=67660.0, quantity=6676)
Product(id=6667, name=Product 6667, price=67670.0, quantity=6677)
Product(id=6668, name=Product 6668, price=67680.0, quantity=6678)
Product(id=6669, name=Product 6669, price=67690.0, quantity=6679)
Product(id=6670, name=Product 6670, price=67700.0, quantity=6680)
Product(id=6671, name=Product 6671, price=67710.0, quantity=6681)
Product(id=6672, name=Product 6672, price=67720.0, quantity=6682)
Product(id=6673, name=Product 6673, price=67730.0, quantity=6683)
Product(id=6674, name=Product 6674, price=67740.0, quantity=6684)
Product(id=6675, name=Product 6675, price=67750.0, quantity=6685)
Product(id=6676, name=Product 6676, price=67760.0, quantity=6686)
Product(id=6677, name=Product 6677, price=67770.0, quantity=6687)
Product(id=6678, name=Product 6678, price=67780.0, quantity=6688)
Product(id=6679, name=Product 6679, price=67790.0, quantity=6689)
Product(id=6680, name=Product 6680, price=67800.0, quantity=6690)
Product(id=6681, name=Product 6681, price=67810.0, quantity=6691)
Product(id=6682, name=Product 6682, price=67820.0, quantity=6692)
Product(id=6683, name=Product 6683, price=67830.0, quantity=6693)
Product(id=6684, name=Product 6684, price=67840.0, quantity=6694)
Product(id=6685, name=Product 6685, price=67850.0, quantity=6695)
Product(id=6686, name=Product 6686, price=67860.0, quantity=6696)
Product(id=6687, name=Product 6687, price=67870.0, quantity=6697)
Product(id=6688, name=Product 6688, price=67880.0, quantity=6698)
Product(id=6689, name=Product 6689, price=67890.0, quantity=6699)
Product(id=6690, name=Product 6690, price=67900.0, quantity=6700)
Product(id=6691, name=Product 6691, price=67910.0, quantity=6701)
Product(id=6692, name=Product 6692, price=67920.0, quantity=6702)
Product(id=6693, name=Product 6693, price=67930.0, quantity=6703)
Product(id=6694, name=Product 6694, price=67940.0, quantity=6704)
Product(id=6695, name=Product 6695, price=67950.0, quantity=6705)
Product(id=6696, name=Product 6696, price=67960.0, quantity=6706)
Product(id=6697, name=Product 6697, price=67970.0, quantity=6707)
Product(id=6698, name=Product 6698, price=67980.0, quantity=6708)
Product(id=6699, name=Product 6699, price=67990.0, quantity=6709)
Product(id=6700, name=Product 6700, price=68000.0, quantity=6710)
Product(id=6701, name=Product 6701, price=68010.0, quantity=6711)
Product(id=6702, name=Product 6702, price=68020.0, quantity=6712)
Product(id=6703, name=Product 6703, price=68030.0, quantity=6713)
Product(id=6704, name=Product 6704, price=68040.0, quantity=6714)
Product(id=6705, name=Product 6705, price=68050.0, quantity=6715)
Product(id=6706, name=Product 6706, price=68060.0, quantity=6716)
Product(id=6707, name=Product 6707, price=68070.0, quantity=6717)
Product(id=6708, name=Product 6708, price=68080.0, quantity=6718)
Product(id=6709, name=Product 6709, price=68090.0, quantity=6719)
Product(id=6710, name=Product 6710, price=68100.0, quantity=6720)
Product(id=6711, name=Product 6711, price=68110.0, quantity=6721)
Product(id=6712, name=Product 6712, price=68120.0, quantity=6722)
Product(id=6713, name=Product 6713, price=68130.0, quantity=6723)
Product(id=6714, name=Product 6714, price=68140.0, quantity=6724)
Product(id=6715, name=Product 6715, price=68150.0, quantity=6725)
Product(id=6716, name=Product 6716, price=68160.0, quantity=6726)
Product(id=6717, name=Product 6717, price=68170.0, quantity=6727)
Product(id=6718, name=Product 6718, price=68180.0, quantity=6728)
Product(id=6719, name=Product 6719, price=68190.0, quantity=6729)
Product(id=6720, name=Product 6720, price=68200.0, quantity=6730)
Product(id=6721, name=Product 6721, price=68210.0, quantity=6731)
Product(id=6722, name=Product 6722, price=68220.0, quantity=6732)
Product(id=6723, name=Product 6723, price=68230.0, quantity=6733)
Product(id=6724, name=Product 6724, price=68240.0, quantity=6734)
Product(id=6725, name=Product 6725, price=68250.0, quantity=6735)
Product(id=6726, name=Product 6726, price=68260.0, quantity=6736)
Product(id=6727, name=Product 6727, price=68270.0, quantity=6737)
Product(id=6728, name=Product 6728, price=68280.0, quantity=6738)
Product(id=6729, name=Product 6729, price=68290.0, quantity=6739)
Product(id=6730, name=Product 6730, price=68300.0, quantity=6740)
Product(id=6731, name=Product 6731, price=68310.0, quantity=6741)
Product(id=6732, name=Product 6732, price=68320.0, quantity=6742)
Product(id=6733, name=Product 6733, price=68330.0, quantity=6743)
Product(id=6734, name=Product 6734, price=68340.0, quantity=6744)
Product(id=6735, name=Product 6735, price=68350.0, quantity=6745)
Product(id=6736, name=Product 6736, price=68360.0, quantity=6746)
Product(id=6737, name=Product 6737, price=68370.0, quantity=6747)
Product(id=6738, name=Product 6738, price=68380.0, quantity=6748)
Product(id=6739, name=Product 6739, price=68390.0, quantity=6749)
Product(id=6740, name=Product 6740, price=68400.0, quantity=6750)
Product(id=6741, name=Product 6741, price=68410.0, quantity=6751)
Product(id=6742, name=Product 6742, price=68420.0, quantity=6752)
Product(id=6743, name=Product 6743, price=68430.0, quantity=6753)
Product(id=6744, name=Product 6744, price=68440.0, quantity=6754)
Product(id=6745, name=Product 6745, price=68450.0, quantity=6755)
Product(id=6746, name=Product 6746, price=68460.0, quantity=6756)
Product(id=6747, name=Product 6747, price=68470.0, quantity=6757)
Product(id=6748, name=Product 6748, price=68480.0, quantity=6758)
Product(id=6749, name=Product 6749, price=68490.0, quantity=6759)
Product(id=6750, name=Product 6750, price=68500.0, quantity=6760)
Product(id=6751, name=Product 6751, price=68510.0, quantity=6761)
Product(id=6752, name=Product 6752, price=68520.0, quantity=6762)
Product(id=6753, name=Product 6753, price=68530.0, quantity=6763)
Product(id=6754, name=Product 6754, price=68540.0, quantity=6764)
Product(id=6755, name=Product 6755, price=68550.0, quantity=6765)
Product(id=6756, name=Product 6756, price=68560.0, quantity=6766)
Product(id=6757, name=Product 6757, price=68570.0, quantity=6767)
Product(id=6758, name=Product 6758, price=68580.0, quantity=6768)
Product(id=6759, name=Product 6759, price=68590.0, quantity=6769)
Product(id=6760, name=Product 6760, price=68600.0, quantity=6770)
Product(id=6761, name=Product 6761, price=68610.0, quantity=6771)
Product(id=6762, name=Product 6762, price=68620.0, quantity=6772)
Product(id=6763, name=Product 6763, price=68630.0, quantity=6773)
Product(id=6764, name=Product 6764, price=68640.0, quantity=6774)
Product(id=6765, name=Product 6765, price=68650.0, quantity=6775)
Product(id=6766, name=Product 6766, price=68660.0, quantity=6776)
Product(id=6767, name=Product 6767, price=68670.0, quantity=6777)
Product(id=6768, name=Product 6768, price=68680.0, quantity=6778)
Product(id=6769, name=Product 6769, price=68690.0, quantity=6779)
Product(id=6770, name=Product 6770, price=68700.0, quantity=6780)
Product(id=6771, name=Product 6771, price=68710.0, quantity=6781)
Product(id=6772, name=Product 6772, price=68720.0, quantity=6782)
Product(id=6773, name=Product 6773, price=68730.0, quantity=6783)
Product(id=6774, name=Product 6774, price=68740.0, quantity=6784)
Product(id=6775, name=Product 6775, price=68750.0, quantity=6785)
Product(id=6776, name=Product 6776, price=68760.0, quantity=6786)
Product(id=6777, name=Product 6777, price=68770.0, quantity=6787)
Product(id=6778, name=Product 6778, price=68780.0, quantity=6788)
Product(id=6779, name=Product 6779, price=68790.0, quantity=6789)
Product(id=6780, name=Product 6780, price=68800.0, quantity=6790)
Product(id=6781, name=Product 6781, price=68810.0, quantity=6791)
Product(id=6782, name=Product 6782, price=68820.0, quantity=6792)
Product(id=6783, name=Product 6783, price=68830.0, quantity=6793)
Product(id=6784, name=Product 6784, price=68840.0, quantity=6794)
Product(id=6785, name=Product 6785, price=68850.0, quantity=6795)
Product(id=6786, name=Product 6786, price=68860.0, quantity=6796)
Product(id=6787, name=Product 6787, price=68870.0, quantity=6797)
Product(id=6788, name=Product 6788, price=68880.0, quantity=6798)
Product(id=6789, name=Product 6789, price=68890.0, quantity=6799)
Product(id=6790, name=Product 6790, price=68900.0, quantity=6800)
Product(id=6791, name=Product 6791, price=68910.0, quantity=6801)
Product(id=6792, name=Product 6792, price=68920.0, quantity=6802)
Product(id=6793, name=Product 6793, price=68930.0, quantity=6803)
Product(id=6794, name=Product 6794, price=68940.0, quantity=6804)
Product(id=6795, name=Product 6795, price=68950.0, quantity=6805)
Product(id=6796, name=Product 6796, price=68960.0, quantity=6806)
Product(id=6797, name=Product 6797, price=68970.0, quantity=6807)
Product(id=6798, name=Product 6798, price=68980.0, quantity=6808)
Product(id=6799, name=Product 6799, price=68990.0, quantity=6809)
Product(id=6800, name=Product 6800, price=69000.0, quantity=6810)
Product(id=6801, name=Product 6801, price=69010.0, quantity=6811)
Product(id=6802, name=Product 6802, price=69020.0, quantity=6812)
Product(id=6803, name=Product 6803, price=69030.0, quantity=6813)
Product(id=6804, name=Product 6804, price=69040.0, quantity=6814)
Product(id=6805, name=Product 6805, price=69050.0, quantity=6815)
Product(id=6806, name=Product 6806, price=69060.0, quantity=6816)
Product(id=6807, name=Product 6807, price=69070.0, quantity=6817)
Product(id=6808, name=Product 6808, price=69080.0, quantity=6818)
Product(id=6809, name=Product 6809, price=69090.0, quantity=6819)
Product(id=6810, name=Product 6810, price=69100.0, quantity=6820)
Product(id=6811, name=Product 6811, price=69110.0, quantity=6821)
Product(id=6812, name=Product 6812, price=69120.0, quantity=6822)
Product(id=6813, name=Product 6813, price=69130.0, quantity=6823)
Product(id=6814, name=Product 6814, price=69140.0, quantity=6824)
Product(id=6815, name=Product 6815, price=69150.0, quantity=6825)
Product(id=6816, name=Product 6816, price=69160.0, quantity=6826)
Product(id=6817, name=Product 6817, price=69170.0, quantity=6827)
Product(id=6818, name=Product 6818, price=69180.0, quantity=6828)
Product(id=6819, name=Product 6819, price=69190.0, quantity=6829)
Product(id=6820, name=Product 6820, price=69200.0, quantity=6830)
Product(id=6821, name=Product 6821, price=69210.0, quantity=6831)
Product(id=6822, name=Product 6822, price=69220.0, quantity=6832)
Product(id=6823, name=Product 6823, price=69230.0, quantity=6833)
Product(id=6824, name=Product 6824, price=69240.0, quantity=6834)
Product(id=6825, name=Product 6825, price=69250.0, quantity=6835)
Product(id=6826, name=Product 6826, price=69260.0, quantity=6836)
Product(id=6827, name=Product 6827, price=69270.0, quantity=6837)
Product(id=6828, name=Product 6828, price=69280.0, quantity=6838)
Product(id=6829, name=Product 6829, price=69290.0, quantity=6839)
Product(id=6830, name=Product 6830, price=69300.0, quantity=6840)
Product(id=6831, name=Product 6831, price=69310.0, quantity=6841)
Product(id=6832, name=Product 6832, price=69320.0, quantity=6842)
Product(id=6833, name=Product 6833, price=69330.0, quantity=6843)
Product(id=6834, name=Product 6834, price=69340.0, quantity=6844)
Product(id=6835, name=Product 6835, price=69350.0, quantity=6845)
Product(id=6836, name=Product 6836, price=69360.0, quantity=6846)
Product(id=6837, name=Product 6837, price=69370.0, quantity=6847)
Product(id=6838, name=Product 6838, price=69380.0, quantity=6848)
Product(id=6839, name=Product 6839, price=69390.0, quantity=6849)
Product(id=6840, name=Product 6840, price=69400.0, quantity=6850)
Product(id=6841, name=Product 6841, price=69410.0, quantity=6851)
Product(id=6842, name=Product 6842, price=69420.0, quantity=6852)
Product(id=6843, name=Product 6843, price=69430.0, quantity=6853)
Product(id=6844, name=Product 6844, price=69440.0, quantity=6854)
Product(id=6845, name=Product 6845, price=69450.0, quantity=6855)
Product(id=6846, name=Product 6846, price=69460.0, quantity=6856)
Product(id=6847, name=Product 6847, price=69470.0, quantity=6857)
Product(id=6848, name=Product 6848, price=69480.0, quantity=6858)
Product(id=6849, name=Product 6849, price=69490.0, quantity=6859)
Product(id=6850, name=Product 6850, price=69500.0, quantity=6860)
Product(id=6851, name=Product 6851, price=69510.0, quantity=6861)
Product(id=6852, name=Product 6852, price=69520.0, quantity=6862)
Product(id=6853, name=Product 6853, price=69530.0, quantity=6863)
Product(id=6854, name=Product 6854, price=69540.0, quantity=6864)
Product(id=6855, name=Product 6855, price=69550.0, quantity=6865)
Product(id=6856, name=Product 6856, price=69560.0, quantity=6866)
Product(id=6857, name=Product 6857, price=69570.0, quantity=6867)
Product(id=6858, name=Product 6858, price=69580.0, quantity=6868)
Product(id=6859, name=Product 6859, price=69590.0, quantity=6869)
Product(id=6860, name=Product 6860, price=69600.0, quantity=6870)
Product(id=6861, name=Product 6861, price=69610.0, quantity=6871)
Product(id=6862, name=Product 6862, price=69620.0, quantity=6872)
Product(id=6863, name=Product 6863, price=69630.0, quantity=6873)
Product(id=6864, name=Product 6864, price=69640.0, quantity=6874)
Product(id=6865, name=Product 6865, price=69650.0, quantity=6875)
Product(id=6866, name=Product 6866, price=69660.0, quantity=6876)
Product(id=6867, name=Product 6867, price=69670.0, quantity=6877)
Product(id=6868, name=Product 6868, price=69680.0, quantity=6878)
Product(id=6869, name=Product 6869, price=69690.0, quantity=6879)
Product(id=6870, name=Product 6870, price=69700.0, quantity=6880)
Product(id=6871, name=Product 6871, price=69710.0, quantity=6881)
Product(id=6872, name=Product 6872, price=69720.0, quantity=6882)
Product(id=6873, name=Product 6873, price=69730.0, quantity=6883)
Product(id=6874, name=Product 6874, price=69740.0, quantity=6884)
Product(id=6875, name=Product 6875, price=69750.0, quantity=6885)
Product(id=6876, name=Product 6876, price=69760.0, quantity=6886)
Product(id=6877, name=Product 6877, price=69770.0, quantity=6887)
Product(id=6878, name=Product 6878, price=69780.0, quantity=6888)
Product(id=6879, name=Product 6879, price=69790.0, quantity=6889)
Product(id=6880, name=Product 6880, price=69800.0, quantity=6890)
Product(id=6881, name=Product 6881, price=69810.0, quantity=6891)
Product(id=6882, name=Product 6882, price=69820.0, quantity=6892)
Product(id=6883, name=Product 6883, price=69830.0, quantity=6893)
Product(id=6884, name=Product 6884, price=69840.0, quantity=6894)
Product(id=6885, name=Product 6885, price=69850.0, quantity=6895)
Product(id=6886, name=Product 6886, price=69860.0, quantity=6896)
Product(id=6887, name=Product 6887, price=69870.0, quantity=6897)
Product(id=6888, name=Product 6888, price=69880.0, quantity=6898)
Product(id=6889, name=Product 6889, price=69890.0, quantity=6899)
Product(id=6890, name=Product 6890, price=69900.0, quantity=6900)
Product(id=6891, name=Product 6891, price=69910.0, quantity=6901)
Product(id=6892, name=Product 6892, price=69920.0, quantity=6902)
Product(id=6893, name=Product 6893, price=69930.0, quantity=6903)
Product(id=6894, name=Product 6894, price=69940.0, quantity=6904)
Product(id=6895, name=Product 6895, price=69950.0, quantity=6905)
Product(id=6896, name=Product 6896, price=69960.0, quantity=6906)
Product(id=6897, name=Product 6897, price=69970.0, quantity=6907)
Product(id=6898, name=Product 6898, price=69980.0, quantity=6908)
Product(id=6899, name=Product 6899, price=69990.0, quantity=6909)
Product(id=6900, name=Product 6900, price=70000.0, quantity=6910)
Product(id=6901, name=Product 6901, price=70010.0, quantity=6911)
Product(id=6902, name=Product 6902, price=70020.0, quantity=6912)
Product(id=6903, name=Product 6903, price=70030.0, quantity=6913)
Product(id=6904, name=Product 6904, price=70040.0, quantity=6914)
Product(id=6905, name=Product 6905, price=70050.0, quantity=6915)
Product(id=6906, name=Product 6906, price=70060.0, quantity=6916)
Product(id=6907, name=Product 6907, price=70070.0, quantity=6917)
Product(id=6908, name=Product 6908, price=70080.0, quantity=6918)
Product(id=6909, name=Product 6909, price=70090.0, quantity=6919)
Product(id=6910, name=Product 6910, price=70100.0, quantity=6920)
Product(id=6911, name=Product 6911, price=70110.0, quantity=6921)
Product(id=6912, name=Product 6912, price=70120.0, quantity=6922)
Product(id=6913, name=Product 6913, price=70130.0, quantity=6923)
Product(id=6914, name=Product 6914, price=70140.0, quantity=6924)
Product(id=6915, name=Product 6915, price=70150.0, quantity=6925)
Product(id=6916, name=Product 6916, price=70160.0, quantity=6926)
Product(id=6917, name=Product 6917, price=70170.0, quantity=6927)
Product(id=6918, name=Product 6918, price=70180.0, quantity=6928)
Product(id=6919, name=Product 6919, price=70190.0, quantity=6929)
Product(id=6920, name=Product 6920, price=70200.0, quantity=6930)
Product(id=6921, name=Product 6921, price=70210.0, quantity=6931)
Product(id=6922, name=Product 6922, price=70220.0, quantity=6932)
Product(id=6923, name=Product 6923, price=70230.0, quantity=6933)
Product(id=6924, name=Product 6924, price=70240.0, quantity=6934)
Product(id=6925, name=Product 6925, price=70250.0, quantity=6935)
Product(id=6926, name=Product 6926, price=70260.0, quantity=6936)
Product(id=6927, name=Product 6927, price=70270.0, quantity=6937)
Product(id=6928, name=Product 6928, price=70280.0, quantity=6938)
Product(id=6929, name=Product 6929, price=70290.0, quantity=6939)
Product(id=6930, name=Product 6930, price=70300.0, quantity=6940)
Product(id=6931, name=Product 6931, price=70310.0, quantity=6941)
Product(id=6932, name=Product 6932, price=70320.0, quantity=6942)
Product(id=6933, name=Product 6933, price=70330.0, quantity=6943)
Product(id=6934, name=Product 6934, price=70340.0, quantity=6944)
Product(id=6935, name=Product 6935, price=70350.0, quantity=6945)
Product(id=6936, name=Product 6936, price=70360.0, quantity=6946)
Product(id=6937, name=Product 6937, price=70370.0, quantity=6947)
Product(id=6938, name=Product 6938, price=70380.0, quantity=6948)
Product(id=6939, name=Product 6939, price=70390.0, quantity=6949)
Product(id=6940, name=Product 6940, price=70400.0, quantity=6950)
Product(id=6941, name=Product 6941, price=70410.0, quantity=6951)
Product(id=6942, name=Product 6942, price=70420.0, quantity=6952)
Product(id=6943, name=Product 6943, price=70430.0, quantity=6953)
Product(id=6944, name=Product 6944, price=70440.0, quantity=6954)
Product(id=6945, name=Product 6945, price=70450.0, quantity=6955)
Product(id=6946, name=Product 6946, price=70460.0, quantity=6956)
Product(id=6947, name=Product 6947, price=70470.0, quantity=6957)
Product(id=6948, name=Product 6948, price=70480.0, quantity=6958)
Product(id=6949, name=Product 6949, price=70490.0, quantity=6959)
Product(id=6950, name=Product 6950, price=70500.0, quantity=6960)
Product(id=6951, name=Product 6951, price=70510.0, quantity=6961)
Product(id=6952, name=Product 6952, price=70520.0, quantity=6962)
Product(id=6953, name=Product 6953, price=70530.0, quantity=6963)
Product(id=6954, name=Product 6954, price=70540.0, quantity=6964)
Product(id=6955, name=Product 6955, price=70550.0, quantity=6965)
Product(id=6956, name=Product 6956, price=70560.0, quantity=6966)
Product(id=6957, name=Product 6957, price=70570.0, quantity=6967)
Product(id=6958, name=Product 6958, price=70580.0, quantity=6968)
Product(id=6959, name=Product 6959, price=70590.0, quantity=6969)
Product(id=6960, name=Product 6960, price=70600.0, quantity=6970)
Product(id=6961, name=Product 6961, price=70610.0, quantity=6971)
Product(id=6962, name=Product 6962, price=70620.0, quantity=6972)
Product(id=6963, name=Product 6963, price=70630.0, quantity=6973)
Product(id=6964, name=Product 6964, price=70640.0, quantity=6974)
Product(id=6965, name=Product 6965, price=70650.0, quantity=6975)
Product(id=6966, name=Product 6966, price=70660.0, quantity=6976)
Product(id=6967, name=Product 6967, price=70670.0, quantity=6977)
Product(id=6968, name=Product 6968, price=70680.0, quantity=6978)
Product(id=6969, name=Product 6969, price=70690.0, quantity=6979)
Product(id=6970, name=Product 6970, price=70700.0, quantity=6980)
Product(id=6971, name=Product 6971, price=70710.0, quantity=6981)
Product(id=6972, name=Product 6972, price=70720.0, quantity=6982)
Product(id=6973, name=Product 6973, price=70730.0, quantity=6983)
Product(id=6974, name=Product 6974, price=70740.0, quantity=6984)
Product(id=6975, name=Product 6975, price=70750.0, quantity=6985)
Product(id=6976, name=Product 6976, price=70760.0, quantity=6986)
Product(id=6977, name=Product 6977, price=70770.0, quantity=6987)
Product(id=6978, name=Product 6978, price=70780.0, quantity=6988)
Product(id=6979, name=Product 6979, price=70790.0, quantity=6989)
Product(id=6980, name=Product 6980, price=70800.0, quantity=6990)
Product(id=6981, name=Product 6981, price=70810.0, quantity=6991)
Product(id=6982, name=Product 6982, price=70820.0, quantity=6992)
Product(id=6983, name=Product 6983, price=70830.0, quantity=6993)
Product(id=6984, name=Product 6984, price=70840.0, quantity=6994)
Product(id=6985, name=Product 6985, price=70850.0, quantity=6995)
Product(id=6986, name=Product 6986, price=70860.0, quantity=6996)
Product(id=6987, name=Product 6987, price=70870.0, quantity=6997)
Product(id=6988, name=Product 6988, price=70880.0, quantity=6998)
Product(id=6989, name=Product 6989, price=70890.0, quantity=6999)
Product(id=6990, name=Product 6990, price=70900.0, quantity=7000)
Product(id=6991, name=Product 6991, price=70910.0, quantity=7001)
Product(id=6992, name=Product 6992, price=70920.0, quantity=7002)
Product(id=6993, name=Product 6993, price=70930.0, quantity=7003)
Product(id=6994, name=Product 6994, price=70940.0, quantity=7004)
Product(id=6995, name=Product 6995, price=70950.0, quantity=7005)
Product(id=6996, name=Product 6996, price=70960.0, quantity=7006)
Product(id=6997, name=Product 6997, price=70970.0, quantity=7007)
Product(id=6998, name=Product 6998, price=70980.0, quantity=7008)
Product(id=6999, name=Product 6999, price=70990.0, quantity=7009)
Product(id=7000, name=Product 7000, price=71000.0, quantity=7010)
Product(id=7001, name=Product 7001, price=71010.0, quantity=7011)
Product(id=7002, name=Product 7002, price=71020.0, quantity=7012)
Product(id=7003, name=Product 7003, price=71030.0, quantity=7013)
Product(id=7004, name=Product 7004, price=71040.0, quantity=7014)
Product(id=7005, name=Product 7005, price=71050.0, quantity=7015)
Product(id=7006, name=Product 7006, price=71060.0, quantity=7016)
Product(id=7007, name=Product 7007, price=71070.0, quantity=7017)
Product(id=7008, name=Product 7008, price=71080.0, quantity=7018)
Product(id=7009, name=Product 7009, price=71090.0, quantity=7019)
Product(id=7010, name=Product 7010, price=71100.0, quantity=7020)
Product(id=7011, name=Product 7011, price=71110.0, quantity=7021)
Product(id=7012, name=Product 7012, price=71120.0, quantity=7022)
Product(id=7013, name=Product 7013, price=71130.0, quantity=7023)
Product(id=7014, name=Product 7014, price=71140.0, quantity=7024)
Product(id=7015, name=Product 7015, price=71150.0, quantity=7025)
Product(id=7016, name=Product 7016, price=71160.0, quantity=7026)
Product(id=7017, name=Product 7017, price=71170.0, quantity=7027)
Product(id=7018, name=Product 7018, price=71180.0, quantity=7028)
Product(id=7019, name=Product 7019, price=71190.0, quantity=7029)
Product(id=7020, name=Product 7020, price=71200.0, quantity=7030)
Product(id=7021, name=Product 7021, price=71210.0, quantity=7031)
Product(id=7022, name=Product 7022, price=71220.0, quantity=7032)
Product(id=7023, name=Product 7023, price=71230.0, quantity=7033)
Product(id=7024, name=Product 7024, price=71240.0, quantity=7034)
Product(id=7025, name=Product 7025, price=71250.0, quantity=7035)
Product(id=7026, name=Product 7026, price=71260.0, quantity=7036)
Product(id=7027, name=Product 7027, price=71270.0, quantity=7037)
Product(id=7028, name=Product 7028, price=71280.0, quantity=7038)
Product(id=7029, name=Product 7029, price=71290.0, quantity=7039)
Product(id=7030, name=Product 7030, price=71300.0, quantity=7040)
Product(id=7031, name=Product 7031, price=71310.0, quantity=7041)
Product(id=7032, name=Product 7032, price=71320.0, quantity=7042)
Product(id=7033, name=Product 7033, price=71330.0, quantity=7043)
Product(id=7034, name=Product 7034, price=71340.0, quantity=7044)
Product(id=7035, name=Product 7035, price=71350.0, quantity=7045)
Product(id=7036, name=Product 7036, price=71360.0, quantity=7046)
Product(id=7037, name=Product 7037, price=71370.0, quantity=7047)
Product(id=7038, name=Product 7038, price=71380.0, quantity=7048)
Product(id=7039, name=Product 7039, price=71390.0, quantity=7049)
Product(id=7040, name=Product 7040, price=71400.0, quantity=7050)
Product(id=7041, name=Product 7041, price=71410.0, quantity=7051)
Product(id=7042, name=Product 7042, price=71420.0, quantity=7052)
Product(id=7043, name=Product 7043, price=71430.0, quantity=7053)
Product(id=7044, name=Product 7044, price=71440.0, quantity=7054)
Product(id=7045, name=Product 7045, price=71450.0, quantity=7055)
Product(id=7046, name=Product 7046, price=71460.0, quantity=7056)
Product(id=7047, name=Product 7047, price=71470.0, quantity=7057)
Product(id=7048, name=Product 7048, price=71480.0, quantity=7058)
Product(id=7049, name=Product 7049, price=71490.0, quantity=7059)
Product(id=7050, name=Product 7050, price=71500.0, quantity=7060)
Product(id=7051, name=Product 7051, price=71510.0, quantity=7061)
Product(id=7052, name=Product 7052, price=71520.0, quantity=7062)
Product(id=7053, name=Product 7053, price=71530.0, quantity=7063)
Product(id=7054, name=Product 7054, price=71540.0, quantity=7064)
Product(id=7055, name=Product 7055, price=71550.0, quantity=7065)
Product(id=7056, name=Product 7056, price=71560.0, quantity=7066)
Product(id=7057, name=Product 7057, price=71570.0, quantity=7067)
Product(id=7058, name=Product 7058, price=71580.0, quantity=7068)
Product(id=7059, name=Product 7059, price=71590.0, quantity=7069)
Product(id=7060, name=Product 7060, price=71600.0, quantity=7070)
Product(id=7061, name=Product 7061, price=71610.0, quantity=7071)
Product(id=7062, name=Product 7062, price=71620.0, quantity=7072)
Product(id=7063, name=Product 7063, price=71630.0, quantity=7073)
Product(id=7064, name=Product 7064, price=71640.0, quantity=7074)
Product(id=7065, name=Product 7065, price=71650.0, quantity=7075)
Product(id=7066, name=Product 7066, price=71660.0, quantity=7076)
Product(id=7067, name=Product 7067, price=71670.0, quantity=7077)
Product(id=7068, name=Product 7068, price=71680.0, quantity=7078)
Product(id=7069, name=Product 7069, price=71690.0, quantity=7079)
Product(id=7070, name=Product 7070, price=71700.0, quantity=7080)
Product(id=7071, name=Product 7071, price=71710.0, quantity=7081)
Product(id=7072, name=Product 7072, price=71720.0, quantity=7082)
Product(id=7073, name=Product 7073, price=71730.0, quantity=7083)
Product(id=7074, name=Product 7074, price=71740.0, quantity=7084)
Product(id=7075, name=Product 7075, price=71750.0, quantity=7085)
Product(id=7076, name=Product 7076, price=71760.0, quantity=7086)
Product(id=7077, name=Product 7077, price=71770.0, quantity=7087)
Product(id=7078, name=Product 7078, price=71780.0, quantity=7088)
Product(id=7079, name=Product 7079, price=71790.0, quantity=7089)
Product(id=7080, name=Product 7080, price=71800.0, quantity=7090)
Product(id=7081, name=Product 7081, price=71810.0, quantity=7091)
Product(id=7082, name=Product 7082, price=71820.0, quantity=7092)
Product(id=7083, name=Product 7083, price=71830.0, quantity=7093)
Product(id=7084, name=Product 7084, price=71840.0, quantity=7094)
Product(id=7085, name=Product 7085, price=71850.0, quantity=7095)
Product(id=7086, name=Product 7086, price=71860.0, quantity=7096)
Product(id=7087, name=Product 7087, price=71870.0, quantity=7097)
Product(id=7088, name=Product 7088, price=71880.0, quantity=7098)
Product(id=7089, name=Product 7089, price=71890.0, quantity=7099)
Product(id=7090, name=Product 7090, price=71900.0, quantity=7100)
Product(id=7091, name=Product 7091, price=71910.0, quantity=7101)
Product(id=7092, name=Product 7092, price=71920.0, quantity=7102)
Product(id=7093, name=Product 7093, price=71930.0, quantity=7103)
Product(id=7094, name=Product 7094, price=71940.0, quantity=7104)
Product(id=7095, name=Product 7095, price=71950.0, quantity=7105)
Product(id=7096, name=Product 7096, price=71960.0, quantity=7106)
Product(id=7097, name=Product 7097, price=71970.0, quantity=7107)
Product(id=7098, name=Product 7098, price=71980.0, quantity=7108)
Product(id=7099, name=Product 7099, price=71990.0, quantity=7109)
Product(id=7100, name=Product 7100, price=72000.0, quantity=7110)
Product(id=7101, name=Product 7101, price=72010.0, quantity=7111)
Product(id=7102, name=Product 7102, price=72020.0, quantity=7112)
Product(id=7103, name=Product 7103, price=72030.0, quantity=7113)
Product(id=7104, name=Product 7104, price=72040.0, quantity=7114)
Product(id=7105, name=Product 7105, price=72050.0, quantity=7115)
Product(id=7106, name=Product 7106, price=72060.0, quantity=7116)
Product(id=7107, name=Product 7107, price=72070.0, quantity=7117)
Product(id=7108, name=Product 7108, price=72080.0, quantity=7118)
Product(id=7109, name=Product 7109, price=72090.0, quantity=7119)
Product(id=7110, name=Product 7110, price=72100.0, quantity=7120)
Product(id=7111, name=Product 7111, price=72110.0, quantity=7121)
Product(id=7112, name=Product 7112, price=72120.0, quantity=7122)
Product(id=7113, name=Product 7113, price=72130.0, quantity=7123)
Product(id=7114, name=Product 7114, price=72140.0, quantity=7124)
Product(id=7115, name=Product 7115, price=72150.0, quantity=7125)
Product(id=7116, name=Product 7116, price=72160.0, quantity=7126)
Product(id=7117, name=Product 7117, price=72170.0, quantity=7127)
Product(id=7118, name=Product 7118, price=72180.0, quantity=7128)
Product(id=7119, name=Product 7119, price=72190.0, quantity=7129)
Product(id=7120, name=Product 7120, price=72200.0, quantity=7130)
Product(id=7121, name=Product 7121, price=72210.0, quantity=7131)
Product(id=7122, name=Product 7122, price=72220.0, quantity=7132)
Product(id=7123, name=Product 7123, price=72230.0, quantity=7133)
Product(id=7124, name=Product 7124, price=72240.0, quantity=7134)
Product(id=7125, name=Product 7125, price=72250.0, quantity=7135)
Product(id=7126, name=Product 7126, price=72260.0, quantity=7136)
Product(id=7127, name=Product 7127, price=72270.0, quantity=7137)
Product(id=7128, name=Product 7128, price=72280.0, quantity=7138)
Product(id=7129, name=Product 7129, price=72290.0, quantity=7139)
Product(id=7130, name=Product 7130, price=72300.0, quantity=7140)
Product(id=7131, name=Product 7131, price=72310.0, quantity=7141)
Product(id=7132, name=Product 7132, price=72320.0, quantity=7142)
Product(id=7133, name=Product 7133, price=72330.0, quantity=7143)
Product(id=7134, name=Product 7134, price=72340.0, quantity=7144)
Product(id=7135, name=Product 7135, price=72350.0, quantity=7145)
Product(id=7136, name=Product 7136, price=72360.0, quantity=7146)
Product(id=7137, name=Product 7137, price=72370.0, quantity=7147)
Product(id=7138, name=Product 7138, price=72380.0, quantity=7148)
Product(id=7139, name=Product 7139, price=72390.0, quantity=7149)
Product(id=7140, name=Product 7140, price=72400.0, quantity=7150)
Product(id=7141, name=Product 7141, price=72410.0, quantity=7151)
Product(id=7142, name=Product 7142, price=72420.0, quantity=7152)
Product(id=7143, name=Product 7143, price=72430.0, quantity=7153)
Product(id=7144, name=Product 7144, price=72440.0, quantity=7154)
Product(id=7145, name=Product 7145, price=72450.0, quantity=7155)
Product(id=7146, name=Product 7146, price=72460.0, quantity=7156)
Product(id=7147, name=Product 7147, price=72470.0, quantity=7157)
Product(id=7148, name=Product 7148, price=72480.0, quantity=7158)
Product(id=7149, name=Product 7149, price=72490.0, quantity=7159)
Product(id=7150, name=Product 7150, price=72500.0, quantity=7160)
Product(id=7151, name=Product 7151, price=72510.0, quantity=7161)
Product(id=7152, name=Product 7152, price=72520.0, quantity=7162)
Product(id=7153, name=Product 7153, price=72530.0, quantity=7163)
Product(id=7154, name=Product 7154, price=72540.0, quantity=7164)
Product(id=7155, name=Product 7155, price=72550.0, quantity=7165)
Product(id=7156, name=Product 7156, price=72560.0, quantity=7166)
Product(id=7157, name=Product 7157, price=72570.0, quantity=7167)
Product(id=7158, name=Product 7158, price=72580.0, quantity=7168)
Product(id=7159, name=Product 7159, price=72590.0, quantity=7169)
Product(id=7160, name=Product 7160, price=72600.0, quantity=7170)
Product(id=7161, name=Product 7161, price=72610.0, quantity=7171)
Product(id=7162, name=Product 7162, price=72620.0, quantity=7172)
Product(id=7163, name=Product 7163, price=72630.0, quantity=7173)
Product(id=7164, name=Product 7164, price=72640.0, quantity=7174)
Product(id=7165, name=Product 7165, price=72650.0, quantity=7175)
Product(id=7166, name=Product 7166, price=72660.0, quantity=7176)
Product(id=7167, name=Product 7167, price=72670.0, quantity=7177)
Product(id=7168, name=Product 7168, price=72680.0, quantity=7178)
Product(id=7169, name=Product 7169, price=72690.0, quantity=7179)
Product(id=7170, name=Product 7170, price=72700.0, quantity=7180)
Product(id=7171, name=Product 7171, price=72710.0, quantity=7181)
Product(id=7172, name=Product 7172, price=72720.0, quantity=7182)
Product(id=7173, name=Product 7173, price=72730.0, quantity=7183)
Product(id=7174, name=Product 7174, price=72740.0, quantity=7184)
Product(id=7175, name=Product 7175, price=72750.0, quantity=7185)
Product(id=7176, name=Product 7176, price=72760.0, quantity=7186)
Product(id=7177, name=Product 7177, price=72770.0, quantity=7187)
Product(id=7178, name=Product 7178, price=72780.0, quantity=7188)
Product(id=7179, name=Product 7179, price=72790.0, quantity=7189)
Product(id=7180, name=Product 7180, price=72800.0, quantity=7190)
Product(id=7181, name=Product 7181, price=72810.0, quantity=7191)
Product(id=7182, name=Product 7182, price=72820.0, quantity=7192)
Product(id=7183, name=Product 7183, price=72830.0, quantity=7193)
Product(id=7184, name=Product 7184, price=72840.0, quantity=7194)
Product(id=7185, name=Product 7185, price=72850.0, quantity=7195)
Product(id=7186, name=Product 7186, price=72860.0, quantity=7196)
Product(id=7187, name=Product 7187, price=72870.0, quantity=7197)
Product(id=7188, name=Product 7188, price=72880.0, quantity=7198)
Product(id=7189, name=Product 7189, price=72890.0, quantity=7199)
Product(id=7190, name=Product 7190, price=72900.0, quantity=7200)
Product(id=7191, name=Product 7191, price=72910.0, quantity=7201)
Product(id=7192, name=Product 7192, price=72920.0, quantity=7202)
Product(id=7193, name=Product 7193, price=72930.0, quantity=7203)
Product(id=7194, name=Product 7194, price=72940.0, quantity=7204)
Product(id=7195, name=Product 7195, price=72950.0, quantity=7205)
Product(id=7196, name=Product 7196, price=72960.0, quantity=7206)
Product(id=7197, name=Product 7197, price=72970.0, quantity=7207)
Product(id=7198, name=Product 7198, price=72980.0, quantity=7208)
Product(id=7199, name=Product 7199, price=72990.0, quantity=7209)
Product(id=7200, name=Product 7200, price=73000.0, quantity=7210)
Product(id=7201, name=Product 7201, price=73010.0, quantity=7211)
Product(id=7202, name=Product 7202, price=73020.0, quantity=7212)
Product(id=7203, name=Product 7203, price=73030.0, quantity=7213)
Product(id=7204, name=Product 7204, price=73040.0, quantity=7214)
Product(id=7205, name=Product 7205, price=73050.0, quantity=7215)
Product(id=7206, name=Product 7206, price=73060.0, quantity=7216)
Product(id=7207, name=Product 7207, price=73070.0, quantity=7217)
Product(id=7208, name=Product 7208, price=73080.0, quantity=7218)
Product(id=7209, name=Product 7209, price=73090.0, quantity=7219)
Product(id=7210, name=Product 7210, price=73100.0, quantity=7220)
Product(id=7211, name=Product 7211, price=73110.0, quantity=7221)
Product(id=7212, name=Product 7212, price=73120.0, quantity=7222)
Product(id=7213, name=Product 7213, price=73130.0, quantity=7223)
Product(id=7214, name=Product 7214, price=73140.0, quantity=7224)
Product(id=7215, name=Product 7215, price=73150.0, quantity=7225)
Product(id=7216, name=Product 7216, price=73160.0, quantity=7226)
Product(id=7217, name=Product 7217, price=73170.0, quantity=7227)
Product(id=7218, name=Product 7218, price=73180.0, quantity=7228)
Product(id=7219, name=Product 7219, price=73190.0, quantity=7229)
Product(id=7220, name=Product 7220, price=73200.0, quantity=7230)
Product(id=7221, name=Product 7221, price=73210.0, quantity=7231)
Product(id=7222, name=Product 7222, price=73220.0, quantity=7232)
Product(id=7223, name=Product 7223, price=73230.0, quantity=7233)
Product(id=7224, name=Product 7224, price=73240.0, quantity=7234)
Product(id=7225, name=Product 7225, price=73250.0, quantity=7235)
Product(id=7226, name=Product 7226, price=73260.0, quantity=7236)
Product(id=7227, name=Product 7227, price=73270.0, quantity=7237)
Product(id=7228, name=Product 7228, price=73280.0, quantity=7238)
Product(id=7229, name=Product 7229, price=73290.0, quantity=7239)
Product(id=7230, name=Product 7230, price=73300.0, quantity=7240)
Product(id=7231, name=Product 7231, price=73310.0, quantity=7241)
Product(id=7232, name=Product 7232, price=73320.0, quantity=7242)
Product(id=7233, name=Product 7233, price=73330.0, quantity=7243)
Product(id=7234, name=Product 7234, price=73340.0, quantity=7244)
Product(id=7235, name=Product 7235, price=73350.0, quantity=7245)
Product(id=7236, name=Product 7236, price=73360.0, quantity=7246)
Product(id=7237, name=Product 7237, price=73370.0, quantity=7247)
Product(id=7238, name=Product 7238, price=73380.0, quantity=7248)
Product(id=7239, name=Product 7239, price=73390.0, quantity=7249)
Product(id=7240, name=Product 7240, price=73400.0, quantity=7250)
Product(id=7241, name=Product 7241, price=73410.0, quantity=7251)
Product(id=7242, name=Product 7242, price=73420.0, quantity=7252)
Product(id=7243, name=Product 7243, price=73430.0, quantity=7253)
Product(id=7244, name=Product 7244, price=73440.0, quantity=7254)
Product(id=7245, name=Product 7245, price=73450.0, quantity=7255)
Product(id=7246, name=Product 7246, price=73460.0, quantity=7256)
Product(id=7247, name=Product 7247, price=73470.0, quantity=7257)
Product(id=7248, name=Product 7248, price=73480.0, quantity=7258)
Product(id=7249, name=Product 7249, price=73490.0, quantity=7259)
Product(id=7250, name=Product 7250, price=73500.0, quantity=7260)
Product(id=7251, name=Product 7251, price=73510.0, quantity=7261)
Product(id=7252, name=Product 7252, price=73520.0, quantity=7262)
Product(id=7253, name=Product 7253, price=73530.0, quantity=7263)
Product(id=7254, name=Product 7254, price=73540.0, quantity=7264)
Product(id=7255, name=Product 7255, price=73550.0, quantity=7265)
Product(id=7256, name=Product 7256, price=73560.0, quantity=7266)
Product(id=7257, name=Product 7257, price=73570.0, quantity=7267)
Product(id=7258, name=Product 7258, price=73580.0, quantity=7268)
Product(id=7259, name=Product 7259, price=73590.0, quantity=7269)
Product(id=7260, name=Product 7260, price=73600.0, quantity=7270)
Product(id=7261, name=Product 7261, price=73610.0, quantity=7271)
Product(id=7262, name=Product 7262, price=73620.0, quantity=7272)
Product(id=7263, name=Product 7263, price=73630.0, quantity=7273)
Product(id=7264, name=Product 7264, price=73640.0, quantity=7274)
Product(id=7265, name=Product 7265, price=73650.0, quantity=7275)
Product(id=7266, name=Product 7266, price=73660.0, quantity=7276)
Product(id=7267, name=Product 7267, price=73670.0, quantity=7277)
Product(id=7268, name=Product 7268, price=73680.0, quantity=7278)
Product(id=7269, name=Product 7269, price=73690.0, quantity=7279)
Product(id=7270, name=Product 7270, price=73700.0, quantity=7280)
Product(id=7271, name=Product 7271, price=73710.0, quantity=7281)
Product(id=7272, name=Product 7272, price=73720.0, quantity=7282)
Product(id=7273, name=Product 7273, price=73730.0, quantity=7283)
Product(id=7274, name=Product 7274, price=73740.0, quantity=7284)
Product(id=7275, name=Product 7275, price=73750.0, quantity=7285)
Product(id=7276, name=Product 7276, price=73760.0, quantity=7286)
Product(id=7277, name=Product 7277, price=73770.0, quantity=7287)
Product(id=7278, name=Product 7278, price=73780.0, quantity=7288)
Product(id=7279, name=Product 7279, price=73790.0, quantity=7289)
Product(id=7280, name=Product 7280, price=73800.0, quantity=7290)
Product(id=7281, name=Product 7281, price=73810.0, quantity=7291)
Product(id=7282, name=Product 7282, price=73820.0, quantity=7292)
Product(id=7283, name=Product 7283, price=73830.0, quantity=7293)
Product(id=7284, name=Product 7284, price=73840.0, quantity=7294)
Product(id=7285, name=Product 7285, price=73850.0, quantity=7295)
Product(id=7286, name=Product 7286, price=73860.0, quantity=7296)
Product(id=7287, name=Product 7287, price=73870.0, quantity=7297)
Product(id=7288, name=Product 7288, price=73880.0, quantity=7298)
Product(id=7289, name=Product 7289, price=73890.0, quantity=7299)
Product(id=7290, name=Product 7290, price=73900.0, quantity=7300)
Product(id=7291, name=Product 7291, price=73910.0, quantity=7301)
Product(id=7292, name=Product 7292, price=73920.0, quantity=7302)
Product(id=7293, name=Product 7293, price=73930.0, quantity=7303)
Product(id=7294, name=Product 7294, price=73940.0, quantity=7304)
Product(id=7295, name=Product 7295, price=73950.0, quantity=7305)
Product(id=7296, name=Product 7296, price=73960.0, quantity=7306)
Product(id=7297, name=Product 7297, price=73970.0, quantity=7307)
Product(id=7298, name=Product 7298, price=73980.0, quantity=7308)
Product(id=7299, name=Product 7299, price=73990.0, quantity=7309)
Product(id=7300, name=Product 7300, price=74000.0, quantity=7310)
Product(id=7301, name=Product 7301, price=74010.0, quantity=7311)
Product(id=7302, name=Product 7302, price=74020.0, quantity=7312)
Product(id=7303, name=Product 7303, price=74030.0, quantity=7313)
Product(id=7304, name=Product 7304, price=74040.0, quantity=7314)
Product(id=7305, name=Product 7305, price=74050.0, quantity=7315)
Product(id=7306, name=Product 7306, price=74060.0, quantity=7316)
Product(id=7307, name=Product 7307, price=74070.0, quantity=7317)
Product(id=7308, name=Product 7308, price=74080.0, quantity=7318)
Product(id=7309, name=Product 7309, price=74090.0, quantity=7319)
Product(id=7310, name=Product 7310, price=74100.0, quantity=7320)
Product(id=7311, name=Product 7311, price=74110.0, quantity=7321)
Product(id=7312, name=Product 7312, price=74120.0, quantity=7322)
Product(id=7313, name=Product 7313, price=74130.0, quantity=7323)
Product(id=7314, name=Product 7314, price=74140.0, quantity=7324)
Product(id=7315, name=Product 7315, price=74150.0, quantity=7325)
Product(id=7316, name=Product 7316, price=74160.0, quantity=7326)
Product(id=7317, name=Product 7317, price=74170.0, quantity=7327)
Product(id=7318, name=Product 7318, price=74180.0, quantity=7328)
Product(id=7319, name=Product 7319, price=74190.0, quantity=7329)
Product(id=7320, name=Product 7320, price=74200.0, quantity=7330)
Product(id=7321, name=Product 7321, price=74210.0, quantity=7331)
Product(id=7322, name=Product 7322, price=74220.0, quantity=7332)
Product(id=7323, name=Product 7323, price=74230.0, quantity=7333)
Product(id=7324, name=Product 7324, price=74240.0, quantity=7334)
Product(id=7325, name=Product 7325, price=74250.0, quantity=7335)
Product(id=7326, name=Product 7326, price=74260.0, quantity=7336)
Product(id=7327, name=Product 7327, price=74270.0, quantity=7337)
Product(id=7328, name=Product 7328, price=74280.0, quantity=7338)
Product(id=7329, name=Product 7329, price=74290.0, quantity=7339)
Product(id=7330, name=Product 7330, price=74300.0, quantity=7340)
Product(id=7331, name=Product 7331, price=74310.0, quantity=7341)
Product(id=7332, name=Product 7332, price=74320.0, quantity=7342)
Product(id=7333, name=Product 7333, price=74330.0, quantity=7343)
Product(id=7334, name=Product 7334, price=74340.0, quantity=7344)
Product(id=7335, name=Product 7335, price=74350.0, quantity=7345)
Product(id=7336, name=Product 7336, price=74360.0, quantity=7346)
Product(id=7337, name=Product 7337, price=74370.0, quantity=7347)
Product(id=7338, name=Product 7338, price=74380.0, quantity=7348)
Product(id=7339, name=Product 7339, price=74390.0, quantity=7349)
Product(id=7340, name=Product 7340, price=74400.0, quantity=7350)
Product(id=7341, name=Product 7341, price=74410.0, quantity=7351)
Product(id=7342, name=Product 7342, price=74420.0, quantity=7352)
Product(id=7343, name=Product 7343, price=74430.0, quantity=7353)
Product(id=7344, name=Product 7344, price=74440.0, quantity=7354)
Product(id=7345, name=Product 7345, price=74450.0, quantity=7355)
Product(id=7346, name=Product 7346, price=74460.0, quantity=7356)
Product(id=7347, name=Product 7347, price=74470.0, quantity=7357)
Product(id=7348, name=Product 7348, price=74480.0, quantity=7358)
Product(id=7349, name=Product 7349, price=74490.0, quantity=7359)
Product(id=7350, name=Product 7350, price=74500.0, quantity=7360)
Product(id=7351, name=Product 7351, price=74510.0, quantity=7361)
Product(id=7352, name=Product 7352, price=74520.0, quantity=7362)
Product(id=7353, name=Product 7353, price=74530.0, quantity=7363)
Product(id=7354, name=Product 7354, price=74540.0, quantity=7364)
Product(id=7355, name=Product 7355, price=74550.0, quantity=7365)
Product(id=7356, name=Product 7356, price=74560.0, quantity=7366)
Product(id=7357, name=Product 7357, price=74570.0, quantity=7367)
Product(id=7358, name=Product 7358, price=74580.0, quantity=7368)
Product(id=7359, name=Product 7359, price=74590.0, quantity=7369)
Product(id=7360, name=Product 7360, price=74600.0, quantity=7370)
Product(id=7361, name=Product 7361, price=74610.0, quantity=7371)
Product(id=7362, name=Product 7362, price=74620.0, quantity=7372)
Product(id=7363, name=Product 7363, price=74630.0, quantity=7373)
Product(id=7364, name=Product 7364, price=74640.0, quantity=7374)
Product(id=7365, name=Product 7365, price=74650.0, quantity=7375)
Product(id=7366, name=Product 7366, price=74660.0, quantity=7376)
Product(id=7367, name=Product 7367, price=74670.0, quantity=7377)
Product(id=7368, name=Product 7368, price=74680.0, quantity=7378)
Product(id=7369, name=Product 7369, price=74690.0, quantity=7379)
Product(id=7370, name=Product 7370, price=74700.0, quantity=7380)
Product(id=7371, name=Product 7371, price=74710.0, quantity=7381)
Product(id=7372, name=Product 7372, price=74720.0, quantity=7382)
Product(id=7373, name=Product 7373, price=74730.0, quantity=7383)
Product(id=7374, name=Product 7374, price=74740.0, quantity=7384)
Product(id=7375, name=Product 7375, price=74750.0, quantity=7385)
Product(id=7376, name=Product 7376, price=74760.0, quantity=7386)
Product(id=7377, name=Product 7377, price=74770.0, quantity=7387)
Product(id=7378, name=Product 7378, price=74780.0, quantity=7388)
Product(id=7379, name=Product 7379, price=74790.0, quantity=7389)
Product(id=7380, name=Product 7380, price=74800.0, quantity=7390)
Product(id=7381, name=Product 7381, price=74810.0, quantity=7391)
Product(id=7382, name=Product 7382, price=74820.0, quantity=7392)
Product(id=7383, name=Product 7383, price=74830.0, quantity=7393)
Product(id=7384, name=Product 7384, price=74840.0, quantity=7394)
Product(id=7385, name=Product 7385, price=74850.0, quantity=7395)
Product(id=7386, name=Product 7386, price=74860.0, quantity=7396)
Product(id=7387, name=Product 7387, price=74870.0, quantity=7397)
Product(id=7388, name=Product 7388, price=74880.0, quantity=7398)
Product(id=7389, name=Product 7389, price=74890.0, quantity=7399)
Product(id=7390, name=Product 7390, price=74900.0, quantity=7400)
Product(id=7391, name=Product 7391, price=74910.0, quantity=7401)
Product(id=7392, name=Product 7392, price=74920.0, quantity=7402)
Product(id=7393, name=Product 7393, price=74930.0, quantity=7403)
Product(id=7394, name=Product 7394, price=74940.0, quantity=7404)
Product(id=7395, name=Product 7395, price=74950.0, quantity=7405)
Product(id=7396, name=Product 7396, price=74960.0, quantity=7406)
Product(id=7397, name=Product 7397, price=74970.0, quantity=7407)
Product(id=7398, name=Product 7398, price=74980.0, quantity=7408)
Product(id=7399, name=Product 7399, price=74990.0, quantity=7409)
Product(id=7400, name=Product 7400, price=75000.0, quantity=7410)
Product(id=7401, name=Product 7401, price=75010.0, quantity=7411)
Product(id=7402, name=Product 7402, price=75020.0, quantity=7412)
Product(id=7403, name=Product 7403, price=75030.0, quantity=7413)
Product(id=7404, name=Product 7404, price=75040.0, quantity=7414)
Product(id=7405, name=Product 7405, price=75050.0, quantity=7415)
Product(id=7406, name=Product 7406, price=75060.0, quantity=7416)
Product(id=7407, name=Product 7407, price=75070.0, quantity=7417)
Product(id=7408, name=Product 7408, price=75080.0, quantity=7418)
Product(id=7409, name=Product 7409, price=75090.0, quantity=7419)
Product(id=7410, name=Product 7410, price=75100.0, quantity=7420)
Product(id=7411, name=Product 7411, price=75110.0, quantity=7421)
Product(id=7412, name=Product 7412, price=75120.0, quantity=7422)
Product(id=7413, name=Product 7413, price=75130.0, quantity=7423)
Product(id=7414, name=Product 7414, price=75140.0, quantity=7424)
Product(id=7415, name=Product 7415, price=75150.0, quantity=7425)
Product(id=7416, name=Product 7416, price=75160.0, quantity=7426)
Product(id=7417, name=Product 7417, price=75170.0, quantity=7427)
Product(id=7418, name=Product 7418, price=75180.0, quantity=7428)
Product(id=7419, name=Product 7419, price=75190.0, quantity=7429)
Product(id=7420, name=Product 7420, price=75200.0, quantity=7430)
Product(id=7421, name=Product 7421, price=75210.0, quantity=7431)
Product(id=7422, name=Product 7422, price=75220.0, quantity=7432)
Product(id=7423, name=Product 7423, price=75230.0, quantity=7433)
Product(id=7424, name=Product 7424, price=75240.0, quantity=7434)
Product(id=7425, name=Product 7425, price=75250.0, quantity=7435)
Product(id=7426, name=Product 7426, price=75260.0, quantity=7436)
Product(id=7427, name=Product 7427, price=75270.0, quantity=7437)
Product(id=7428, name=Product 7428, price=75280.0, quantity=7438)
Product(id=7429, name=Product 7429, price=75290.0, quantity=7439)
Product(id=7430, name=Product 7430, price=75300.0, quantity=7440)
Product(id=7431, name=Product 7431, price=75310.0, quantity=7441)
Product(id=7432, name=Product 7432, price=75320.0, quantity=7442)
Product(id=7433, name=Product 7433, price=75330.0, quantity=7443)
Product(id=7434, name=Product 7434, price=75340.0, quantity=7444)
Product(id=7435, name=Product 7435, price=75350.0, quantity=7445)
Product(id=7436, name=Product 7436, price=75360.0, quantity=7446)
Product(id=7437, name=Product 7437, price=75370.0, quantity=7447)
Product(id=7438, name=Product 7438, price=75380.0, quantity=7448)
Product(id=7439, name=Product 7439, price=75390.0, quantity=7449)
Product(id=7440, name=Product 7440, price=75400.0, quantity=7450)
Product(id=7441, name=Product 7441, price=75410.0, quantity=7451)
Product(id=7442, name=Product 7442, price=75420.0, quantity=7452)
Product(id=7443, name=Product 7443, price=75430.0, quantity=7453)
Product(id=7444, name=Product 7444, price=75440.0, quantity=7454)
Product(id=7445, name=Product 7445, price=75450.0, quantity=7455)
Product(id=7446, name=Product 7446, price=75460.0, quantity=7456)
Product(id=7447, name=Product 7447, price=75470.0, quantity=7457)
Product(id=7448, name=Product 7448, price=75480.0, quantity=7458)
Product(id=7449, name=Product 7449, price=75490.0, quantity=7459)
Product(id=7450, name=Product 7450, price=75500.0, quantity=7460)
Product(id=7451, name=Product 7451, price=75510.0, quantity=7461)
Product(id=7452, name=Product 7452, price=75520.0, quantity=7462)
Product(id=7453, name=Product 7453, price=75530.0, quantity=7463)
Product(id=7454, name=Product 7454, price=75540.0, quantity=7464)
Product(id=7455, name=Product 7455, price=75550.0, quantity=7465)
Product(id=7456, name=Product 7456, price=75560.0, quantity=7466)
Product(id=7457, name=Product 7457, price=75570.0, quantity=7467)
Product(id=7458, name=Product 7458, price=75580.0, quantity=7468)
Product(id=7459, name=Product 7459, price=75590.0, quantity=7469)
Product(id=7460, name=Product 7460, price=75600.0, quantity=7470)
Product(id=7461, name=Product 7461, price=75610.0, quantity=7471)
Product(id=7462, name=Product 7462, price=75620.0, quantity=7472)
Product(id=7463, name=Product 7463, price=75630.0, quantity=7473)
Product(id=7464, name=Product 7464, price=75640.0, quantity=7474)
Product(id=7465, name=Product 7465, price=75650.0, quantity=7475)
Product(id=7466, name=Product 7466, price=75660.0, quantity=7476)
Product(id=7467, name=Product 7467, price=75670.0, quantity=7477)
Product(id=7468, name=Product 7468, price=75680.0, quantity=7478)
Product(id=7469, name=Product 7469, price=75690.0, quantity=7479)
Product(id=7470, name=Product 7470, price=75700.0, quantity=7480)
Product(id=7471, name=Product 7471, price=75710.0, quantity=7481)
Product(id=7472, name=Product 7472, price=75720.0, quantity=7482)
Product(id=7473, name=Product 7473, price=75730.0, quantity=7483)
Product(id=7474, name=Product 7474, price=75740.0, quantity=7484)
Product(id=7475, name=Product 7475, price=75750.0, quantity=7485)
Product(id=7476, name=Product 7476, price=75760.0, quantity=7486)
Product(id=7477, name=Product 7477, price=75770.0, quantity=7487)
Product(id=7478, name=Product 7478, price=75780.0, quantity=7488)
Product(id=7479, name=Product 7479, price=75790.0, quantity=7489)
Product(id=7480, name=Product 7480, price=75800.0, quantity=7490)
Product(id=7481, name=Product 7481, price=75810.0, quantity=7491)
Product(id=7482, name=Product 7482, price=75820.0, quantity=7492)
Product(id=7483, name=Product 7483, price=75830.0, quantity=7493)
Product(id=7484, name=Product 7484, price=75840.0, quantity=7494)
Product(id=7485, name=Product 7485, price=75850.0, quantity=7495)
Product(id=7486, name=Product 7486, price=75860.0, quantity=7496)
Product(id=7487, name=Product 7487, price=75870.0, quantity=7497)
Product(id=7488, name=Product 7488, price=75880.0, quantity=7498)
Product(id=7489, name=Product 7489, price=75890.0, quantity=7499)
Product(id=7490, name=Product 7490, price=75900.0, quantity=7500)
Product(id=7491, name=Product 7491, price=75910.0, quantity=7501)
Product(id=7492, name=Product 7492, price=75920.0, quantity=7502)
Product(id=7493, name=Product 7493, price=75930.0, quantity=7503)
Product(id=7494, name=Product 7494, price=75940.0, quantity=7504)
Product(id=7495, name=Product 7495, price=75950.0, quantity=7505)
Product(id=7496, name=Product 7496, price=75960.0, quantity=7506)
Product(id=7497, name=Product 7497, price=75970.0, quantity=7507)
Product(id=7498, name=Product 7498, price=75980.0, quantity=7508)
Product(id=7499, name=Product 7499, price=75990.0, quantity=7509)
Product(id=7500, name=Product 7500, price=76000.0, quantity=7510)
Product(id=7501, name=Product 7501, price=76010.0, quantity=7511)
Product(id=7502, name=Product 7502, price=76020.0, quantity=7512)
Product(id=7503, name=Product 7503, price=76030.0, quantity=7513)
Product(id=7504, name=Product 7504, price=76040.0, quantity=7514)
Product(id=7505, name=Product 7505, price=76050.0, quantity=7515)
Product(id=7506, name=Product 7506, price=76060.0, quantity=7516)
Product(id=7507, name=Product 7507, price=76070.0, quantity=7517)
Product(id=7508, name=Product 7508, price=76080.0, quantity=7518)
Product(id=7509, name=Product 7509, price=76090.0, quantity=7519)
Product(id=7510, name=Product 7510, price=76100.0, quantity=7520)
Product(id=7511, name=Product 7511, price=76110.0, quantity=7521)
Product(id=7512, name=Product 7512, price=76120.0, quantity=7522)
Product(id=7513, name=Product 7513, price=76130.0, quantity=7523)
Product(id=7514, name=Product 7514, price=76140.0, quantity=7524)
Product(id=7515, name=Product 7515, price=76150.0, quantity=7525)
Product(id=7516, name=Product 7516, price=76160.0, quantity=7526)
Product(id=7517, name=Product 7517, price=76170.0, quantity=7527)
Product(id=7518, name=Product 7518, price=76180.0, quantity=7528)
Product(id=7519, name=Product 7519, price=76190.0, quantity=7529)
Product(id=7520, name=Product 7520, price=76200.0, quantity=7530)
Product(id=7521, name=Product 7521, price=76210.0, quantity=7531)
Product(id=7522, name=Product 7522, price=76220.0, quantity=7532)
Product(id=7523, name=Product 7523, price=76230.0, quantity=7533)
Product(id=7524, name=Product 7524, price=76240.0, quantity=7534)
Product(id=7525, name=Product 7525, price=76250.0, quantity=7535)
Product(id=7526, name=Product 7526, price=76260.0, quantity=7536)
Product(id=7527, name=Product 7527, price=76270.0, quantity=7537)
Product(id=7528, name=Product 7528, price=76280.0, quantity=7538)
Product(id=7529, name=Product 7529, price=76290.0, quantity=7539)
Product(id=7530, name=Product 7530, price=76300.0, quantity=7540)
Product(id=7531, name=Product 7531, price=76310.0, quantity=7541)
Product(id=7532, name=Product 7532, price=76320.0, quantity=7542)
Product(id=7533, name=Product 7533, price=76330.0, quantity=7543)
Product(id=7534, name=Product 7534, price=76340.0, quantity=7544)
Product(id=7535, name=Product 7535, price=76350.0, quantity=7545)
Product(id=7536, name=Product 7536, price=76360.0, quantity=7546)
Product(id=7537, name=Product 7537, price=76370.0, quantity=7547)
Product(id=7538, name=Product 7538, price=76380.0, quantity=7548)
Product(id=7539, name=Product 7539, price=76390.0, quantity=7549)
Product(id=7540, name=Product 7540, price=76400.0, quantity=7550)
Product(id=7541, name=Product 7541, price=76410.0, quantity=7551)
Product(id=7542, name=Product 7542, price=76420.0, quantity=7552)
Product(id=7543, name=Product 7543, price=76430.0, quantity=7553)
Product(id=7544, name=Product 7544, price=76440.0, quantity=7554)
Product(id=7545, name=Product 7545, price=76450.0, quantity=7555)
Product(id=7546, name=Product 7546, price=76460.0, quantity=7556)
Product(id=7547, name=Product 7547, price=76470.0, quantity=7557)
Product(id=7548, name=Product 7548, price=76480.0, quantity=7558)
Product(id=7549, name=Product 7549, price=76490.0, quantity=7559)
Product(id=7550, name=Product 7550, price=76500.0, quantity=7560)
Product(id=7551, name=Product 7551, price=76510.0, quantity=7561)
Product(id=7552, name=Product 7552, price=76520.0, quantity=7562)
Product(id=7553, name=Product 7553, price=76530.0, quantity=7563)
Product(id=7554, name=Product 7554, price=76540.0, quantity=7564)
Product(id=7555, name=Product 7555, price=76550.0, quantity=7565)
Product(id=7556, name=Product 7556, price=76560.0, quantity=7566)
Product(id=7557, name=Product 7557, price=76570.0, quantity=7567)
Product(id=7558, name=Product 7558, price=76580.0, quantity=7568)
Product(id=7559, name=Product 7559, price=76590.0, quantity=7569)
Product(id=7560, name=Product 7560, price=76600.0, quantity=7570)
Product(id=7561, name=Product 7561, price=76610.0, quantity=7571)
Product(id=7562, name=Product 7562, price=76620.0, quantity=7572)
Product(id=7563, name=Product 7563, price=76630.0, quantity=7573)
Product(id=7564, name=Product 7564, price=76640.0, quantity=7574)
Product(id=7565, name=Product 7565, price=76650.0, quantity=7575)
Product(id=7566, name=Product 7566, price=76660.0, quantity=7576)
Product(id=7567, name=Product 7567, price=76670.0, quantity=7577)
Product(id=7568, name=Product 7568, price=76680.0, quantity=7578)
Product(id=7569, name=Product 7569, price=76690.0, quantity=7579)
Product(id=7570, name=Product 7570, price=76700.0, quantity=7580)
Product(id=7571, name=Product 7571, price=76710.0, quantity=7581)
Product(id=7572, name=Product 7572, price=76720.0, quantity=7582)
Product(id=7573, name=Product 7573, price=76730.0, quantity=7583)
Product(id=7574, name=Product 7574, price=76740.0, quantity=7584)
Product(id=7575, name=Product 7575, price=76750.0, quantity=7585)
Product(id=7576, name=Product 7576, price=76760.0, quantity=7586)
Product(id=7577, name=Product 7577, price=76770.0, quantity=7587)
Product(id=7578, name=Product 7578, price=76780.0, quantity=7588)
Product(id=7579, name=Product 7579, price=76790.0, quantity=7589)
Product(id=7580, name=Product 7580, price=76800.0, quantity=7590)
Product(id=7581, name=Product 7581, price=76810.0, quantity=7591)
Product(id=7582, name=Product 7582, price=76820.0, quantity=7592)
Product(id=7583, name=Product 7583, price=76830.0, quantity=7593)
Product(id=7584, name=Product 7584, price=76840.0, quantity=7594)
Product(id=7585, name=Product 7585, price=76850.0, quantity=7595)
Product(id=7586, name=Product 7586, price=76860.0, quantity=7596)
Product(id=7587, name=Product 7587, price=76870.0, quantity=7597)
Product(id=7588, name=Product 7588, price=76880.0, quantity=7598)
Product(id=7589, name=Product 7589, price=76890.0, quantity=7599)
Product(id=7590, name=Product 7590, price=76900.0, quantity=7600)
Product(id=7591, name=Product 7591, price=76910.0, quantity=7601)
Product(id=7592, name=Product 7592, price=76920.0, quantity=7602)
Product(id=7593, name=Product 7593, price=76930.0, quantity=7603)
Product(id=7594, name=Product 7594, price=76940.0, quantity=7604)
Product(id=7595, name=Product 7595, price=76950.0, quantity=7605)
Product(id=7596, name=Product 7596, price=76960.0, quantity=7606)
Product(id=7597, name=Product 7597, price=76970.0, quantity=7607)
Product(id=7598, name=Product 7598, price=76980.0, quantity=7608)
Product(id=7599, name=Product 7599, price=76990.0, quantity=7609)
Product(id=7600, name=Product 7600, price=77000.0, quantity=7610)
Product(id=7601, name=Product 7601, price=77010.0, quantity=7611)
Product(id=7602, name=Product 7602, price=77020.0, quantity=7612)
Product(id=7603, name=Product 7603, price=77030.0, quantity=7613)
Product(id=7604, name=Product 7604, price=77040.0, quantity=7614)
Product(id=7605, name=Product 7605, price=77050.0, quantity=7615)
Product(id=7606, name=Product 7606, price=77060.0, quantity=7616)
Product(id=7607, name=Product 7607, price=77070.0, quantity=7617)
Product(id=7608, name=Product 7608, price=77080.0, quantity=7618)
Product(id=7609, name=Product 7609, price=77090.0, quantity=7619)
Product(id=7610, name=Product 7610, price=77100.0, quantity=7620)
Product(id=7611, name=Product 7611, price=77110.0, quantity=7621)
Product(id=7612, name=Product 7612, price=77120.0, quantity=7622)
Product(id=7613, name=Product 7613, price=77130.0, quantity=7623)
Product(id=7614, name=Product 7614, price=77140.0, quantity=7624)
Product(id=7615, name=Product 7615, price=77150.0, quantity=7625)
Product(id=7616, name=Product 7616, price=77160.0, quantity=7626)
Product(id=7617, name=Product 7617, price=77170.0, quantity=7627)
Product(id=7618, name=Product 7618, price=77180.0, quantity=7628)
Product(id=7619, name=Product 7619, price=77190.0, quantity=7629)
Product(id=7620, name=Product 7620, price=77200.0, quantity=7630)
Product(id=7621, name=Product 7621, price=77210.0, quantity=7631)
Product(id=7622, name=Product 7622, price=77220.0, quantity=7632)
Product(id=7623, name=Product 7623, price=77230.0, quantity=7633)
Product(id=7624, name=Product 7624, price=77240.0, quantity=7634)
Product(id=7625, name=Product 7625, price=77250.0, quantity=7635)
Product(id=7626, name=Product 7626, price=77260.0, quantity=7636)
Product(id=7627, name=Product 7627, price=77270.0, quantity=7637)
Product(id=7628, name=Product 7628, price=77280.0, quantity=7638)
Product(id=7629, name=Product 7629, price=77290.0, quantity=7639)
Product(id=7630, name=Product 7630, price=77300.0, quantity=7640)
Product(id=7631, name=Product 7631, price=77310.0, quantity=7641)
Product(id=7632, name=Product 7632, price=77320.0, quantity=7642)
Product(id=7633, name=Product 7633, price=77330.0, quantity=7643)
Product(id=7634, name=Product 7634, price=77340.0, quantity=7644)
Product(id=7635, name=Product 7635, price=77350.0, quantity=7645)
Product(id=7636, name=Product 7636, price=77360.0, quantity=7646)
Product(id=7637, name=Product 7637, price=77370.0, quantity=7647)
Product(id=7638, name=Product 7638, price=77380.0, quantity=7648)
Product(id=7639, name=Product 7639, price=77390.0, quantity=7649)
Product(id=7640, name=Product 7640, price=77400.0, quantity=7650)
Product(id=7641, name=Product 7641, price=77410.0, quantity=7651)
Product(id=7642, name=Product 7642, price=77420.0, quantity=7652)
Product(id=7643, name=Product 7643, price=77430.0, quantity=7653)
Product(id=7644, name=Product 7644, price=77440.0, quantity=7654)
Product(id=7645, name=Product 7645, price=77450.0, quantity=7655)
Product(id=7646, name=Product 7646, price=77460.0, quantity=7656)
Product(id=7647, name=Product 7647, price=77470.0, quantity=7657)
Product(id=7648, name=Product 7648, price=77480.0, quantity=7658)
Product(id=7649, name=Product 7649, price=77490.0, quantity=7659)
Product(id=7650, name=Product 7650, price=77500.0, quantity=7660)
Product(id=7651, name=Product 7651, price=77510.0, quantity=7661)
Product(id=7652, name=Product 7652, price=77520.0, quantity=7662)
Product(id=7653, name=Product 7653, price=77530.0, quantity=7663)
Product(id=7654, name=Product 7654, price=77540.0, quantity=7664)
Product(id=7655, name=Product 7655, price=77550.0, quantity=7665)
Product(id=7656, name=Product 7656, price=77560.0, quantity=7666)
Product(id=7657, name=Product 7657, price=77570.0, quantity=7667)
Product(id=7658, name=Product 7658, price=77580.0, quantity=7668)
Product(id=7659, name=Product 7659, price=77590.0, quantity=7669)
Product(id=7660, name=Product 7660, price=77600.0, quantity=7670)
Product(id=7661, name=Product 7661, price=77610.0, quantity=7671)
Product(id=7662, name=Product 7662, price=77620.0, quantity=7672)
Product(id=7663, name=Product 7663, price=77630.0, quantity=7673)
Product(id=7664, name=Product 7664, price=77640.0, quantity=7674)
Product(id=7665, name=Product 7665, price=77650.0, quantity=7675)
Product(id=7666, name=Product 7666, price=77660.0, quantity=7676)
Product(id=7667, name=Product 7667, price=77670.0, quantity=7677)
Product(id=7668, name=Product 7668, price=77680.0, quantity=7678)
Product(id=7669, name=Product 7669, price=77690.0, quantity=7679)
Product(id=7670, name=Product 7670, price=77700.0, quantity=7680)
Product(id=7671, name=Product 7671, price=77710.0, quantity=7681)
Product(id=7672, name=Product 7672, price=77720.0, quantity=7682)
Product(id=7673, name=Product 7673, price=77730.0, quantity=7683)
Product(id=7674, name=Product 7674, price=77740.0, quantity=7684)
Product(id=7675, name=Product 7675, price=77750.0, quantity=7685)
Product(id=7676, name=Product 7676, price=77760.0, quantity=7686)
Product(id=7677, name=Product 7677, price=77770.0, quantity=7687)
Product(id=7678, name=Product 7678, price=77780.0, quantity=7688)
Product(id=7679, name=Product 7679, price=77790.0, quantity=7689)
Product(id=7680, name=Product 7680, price=77800.0, quantity=7690)
Product(id=7681, name=Product 7681, price=77810.0, quantity=7691)
Product(id=7682, name=Product 7682, price=77820.0, quantity=7692)
Product(id=7683, name=Product 7683, price=77830.0, quantity=7693)
Product(id=7684, name=Product 7684, price=77840.0, quantity=7694)
Product(id=7685, name=Product 7685, price=77850.0, quantity=7695)
Product(id=7686, name=Product 7686, price=77860.0, quantity=7696)
Product(id=7687, name=Product 7687, price=77870.0, quantity=7697)
Product(id=7688, name=Product 7688, price=77880.0, quantity=7698)
Product(id=7689, name=Product 7689, price=77890.0, quantity=7699)
Product(id=7690, name=Product 7690, price=77900.0, quantity=7700)
Product(id=7691, name=Product 7691, price=77910.0, quantity=7701)
Product(id=7692, name=Product 7692, price=77920.0, quantity=7702)
Product(id=7693, name=Product 7693, price=77930.0, quantity=7703)
Product(id=7694, name=Product 7694, price=77940.0, quantity=7704)
Product(id=7695, name=Product 7695, price=77950.0, quantity=7705)
Product(id=7696, name=Product 7696, price=77960.0, quantity=7706)
Product(id=7697, name=Product 7697, price=77970.0, quantity=7707)
Product(id=7698, name=Product 7698, price=77980.0, quantity=7708)
Product(id=7699, name=Product 7699, price=77990.0, quantity=7709)
Product(id=7700, name=Product 7700, price=78000.0, quantity=7710)
Product(id=7701, name=Product 7701, price=78010.0, quantity=7711)
Product(id=7702, name=Product 7702, price=78020.0, quantity=7712)
Product(id=7703, name=Product 7703, price=78030.0, quantity=7713)
Product(id=7704, name=Product 7704, price=78040.0, quantity=7714)
Product(id=7705, name=Product 7705, price=78050.0, quantity=7715)
Product(id=7706, name=Product 7706, price=78060.0, quantity=7716)
Product(id=7707, name=Product 7707, price=78070.0, quantity=7717)
Product(id=7708, name=Product 7708, price=78080.0, quantity=7718)
Product(id=7709, name=Product 7709, price=78090.0, quantity=7719)
Product(id=7710, name=Product 7710, price=78100.0, quantity=7720)
Product(id=7711, name=Product 7711, price=78110.0, quantity=7721)
Product(id=7712, name=Product 7712, price=78120.0, quantity=7722)
Product(id=7713, name=Product 7713, price=78130.0, quantity=7723)
Product(id=7714, name=Product 7714, price=78140.0, quantity=7724)
Product(id=7715, name=Product 7715, price=78150.0, quantity=7725)
Product(id=7716, name=Product 7716, price=78160.0, quantity=7726)
Product(id=7717, name=Product 7717, price=78170.0, quantity=7727)
Product(id=7718, name=Product 7718, price=78180.0, quantity=7728)
Product(id=7719, name=Product 7719, price=78190.0, quantity=7729)
Product(id=7720, name=Product 7720, price=78200.0, quantity=7730)
Product(id=7721, name=Product 7721, price=78210.0, quantity=7731)
Product(id=7722, name=Product 7722, price=78220.0, quantity=7732)
Product(id=7723, name=Product 7723, price=78230.0, quantity=7733)
Product(id=7724, name=Product 7724, price=78240.0, quantity=7734)
Product(id=7725, name=Product 7725, price=78250.0, quantity=7735)
Product(id=7726, name=Product 7726, price=78260.0, quantity=7736)
Product(id=7727, name=Product 7727, price=78270.0, quantity=7737)
Product(id=7728, name=Product 7728, price=78280.0, quantity=7738)
Product(id=7729, name=Product 7729, price=78290.0, quantity=7739)
Product(id=7730, name=Product 7730, price=78300.0, quantity=7740)
Product(id=7731, name=Product 7731, price=78310.0, quantity=7741)
Product(id=7732, name=Product 7732, price=78320.0, quantity=7742)
Product(id=7733, name=Product 7733, price=78330.0, quantity=7743)
Product(id=7734, name=Product 7734, price=78340.0, quantity=7744)
Product(id=7735, name=Product 7735, price=78350.0, quantity=7745)
Product(id=7736, name=Product 7736, price=78360.0, quantity=7746)
Product(id=7737, name=Product 7737, price=78370.0, quantity=7747)
Product(id=7738, name=Product 7738, price=78380.0, quantity=7748)
Product(id=7739, name=Product 7739, price=78390.0, quantity=7749)
Product(id=7740, name=Product 7740, price=78400.0, quantity=7750)
Product(id=7741, name=Product 7741, price=78410.0, quantity=7751)
Product(id=7742, name=Product 7742, price=78420.0, quantity=7752)
Product(id=7743, name=Product 7743, price=78430.0, quantity=7753)
Product(id=7744, name=Product 7744, price=78440.0, quantity=7754)
Product(id=7745, name=Product 7745, price=78450.0, quantity=7755)
Product(id=7746, name=Product 7746, price=78460.0, quantity=7756)
Product(id=7747, name=Product 7747, price=78470.0, quantity=7757)
Product(id=7748, name=Product 7748, price=78480.0, quantity=7758)
Product(id=7749, name=Product 7749, price=78490.0, quantity=7759)
Product(id=7750, name=Product 7750, price=78500.0, quantity=7760)
Product(id=7751, name=Product 7751, price=78510.0, quantity=7761)
Product(id=7752, name=Product 7752, price=78520.0, quantity=7762)
Product(id=7753, name=Product 7753, price=78530.0, quantity=7763)
Product(id=7754, name=Product 7754, price=78540.0, quantity=7764)
Product(id=7755, name=Product 7755, price=78550.0, quantity=7765)
Product(id=7756, name=Product 7756, price=78560.0, quantity=7766)
Product(id=7757, name=Product 7757, price=78570.0, quantity=7767)
Product(id=7758, name=Product 7758, price=78580.0, quantity=7768)
Product(id=7759, name=Product 7759, price=78590.0, quantity=7769)
Product(id=7760, name=Product 7760, price=78600.0, quantity=7770)
Product(id=7761, name=Product 7761, price=78610.0, quantity=7771)
Product(id=7762, name=Product 7762, price=78620.0, quantity=7772)
Product(id=7763, name=Product 7763, price=78630.0, quantity=7773)
Product(id=7764, name=Product 7764, price=78640.0, quantity=7774)
Product(id=7765, name=Product 7765, price=78650.0, quantity=7775)
Product(id=7766, name=Product 7766, price=78660.0, quantity=7776)
Product(id=7767, name=Product 7767, price=78670.0, quantity=7777)
Product(id=7768, name=Product 7768, price=78680.0, quantity=7778)
Product(id=7769, name=Product 7769, price=78690.0, quantity=7779)
Product(id=7770, name=Product 7770, price=78700.0, quantity=7780)
Product(id=7771, name=Product 7771, price=78710.0, quantity=7781)
Product(id=7772, name=Product 7772, price=78720.0, quantity=7782)
Product(id=7773, name=Product 7773, price=78730.0, quantity=7783)
Product(id=7774, name=Product 7774, price=78740.0, quantity=7784)
Product(id=7775, name=Product 7775, price=78750.0, quantity=7785)
Product(id=7776, name=Product 7776, price=78760.0, quantity=7786)
Product(id=7777, name=Product 7777, price=78770.0, quantity=7787)
Product(id=7778, name=Product 7778, price=78780.0, quantity=7788)
Product(id=7779, name=Product 7779, price=78790.0, quantity=7789)
Product(id=7780, name=Product 7780, price=78800.0, quantity=7790)
Product(id=7781, name=Product 7781, price=78810.0, quantity=7791)
Product(id=7782, name=Product 7782, price=78820.0, quantity=7792)
Product(id=7783, name=Product 7783, price=78830.0, quantity=7793)
Product(id=7784, name=Product 7784, price=78840.0, quantity=7794)
Product(id=7785, name=Product 7785, price=78850.0, quantity=7795)
Product(id=7786, name=Product 7786, price=78860.0, quantity=7796)
Product(id=7787, name=Product 7787, price=78870.0, quantity=7797)
Product(id=7788, name=Product 7788, price=78880.0, quantity=7798)
Product(id=7789, name=Product 7789, price=78890.0, quantity=7799)
Product(id=7790, name=Product 7790, price=78900.0, quantity=7800)
Product(id=7791, name=Product 7791, price=78910.0, quantity=7801)
Product(id=7792, name=Product 7792, price=78920.0, quantity=7802)
Product(id=7793, name=Product 7793, price=78930.0, quantity=7803)
Product(id=7794, name=Product 7794, price=78940.0, quantity=7804)
Product(id=7795, name=Product 7795, price=78950.0, quantity=7805)
Product(id=7796, name=Product 7796, price=78960.0, quantity=7806)
Product(id=7797, name=Product 7797, price=78970.0, quantity=7807)
Product(id=7798, name=Product 7798, price=78980.0, quantity=7808)
Product(id=7799, name=Product 7799, price=78990.0, quantity=7809)
Product(id=7800, name=Product 7800, price=79000.0, quantity=7810)
Product(id=7801, name=Product 7801, price=79010.0, quantity=7811)
Product(id=7802, name=Product 7802, price=79020.0, quantity=7812)
Product(id=7803, name=Product 7803, price=79030.0, quantity=7813)
Product(id=7804, name=Product 7804, price=79040.0, quantity=7814)
Product(id=7805, name=Product 7805, price=79050.0, quantity=7815)
Product(id=7806, name=Product 7806, price=79060.0, quantity=7816)
Product(id=7807, name=Product 7807, price=79070.0, quantity=7817)
Product(id=7808, name=Product 7808, price=79080.0, quantity=7818)
Product(id=7809, name=Product 7809, price=79090.0, quantity=7819)
Product(id=7810, name=Product 7810, price=79100.0, quantity=7820)
Product(id=7811, name=Product 7811, price=79110.0, quantity=7821)
Product(id=7812, name=Product 7812, price=79120.0, quantity=7822)
Product(id=7813, name=Product 7813, price=79130.0, quantity=7823)
Product(id=7814, name=Product 7814, price=79140.0, quantity=7824)
Product(id=7815, name=Product 7815, price=79150.0, quantity=7825)
Product(id=7816, name=Product 7816, price=79160.0, quantity=7826)
Product(id=7817, name=Product 7817, price=79170.0, quantity=7827)
Product(id=7818, name=Product 7818, price=79180.0, quantity=7828)
Product(id=7819, name=Product 7819, price=79190.0, quantity=7829)
Product(id=7820, name=Product 7820, price=79200.0, quantity=7830)
Product(id=7821, name=Product 7821, price=79210.0, quantity=7831)
Product(id=7822, name=Product 7822, price=79220.0, quantity=7832)
Product(id=7823, name=Product 7823, price=79230.0, quantity=7833)
Product(id=7824, name=Product 7824, price=79240.0, quantity=7834)
Product(id=7825, name=Product 7825, price=79250.0, quantity=7835)
Product(id=7826, name=Product 7826, price=79260.0, quantity=7836)
Product(id=7827, name=Product 7827, price=79270.0, quantity=7837)
Product(id=7828, name=Product 7828, price=79280.0, quantity=7838)
Product(id=7829, name=Product 7829, price=79290.0, quantity=7839)
Product(id=7830, name=Product 7830, price=79300.0, quantity=7840)
Product(id=7831, name=Product 7831, price=79310.0, quantity=7841)
Product(id=7832, name=Product 7832, price=79320.0, quantity=7842)
Product(id=7833, name=Product 7833, price=79330.0, quantity=7843)
Product(id=7834, name=Product 7834, price=79340.0, quantity=7844)
Product(id=7835, name=Product 7835, price=79350.0, quantity=7845)
Product(id=7836, name=Product 7836, price=79360.0, quantity=7846)
Product(id=7837, name=Product 7837, price=79370.0, quantity=7847)
Product(id=7838, name=Product 7838, price=79380.0, quantity=7848)
Product(id=7839, name=Product 7839, price=79390.0, quantity=7849)
Product(id=7840, name=Product 7840, price=79400.0, quantity=7850)
Product(id=7841, name=Product 7841, price=79410.0, quantity=7851)
Product(id=7842, name=Product 7842, price=79420.0, quantity=7852)
Product(id=7843, name=Product 7843, price=79430.0, quantity=7853)
Product(id=7844, name=Product 7844, price=79440.0, quantity=7854)
Product(id=7845, name=Product 7845, price=79450.0, quantity=7855)
Product(id=7846, name=Product 7846, price=79460.0, quantity=7856)
Product(id=7847, name=Product 7847, price=79470.0, quantity=7857)
Product(id=7848, name=Product 7848, price=79480.0, quantity=7858)
Product(id=7849, name=Product 7849, price=79490.0, quantity=7859)
Product(id=7850, name=Product 7850, price=79500.0, quantity=7860)
Product(id=7851, name=Product 7851, price=79510.0, quantity=7861)
Product(id=7852, name=Product 7852, price=79520.0, quantity=7862)
Product(id=7853, name=Product 7853, price=79530.0, quantity=7863)
Product(id=7854, name=Product 7854, price=79540.0, quantity=7864)
Product(id=7855, name=Product 7855, price=79550.0, quantity=7865)
Product(id=7856, name=Product 7856, price=79560.0, quantity=7866)
Product(id=7857, name=Product 7857, price=79570.0, quantity=7867)
Product(id=7858, name=Product 7858, price=79580.0, quantity=7868)
Product(id=7859, name=Product 7859, price=79590.0, quantity=7869)
Product(id=7860, name=Product 7860, price=79600.0, quantity=7870)
Product(id=7861, name=Product 7861, price=79610.0, quantity=7871)
Product(id=7862, name=Product 7862, price=79620.0, quantity=7872)
Product(id=7863, name=Product 7863, price=79630.0, quantity=7873)
Product(id=7864, name=Product 7864, price=79640.0, quantity=7874)
Product(id=7865, name=Product 7865, price=79650.0, quantity=7875)
Product(id=7866, name=Product 7866, price=79660.0, quantity=7876)
Product(id=7867, name=Product 7867, price=79670.0, quantity=7877)
Product(id=7868, name=Product 7868, price=79680.0, quantity=7878)
Product(id=7869, name=Product 7869, price=79690.0, quantity=7879)
Product(id=7870, name=Product 7870, price=79700.0, quantity=7880)
Product(id=7871, name=Product 7871, price=79710.0, quantity=7881)
Product(id=7872, name=Product 7872, price=79720.0, quantity=7882)
Product(id=7873, name=Product 7873, price=79730.0, quantity=7883)
Product(id=7874, name=Product 7874, price=79740.0, quantity=7884)
Product(id=7875, name=Product 7875, price=79750.0, quantity=7885)
Product(id=7876, name=Product 7876, price=79760.0, quantity=7886)
Product(id=7877, name=Product 7877, price=79770.0, quantity=7887)
Product(id=7878, name=Product 7878, price=79780.0, quantity=7888)
Product(id=7879, name=Product 7879, price=79790.0, quantity=7889)
Product(id=7880, name=Product 7880, price=79800.0, quantity=7890)
Product(id=7881, name=Product 7881, price=79810.0, quantity=7891)
Product(id=7882, name=Product 7882, price=79820.0, quantity=7892)
Product(id=7883, name=Product 7883, price=79830.0, quantity=7893)
Product(id=7884, name=Product 7884, price=79840.0, quantity=7894)
Product(id=7885, name=Product 7885, price=79850.0, quantity=7895)
Product(id=7886, name=Product 7886, price=79860.0, quantity=7896)
Product(id=7887, name=Product 7887, price=79870.0, quantity=7897)
Product(id=7888, name=Product 7888, price=79880.0, quantity=7898)
Product(id=7889, name=Product 7889, price=79890.0, quantity=7899)
Product(id=7890, name=Product 7890, price=79900.0, quantity=7900)
Product(id=7891, name=Product 7891, price=79910.0, quantity=7901)
Product(id=7892, name=Product 7892, price=79920.0, quantity=7902)
Product(id=7893, name=Product 7893, price=79930.0, quantity=7903)
Product(id=7894, name=Product 7894, price=79940.0, quantity=7904)
Product(id=7895, name=Product 7895, price=79950.0, quantity=7905)
Product(id=7896, name=Product 7896, price=79960.0, quantity=7906)
Product(id=7897, name=Product 7897, price=79970.0, quantity=7907)
Product(id=7898, name=Product 7898, price=79980.0, quantity=7908)
Product(id=7899, name=Product 7899, price=79990.0, quantity=7909)
Product(id=7900, name=Product 7900, price=80000.0, quantity=7910)
Product(id=7901, name=Product 7901, price=80010.0, quantity=7911)
Product(id=7902, name=Product 7902, price=80020.0, quantity=7912)
Product(id=7903, name=Product 7903, price=80030.0, quantity=7913)
Product(id=7904, name=Product 7904, price=80040.0, quantity=7914)
Product(id=7905, name=Product 7905, price=80050.0, quantity=7915)
Product(id=7906, name=Product 7906, price=80060.0, quantity=7916)
Product(id=7907, name=Product 7907, price=80070.0, quantity=7917)
Product(id=7908, name=Product 7908, price=80080.0, quantity=7918)
Product(id=7909, name=Product 7909, price=80090.0, quantity=7919)
Product(id=7910, name=Product 7910, price=80100.0, quantity=7920)
Product(id=7911, name=Product 7911, price=80110.0, quantity=7921)
Product(id=7912, name=Product 7912, price=80120.0, quantity=7922)
Product(id=7913, name=Product 7913, price=80130.0, quantity=7923)
Product(id=7914, name=Product 7914, price=80140.0, quantity=7924)
Product(id=7915, name=Product 7915, price=80150.0, quantity=7925)
Product(id=7916, name=Product 7916, price=80160.0, quantity=7926)
Product(id=7917, name=Product 7917, price=80170.0, quantity=7927)
Product(id=7918, name=Product 7918, price=80180.0, quantity=7928)
Product(id=7919, name=Product 7919, price=80190.0, quantity=7929)
Product(id=7920, name=Product 7920, price=80200.0, quantity=7930)
Product(id=7921, name=Product 7921, price=80210.0, quantity=7931)
Product(id=7922, name=Product 7922, price=80220.0, quantity=7932)
Product(id=7923, name=Product 7923, price=80230.0, quantity=7933)
Product(id=7924, name=Product 7924, price=80240.0, quantity=7934)
Product(id=7925, name=Product 7925, price=80250.0, quantity=7935)
Product(id=7926, name=Product 7926, price=80260.0, quantity=7936)
Product(id=7927, name=Product 7927, price=80270.0, quantity=7937)
Product(id=7928, name=Product 7928, price=80280.0, quantity=7938)
Product(id=7929, name=Product 7929, price=80290.0, quantity=7939)
Product(id=7930, name=Product 7930, price=80300.0, quantity=7940)
Product(id=7931, name=Product 7931, price=80310.0, quantity=7941)
Product(id=7932, name=Product 7932, price=80320.0, quantity=7942)
Product(id=7933, name=Product 7933, price=80330.0, quantity=7943)
Product(id=7934, name=Product 7934, price=80340.0, quantity=7944)
Product(id=7935, name=Product 7935, price=80350.0, quantity=7945)
Product(id=7936, name=Product 7936, price=80360.0, quantity=7946)
Product(id=7937, name=Product 7937, price=80370.0, quantity=7947)
Product(id=7938, name=Product 7938, price=80380.0, quantity=7948)
Product(id=7939, name=Product 7939, price=80390.0, quantity=7949)
Product(id=7940, name=Product 7940, price=80400.0, quantity=7950)
Product(id=7941, name=Product 7941, price=80410.0, quantity=7951)
Product(id=7942, name=Product 7942, price=80420.0, quantity=7952)
Product(id=7943, name=Product 7943, price=80430.0, quantity=7953)
Product(id=7944, name=Product 7944, price=80440.0, quantity=7954)
Product(id=7945, name=Product 7945, price=80450.0, quantity=7955)
Product(id=7946, name=Product 7946, price=80460.0, quantity=7956)
Product(id=7947, name=Product 7947, price=80470.0, quantity=7957)
Product(id=7948, name=Product 7948, price=80480.0, quantity=7958)
Product(id=7949, name=Product 7949, price=80490.0, quantity=7959)
Product(id=7950, name=Product 7950, price=80500.0, quantity=7960)
Product(id=7951, name=Product 7951, price=80510.0, quantity=7961)
Product(id=7952, name=Product 7952, price=80520.0, quantity=7962)
Product(id=7953, name=Product 7953, price=80530.0, quantity=7963)
Product(id=7954, name=Product 7954, price=80540.0, quantity=7964)
Product(id=7955, name=Product 7955, price=80550.0, quantity=7965)
Product(id=7956, name=Product 7956, price=80560.0, quantity=7966)
Product(id=7957, name=Product 7957, price=80570.0, quantity=7967)
Product(id=7958, name=Product 7958, price=80580.0, quantity=7968)
Product(id=7959, name=Product 7959, price=80590.0, quantity=7969)
Product(id=7960, name=Product 7960, price=80600.0, quantity=7970)
Product(id=7961, name=Product 7961, price=80610.0, quantity=7971)
Product(id=7962, name=Product 7962, price=80620.0, quantity=7972)
Product(id=7963, name=Product 7963, price=80630.0, quantity=7973)
Product(id=7964, name=Product 7964, price=80640.0, quantity=7974)
Product(id=7965, name=Product 7965, price=80650.0, quantity=7975)
Product(id=7966, name=Product 7966, price=80660.0, quantity=7976)
Product(id=7967, name=Product 7967, price=80670.0, quantity=7977)
Product(id=7968, name=Product 7968, price=80680.0, quantity=7978)
Product(id=7969, name=Product 7969, price=80690.0, quantity=7979)
Product(id=7970, name=Product 7970, price=80700.0, quantity=7980)
Product(id=7971, name=Product 7971, price=80710.0, quantity=7981)
Product(id=7972, name=Product 7972, price=80720.0, quantity=7982)
Product(id=7973, name=Product 7973, price=80730.0, quantity=7983)
Product(id=7974, name=Product 7974, price=80740.0, quantity=7984)
Product(id=7975, name=Product 7975, price=80750.0, quantity=7985)
Product(id=7976, name=Product 7976, price=80760.0, quantity=7986)
Product(id=7977, name=Product 7977, price=80770.0, quantity=7987)
Product(id=7978, name=Product 7978, price=80780.0, quantity=7988)
Product(id=7979, name=Product 7979, price=80790.0, quantity=7989)
Product(id=7980, name=Product 7980, price=80800.0, quantity=7990)
Product(id=7981, name=Product 7981, price=80810.0, quantity=7991)
Product(id=7982, name=Product 7982, price=80820.0, quantity=7992)
Product(id=7983, name=Product 7983, price=80830.0, quantity=7993)
Product(id=7984, name=Product 7984, price=80840.0, quantity=7994)
Product(id=7985, name=Product 7985, price=80850.0, quantity=7995)
Product(id=7986, name=Product 7986, price=80860.0, quantity=7996)
Product(id=7987, name=Product 7987, price=80870.0, quantity=7997)
Product(id=7988, name=Product 7988, price=80880.0, quantity=7998)
Product(id=7989, name=Product 7989, price=80890.0, quantity=7999)
Product(id=7990, name=Product 7990, price=80900.0, quantity=8000)
Product(id=7991, name=Product 7991, price=80910.0, quantity=8001)
Product(id=7992, name=Product 7992, price=80920.0, quantity=8002)
Product(id=7993, name=Product 7993, price=80930.0, quantity=8003)
Product(id=7994, name=Product 7994, price=80940.0, quantity=8004)
Product(id=7995, name=Product 7995, price=80950.0, quantity=8005)
Product(id=7996, name=Product 7996, price=80960.0, quantity=8006)
Product(id=7997, name=Product 7997, price=80970.0, quantity=8007)
Product(id=7998, name=Product 7998, price=80980.0, quantity=8008)
Product(id=7999, name=Product 7999, price=80990.0, quantity=8009)
Product(id=8000, name=Product 8000, price=81000.0, quantity=8010)
Product(id=8001, name=Product 8001, price=81010.0, quantity=8011)
Product(id=8002, name=Product 8002, price=81020.0, quantity=8012)
Product(id=8003, name=Product 8003, price=81030.0, quantity=8013)
Product(id=8004, name=Product 8004, price=81040.0, quantity=8014)
Product(id=8005, name=Product 8005, price=81050.0, quantity=8015)
Product(id=8006, name=Product 8006, price=81060.0, quantity=8016)
Product(id=8007, name=Product 8007, price=81070.0, quantity=8017)
Product(id=8008, name=Product 8008, price=81080.0, quantity=8018)
Product(id=8009, name=Product 8009, price=81090.0, quantity=8019)
Product(id=8010, name=Product 8010, price=81100.0, quantity=8020)
Product(id=8011, name=Product 8011, price=81110.0, quantity=8021)
Product(id=8012, name=Product 8012, price=81120.0, quantity=8022)
Product(id=8013, name=Product 8013, price=81130.0, quantity=8023)
Product(id=8014, name=Product 8014, price=81140.0, quantity=8024)
Product(id=8015, name=Product 8015, price=81150.0, quantity=8025)
Product(id=8016, name=Product 8016, price=81160.0, quantity=8026)
Product(id=8017, name=Product 8017, price=81170.0, quantity=8027)
Product(id=8018, name=Product 8018, price=81180.0, quantity=8028)
Product(id=8019, name=Product 8019, price=81190.0, quantity=8029)
Product(id=8020, name=Product 8020, price=81200.0, quantity=8030)
Product(id=8021, name=Product 8021, price=81210.0, quantity=8031)
Product(id=8022, name=Product 8022, price=81220.0, quantity=8032)
Product(id=8023, name=Product 8023, price=81230.0, quantity=8033)
Product(id=8024, name=Product 8024, price=81240.0, quantity=8034)
Product(id=8025, name=Product 8025, price=81250.0, quantity=8035)
Product(id=8026, name=Product 8026, price=81260.0, quantity=8036)
Product(id=8027, name=Product 8027, price=81270.0, quantity=8037)
Product(id=8028, name=Product 8028, price=81280.0, quantity=8038)
Product(id=8029, name=Product 8029, price=81290.0, quantity=8039)
Product(id=8030, name=Product 8030, price=81300.0, quantity=8040)
Product(id=8031, name=Product 8031, price=81310.0, quantity=8041)
Product(id=8032, name=Product 8032, price=81320.0, quantity=8042)
Product(id=8033, name=Product 8033, price=81330.0, quantity=8043)
Product(id=8034, name=Product 8034, price=81340.0, quantity=8044)
Product(id=8035, name=Product 8035, price=81350.0, quantity=8045)
Product(id=8036, name=Product 8036, price=81360.0, quantity=8046)
Product(id=8037, name=Product 8037, price=81370.0, quantity=8047)
Product(id=8038, name=Product 8038, price=81380.0, quantity=8048)
Product(id=8039, name=Product 8039, price=81390.0, quantity=8049)
Product(id=8040, name=Product 8040, price=81400.0, quantity=8050)
Product(id=8041, name=Product 8041, price=81410.0, quantity=8051)
Product(id=8042, name=Product 8042, price=81420.0, quantity=8052)
Product(id=8043, name=Product 8043, price=81430.0, quantity=8053)
Product(id=8044, name=Product 8044, price=81440.0, quantity=8054)
Product(id=8045, name=Product 8045, price=81450.0, quantity=8055)
Product(id=8046, name=Product 8046, price=81460.0, quantity=8056)
Product(id=8047, name=Product 8047, price=81470.0, quantity=8057)
Product(id=8048, name=Product 8048, price=81480.0, quantity=8058)
Product(id=8049, name=Product 8049, price=81490.0, quantity=8059)
Product(id=8050, name=Product 8050, price=81500.0, quantity=8060)
Product(id=8051, name=Product 8051, price=81510.0, quantity=8061)
Product(id=8052, name=Product 8052, price=81520.0, quantity=8062)
Product(id=8053, name=Product 8053, price=81530.0, quantity=8063)
Product(id=8054, name=Product 8054, price=81540.0, quantity=8064)
Product(id=8055, name=Product 8055, price=81550.0, quantity=8065)
Product(id=8056, name=Product 8056, price=81560.0, quantity=8066)
Product(id=8057, name=Product 8057, price=81570.0, quantity=8067)
Product(id=8058, name=Product 8058, price=81580.0, quantity=8068)
Product(id=8059, name=Product 8059, price=81590.0, quantity=8069)
Product(id=8060, name=Product 8060, price=81600.0, quantity=8070)
Product(id=8061, name=Product 8061, price=81610.0, quantity=8071)
Product(id=8062, name=Product 8062, price=81620.0, quantity=8072)
Product(id=8063, name=Product 8063, price=81630.0, quantity=8073)
Product(id=8064, name=Product 8064, price=81640.0, quantity=8074)
Product(id=8065, name=Product 8065, price=81650.0, quantity=8075)
Product(id=8066, name=Product 8066, price=81660.0, quantity=8076)
Product(id=8067, name=Product 8067, price=81670.0, quantity=8077)
Product(id=8068, name=Product 8068, price=81680.0, quantity=8078)
Product(id=8069, name=Product 8069, price=81690.0, quantity=8079)
Product(id=8070, name=Product 8070, price=81700.0, quantity=8080)
Product(id=8071, name=Product 8071, price=81710.0, quantity=8081)
Product(id=8072, name=Product 8072, price=81720.0, quantity=8082)
Product(id=8073, name=Product 8073, price=81730.0, quantity=8083)
Product(id=8074, name=Product 8074, price=81740.0, quantity=8084)
Product(id=8075, name=Product 8075, price=81750.0, quantity=8085)
Product(id=8076, name=Product 8076, price=81760.0, quantity=8086)
Product(id=8077, name=Product 8077, price=81770.0, quantity=8087)
Product(id=8078, name=Product 8078, price=81780.0, quantity=8088)
Product(id=8079, name=Product 8079, price=81790.0, quantity=8089)
Product(id=8080, name=Product 8080, price=81800.0, quantity=8090)
Product(id=8081, name=Product 8081, price=81810.0, quantity=8091)
Product(id=8082, name=Product 8082, price=81820.0, quantity=8092)
Product(id=8083, name=Product 8083, price=81830.0, quantity=8093)
Product(id=8084, name=Product 8084, price=81840.0, quantity=8094)
Product(id=8085, name=Product 8085, price=81850.0, quantity=8095)
Product(id=8086, name=Product 8086, price=81860.0, quantity=8096)
Product(id=8087, name=Product 8087, price=81870.0, quantity=8097)
Product(id=8088, name=Product 8088, price=81880.0, quantity=8098)
Product(id=8089, name=Product 8089, price=81890.0, quantity=8099)
Product(id=8090, name=Product 8090, price=81900.0, quantity=8100)
Product(id=8091, name=Product 8091, price=81910.0, quantity=8101)
Product(id=8092, name=Product 8092, price=81920.0, quantity=8102)
Product(id=8093, name=Product 8093, price=81930.0, quantity=8103)
Product(id=8094, name=Product 8094, price=81940.0, quantity=8104)
Product(id=8095, name=Product 8095, price=81950.0, quantity=8105)
Product(id=8096, name=Product 8096, price=81960.0, quantity=8106)
Product(id=8097, name=Product 8097, price=81970.0, quantity=8107)
Product(id=8098, name=Product 8098, price=81980.0, quantity=8108)
Product(id=8099, name=Product 8099, price=81990.0, quantity=8109)
Product(id=8100, name=Product 8100, price=82000.0, quantity=8110)
Product(id=8101, name=Product 8101, price=82010.0, quantity=8111)
Product(id=8102, name=Product 8102, price=82020.0, quantity=8112)
Product(id=8103, name=Product 8103, price=82030.0, quantity=8113)
Product(id=8104, name=Product 8104, price=82040.0, quantity=8114)
Product(id=8105, name=Product 8105, price=82050.0, quantity=8115)
Product(id=8106, name=Product 8106, price=82060.0, quantity=8116)
Product(id=8107, name=Product 8107, price=82070.0, quantity=8117)
Product(id=8108, name=Product 8108, price=82080.0, quantity=8118)
Product(id=8109, name=Product 8109, price=82090.0, quantity=8119)
Product(id=8110, name=Product 8110, price=82100.0, quantity=8120)
Product(id=8111, name=Product 8111, price=82110.0, quantity=8121)
Product(id=8112, name=Product 8112, price=82120.0, quantity=8122)
Product(id=8113, name=Product 8113, price=82130.0, quantity=8123)
Product(id=8114, name=Product 8114, price=82140.0, quantity=8124)
Product(id=8115, name=Product 8115, price=82150.0, quantity=8125)
Product(id=8116, name=Product 8116, price=82160.0, quantity=8126)
Product(id=8117, name=Product 8117, price=82170.0, quantity=8127)
Product(id=8118, name=Product 8118, price=82180.0, quantity=8128)
Product(id=8119, name=Product 8119, price=82190.0, quantity=8129)
Product(id=8120, name=Product 8120, price=82200.0, quantity=8130)
Product(id=8121, name=Product 8121, price=82210.0, quantity=8131)
Product(id=8122, name=Product 8122, price=82220.0, quantity=8132)
Product(id=8123, name=Product 8123, price=82230.0, quantity=8133)
Product(id=8124, name=Product 8124, price=82240.0, quantity=8134)
Product(id=8125, name=Product 8125, price=82250.0, quantity=8135)
Product(id=8126, name=Product 8126, price=82260.0, quantity=8136)
Product(id=8127, name=Product 8127, price=82270.0, quantity=8137)
Product(id=8128, name=Product 8128, price=82280.0, quantity=8138)
Product(id=8129, name=Product 8129, price=82290.0, quantity=8139)
Product(id=8130, name=Product 8130, price=82300.0, quantity=8140)
Product(id=8131, name=Product 8131, price=82310.0, quantity=8141)
Product(id=8132, name=Product 8132, price=82320.0, quantity=8142)
Product(id=8133, name=Product 8133, price=82330.0, quantity=8143)
Product(id=8134, name=Product 8134, price=82340.0, quantity=8144)
Product(id=8135, name=Product 8135, price=82350.0, quantity=8145)
Product(id=8136, name=Product 8136, price=82360.0, quantity=8146)
Product(id=8137, name=Product 8137, price=82370.0, quantity=8147)
Product(id=8138, name=Product 8138, price=82380.0, quantity=8148)
Product(id=8139, name=Product 8139, price=82390.0, quantity=8149)
Product(id=8140, name=Product 8140, price=82400.0, quantity=8150)
Product(id=8141, name=Product 8141, price=82410.0, quantity=8151)
Product(id=8142, name=Product 8142, price=82420.0, quantity=8152)
Product(id=8143, name=Product 8143, price=82430.0, quantity=8153)
Product(id=8144, name=Product 8144, price=82440.0, quantity=8154)
Product(id=8145, name=Product 8145, price=82450.0, quantity=8155)
Product(id=8146, name=Product 8146, price=82460.0, quantity=8156)
Product(id=8147, name=Product 8147, price=82470.0, quantity=8157)
Product(id=8148, name=Product 8148, price=82480.0, quantity=8158)
Product(id=8149, name=Product 8149, price=82490.0, quantity=8159)
Product(id=8150, name=Product 8150, price=82500.0, quantity=8160)
Product(id=8151, name=Product 8151, price=82510.0, quantity=8161)
Product(id=8152, name=Product 8152, price=82520.0, quantity=8162)
Product(id=8153, name=Product 8153, price=82530.0, quantity=8163)
Product(id=8154, name=Product 8154, price=82540.0, quantity=8164)
Product(id=8155, name=Product 8155, price=82550.0, quantity=8165)
Product(id=8156, name=Product 8156, price=82560.0, quantity=8166)
Product(id=8157, name=Product 8157, price=82570.0, quantity=8167)
Product(id=8158, name=Product 8158, price=82580.0, quantity=8168)
Product(id=8159, name=Product 8159, price=82590.0, quantity=8169)
Product(id=8160, name=Product 8160, price=82600.0, quantity=8170)
Product(id=8161, name=Product 8161, price=82610.0, quantity=8171)
Product(id=8162, name=Product 8162, price=82620.0, quantity=8172)
Product(id=8163, name=Product 8163, price=82630.0, quantity=8173)
Product(id=8164, name=Product 8164, price=82640.0, quantity=8174)
Product(id=8165, name=Product 8165, price=82650.0, quantity=8175)
Product(id=8166, name=Product 8166, price=82660.0, quantity=8176)
Product(id=8167, name=Product 8167, price=82670.0, quantity=8177)
Product(id=8168, name=Product 8168, price=82680.0, quantity=8178)
Product(id=8169, name=Product 8169, price=82690.0, quantity=8179)
Product(id=8170, name=Product 8170, price=82700.0, quantity=8180)
Product(id=8171, name=Product 8171, price=82710.0, quantity=8181)
Product(id=8172, name=Product 8172, price=82720.0, quantity=8182)
Product(id=8173, name=Product 8173, price=82730.0, quantity=8183)
Product(id=8174, name=Product 8174, price=82740.0, quantity=8184)
Product(id=8175, name=Product 8175, price=82750.0, quantity=8185)
Product(id=8176, name=Product 8176, price=82760.0, quantity=8186)
Product(id=8177, name=Product 8177, price=82770.0, quantity=8187)
Product(id=8178, name=Product 8178, price=82780.0, quantity=8188)
Product(id=8179, name=Product 8179, price=82790.0, quantity=8189)
Product(id=8180, name=Product 8180, price=82800.0, quantity=8190)
Product(id=8181, name=Product 8181, price=82810.0, quantity=8191)
Product(id=8182, name=Product 8182, price=82820.0, quantity=8192)
Product(id=8183, name=Product 8183, price=82830.0, quantity=8193)
Product(id=8184, name=Product 8184, price=82840.0, quantity=8194)
Product(id=8185, name=Product 8185, price=82850.0, quantity=8195)
Product(id=8186, name=Product 8186, price=82860.0, quantity=8196)
Product(id=8187, name=Product 8187, price=82870.0, quantity=8197)
Product(id=8188, name=Product 8188, price=82880.0, quantity=8198)
Product(id=8189, name=Product 8189, price=82890.0, quantity=8199)
Product(id=8190, name=Product 8190, price=82900.0, quantity=8200)
Product(id=8191, name=Product 8191, price=82910.0, quantity=8201)
Product(id=8192, name=Product 8192, price=82920.0, quantity=8202)
Product(id=8193, name=Product 8193, price=82930.0, quantity=8203)
Product(id=8194, name=Product 8194, price=82940.0, quantity=8204)
Product(id=8195, name=Product 8195, price=82950.0, quantity=8205)
Product(id=8196, name=Product 8196, price=82960.0, quantity=8206)
Product(id=8197, name=Product 8197, price=82970.0, quantity=8207)
Product(id=8198, name=Product 8198, price=82980.0, quantity=8208)
Product(id=8199, name=Product 8199, price=82990.0, quantity=8209)
Product(id=8200, name=Product 8200, price=83000.0, quantity=8210)
Product(id=8201, name=Product 8201, price=83010.0, quantity=8211)
Product(id=8202, name=Product 8202, price=83020.0, quantity=8212)
Product(id=8203, name=Product 8203, price=83030.0, quantity=8213)
Product(id=8204, name=Product 8204, price=83040.0, quantity=8214)
Product(id=8205, name=Product 8205, price=83050.0, quantity=8215)
Product(id=8206, name=Product 8206, price=83060.0, quantity=8216)
Product(id=8207, name=Product 8207, price=83070.0, quantity=8217)
Product(id=8208, name=Product 8208, price=83080.0, quantity=8218)
Product(id=8209, name=Product 8209, price=83090.0, quantity=8219)
Product(id=8210, name=Product 8210, price=83100.0, quantity=8220)
Product(id=8211, name=Product 8211, price=83110.0, quantity=8221)
Product(id=8212, name=Product 8212, price=83120.0, quantity=8222)
Product(id=8213, name=Product 8213, price=83130.0, quantity=8223)
Product(id=8214, name=Product 8214, price=83140.0, quantity=8224)
Product(id=8215, name=Product 8215, price=83150.0, quantity=8225)
Product(id=8216, name=Product 8216, price=83160.0, quantity=8226)
Product(id=8217, name=Product 8217, price=83170.0, quantity=8227)
Product(id=8218, name=Product 8218, price=83180.0, quantity=8228)
Product(id=8219, name=Product 8219, price=83190.0, quantity=8229)
Product(id=8220, name=Product 8220, price=83200.0, quantity=8230)
Product(id=8221, name=Product 8221, price=83210.0, quantity=8231)
Product(id=8222, name=Product 8222, price=83220.0, quantity=8232)
Product(id=8223, name=Product 8223, price=83230.0, quantity=8233)
Product(id=8224, name=Product 8224, price=83240.0, quantity=8234)
Product(id=8225, name=Product 8225, price=83250.0, quantity=8235)
Product(id=8226, name=Product 8226, price=83260.0, quantity=8236)
Product(id=8227, name=Product 8227, price=83270.0, quantity=8237)
Product(id=8228, name=Product 8228, price=83280.0, quantity=8238)
Product(id=8229, name=Product 8229, price=83290.0, quantity=8239)
Product(id=8230, name=Product 8230, price=83300.0, quantity=8240)
Product(id=8231, name=Product 8231, price=83310.0, quantity=8241)
Product(id=8232, name=Product 8232, price=83320.0, quantity=8242)
Product(id=8233, name=Product 8233, price=83330.0, quantity=8243)
Product(id=8234, name=Product 8234, price=83340.0, quantity=8244)
Product(id=8235, name=Product 8235, price=83350.0, quantity=8245)
Product(id=8236, name=Product 8236, price=83360.0, quantity=8246)
Product(id=8237, name=Product 8237, price=83370.0, quantity=8247)
Product(id=8238, name=Product 8238, price=83380.0, quantity=8248)
Product(id=8239, name=Product 8239, price=83390.0, quantity=8249)
Product(id=8240, name=Product 8240, price=83400.0, quantity=8250)
Product(id=8241, name=Product 8241, price=83410.0, quantity=8251)
Product(id=8242, name=Product 8242, price=83420.0, quantity=8252)
Product(id=8243, name=Product 8243, price=83430.0, quantity=8253)
Product(id=8244, name=Product 8244, price=83440.0, quantity=8254)
Product(id=8245, name=Product 8245, price=83450.0, quantity=8255)
Product(id=8246, name=Product 8246, price=83460.0, quantity=8256)
Product(id=8247, name=Product 8247, price=83470.0, quantity=8257)
Product(id=8248, name=Product 8248, price=83480.0, quantity=8258)
Product(id=8249, name=Product 8249, price=83490.0, quantity=8259)
Product(id=8250, name=Product 8250, price=83500.0, quantity=8260)
Product(id=8251, name=Product 8251, price=83510.0, quantity=8261)
Product(id=8252, name=Product 8252, price=83520.0, quantity=8262)
Product(id=8253, name=Product 8253, price=83530.0, quantity=8263)
Product(id=8254, name=Product 8254, price=83540.0, quantity=8264)
Product(id=8255, name=Product 8255, price=83550.0, quantity=8265)
Product(id=8256, name=Product 8256, price=83560.0, quantity=8266)
Product(id=8257, name=Product 8257, price=83570.0, quantity=8267)
Product(id=8258, name=Product 8258, price=83580.0, quantity=8268)
Product(id=8259, name=Product 8259, price=83590.0, quantity=8269)
Product(id=8260, name=Product 8260, price=83600.0, quantity=8270)
Product(id=8261, name=Product 8261, price=83610.0, quantity=8271)
Product(id=8262, name=Product 8262, price=83620.0, quantity=8272)
Product(id=8263, name=Product 8263, price=83630.0, quantity=8273)
Product(id=8264, name=Product 8264, price=83640.0, quantity=8274)
Product(id=8265, name=Product 8265, price=83650.0, quantity=8275)
Product(id=8266, name=Product 8266, price=83660.0, quantity=8276)
Product(id=8267, name=Product 8267, price=83670.0, quantity=8277)
Product(id=8268, name=Product 8268, price=83680.0, quantity=8278)
Product(id=8269, name=Product 8269, price=83690.0, quantity=8279)
Product(id=8270, name=Product 8270, price=83700.0, quantity=8280)
Product(id=8271, name=Product 8271, price=83710.0, quantity=8281)
Product(id=8272, name=Product 8272, price=83720.0, quantity=8282)
Product(id=8273, name=Product 8273, price=83730.0, quantity=8283)
Product(id=8274, name=Product 8274, price=83740.0, quantity=8284)
Product(id=8275, name=Product 8275, price=83750.0, quantity=8285)
Product(id=8276, name=Product 8276, price=83760.0, quantity=8286)
Product(id=8277, name=Product 8277, price=83770.0, quantity=8287)
Product(id=8278, name=Product 8278, price=83780.0, quantity=8288)
Product(id=8279, name=Product 8279, price=83790.0, quantity=8289)
Product(id=8280, name=Product 8280, price=83800.0, quantity=8290)
Product(id=8281, name=Product 8281, price=83810.0, quantity=8291)
Product(id=8282, name=Product 8282, price=83820.0, quantity=8292)
Product(id=8283, name=Product 8283, price=83830.0, quantity=8293)
Product(id=8284, name=Product 8284, price=83840.0, quantity=8294)
Product(id=8285, name=Product 8285, price=83850.0, quantity=8295)
Product(id=8286, name=Product 8286, price=83860.0, quantity=8296)
Product(id=8287, name=Product 8287, price=83870.0, quantity=8297)
Product(id=8288, name=Product 8288, price=83880.0, quantity=8298)
Product(id=8289, name=Product 8289, price=83890.0, quantity=8299)
Product(id=8290, name=Product 8290, price=83900.0, quantity=8300)
Product(id=8291, name=Product 8291, price=83910.0, quantity=8301)
Product(id=8292, name=Product 8292, price=83920.0, quantity=8302)
Product(id=8293, name=Product 8293, price=83930.0, quantity=8303)
Product(id=8294, name=Product 8294, price=83940.0, quantity=8304)
Product(id=8295, name=Product 8295, price=83950.0, quantity=8305)
Product(id=8296, name=Product 8296, price=83960.0, quantity=8306)
Product(id=8297, name=Product 8297, price=83970.0, quantity=8307)
Product(id=8298, name=Product 8298, price=83980.0, quantity=8308)
Product(id=8299, name=Product 8299, price=83990.0, quantity=8309)
Product(id=8300, name=Product 8300, price=84000.0, quantity=8310)
Product(id=8301, name=Product 8301, price=84010.0, quantity=8311)
Product(id=8302, name=Product 8302, price=84020.0, quantity=8312)
Product(id=8303, name=Product 8303, price=84030.0, quantity=8313)
Product(id=8304, name=Product 8304, price=84040.0, quantity=8314)
Product(id=8305, name=Product 8305, price=84050.0, quantity=8315)
Product(id=8306, name=Product 8306, price=84060.0, quantity=8316)
Product(id=8307, name=Product 8307, price=84070.0, quantity=8317)
Product(id=8308, name=Product 8308, price=84080.0, quantity=8318)
Product(id=8309, name=Product 8309, price=84090.0, quantity=8319)
Product(id=8310, name=Product 8310, price=84100.0, quantity=8320)
Product(id=8311, name=Product 8311, price=84110.0, quantity=8321)
Product(id=8312, name=Product 8312, price=84120.0, quantity=8322)
Product(id=8313, name=Product 8313, price=84130.0, quantity=8323)
Product(id=8314, name=Product 8314, price=84140.0, quantity=8324)
Product(id=8315, name=Product 8315, price=84150.0, quantity=8325)
Product(id=8316, name=Product 8316, price=84160.0, quantity=8326)
Product(id=8317, name=Product 8317, price=84170.0, quantity=8327)
Product(id=8318, name=Product 8318, price=84180.0, quantity=8328)
Product(id=8319, name=Product 8319, price=84190.0, quantity=8329)
Product(id=8320, name=Product 8320, price=84200.0, quantity=8330)
Product(id=8321, name=Product 8321, price=84210.0, quantity=8331)
Product(id=8322, name=Product 8322, price=84220.0, quantity=8332)
Product(id=8323, name=Product 8323, price=84230.0, quantity=8333)
Product(id=8324, name=Product 8324, price=84240.0, quantity=8334)
Product(id=8325, name=Product 8325, price=84250.0, quantity=8335)
Product(id=8326, name=Product 8326, price=84260.0, quantity=8336)
Product(id=8327, name=Product 8327, price=84270.0, quantity=8337)
Product(id=8328, name=Product 8328, price=84280.0, quantity=8338)
Product(id=8329, name=Product 8329, price=84290.0, quantity=8339)
Product(id=8330, name=Product 8330, price=84300.0, quantity=8340)
Product(id=8331, name=Product 8331, price=84310.0, quantity=8341)
Product(id=8332, name=Product 8332, price=84320.0, quantity=8342)
Product(id=8333, name=Product 8333, price=84330.0, quantity=8343)
Product(id=8334, name=Product 8334, price=84340.0, quantity=8344)
Product(id=8335, name=Product 8335, price=84350.0, quantity=8345)
Product(id=8336, name=Product 8336, price=84360.0, quantity=8346)
Product(id=8337, name=Product 8337, price=84370.0, quantity=8347)
Product(id=8338, name=Product 8338, price=84380.0, quantity=8348)
Product(id=8339, name=Product 8339, price=84390.0, quantity=8349)
Product(id=8340, name=Product 8340, price=84400.0, quantity=8350)
Product(id=8341, name=Product 8341, price=84410.0, quantity=8351)
Product(id=8342, name=Product 8342, price=84420.0, quantity=8352)
Product(id=8343, name=Product 8343, price=84430.0, quantity=8353)
Product(id=8344, name=Product 8344, price=84440.0, quantity=8354)
Product(id=8345, name=Product 8345, price=84450.0, quantity=8355)
Product(id=8346, name=Product 8346, price=84460.0, quantity=8356)
Product(id=8347, name=Product 8347, price=84470.0, quantity=8357)
Product(id=8348, name=Product 8348, price=84480.0, quantity=8358)
Product(id=8349, name=Product 8349, price=84490.0, quantity=8359)
Product(id=8350, name=Product 8350, price=84500.0, quantity=8360)
Product(id=8351, name=Product 8351, price=84510.0, quantity=8361)
Product(id=8352, name=Product 8352, price=84520.0, quantity=8362)
Product(id=8353, name=Product 8353, price=84530.0, quantity=8363)
Product(id=8354, name=Product 8354, price=84540.0, quantity=8364)
Product(id=8355, name=Product 8355, price=84550.0, quantity=8365)
Product(id=8356, name=Product 8356, price=84560.0, quantity=8366)
Product(id=8357, name=Product 8357, price=84570.0, quantity=8367)
Product(id=8358, name=Product 8358, price=84580.0, quantity=8368)
Product(id=8359, name=Product 8359, price=84590.0, quantity=8369)
Product(id=8360, name=Product 8360, price=84600.0, quantity=8370)
Product(id=8361, name=Product 8361, price=84610.0, quantity=8371)
Product(id=8362, name=Product 8362, price=84620.0, quantity=8372)
Product(id=8363, name=Product 8363, price=84630.0, quantity=8373)
Product(id=8364, name=Product 8364, price=84640.0, quantity=8374)
Product(id=8365, name=Product 8365, price=84650.0, quantity=8375)
Product(id=8366, name=Product 8366, price=84660.0, quantity=8376)
Product(id=8367, name=Product 8367, price=84670.0, quantity=8377)
Product(id=8368, name=Product 8368, price=84680.0, quantity=8378)
Product(id=8369, name=Product 8369, price=84690.0, quantity=8379)
Product(id=8370, name=Product 8370, price=84700.0, quantity=8380)
Product(id=8371, name=Product 8371, price=84710.0, quantity=8381)
Product(id=8372, name=Product 8372, price=84720.0, quantity=8382)
Product(id=8373, name=Product 8373, price=84730.0, quantity=8383)
Product(id=8374, name=Product 8374, price=84740.0, quantity=8384)
Product(id=8375, name=Product 8375, price=84750.0, quantity=8385)
Product(id=8376, name=Product 8376, price=84760.0, quantity=8386)
Product(id=8377, name=Product 8377, price=84770.0, quantity=8387)
Product(id=8378, name=Product 8378, price=84780.0, quantity=8388)
Product(id=8379, name=Product 8379, price=84790.0, quantity=8389)
Product(id=8380, name=Product 8380, price=84800.0, quantity=8390)
Product(id=8381, name=Product 8381, price=84810.0, quantity=8391)
Product(id=8382, name=Product 8382, price=84820.0, quantity=8392)
Product(id=8383, name=Product 8383, price=84830.0, quantity=8393)
Product(id=8384, name=Product 8384, price=84840.0, quantity=8394)
Product(id=8385, name=Product 8385, price=84850.0, quantity=8395)
Product(id=8386, name=Product 8386, price=84860.0, quantity=8396)
Product(id=8387, name=Product 8387, price=84870.0, quantity=8397)
Product(id=8388, name=Product 8388, price=84880.0, quantity=8398)
Product(id=8389, name=Product 8389, price=84890.0, quantity=8399)
Product(id=8390, name=Product 8390, price=84900.0, quantity=8400)
Product(id=8391, name=Product 8391, price=84910.0, quantity=8401)
Product(id=8392, name=Product 8392, price=84920.0, quantity=8402)
Product(id=8393, name=Product 8393, price=84930.0, quantity=8403)
Product(id=8394, name=Product 8394, price=84940.0, quantity=8404)
Product(id=8395, name=Product 8395, price=84950.0, quantity=8405)
Product(id=8396, name=Product 8396, price=84960.0, quantity=8406)
Product(id=8397, name=Product 8397, price=84970.0, quantity=8407)
Product(id=8398, name=Product 8398, price=84980.0, quantity=8408)
Product(id=8399, name=Product 8399, price=84990.0, quantity=8409)
Product(id=8400, name=Product 8400, price=85000.0, quantity=8410)
Product(id=8401, name=Product 8401, price=85010.0, quantity=8411)
Product(id=8402, name=Product 8402, price=85020.0, quantity=8412)
Product(id=8403, name=Product 8403, price=85030.0, quantity=8413)
Product(id=8404, name=Product 8404, price=85040.0, quantity=8414)
Product(id=8405, name=Product 8405, price=85050.0, quantity=8415)
Product(id=8406, name=Product 8406, price=85060.0, quantity=8416)
Product(id=8407, name=Product 8407, price=85070.0, quantity=8417)
Product(id=8408, name=Product 8408, price=85080.0, quantity=8418)
Product(id=8409, name=Product 8409, price=85090.0, quantity=8419)
Product(id=8410, name=Product 8410, price=85100.0, quantity=8420)
Product(id=8411, name=Product 8411, price=85110.0, quantity=8421)
Product(id=8412, name=Product 8412, price=85120.0, quantity=8422)
Product(id=8413, name=Product 8413, price=85130.0, quantity=8423)
Product(id=8414, name=Product 8414, price=85140.0, quantity=8424)
Product(id=8415, name=Product 8415, price=85150.0, quantity=8425)
Product(id=8416, name=Product 8416, price=85160.0, quantity=8426)
Product(id=8417, name=Product 8417, price=85170.0, quantity=8427)
Product(id=8418, name=Product 8418, price=85180.0, quantity=8428)
Product(id=8419, name=Product 8419, price=85190.0, quantity=8429)
Product(id=8420, name=Product 8420, price=85200.0, quantity=8430)
Product(id=8421, name=Product 8421, price=85210.0, quantity=8431)
Product(id=8422, name=Product 8422, price=85220.0, quantity=8432)
Product(id=8423, name=Product 8423, price=85230.0, quantity=8433)
Product(id=8424, name=Product 8424, price=85240.0, quantity=8434)
Product(id=8425, name=Product 8425, price=85250.0, quantity=8435)
Product(id=8426, name=Product 8426, price=85260.0, quantity=8436)
Product(id=8427, name=Product 8427, price=85270.0, quantity=8437)
Product(id=8428, name=Product 8428, price=85280.0, quantity=8438)
Product(id=8429, name=Product 8429, price=85290.0, quantity=8439)
Product(id=8430, name=Product 8430, price=85300.0, quantity=8440)
Product(id=8431, name=Product 8431, price=85310.0, quantity=8441)
Product(id=8432, name=Product 8432, price=85320.0, quantity=8442)
Product(id=8433, name=Product 8433, price=85330.0, quantity=8443)
Product(id=8434, name=Product 8434, price=85340.0, quantity=8444)
Product(id=8435, name=Product 8435, price=85350.0, quantity=8445)
Product(id=8436, name=Product 8436, price=85360.0, quantity=8446)
Product(id=8437, name=Product 8437, price=85370.0, quantity=8447)
Product(id=8438, name=Product 8438, price=85380.0, quantity=8448)
Product(id=8439, name=Product 8439, price=85390.0, quantity=8449)
Product(id=8440, name=Product 8440, price=85400.0, quantity=8450)
Product(id=8441, name=Product 8441, price=85410.0, quantity=8451)
Product(id=8442, name=Product 8442, price=85420.0, quantity=8452)
Product(id=8443, name=Product 8443, price=85430.0, quantity=8453)
Product(id=8444, name=Product 8444, price=85440.0, quantity=8454)
Product(id=8445, name=Product 8445, price=85450.0, quantity=8455)
Product(id=8446, name=Product 8446, price=85460.0, quantity=8456)
Product(id=8447, name=Product 8447, price=85470.0, quantity=8457)
Product(id=8448, name=Product 8448, price=85480.0, quantity=8458)
Product(id=8449, name=Product 8449, price=85490.0, quantity=8459)
Product(id=8450, name=Product 8450, price=85500.0, quantity=8460)
Product(id=8451, name=Product 8451, price=85510.0, quantity=8461)
Product(id=8452, name=Product 8452, price=85520.0, quantity=8462)
Product(id=8453, name=Product 8453, price=85530.0, quantity=8463)
Product(id=8454, name=Product 8454, price=85540.0, quantity=8464)
Product(id=8455, name=Product 8455, price=85550.0, quantity=8465)
Product(id=8456, name=Product 8456, price=85560.0, quantity=8466)
Product(id=8457, name=Product 8457, price=85570.0, quantity=8467)
Product(id=8458, name=Product 8458, price=85580.0, quantity=8468)
Product(id=8459, name=Product 8459, price=85590.0, quantity=8469)
Product(id=8460, name=Product 8460, price=85600.0, quantity=8470)
Product(id=8461, name=Product 8461, price=85610.0, quantity=8471)
Product(id=8462, name=Product 8462, price=85620.0, quantity=8472)
Product(id=8463, name=Product 8463, price=85630.0, quantity=8473)
Product(id=8464, name=Product 8464, price=85640.0, quantity=8474)
Product(id=8465, name=Product 8465, price=85650.0, quantity=8475)
Product(id=8466, name=Product 8466, price=85660.0, quantity=8476)
Product(id=8467, name=Product 8467, price=85670.0, quantity=8477)
Product(id=8468, name=Product 8468, price=85680.0, quantity=8478)
Product(id=8469, name=Product 8469, price=85690.0, quantity=8479)
Product(id=8470, name=Product 8470, price=85700.0, quantity=8480)
Product(id=8471, name=Product 8471, price=85710.0, quantity=8481)
Product(id=8472, name=Product 8472, price=85720.0, quantity=8482)
Product(id=8473, name=Product 8473, price=85730.0, quantity=8483)
Product(id=8474, name=Product 8474, price=85740.0, quantity=8484)
Product(id=8475, name=Product 8475, price=85750.0, quantity=8485)
Product(id=8476, name=Product 8476, price=85760.0, quantity=8486)
Product(id=8477, name=Product 8477, price=85770.0, quantity=8487)
Product(id=8478, name=Product 8478, price=85780.0, quantity=8488)
Product(id=8479, name=Product 8479, price=85790.0, quantity=8489)
Product(id=8480, name=Product 8480, price=85800.0, quantity=8490)
Product(id=8481, name=Product 8481, price=85810.0, quantity=8491)
Product(id=8482, name=Product 8482, price=85820.0, quantity=8492)
Product(id=8483, name=Product 8483, price=85830.0, quantity=8493)
Product(id=8484, name=Product 8484, price=85840.0, quantity=8494)
Product(id=8485, name=Product 8485, price=85850.0, quantity=8495)
Product(id=8486, name=Product 8486, price=85860.0, quantity=8496)
Product(id=8487, name=Product 8487, price=85870.0, quantity=8497)
Product(id=8488, name=Product 8488, price=85880.0, quantity=8498)
Product(id=8489, name=Product 8489, price=85890.0, quantity=8499)
Product(id=8490, name=Product 8490, price=85900.0, quantity=8500)
Product(id=8491, name=Product 8491, price=85910.0, quantity=8501)
Product(id=8492, name=Product 8492, price=85920.0, quantity=8502)
Product(id=8493, name=Product 8493, price=85930.0, quantity=8503)
Product(id=8494, name=Product 8494, price=85940.0, quantity=8504)
Product(id=8495, name=Product 8495, price=85950.0, quantity=8505)
Product(id=8496, name=Product 8496, price=85960.0, quantity=8506)
Product(id=8497, name=Product 8497, price=85970.0, quantity=8507)
Product(id=8498, name=Product 8498, price=85980.0, quantity=8508)
Product(id=8499, name=Product 8499, price=85990.0, quantity=8509)
Product(id=8500, name=Product 8500, price=86000.0, quantity=8510)
Product(id=8501, name=Product 8501, price=86010.0, quantity=8511)
Product(id=8502, name=Product 8502, price=86020.0, quantity=8512)
Product(id=8503, name=Product 8503, price=86030.0, quantity=8513)
Product(id=8504, name=Product 8504, price=86040.0, quantity=8514)
Product(id=8505, name=Product 8505, price=86050.0, quantity=8515)
Product(id=8506, name=Product 8506, price=86060.0, quantity=8516)
Product(id=8507, name=Product 8507, price=86070.0, quantity=8517)
Product(id=8508, name=Product 8508, price=86080.0, quantity=8518)
Product(id=8509, name=Product 8509, price=86090.0, quantity=8519)
Product(id=8510, name=Product 8510, price=86100.0, quantity=8520)
Product(id=8511, name=Product 8511, price=86110.0, quantity=8521)
Product(id=8512, name=Product 8512, price=86120.0, quantity=8522)
Product(id=8513, name=Product 8513, price=86130.0, quantity=8523)
Product(id=8514, name=Product 8514, price=86140.0, quantity=8524)
Product(id=8515, name=Product 8515, price=86150.0, quantity=8525)
Product(id=8516, name=Product 8516, price=86160.0, quantity=8526)
Product(id=8517, name=Product 8517, price=86170.0, quantity=8527)
Product(id=8518, name=Product 8518, price=86180.0, quantity=8528)
Product(id=8519, name=Product 8519, price=86190.0, quantity=8529)
Product(id=8520, name=Product 8520, price=86200.0, quantity=8530)
Product(id=8521, name=Product 8521, price=86210.0, quantity=8531)
Product(id=8522, name=Product 8522, price=86220.0, quantity=8532)
Product(id=8523, name=Product 8523, price=86230.0, quantity=8533)
Product(id=8524, name=Product 8524, price=86240.0, quantity=8534)
Product(id=8525, name=Product 8525, price=86250.0, quantity=8535)
Product(id=8526, name=Product 8526, price=86260.0, quantity=8536)
Product(id=8527, name=Product 8527, price=86270.0, quantity=8537)
Product(id=8528, name=Product 8528, price=86280.0, quantity=8538)
Product(id=8529, name=Product 8529, price=86290.0, quantity=8539)
Product(id=8530, name=Product 8530, price=86300.0, quantity=8540)
Product(id=8531, name=Product 8531, price=86310.0, quantity=8541)
Product(id=8532, name=Product 8532, price=86320.0, quantity=8542)
Product(id=8533, name=Product 8533, price=86330.0, quantity=8543)
Product(id=8534, name=Product 8534, price=86340.0, quantity=8544)
Product(id=8535, name=Product 8535, price=86350.0, quantity=8545)
Product(id=8536, name=Product 8536, price=86360.0, quantity=8546)
Product(id=8537, name=Product 8537, price=86370.0, quantity=8547)
Product(id=8538, name=Product 8538, price=86380.0, quantity=8548)
Product(id=8539, name=Product 8539, price=86390.0, quantity=8549)
Product(id=8540, name=Product 8540, price=86400.0, quantity=8550)
Product(id=8541, name=Product 8541, price=86410.0, quantity=8551)
Product(id=8542, name=Product 8542, price=86420.0, quantity=8552)
Product(id=8543, name=Product 8543, price=86430.0, quantity=8553)
Product(id=8544, name=Product 8544, price=86440.0, quantity=8554)
Product(id=8545, name=Product 8545, price=86450.0, quantity=8555)
Product(id=8546, name=Product 8546, price=86460.0, quantity=8556)
Product(id=8547, name=Product 8547, price=86470.0, quantity=8557)
Product(id=8548, name=Product 8548, price=86480.0, quantity=8558)
Product(id=8549, name=Product 8549, price=86490.0, quantity=8559)
Product(id=8550, name=Product 8550, price=86500.0, quantity=8560)
Product(id=8551, name=Product 8551, price=86510.0, quantity=8561)
Product(id=8552, name=Product 8552, price=86520.0, quantity=8562)
Product(id=8553, name=Product 8553, price=86530.0, quantity=8563)
Product(id=8554, name=Product 8554, price=86540.0, quantity=8564)
Product(id=8555, name=Product 8555, price=86550.0, quantity=8565)
Product(id=8556, name=Product 8556, price=86560.0, quantity=8566)
Product(id=8557, name=Product 8557, price=86570.0, quantity=8567)
Product(id=8558, name=Product 8558, price=86580.0, quantity=8568)
Product(id=8559, name=Product 8559, price=86590.0, quantity=8569)
Product(id=8560, name=Product 8560, price=86600.0, quantity=8570)
Product(id=8561, name=Product 8561, price=86610.0, quantity=8571)
Product(id=8562, name=Product 8562, price=86620.0, quantity=8572)
Product(id=8563, name=Product 8563, price=86630.0, quantity=8573)
Product(id=8564, name=Product 8564, price=86640.0, quantity=8574)
Product(id=8565, name=Product 8565, price=86650.0, quantity=8575)
Product(id=8566, name=Product 8566, price=86660.0, quantity=8576)
Product(id=8567, name=Product 8567, price=86670.0, quantity=8577)
Product(id=8568, name=Product 8568, price=86680.0, quantity=8578)
Product(id=8569, name=Product 8569, price=86690.0, quantity=8579)
Product(id=8570, name=Product 8570, price=86700.0, quantity=8580)
Product(id=8571, name=Product 8571, price=86710.0, quantity=8581)
Product(id=8572, name=Product 8572, price=86720.0, quantity=8582)
Product(id=8573, name=Product 8573, price=86730.0, quantity=8583)
Product(id=8574, name=Product 8574, price=86740.0, quantity=8584)
Product(id=8575, name=Product 8575, price=86750.0, quantity=8585)
Product(id=8576, name=Product 8576, price=86760.0, quantity=8586)
Product(id=8577, name=Product 8577, price=86770.0, quantity=8587)
Product(id=8578, name=Product 8578, price=86780.0, quantity=8588)
Product(id=8579, name=Product 8579, price=86790.0, quantity=8589)
Product(id=8580, name=Product 8580, price=86800.0, quantity=8590)
Product(id=8581, name=Product 8581, price=86810.0, quantity=8591)
Product(id=8582, name=Product 8582, price=86820.0, quantity=8592)
Product(id=8583, name=Product 8583, price=86830.0, quantity=8593)
Product(id=8584, name=Product 8584, price=86840.0, quantity=8594)
Product(id=8585, name=Product 8585, price=86850.0, quantity=8595)
Product(id=8586, name=Product 8586, price=86860.0, quantity=8596)
Product(id=8587, name=Product 8587, price=86870.0, quantity=8597)
Product(id=8588, name=Product 8588, price=86880.0, quantity=8598)
Product(id=8589, name=Product 8589, price=86890.0, quantity=8599)
Product(id=8590, name=Product 8590, price=86900.0, quantity=8600)
Product(id=8591, name=Product 8591, price=86910.0, quantity=8601)
Product(id=8592, name=Product 8592, price=86920.0, quantity=8602)
Product(id=8593, name=Product 8593, price=86930.0, quantity=8603)
Product(id=8594, name=Product 8594, price=86940.0, quantity=8604)
Product(id=8595, name=Product 8595, price=86950.0, quantity=8605)
Product(id=8596, name=Product 8596, price=86960.0, quantity=8606)
Product(id=8597, name=Product 8597, price=86970.0, quantity=8607)
Product(id=8598, name=Product 8598, price=86980.0, quantity=8608)
Product(id=8599, name=Product 8599, price=86990.0, quantity=8609)
Product(id=8600, name=Product 8600, price=87000.0, quantity=8610)
Product(id=8601, name=Product 8601, price=87010.0, quantity=8611)
Product(id=8602, name=Product 8602, price=87020.0, quantity=8612)
Product(id=8603, name=Product 8603, price=87030.0, quantity=8613)
Product(id=8604, name=Product 8604, price=87040.0, quantity=8614)
Product(id=8605, name=Product 8605, price=87050.0, quantity=8615)
Product(id=8606, name=Product 8606, price=87060.0, quantity=8616)
Product(id=8607, name=Product 8607, price=87070.0, quantity=8617)
Product(id=8608, name=Product 8608, price=87080.0, quantity=8618)
Product(id=8609, name=Product 8609, price=87090.0, quantity=8619)
Product(id=8610, name=Product 8610, price=87100.0, quantity=8620)
Product(id=8611, name=Product 8611, price=87110.0, quantity=8621)
Product(id=8612, name=Product 8612, price=87120.0, quantity=8622)
Product(id=8613, name=Product 8613, price=87130.0, quantity=8623)
Product(id=8614, name=Product 8614, price=87140.0, quantity=8624)
Product(id=8615, name=Product 8615, price=87150.0, quantity=8625)
Product(id=8616, name=Product 8616, price=87160.0, quantity=8626)
Product(id=8617, name=Product 8617, price=87170.0, quantity=8627)
Product(id=8618, name=Product 8618, price=87180.0, quantity=8628)
Product(id=8619, name=Product 8619, price=87190.0, quantity=8629)
Product(id=8620, name=Product 8620, price=87200.0, quantity=8630)
Product(id=8621, name=Product 8621, price=87210.0, quantity=8631)
Product(id=8622, name=Product 8622, price=87220.0, quantity=8632)
Product(id=8623, name=Product 8623, price=87230.0, quantity=8633)
Product(id=8624, name=Product 8624, price=87240.0, quantity=8634)
Product(id=8625, name=Product 8625, price=87250.0, quantity=8635)
Product(id=8626, name=Product 8626, price=87260.0, quantity=8636)
Product(id=8627, name=Product 8627, price=87270.0, quantity=8637)
Product(id=8628, name=Product 8628, price=87280.0, quantity=8638)
Product(id=8629, name=Product 8629, price=87290.0, quantity=8639)
Product(id=8630, name=Product 8630, price=87300.0, quantity=8640)
Product(id=8631, name=Product 8631, price=87310.0, quantity=8641)
Product(id=8632, name=Product 8632, price=87320.0, quantity=8642)
Product(id=8633, name=Product 8633, price=87330.0, quantity=8643)
Product(id=8634, name=Product 8634, price=87340.0, quantity=8644)
Product(id=8635, name=Product 8635, price=87350.0, quantity=8645)
Product(id=8636, name=Product 8636, price=87360.0, quantity=8646)
Product(id=8637, name=Product 8637, price=87370.0, quantity=8647)
Product(id=8638, name=Product 8638, price=87380.0, quantity=8648)
Product(id=8639, name=Product 8639, price=87390.0, quantity=8649)
Product(id=8640, name=Product 8640, price=87400.0, quantity=8650)
Product(id=8641, name=Product 8641, price=87410.0, quantity=8651)
Product(id=8642, name=Product 8642, price=87420.0, quantity=8652)
Product(id=8643, name=Product 8643, price=87430.0, quantity=8653)
Product(id=8644, name=Product 8644, price=87440.0, quantity=8654)
Product(id=8645, name=Product 8645, price=87450.0, quantity=8655)
Product(id=8646, name=Product 8646, price=87460.0, quantity=8656)
Product(id=8647, name=Product 8647, price=87470.0, quantity=8657)
Product(id=8648, name=Product 8648, price=87480.0, quantity=8658)
Product(id=8649, name=Product 8649, price=87490.0, quantity=8659)
Product(id=8650, name=Product 8650, price=87500.0, quantity=8660)
Product(id=8651, name=Product 8651, price=87510.0, quantity=8661)
Product(id=8652, name=Product 8652, price=87520.0, quantity=8662)
Product(id=8653, name=Product 8653, price=87530.0, quantity=8663)
Product(id=8654, name=Product 8654, price=87540.0, quantity=8664)
Product(id=8655, name=Product 8655, price=87550.0, quantity=8665)
Product(id=8656, name=Product 8656, price=87560.0, quantity=8666)
Product(id=8657, name=Product 8657, price=87570.0, quantity=8667)
Product(id=8658, name=Product 8658, price=87580.0, quantity=8668)
Product(id=8659, name=Product 8659, price=87590.0, quantity=8669)
Product(id=8660, name=Product 8660, price=87600.0, quantity=8670)
Product(id=8661, name=Product 8661, price=87610.0, quantity=8671)
Product(id=8662, name=Product 8662, price=87620.0, quantity=8672)
Product(id=8663, name=Product 8663, price=87630.0, quantity=8673)
Product(id=8664, name=Product 8664, price=87640.0, quantity=8674)
Product(id=8665, name=Product 8665, price=87650.0, quantity=8675)
Product(id=8666, name=Product 8666, price=87660.0, quantity=8676)
Product(id=8667, name=Product 8667, price=87670.0, quantity=8677)
Product(id=8668, name=Product 8668, price=87680.0, quantity=8678)
Product(id=8669, name=Product 8669, price=87690.0, quantity=8679)
Product(id=8670, name=Product 8670, price=87700.0, quantity=8680)
Product(id=8671, name=Product 8671, price=87710.0, quantity=8681)
Product(id=8672, name=Product 8672, price=87720.0, quantity=8682)
Product(id=8673, name=Product 8673, price=87730.0, quantity=8683)
Product(id=8674, name=Product 8674, price=87740.0, quantity=8684)
Product(id=8675, name=Product 8675, price=87750.0, quantity=8685)
Product(id=8676, name=Product 8676, price=87760.0, quantity=8686)
Product(id=8677, name=Product 8677, price=87770.0, quantity=8687)
Product(id=8678, name=Product 8678, price=87780.0, quantity=8688)
Product(id=8679, name=Product 8679, price=87790.0, quantity=8689)
Product(id=8680, name=Product 8680, price=87800.0, quantity=8690)
Product(id=8681, name=Product 8681, price=87810.0, quantity=8691)
Product(id=8682, name=Product 8682, price=87820.0, quantity=8692)
Product(id=8683, name=Product 8683, price=87830.0, quantity=8693)
Product(id=8684, name=Product 8684, price=87840.0, quantity=8694)
Product(id=8685, name=Product 8685, price=87850.0, quantity=8695)
Product(id=8686, name=Product 8686, price=87860.0, quantity=8696)
Product(id=8687, name=Product 8687, price=87870.0, quantity=8697)
Product(id=8688, name=Product 8688, price=87880.0, quantity=8698)
Product(id=8689, name=Product 8689, price=87890.0, quantity=8699)
Product(id=8690, name=Product 8690, price=87900.0, quantity=8700)
Product(id=8691, name=Product 8691, price=87910.0, quantity=8701)
Product(id=8692, name=Product 8692, price=87920.0, quantity=8702)
Product(id=8693, name=Product 8693, price=87930.0, quantity=8703)
Product(id=8694, name=Product 8694, price=87940.0, quantity=8704)
Product(id=8695, name=Product 8695, price=87950.0, quantity=8705)
Product(id=8696, name=Product 8696, price=87960.0, quantity=8706)
Product(id=8697, name=Product 8697, price=87970.0, quantity=8707)
Product(id=8698, name=Product 8698, price=87980.0, quantity=8708)
Product(id=8699, name=Product 8699, price=87990.0, quantity=8709)
Product(id=8700, name=Product 8700, price=88000.0, quantity=8710)
Product(id=8701, name=Product 8701, price=88010.0, quantity=8711)
Product(id=8702, name=Product 8702, price=88020.0, quantity=8712)
Product(id=8703, name=Product 8703, price=88030.0, quantity=8713)
Product(id=8704, name=Product 8704, price=88040.0, quantity=8714)
Product(id=8705, name=Product 8705, price=88050.0, quantity=8715)
Product(id=8706, name=Product 8706, price=88060.0, quantity=8716)
Product(id=8707, name=Product 8707, price=88070.0, quantity=8717)
Product(id=8708, name=Product 8708, price=88080.0, quantity=8718)
Product(id=8709, name=Product 8709, price=88090.0, quantity=8719)
Product(id=8710, name=Product 8710, price=88100.0, quantity=8720)
Product(id=8711, name=Product 8711, price=88110.0, quantity=8721)
Product(id=8712, name=Product 8712, price=88120.0, quantity=8722)
Product(id=8713, name=Product 8713, price=88130.0, quantity=8723)
Product(id=8714, name=Product 8714, price=88140.0, quantity=8724)
Product(id=8715, name=Product 8715, price=88150.0, quantity=8725)
Product(id=8716, name=Product 8716, price=88160.0, quantity=8726)
Product(id=8717, name=Product 8717, price=88170.0, quantity=8727)
Product(id=8718, name=Product 8718, price=88180.0, quantity=8728)
Product(id=8719, name=Product 8719, price=88190.0, quantity=8729)
Product(id=8720, name=Product 8720, price=88200.0, quantity=8730)
Product(id=8721, name=Product 8721, price=88210.0, quantity=8731)
Product(id=8722, name=Product 8722, price=88220.0, quantity=8732)
Product(id=8723, name=Product 8723, price=88230.0, quantity=8733)
Product(id=8724, name=Product 8724, price=88240.0, quantity=8734)
Product(id=8725, name=Product 8725, price=88250.0, quantity=8735)
Product(id=8726, name=Product 8726, price=88260.0, quantity=8736)
Product(id=8727, name=Product 8727, price=88270.0, quantity=8737)
Product(id=8728, name=Product 8728, price=88280.0, quantity=8738)
Product(id=8729, name=Product 8729, price=88290.0, quantity=8739)
Product(id=8730, name=Product 8730, price=88300.0, quantity=8740)
Product(id=8731, name=Product 8731, price=88310.0, quantity=8741)
Product(id=8732, name=Product 8732, price=88320.0, quantity=8742)
Product(id=8733, name=Product 8733, price=88330.0, quantity=8743)
Product(id=8734, name=Product 8734, price=88340.0, quantity=8744)
Product(id=8735, name=Product 8735, price=88350.0, quantity=8745)
Product(id=8736, name=Product 8736, price=88360.0, quantity=8746)
Product(id=8737, name=Product 8737, price=88370.0, quantity=8747)
Product(id=8738, name=Product 8738, price=88380.0, quantity=8748)
Product(id=8739, name=Product 8739, price=88390.0, quantity=8749)
Product(id=8740, name=Product 8740, price=88400.0, quantity=8750)
Product(id=8741, name=Product 8741, price=88410.0, quantity=8751)
Product(id=8742, name=Product 8742, price=88420.0, quantity=8752)
Product(id=8743, name=Product 8743, price=88430.0, quantity=8753)
Product(id=8744, name=Product 8744, price=88440.0, quantity=8754)
Product(id=8745, name=Product 8745, price=88450.0, quantity=8755)
Product(id=8746, name=Product 8746, price=88460.0, quantity=8756)
Product(id=8747, name=Product 8747, price=88470.0, quantity=8757)
Product(id=8748, name=Product 8748, price=88480.0, quantity=8758)
Product(id=8749, name=Product 8749, price=88490.0, quantity=8759)
Product(id=8750, name=Product 8750, price=88500.0, quantity=8760)
Product(id=8751, name=Product 8751, price=88510.0, quantity=8761)
Product(id=8752, name=Product 8752, price=88520.0, quantity=8762)
Product(id=8753, name=Product 8753, price=88530.0, quantity=8763)
Product(id=8754, name=Product 8754, price=88540.0, quantity=8764)
Product(id=8755, name=Product 8755, price=88550.0, quantity=8765)
Product(id=8756, name=Product 8756, price=88560.0, quantity=8766)
Product(id=8757, name=Product 8757, price=88570.0, quantity=8767)
Product(id=8758, name=Product 8758, price=88580.0, quantity=8768)
Product(id=8759, name=Product 8759, price=88590.0, quantity=8769)
Product(id=8760, name=Product 8760, price=88600.0, quantity=8770)
Product(id=8761, name=Product 8761, price=88610.0, quantity=8771)
Product(id=8762, name=Product 8762, price=88620.0, quantity=8772)
Product(id=8763, name=Product 8763, price=88630.0, quantity=8773)
Product(id=8764, name=Product 8764, price=88640.0, quantity=8774)
Product(id=8765, name=Product 8765, price=88650.0, quantity=8775)
Product(id=8766, name=Product 8766, price=88660.0, quantity=8776)
Product(id=8767, name=Product 8767, price=88670.0, quantity=8777)
Product(id=8768, name=Product 8768, price=88680.0, quantity=8778)
Product(id=8769, name=Product 8769, price=88690.0, quantity=8779)
Product(id=8770, name=Product 8770, price=88700.0, quantity=8780)
Product(id=8771, name=Product 8771, price=88710.0, quantity=8781)
Product(id=8772, name=Product 8772, price=88720.0, quantity=8782)
Product(id=8773, name=Product 8773, price=88730.0, quantity=8783)
Product(id=8774, name=Product 8774, price=88740.0, quantity=8784)
Product(id=8775, name=Product 8775, price=88750.0, quantity=8785)
Product(id=8776, name=Product 8776, price=88760.0, quantity=8786)
Product(id=8777, name=Product 8777, price=88770.0, quantity=8787)
Product(id=8778, name=Product 8778, price=88780.0, quantity=8788)
Product(id=8779, name=Product 8779, price=88790.0, quantity=8789)
Product(id=8780, name=Product 8780, price=88800.0, quantity=8790)
Product(id=8781, name=Product 8781, price=88810.0, quantity=8791)
Product(id=8782, name=Product 8782, price=88820.0, quantity=8792)
Product(id=8783, name=Product 8783, price=88830.0, quantity=8793)
Product(id=8784, name=Product 8784, price=88840.0, quantity=8794)
Product(id=8785, name=Product 8785, price=88850.0, quantity=8795)
Product(id=8786, name=Product 8786, price=88860.0, quantity=8796)
Product(id=8787, name=Product 8787, price=88870.0, quantity=8797)
Product(id=8788, name=Product 8788, price=88880.0, quantity=8798)
Product(id=8789, name=Product 8789, price=88890.0, quantity=8799)
Product(id=8790, name=Product 8790, price=88900.0, quantity=8800)
Product(id=8791, name=Product 8791, price=88910.0, quantity=8801)
Product(id=8792, name=Product 8792, price=88920.0, quantity=8802)
Product(id=8793, name=Product 8793, price=88930.0, quantity=8803)
Product(id=8794, name=Product 8794, price=88940.0, quantity=8804)
Product(id=8795, name=Product 8795, price=88950.0, quantity=8805)
Product(id=8796, name=Product 8796, price=88960.0, quantity=8806)
Product(id=8797, name=Product 8797, price=88970.0, quantity=8807)
Product(id=8798, name=Product 8798, price=88980.0, quantity=8808)
Product(id=8799, name=Product 8799, price=88990.0, quantity=8809)
Product(id=8800, name=Product 8800, price=89000.0, quantity=8810)
Product(id=8801, name=Product 8801, price=89010.0, quantity=8811)
Product(id=8802, name=Product 8802, price=89020.0, quantity=8812)
Product(id=8803, name=Product 8803, price=89030.0, quantity=8813)
Product(id=8804, name=Product 8804, price=89040.0, quantity=8814)
Product(id=8805, name=Product 8805, price=89050.0, quantity=8815)
Product(id=8806, name=Product 8806, price=89060.0, quantity=8816)
Product(id=8807, name=Product 8807, price=89070.0, quantity=8817)
Product(id=8808, name=Product 8808, price=89080.0, quantity=8818)
Product(id=8809, name=Product 8809, price=89090.0, quantity=8819)
Product(id=8810, name=Product 8810, price=89100.0, quantity=8820)
Product(id=8811, name=Product 8811, price=89110.0, quantity=8821)
Product(id=8812, name=Product 8812, price=89120.0, quantity=8822)
Product(id=8813, name=Product 8813, price=89130.0, quantity=8823)
Product(id=8814, name=Product 8814, price=89140.0, quantity=8824)
Product(id=8815, name=Product 8815, price=89150.0, quantity=8825)
Product(id=8816, name=Product 8816, price=89160.0, quantity=8826)
Product(id=8817, name=Product 8817, price=89170.0, quantity=8827)
Product(id=8818, name=Product 8818, price=89180.0, quantity=8828)
Product(id=8819, name=Product 8819, price=89190.0, quantity=8829)
Product(id=8820, name=Product 8820, price=89200.0, quantity=8830)
Product(id=8821, name=Product 8821, price=89210.0, quantity=8831)
Product(id=8822, name=Product 8822, price=89220.0, quantity=8832)
Product(id=8823, name=Product 8823, price=89230.0, quantity=8833)
Product(id=8824, name=Product 8824, price=89240.0, quantity=8834)
Product(id=8825, name=Product 8825, price=89250.0, quantity=8835)
Product(id=8826, name=Product 8826, price=89260.0, quantity=8836)
Product(id=8827, name=Product 8827, price=89270.0, quantity=8837)
Product(id=8828, name=Product 8828, price=89280.0, quantity=8838)
Product(id=8829, name=Product 8829, price=89290.0, quantity=8839)
Product(id=8830, name=Product 8830, price=89300.0, quantity=8840)
Product(id=8831, name=Product 8831, price=89310.0, quantity=8841)
Product(id=8832, name=Product 8832, price=89320.0, quantity=8842)
Product(id=8833, name=Product 8833, price=89330.0, quantity=8843)
Product(id=8834, name=Product 8834, price=89340.0, quantity=8844)
Product(id=8835, name=Product 8835, price=89350.0, quantity=8845)
Product(id=8836, name=Product 8836, price=89360.0, quantity=8846)
Product(id=8837, name=Product 8837, price=89370.0, quantity=8847)
Product(id=8838, name=Product 8838, price=89380.0, quantity=8848)
Product(id=8839, name=Product 8839, price=89390.0, quantity=8849)
Product(id=8840, name=Product 8840, price=89400.0, quantity=8850)
Product(id=8841, name=Product 8841, price=89410.0, quantity=8851)
Product(id=8842, name=Product 8842, price=89420.0, quantity=8852)
Product(id=8843, name=Product 8843, price=89430.0, quantity=8853)
Product(id=8844, name=Product 8844, price=89440.0, quantity=8854)
Product(id=8845, name=Product 8845, price=89450.0, quantity=8855)
Product(id=8846, name=Product 8846, price=89460.0, quantity=8856)
Product(id=8847, name=Product 8847, price=89470.0, quantity=8857)
Product(id=8848, name=Product 8848, price=89480.0, quantity=8858)
Product(id=8849, name=Product 8849, price=89490.0, quantity=8859)
Product(id=8850, name=Product 8850, price=89500.0, quantity=8860)
Product(id=8851, name=Product 8851, price=89510.0, quantity=8861)
Product(id=8852, name=Product 8852, price=89520.0, quantity=8862)
Product(id=8853, name=Product 8853, price=89530.0, quantity=8863)
Product(id=8854, name=Product 8854, price=89540.0, quantity=8864)
Product(id=8855, name=Product 8855, price=89550.0, quantity=8865)
Product(id=8856, name=Product 8856, price=89560.0, quantity=8866)
Product(id=8857, name=Product 8857, price=89570.0, quantity=8867)
Product(id=8858, name=Product 8858, price=89580.0, quantity=8868)
Product(id=8859, name=Product 8859, price=89590.0, quantity=8869)
Product(id=8860, name=Product 8860, price=89600.0, quantity=8870)
Product(id=8861, name=Product 8861, price=89610.0, quantity=8871)
Product(id=8862, name=Product 8862, price=89620.0, quantity=8872)
Product(id=8863, name=Product 8863, price=89630.0, quantity=8873)
Product(id=8864, name=Product 8864, price=89640.0, quantity=8874)
Product(id=8865, name=Product 8865, price=89650.0, quantity=8875)
Product(id=8866, name=Product 8866, price=89660.0, quantity=8876)
Product(id=8867, name=Product 8867, price=89670.0, quantity=8877)
Product(id=8868, name=Product 8868, price=89680.0, quantity=8878)
Product(id=8869, name=Product 8869, price=89690.0, quantity=8879)
Product(id=8870, name=Product 8870, price=89700.0, quantity=8880)
Product(id=8871, name=Product 8871, price=89710.0, quantity=8881)
Product(id=8872, name=Product 8872, price=89720.0, quantity=8882)
Product(id=8873, name=Product 8873, price=89730.0, quantity=8883)
Product(id=8874, name=Product 8874, price=89740.0, quantity=8884)
Product(id=8875, name=Product 8875, price=89750.0, quantity=8885)
Product(id=8876, name=Product 8876, price=89760.0, quantity=8886)
Product(id=8877, name=Product 8877, price=89770.0, quantity=8887)
Product(id=8878, name=Product 8878, price=89780.0, quantity=8888)
Product(id=8879, name=Product 8879, price=89790.0, quantity=8889)
Product(id=8880, name=Product 8880, price=89800.0, quantity=8890)
Product(id=8881, name=Product 8881, price=89810.0, quantity=8891)
Product(id=8882, name=Product 8882, price=89820.0, quantity=8892)
Product(id=8883, name=Product 8883, price=89830.0, quantity=8893)
Product(id=8884, name=Product 8884, price=89840.0, quantity=8894)
Product(id=8885, name=Product 8885, price=89850.0, quantity=8895)
Product(id=8886, name=Product 8886, price=89860.0, quantity=8896)
Product(id=8887, name=Product 8887, price=89870.0, quantity=8897)
Product(id=8888, name=Product 8888, price=89880.0, quantity=8898)
Product(id=8889, name=Product 8889, price=89890.0, quantity=8899)
Product(id=8890, name=Product 8890, price=89900.0, quantity=8900)
Product(id=8891, name=Product 8891, price=89910.0, quantity=8901)
Product(id=8892, name=Product 8892, price=89920.0, quantity=8902)
Product(id=8893, name=Product 8893, price=89930.0, quantity=8903)
Product(id=8894, name=Product 8894, price=89940.0, quantity=8904)
Product(id=8895, name=Product 8895, price=89950.0, quantity=8905)
Product(id=8896, name=Product 8896, price=89960.0, quantity=8906)
Product(id=8897, name=Product 8897, price=89970.0, quantity=8907)
Product(id=8898, name=Product 8898, price=89980.0, quantity=8908)
Product(id=8899, name=Product 8899, price=89990.0, quantity=8909)
Product(id=8900, name=Product 8900, price=90000.0, quantity=8910)
Product(id=8901, name=Product 8901, price=90010.0, quantity=8911)
Product(id=8902, name=Product 8902, price=90020.0, quantity=8912)
Product(id=8903, name=Product 8903, price=90030.0, quantity=8913)
Product(id=8904, name=Product 8904, price=90040.0, quantity=8914)
Product(id=8905, name=Product 8905, price=90050.0, quantity=8915)
Product(id=8906, name=Product 8906, price=90060.0, quantity=8916)
Product(id=8907, name=Product 8907, price=90070.0, quantity=8917)
Product(id=8908, name=Product 8908, price=90080.0, quantity=8918)
Product(id=8909, name=Product 8909, price=90090.0, quantity=8919)
Product(id=8910, name=Product 8910, price=90100.0, quantity=8920)
Product(id=8911, name=Product 8911, price=90110.0, quantity=8921)
Product(id=8912, name=Product 8912, price=90120.0, quantity=8922)
Product(id=8913, name=Product 8913, price=90130.0, quantity=8923)
Product(id=8914, name=Product 8914, price=90140.0, quantity=8924)
Product(id=8915, name=Product 8915, price=90150.0, quantity=8925)
Product(id=8916, name=Product 8916, price=90160.0, quantity=8926)
Product(id=8917, name=Product 8917, price=90170.0, quantity=8927)
Product(id=8918, name=Product 8918, price=90180.0, quantity=8928)
Product(id=8919, name=Product 8919, price=90190.0, quantity=8929)
Product(id=8920, name=Product 8920, price=90200.0, quantity=8930)
Product(id=8921, name=Product 8921, price=90210.0, quantity=8931)
Product(id=8922, name=Product 8922, price=90220.0, quantity=8932)
Product(id=8923, name=Product 8923, price=90230.0, quantity=8933)
Product(id=8924, name=Product 8924, price=90240.0, quantity=8934)
Product(id=8925, name=Product 8925, price=90250.0, quantity=8935)
Product(id=8926, name=Product 8926, price=90260.0, quantity=8936)
Product(id=8927, name=Product 8927, price=90270.0, quantity=8937)
Product(id=8928, name=Product 8928, price=90280.0, quantity=8938)
Product(id=8929, name=Product 8929, price=90290.0, quantity=8939)
Product(id=8930, name=Product 8930, price=90300.0, quantity=8940)
Product(id=8931, name=Product 8931, price=90310.0, quantity=8941)
Product(id=8932, name=Product 8932, price=90320.0, quantity=8942)
Product(id=8933, name=Product 8933, price=90330.0, quantity=8943)
Product(id=8934, name=Product 8934, price=90340.0, quantity=8944)
Product(id=8935, name=Product 8935, price=90350.0, quantity=8945)
Product(id=8936, name=Product 8936, price=90360.0, quantity=8946)
Product(id=8937, name=Product 8937, price=90370.0, quantity=8947)
Product(id=8938, name=Product 8938, price=90380.0, quantity=8948)
Product(id=8939, name=Product 8939, price=90390.0, quantity=8949)
Product(id=8940, name=Product 8940, price=90400.0, quantity=8950)
Product(id=8941, name=Product 8941, price=90410.0, quantity=8951)
Product(id=8942, name=Product 8942, price=90420.0, quantity=8952)
Product(id=8943, name=Product 8943, price=90430.0, quantity=8953)
Product(id=8944, name=Product 8944, price=90440.0, quantity=8954)
Product(id=8945, name=Product 8945, price=90450.0, quantity=8955)
Product(id=8946, name=Product 8946, price=90460.0, quantity=8956)
Product(id=8947, name=Product 8947, price=90470.0, quantity=8957)
Product(id=8948, name=Product 8948, price=90480.0, quantity=8958)
Product(id=8949, name=Product 8949, price=90490.0, quantity=8959)
Product(id=8950, name=Product 8950, price=90500.0, quantity=8960)
Product(id=8951, name=Product 8951, price=90510.0, quantity=8961)
Product(id=8952, name=Product 8952, price=90520.0, quantity=8962)
Product(id=8953, name=Product 8953, price=90530.0, quantity=8963)
Product(id=8954, name=Product 8954, price=90540.0, quantity=8964)
Product(id=8955, name=Product 8955, price=90550.0, quantity=8965)
Product(id=8956, name=Product 8956, price=90560.0, quantity=8966)
Product(id=8957, name=Product 8957, price=90570.0, quantity=8967)
Product(id=8958, name=Product 8958, price=90580.0, quantity=8968)
Product(id=8959, name=Product 8959, price=90590.0, quantity=8969)
Product(id=8960, name=Product 8960, price=90600.0, quantity=8970)
Product(id=8961, name=Product 8961, price=90610.0, quantity=8971)
Product(id=8962, name=Product 8962, price=90620.0, quantity=8972)
Product(id=8963, name=Product 8963, price=90630.0, quantity=8973)
Product(id=8964, name=Product 8964, price=90640.0, quantity=8974)
Product(id=8965, name=Product 8965, price=90650.0, quantity=8975)
Product(id=8966, name=Product 8966, price=90660.0, quantity=8976)
Product(id=8967, name=Product 8967, price=90670.0, quantity=8977)
Product(id=8968, name=Product 8968, price=90680.0, quantity=8978)
Product(id=8969, name=Product 8969, price=90690.0, quantity=8979)
Product(id=8970, name=Product 8970, price=90700.0, quantity=8980)
Product(id=8971, name=Product 8971, price=90710.0, quantity=8981)
Product(id=8972, name=Product 8972, price=90720.0, quantity=8982)
Product(id=8973, name=Product 8973, price=90730.0, quantity=8983)
Product(id=8974, name=Product 8974, price=90740.0, quantity=8984)
Product(id=8975, name=Product 8975, price=90750.0, quantity=8985)
Product(id=8976, name=Product 8976, price=90760.0, quantity=8986)
Product(id=8977, name=Product 8977, price=90770.0, quantity=8987)
Product(id=8978, name=Product 8978, price=90780.0, quantity=8988)
Product(id=8979, name=Product 8979, price=90790.0, quantity=8989)
Product(id=8980, name=Product 8980, price=90800.0, quantity=8990)
Product(id=8981, name=Product 8981, price=90810.0, quantity=8991)
Product(id=8982, name=Product 8982, price=90820.0, quantity=8992)
Product(id=8983, name=Product 8983, price=90830.0, quantity=8993)
Product(id=8984, name=Product 8984, price=90840.0, quantity=8994)
Product(id=8985, name=Product 8985, price=90850.0, quantity=8995)
Product(id=8986, name=Product 8986, price=90860.0, quantity=8996)
Product(id=8987, name=Product 8987, price=90870.0, quantity=8997)
Product(id=8988, name=Product 8988, price=90880.0, quantity=8998)
Product(id=8989, name=Product 8989, price=90890.0, quantity=8999)
Product(id=8990, name=Product 8990, price=90900.0, quantity=9000)
Product(id=8991, name=Product 8991, price=90910.0, quantity=9001)
Product(id=8992, name=Product 8992, price=90920.0, quantity=9002)
Product(id=8993, name=Product 8993, price=90930.0, quantity=9003)
Product(id=8994, name=Product 8994, price=90940.0, quantity=9004)
Product(id=8995, name=Product 8995, price=90950.0, quantity=9005)
Product(id=8996, name=Product 8996, price=90960.0, quantity=9006)
Product(id=8997, name=Product 8997, price=90970.0, quantity=9007)
Product(id=8998, name=Product 8998, price=90980.0, quantity=9008)
Product(id=8999, name=Product 8999, price=90990.0, quantity=9009)
Product(id=9000, name=Product 9000, price=91000.0, quantity=9010)
Product(id=9001, name=Product 9001, price=91010.0, quantity=9011)
Product(id=9002, name=Product 9002, price=91020.0, quantity=9012)
Product(id=9003, name=Product 9003, price=91030.0, quantity=9013)
Product(id=9004, name=Product 9004, price=91040.0, quantity=9014)
Product(id=9005, name=Product 9005, price=91050.0, quantity=9015)
Product(id=9006, name=Product 9006, price=91060.0, quantity=9016)
Product(id=9007, name=Product 9007, price=91070.0, quantity=9017)
Product(id=9008, name=Product 9008, price=91080.0, quantity=9018)
Product(id=9009, name=Product 9009, price=91090.0, quantity=9019)
Product(id=9010, name=Product 9010, price=91100.0, quantity=9020)
Product(id=9011, name=Product 9011, price=91110.0, quantity=9021)
Product(id=9012, name=Product 9012, price=91120.0, quantity=9022)
Product(id=9013, name=Product 9013, price=91130.0, quantity=9023)
Product(id=9014, name=Product 9014, price=91140.0, quantity=9024)
Product(id=9015, name=Product 9015, price=91150.0, quantity=9025)
Product(id=9016, name=Product 9016, price=91160.0, quantity=9026)
Product(id=9017, name=Product 9017, price=91170.0, quantity=9027)
Product(id=9018, name=Product 9018, price=91180.0, quantity=9028)
Product(id=9019, name=Product 9019, price=91190.0, quantity=9029)
Product(id=9020, name=Product 9020, price=91200.0, quantity=9030)
Product(id=9021, name=Product 9021, price=91210.0, quantity=9031)
Product(id=9022, name=Product 9022, price=91220.0, quantity=9032)
Product(id=9023, name=Product 9023, price=91230.0, quantity=9033)
Product(id=9024, name=Product 9024, price=91240.0, quantity=9034)
Product(id=9025, name=Product 9025, price=91250.0, quantity=9035)
Product(id=9026, name=Product 9026, price=91260.0, quantity=9036)
Product(id=9027, name=Product 9027, price=91270.0, quantity=9037)
Product(id=9028, name=Product 9028, price=91280.0, quantity=9038)
Product(id=9029, name=Product 9029, price=91290.0, quantity=9039)
Product(id=9030, name=Product 9030, price=91300.0, quantity=9040)
Product(id=9031, name=Product 9031, price=91310.0, quantity=9041)
Product(id=9032, name=Product 9032, price=91320.0, quantity=9042)
Product(id=9033, name=Product 9033, price=91330.0, quantity=9043)
Product(id=9034, name=Product 9034, price=91340.0, quantity=9044)
Product(id=9035, name=Product 9035, price=91350.0, quantity=9045)
Product(id=9036, name=Product 9036, price=91360.0, quantity=9046)
Product(id=9037, name=Product 9037, price=91370.0, quantity=9047)
Product(id=9038, name=Product 9038, price=91380.0, quantity=9048)
Product(id=9039, name=Product 9039, price=91390.0, quantity=9049)
Product(id=9040, name=Product 9040, price=91400.0, quantity=9050)
Product(id=9041, name=Product 9041, price=91410.0, quantity=9051)
Product(id=9042, name=Product 9042, price=91420.0, quantity=9052)
Product(id=9043, name=Product 9043, price=91430.0, quantity=9053)
Product(id=9044, name=Product 9044, price=91440.0, quantity=9054)
Product(id=9045, name=Product 9045, price=91450.0, quantity=9055)
Product(id=9046, name=Product 9046, price=91460.0, quantity=9056)
Product(id=9047, name=Product 9047, price=91470.0, quantity=9057)
Product(id=9048, name=Product 9048, price=91480.0, quantity=9058)
Product(id=9049, name=Product 9049, price=91490.0, quantity=9059)
Product(id=9050, name=Product 9050, price=91500.0, quantity=9060)
Product(id=9051, name=Product 9051, price=91510.0, quantity=9061)
Product(id=9052, name=Product 9052, price=91520.0, quantity=9062)
Product(id=9053, name=Product 9053, price=91530.0, quantity=9063)
Product(id=9054, name=Product 9054, price=91540.0, quantity=9064)
Product(id=9055, name=Product 9055, price=91550.0, quantity=9065)
Product(id=9056, name=Product 9056, price=91560.0, quantity=9066)
Product(id=9057, name=Product 9057, price=91570.0, quantity=9067)
Product(id=9058, name=Product 9058, price=91580.0, quantity=9068)
Product(id=9059, name=Product 9059, price=91590.0, quantity=9069)
Product(id=9060, name=Product 9060, price=91600.0, quantity=9070)
Product(id=9061, name=Product 9061, price=91610.0, quantity=9071)
Product(id=9062, name=Product 9062, price=91620.0, quantity=9072)
Product(id=9063, name=Product 9063, price=91630.0, quantity=9073)
Product(id=9064, name=Product 9064, price=91640.0, quantity=9074)
Product(id=9065, name=Product 9065, price=91650.0, quantity=9075)
Product(id=9066, name=Product 9066, price=91660.0, quantity=9076)
Product(id=9067, name=Product 9067, price=91670.0, quantity=9077)
Product(id=9068, name=Product 9068, price=91680.0, quantity=9078)
Product(id=9069, name=Product 9069, price=91690.0, quantity=9079)
Product(id=9070, name=Product 9070, price=91700.0, quantity=9080)
Product(id=9071, name=Product 9071, price=91710.0, quantity=9081)
Product(id=9072, name=Product 9072, price=91720.0, quantity=9082)
Product(id=9073, name=Product 9073, price=91730.0, quantity=9083)
Product(id=9074, name=Product 9074, price=91740.0, quantity=9084)
Product(id=9075, name=Product 9075, price=91750.0, quantity=9085)
Product(id=9076, name=Product 9076, price=91760.0, quantity=9086)
Product(id=9077, name=Product 9077, price=91770.0, quantity=9087)
Product(id=9078, name=Product 9078, price=91780.0, quantity=9088)
Product(id=9079, name=Product 9079, price=91790.0, quantity=9089)
Product(id=9080, name=Product 9080, price=91800.0, quantity=9090)
Product(id=9081, name=Product 9081, price=91810.0, quantity=9091)
Product(id=9082, name=Product 9082, price=91820.0, quantity=9092)
Product(id=9083, name=Product 9083, price=91830.0, quantity=9093)
Product(id=9084, name=Product 9084, price=91840.0, quantity=9094)
Product(id=9085, name=Product 9085, price=91850.0, quantity=9095)
Product(id=9086, name=Product 9086, price=91860.0, quantity=9096)
Product(id=9087, name=Product 9087, price=91870.0, quantity=9097)
Product(id=9088, name=Product 9088, price=91880.0, quantity=9098)
Product(id=9089, name=Product 9089, price=91890.0, quantity=9099)
Product(id=9090, name=Product 9090, price=91900.0, quantity=9100)
Product(id=9091, name=Product 9091, price=91910.0, quantity=9101)
Product(id=9092, name=Product 9092, price=91920.0, quantity=9102)
Product(id=9093, name=Product 9093, price=91930.0, quantity=9103)
Product(id=9094, name=Product 9094, price=91940.0, quantity=9104)
Product(id=9095, name=Product 9095, price=91950.0, quantity=9105)
Product(id=9096, name=Product 9096, price=91960.0, quantity=9106)
Product(id=9097, name=Product 9097, price=91970.0, quantity=9107)
Product(id=9098, name=Product 9098, price=91980.0, quantity=9108)
Product(id=9099, name=Product 9099, price=91990.0, quantity=9109)
Product(id=9100, name=Product 9100, price=92000.0, quantity=9110)
Product(id=9101, name=Product 9101, price=92010.0, quantity=9111)
Product(id=9102, name=Product 9102, price=92020.0, quantity=9112)
Product(id=9103, name=Product 9103, price=92030.0, quantity=9113)
Product(id=9104, name=Product 9104, price=92040.0, quantity=9114)
Product(id=9105, name=Product 9105, price=92050.0, quantity=9115)
Product(id=9106, name=Product 9106, price=92060.0, quantity=9116)
Product(id=9107, name=Product 9107, price=92070.0, quantity=9117)
Product(id=9108, name=Product 9108, price=92080.0, quantity=9118)
Product(id=9109, name=Product 9109, price=92090.0, quantity=9119)
Product(id=9110, name=Product 9110, price=92100.0, quantity=9120)
Product(id=9111, name=Product 9111, price=92110.0, quantity=9121)
Product(id=9112, name=Product 9112, price=92120.0, quantity=9122)
Product(id=9113, name=Product 9113, price=92130.0, quantity=9123)
Product(id=9114, name=Product 9114, price=92140.0, quantity=9124)
Product(id=9115, name=Product 9115, price=92150.0, quantity=9125)
Product(id=9116, name=Product 9116, price=92160.0, quantity=9126)
Product(id=9117, name=Product 9117, price=92170.0, quantity=9127)
Product(id=9118, name=Product 9118, price=92180.0, quantity=9128)
Product(id=9119, name=Product 9119, price=92190.0, quantity=9129)
Product(id=9120, name=Product 9120, price=92200.0, quantity=9130)
Product(id=9121, name=Product 9121, price=92210.0, quantity=9131)
Product(id=9122, name=Product 9122, price=92220.0, quantity=9132)
Product(id=9123, name=Product 9123, price=92230.0, quantity=9133)
Product(id=9124, name=Product 9124, price=92240.0, quantity=9134)
Product(id=9125, name=Product 9125, price=92250.0, quantity=9135)
Product(id=9126, name=Product 9126, price=92260.0, quantity=9136)
Product(id=9127, name=Product 9127, price=92270.0, quantity=9137)
Product(id=9128, name=Product 9128, price=92280.0, quantity=9138)
Product(id=9129, name=Product 9129, price=92290.0, quantity=9139)
Product(id=9130, name=Product 9130, price=92300.0, quantity=9140)
Product(id=9131, name=Product 9131, price=92310.0, quantity=9141)
Product(id=9132, name=Product 9132, price=92320.0, quantity=9142)
Product(id=9133, name=Product 9133, price=92330.0, quantity=9143)
Product(id=9134, name=Product 9134, price=92340.0, quantity=9144)
Product(id=9135, name=Product 9135, price=92350.0, quantity=9145)
Product(id=9136, name=Product 9136, price=92360.0, quantity=9146)
Product(id=9137, name=Product 9137, price=92370.0, quantity=9147)
Product(id=9138, name=Product 9138, price=92380.0, quantity=9148)
Product(id=9139, name=Product 9139, price=92390.0, quantity=9149)
Product(id=9140, name=Product 9140, price=92400.0, quantity=9150)
Product(id=9141, name=Product 9141, price=92410.0, quantity=9151)
Product(id=9142, name=Product 9142, price=92420.0, quantity=9152)
Product(id=9143, name=Product 9143, price=92430.0, quantity=9153)
Product(id=9144, name=Product 9144, price=92440.0, quantity=9154)
Product(id=9145, name=Product 9145, price=92450.0, quantity=9155)
Product(id=9146, name=Product 9146, price=92460.0, quantity=9156)
Product(id=9147, name=Product 9147, price=92470.0, quantity=9157)
Product(id=9148, name=Product 9148, price=92480.0, quantity=9158)
Product(id=9149, name=Product 9149, price=92490.0, quantity=9159)
Product(id=9150, name=Product 9150, price=92500.0, quantity=9160)
Product(id=9151, name=Product 9151, price=92510.0, quantity=9161)
Product(id=9152, name=Product 9152, price=92520.0, quantity=9162)
Product(id=9153, name=Product 9153, price=92530.0, quantity=9163)
Product(id=9154, name=Product 9154, price=92540.0, quantity=9164)
Product(id=9155, name=Product 9155, price=92550.0, quantity=9165)
Product(id=9156, name=Product 9156, price=92560.0, quantity=9166)
Product(id=9157, name=Product 9157, price=92570.0, quantity=9167)
Product(id=9158, name=Product 9158, price=92580.0, quantity=9168)
Product(id=9159, name=Product 9159, price=92590.0, quantity=9169)
Product(id=9160, name=Product 9160, price=92600.0, quantity=9170)
Product(id=9161, name=Product 9161, price=92610.0, quantity=9171)
Product(id=9162, name=Product 9162, price=92620.0, quantity=9172)
Product(id=9163, name=Product 9163, price=92630.0, quantity=9173)
Product(id=9164, name=Product 9164, price=92640.0, quantity=9174)
Product(id=9165, name=Product 9165, price=92650.0, quantity=9175)
Product(id=9166, name=Product 9166, price=92660.0, quantity=9176)
Product(id=9167, name=Product 9167, price=92670.0, quantity=9177)
Product(id=9168, name=Product 9168, price=92680.0, quantity=9178)
Product(id=9169, name=Product 9169, price=92690.0, quantity=9179)
Product(id=9170, name=Product 9170, price=92700.0, quantity=9180)
Product(id=9171, name=Product 9171, price=92710.0, quantity=9181)
Product(id=9172, name=Product 9172, price=92720.0, quantity=9182)
Product(id=9173, name=Product 9173, price=92730.0, quantity=9183)
Product(id=9174, name=Product 9174, price=92740.0, quantity=9184)
Product(id=9175, name=Product 9175, price=92750.0, quantity=9185)
Product(id=9176, name=Product 9176, price=92760.0, quantity=9186)
Product(id=9177, name=Product 9177, price=92770.0, quantity=9187)
Product(id=9178, name=Product 9178, price=92780.0, quantity=9188)
Product(id=9179, name=Product 9179, price=92790.0, quantity=9189)
Product(id=9180, name=Product 9180, price=92800.0, quantity=9190)
Product(id=9181, name=Product 9181, price=92810.0, quantity=9191)
Product(id=9182, name=Product 9182, price=92820.0, quantity=9192)
Product(id=9183, name=Product 9183, price=92830.0, quantity=9193)
Product(id=9184, name=Product 9184, price=92840.0, quantity=9194)
Product(id=9185, name=Product 9185, price=92850.0, quantity=9195)
Product(id=9186, name=Product 9186, price=92860.0, quantity=9196)
Product(id=9187, name=Product 9187, price=92870.0, quantity=9197)
Product(id=9188, name=Product 9188, price=92880.0, quantity=9198)
Product(id=9189, name=Product 9189, price=92890.0, quantity=9199)
Product(id=9190, name=Product 9190, price=92900.0, quantity=9200)
Product(id=9191, name=Product 9191, price=92910.0, quantity=9201)
Product(id=9192, name=Product 9192, price=92920.0, quantity=9202)
Product(id=9193, name=Product 9193, price=92930.0, quantity=9203)
Product(id=9194, name=Product 9194, price=92940.0, quantity=9204)
Product(id=9195, name=Product 9195, price=92950.0, quantity=9205)
Product(id=9196, name=Product 9196, price=92960.0, quantity=9206)
Product(id=9197, name=Product 9197, price=92970.0, quantity=9207)
Product(id=9198, name=Product 9198, price=92980.0, quantity=9208)
Product(id=9199, name=Product 9199, price=92990.0, quantity=9209)
Product(id=9200, name=Product 9200, price=93000.0, quantity=9210)
Product(id=9201, name=Product 9201, price=93010.0, quantity=9211)
Product(id=9202, name=Product 9202, price=93020.0, quantity=9212)
Product(id=9203, name=Product 9203, price=93030.0, quantity=9213)
Product(id=9204, name=Product 9204, price=93040.0, quantity=9214)
Product(id=9205, name=Product 9205, price=93050.0, quantity=9215)
Product(id=9206, name=Product 9206, price=93060.0, quantity=9216)
Product(id=9207, name=Product 9207, price=93070.0, quantity=9217)
Product(id=9208, name=Product 9208, price=93080.0, quantity=9218)
Product(id=9209, name=Product 9209, price=93090.0, quantity=9219)
Product(id=9210, name=Product 9210, price=93100.0, quantity=9220)
Product(id=9211, name=Product 9211, price=93110.0, quantity=9221)
Product(id=9212, name=Product 9212, price=93120.0, quantity=9222)
Product(id=9213, name=Product 9213, price=93130.0, quantity=9223)
Product(id=9214, name=Product 9214, price=93140.0, quantity=9224)
Product(id=9215, name=Product 9215, price=93150.0, quantity=9225)
Product(id=9216, name=Product 9216, price=93160.0, quantity=9226)
Product(id=9217, name=Product 9217, price=93170.0, quantity=9227)
Product(id=9218, name=Product 9218, price=93180.0, quantity=9228)
Product(id=9219, name=Product 9219, price=93190.0, quantity=9229)
Product(id=9220, name=Product 9220, price=93200.0, quantity=9230)
Product(id=9221, name=Product 9221, price=93210.0, quantity=9231)
Product(id=9222, name=Product 9222, price=93220.0, quantity=9232)
Product(id=9223, name=Product 9223, price=93230.0, quantity=9233)
Product(id=9224, name=Product 9224, price=93240.0, quantity=9234)
Product(id=9225, name=Product 9225, price=93250.0, quantity=9235)
Product(id=9226, name=Product 9226, price=93260.0, quantity=9236)
Product(id=9227, name=Product 9227, price=93270.0, quantity=9237)
Product(id=9228, name=Product 9228, price=93280.0, quantity=9238)
Product(id=9229, name=Product 9229, price=93290.0, quantity=9239)
Product(id=9230, name=Product 9230, price=93300.0, quantity=9240)
Product(id=9231, name=Product 9231, price=93310.0, quantity=9241)
Product(id=9232, name=Product 9232, price=93320.0, quantity=9242)
Product(id=9233, name=Product 9233, price=93330.0, quantity=9243)
Product(id=9234, name=Product 9234, price=93340.0, quantity=9244)
Product(id=9235, name=Product 9235, price=93350.0, quantity=9245)
Product(id=9236, name=Product 9236, price=93360.0, quantity=9246)
Product(id=9237, name=Product 9237, price=93370.0, quantity=9247)
Product(id=9238, name=Product 9238, price=93380.0, quantity=9248)
Product(id=9239, name=Product 9239, price=93390.0, quantity=9249)
Product(id=9240, name=Product 9240, price=93400.0, quantity=9250)
Product(id=9241, name=Product 9241, price=93410.0, quantity=9251)
Product(id=9242, name=Product 9242, price=93420.0, quantity=9252)
Product(id=9243, name=Product 9243, price=93430.0, quantity=9253)
Product(id=9244, name=Product 9244, price=93440.0, quantity=9254)
Product(id=9245, name=Product 9245, price=93450.0, quantity=9255)
Product(id=9246, name=Product 9246, price=93460.0, quantity=9256)
Product(id=9247, name=Product 9247, price=93470.0, quantity=9257)
Product(id=9248, name=Product 9248, price=93480.0, quantity=9258)
Product(id=9249, name=Product 9249, price=93490.0, quantity=9259)
Product(id=9250, name=Product 9250, price=93500.0, quantity=9260)
Product(id=9251, name=Product 9251, price=93510.0, quantity=9261)
Product(id=9252, name=Product 9252, price=93520.0, quantity=9262)
Product(id=9253, name=Product 9253, price=93530.0, quantity=9263)
Product(id=9254, name=Product 9254, price=93540.0, quantity=9264)
Product(id=9255, name=Product 9255, price=93550.0, quantity=9265)
Product(id=9256, name=Product 9256, price=93560.0, quantity=9266)
Product(id=9257, name=Product 9257, price=93570.0, quantity=9267)
Product(id=9258, name=Product 9258, price=93580.0, quantity=9268)
Product(id=9259, name=Product 9259, price=93590.0, quantity=9269)
Product(id=9260, name=Product 9260, price=93600.0, quantity=9270)
Product(id=9261, name=Product 9261, price=93610.0, quantity=9271)
Product(id=9262, name=Product 9262, price=93620.0, quantity=9272)
Product(id=9263, name=Product 9263, price=93630.0, quantity=9273)
Product(id=9264, name=Product 9264, price=93640.0, quantity=9274)
Product(id=9265, name=Product 9265, price=93650.0, quantity=9275)
Product(id=9266, name=Product 9266, price=93660.0, quantity=9276)
Product(id=9267, name=Product 9267, price=93670.0, quantity=9277)
Product(id=9268, name=Product 9268, price=93680.0, quantity=9278)
Product(id=9269, name=Product 9269, price=93690.0, quantity=9279)
Product(id=9270, name=Product 9270, price=93700.0, quantity=9280)
Product(id=9271, name=Product 9271, price=93710.0, quantity=9281)
Product(id=9272, name=Product 9272, price=93720.0, quantity=9282)
Product(id=9273, name=Product 9273, price=93730.0, quantity=9283)
Product(id=9274, name=Product 9274, price=93740.0, quantity=9284)
Product(id=9275, name=Product 9275, price=93750.0, quantity=9285)
Product(id=9276, name=Product 9276, price=93760.0, quantity=9286)
Product(id=9277, name=Product 9277, price=93770.0, quantity=9287)
Product(id=9278, name=Product 9278, price=93780.0, quantity=9288)
Product(id=9279, name=Product 9279, price=93790.0, quantity=9289)
Product(id=9280, name=Product 9280, price=93800.0, quantity=9290)
Product(id=9281, name=Product 9281, price=93810.0, quantity=9291)
Product(id=9282, name=Product 9282, price=93820.0, quantity=9292)
Product(id=9283, name=Product 9283, price=93830.0, quantity=9293)
Product(id=9284, name=Product 9284, price=93840.0, quantity=9294)
Product(id=9285, name=Product 9285, price=93850.0, quantity=9295)
Product(id=9286, name=Product 9286, price=93860.0, quantity=9296)
Product(id=9287, name=Product 9287, price=93870.0, quantity=9297)
Product(id=9288, name=Product 9288, price=93880.0, quantity=9298)
Product(id=9289, name=Product 9289, price=93890.0, quantity=9299)
Product(id=9290, name=Product 9290, price=93900.0, quantity=9300)
Product(id=9291, name=Product 9291, price=93910.0, quantity=9301)
Product(id=9292, name=Product 9292, price=93920.0, quantity=9302)
Product(id=9293, name=Product 9293, price=93930.0, quantity=9303)
Product(id=9294, name=Product 9294, price=93940.0, quantity=9304)
Product(id=9295, name=Product 9295, price=93950.0, quantity=9305)
Product(id=9296, name=Product 9296, price=93960.0, quantity=9306)
Product(id=9297, name=Product 9297, price=93970.0, quantity=9307)
Product(id=9298, name=Product 9298, price=93980.0, quantity=9308)
Product(id=9299, name=Product 9299, price=93990.0, quantity=9309)
Product(id=9300, name=Product 9300, price=94000.0, quantity=9310)
Product(id=9301, name=Product 9301, price=94010.0, quantity=9311)
Product(id=9302, name=Product 9302, price=94020.0, quantity=9312)
Product(id=9303, name=Product 9303, price=94030.0, quantity=9313)
Product(id=9304, name=Product 9304, price=94040.0, quantity=9314)
Product(id=9305, name=Product 9305, price=94050.0, quantity=9315)
Product(id=9306, name=Product 9306, price=94060.0, quantity=9316)
Product(id=9307, name=Product 9307, price=94070.0, quantity=9317)
Product(id=9308, name=Product 9308, price=94080.0, quantity=9318)
Product(id=9309, name=Product 9309, price=94090.0, quantity=9319)
Product(id=9310, name=Product 9310, price=94100.0, quantity=9320)
Product(id=9311, name=Product 9311, price=94110.0, quantity=9321)
Product(id=9312, name=Product 9312, price=94120.0, quantity=9322)
Product(id=9313, name=Product 9313, price=94130.0, quantity=9323)
Product(id=9314, name=Product 9314, price=94140.0, quantity=9324)
Product(id=9315, name=Product 9315, price=94150.0, quantity=9325)
Product(id=9316, name=Product 9316, price=94160.0, quantity=9326)
Product(id=9317, name=Product 9317, price=94170.0, quantity=9327)
Product(id=9318, name=Product 9318, price=94180.0, quantity=9328)
Product(id=9319, name=Product 9319, price=94190.0, quantity=9329)
Product(id=9320, name=Product 9320, price=94200.0, quantity=9330)
Product(id=9321, name=Product 9321, price=94210.0, quantity=9331)
Product(id=9322, name=Product 9322, price=94220.0, quantity=9332)
Product(id=9323, name=Product 9323, price=94230.0, quantity=9333)
Product(id=9324, name=Product 9324, price=94240.0, quantity=9334)
Product(id=9325, name=Product 9325, price=94250.0, quantity=9335)
Product(id=9326, name=Product 9326, price=94260.0, quantity=9336)
Product(id=9327, name=Product 9327, price=94270.0, quantity=9337)
Product(id=9328, name=Product 9328, price=94280.0, quantity=9338)
Product(id=9329, name=Product 9329, price=94290.0, quantity=9339)
Product(id=9330, name=Product 9330, price=94300.0, quantity=9340)
Product(id=9331, name=Product 9331, price=94310.0, quantity=9341)
Product(id=9332, name=Product 9332, price=94320.0, quantity=9342)
Product(id=9333, name=Product 9333, price=94330.0, quantity=9343)
Product(id=9334, name=Product 9334, price=94340.0, quantity=9344)
Product(id=9335, name=Product 9335, price=94350.0, quantity=9345)
Product(id=9336, name=Product 9336, price=94360.0, quantity=9346)
Product(id=9337, name=Product 9337, price=94370.0, quantity=9347)
Product(id=9338, name=Product 9338, price=94380.0, quantity=9348)
Product(id=9339, name=Product 9339, price=94390.0, quantity=9349)
Product(id=9340, name=Product 9340, price=94400.0, quantity=9350)
Product(id=9341, name=Product 9341, price=94410.0, quantity=9351)
Product(id=9342, name=Product 9342, price=94420.0, quantity=9352)
Product(id=9343, name=Product 9343, price=94430.0, quantity=9353)
Product(id=9344, name=Product 9344, price=94440.0, quantity=9354)
Product(id=9345, name=Product 9345, price=94450.0, quantity=9355)
Product(id=9346, name=Product 9346, price=94460.0, quantity=9356)
Product(id=9347, name=Product 9347, price=94470.0, quantity=9357)
Product(id=9348, name=Product 9348, price=94480.0, quantity=9358)
Product(id=9349, name=Product 9349, price=94490.0, quantity=9359)
Product(id=9350, name=Product 9350, price=94500.0, quantity=9360)
Product(id=9351, name=Product 9351, price=94510.0, quantity=9361)
Product(id=9352, name=Product 9352, price=94520.0, quantity=9362)
Product(id=9353, name=Product 9353, price=94530.0, quantity=9363)
Product(id=9354, name=Product 9354, price=94540.0, quantity=9364)
Product(id=9355, name=Product 9355, price=94550.0, quantity=9365)
Product(id=9356, name=Product 9356, price=94560.0, quantity=9366)
Product(id=9357, name=Product 9357, price=94570.0, quantity=9367)
Product(id=9358, name=Product 9358, price=94580.0, quantity=9368)
Product(id=9359, name=Product 9359, price=94590.0, quantity=9369)
Product(id=9360, name=Product 9360, price=94600.0, quantity=9370)
Product(id=9361, name=Product 9361, price=94610.0, quantity=9371)
Product(id=9362, name=Product 9362, price=94620.0, quantity=9372)
Product(id=9363, name=Product 9363, price=94630.0, quantity=9373)
Product(id=9364, name=Product 9364, price=94640.0, quantity=9374)
Product(id=9365, name=Product 9365, price=94650.0, quantity=9375)
Product(id=9366, name=Product 9366, price=94660.0, quantity=9376)
Product(id=9367, name=Product 9367, price=94670.0, quantity=9377)
Product(id=9368, name=Product 9368, price=94680.0, quantity=9378)
Product(id=9369, name=Product 9369, price=94690.0, quantity=9379)
Product(id=9370, name=Product 9370, price=94700.0, quantity=9380)
Product(id=9371, name=Product 9371, price=94710.0, quantity=9381)
Product(id=9372, name=Product 9372, price=94720.0, quantity=9382)
Product(id=9373, name=Product 9373, price=94730.0, quantity=9383)
Product(id=9374, name=Product 9374, price=94740.0, quantity=9384)
Product(id=9375, name=Product 9375, price=94750.0, quantity=9385)
Product(id=9376, name=Product 9376, price=94760.0, quantity=9386)
Product(id=9377, name=Product 9377, price=94770.0, quantity=9387)
Product(id=9378, name=Product 9378, price=94780.0, quantity=9388)
Product(id=9379, name=Product 9379, price=94790.0, quantity=9389)
Product(id=9380, name=Product 9380, price=94800.0, quantity=9390)
Product(id=9381, name=Product 9381, price=94810.0, quantity=9391)
Product(id=9382, name=Product 9382, price=94820.0, quantity=9392)
Product(id=9383, name=Product 9383, price=94830.0, quantity=9393)
Product(id=9384, name=Product 9384, price=94840.0, quantity=9394)
Product(id=9385, name=Product 9385, price=94850.0, quantity=9395)
Product(id=9386, name=Product 9386, price=94860.0, quantity=9396)
Product(id=9387, name=Product 9387, price=94870.0, quantity=9397)
Product(id=9388, name=Product 9388, price=94880.0, quantity=9398)
Product(id=9389, name=Product 9389, price=94890.0, quantity=9399)
Product(id=9390, name=Product 9390, price=94900.0, quantity=9400)
Product(id=9391, name=Product 9391, price=94910.0, quantity=9401)
Product(id=9392, name=Product 9392, price=94920.0, quantity=9402)
Product(id=9393, name=Product 9393, price=94930.0, quantity=9403)
Product(id=9394, name=Product 9394, price=94940.0, quantity=9404)
Product(id=9395, name=Product 9395, price=94950.0, quantity=9405)
Product(id=9396, name=Product 9396, price=94960.0, quantity=9406)
Product(id=9397, name=Product 9397, price=94970.0, quantity=9407)
Product(id=9398, name=Product 9398, price=94980.0, quantity=9408)
Product(id=9399, name=Product 9399, price=94990.0, quantity=9409)
Product(id=9400, name=Product 9400, price=95000.0, quantity=9410)
Product(id=9401, name=Product 9401, price=95010.0, quantity=9411)
Product(id=9402, name=Product 9402, price=95020.0, quantity=9412)
Product(id=9403, name=Product 9403, price=95030.0, quantity=9413)
Product(id=9404, name=Product 9404, price=95040.0, quantity=9414)
Product(id=9405, name=Product 9405, price=95050.0, quantity=9415)
Product(id=9406, name=Product 9406, price=95060.0, quantity=9416)
Product(id=9407, name=Product 9407, price=95070.0, quantity=9417)
Product(id=9408, name=Product 9408, price=95080.0, quantity=9418)
Product(id=9409, name=Product 9409, price=95090.0, quantity=9419)
Product(id=9410, name=Product 9410, price=95100.0, quantity=9420)
Product(id=9411, name=Product 9411, price=95110.0, quantity=9421)
Product(id=9412, name=Product 9412, price=95120.0, quantity=9422)
Product(id=9413, name=Product 9413, price=95130.0, quantity=9423)
Product(id=9414, name=Product 9414, price=95140.0, quantity=9424)
Product(id=9415, name=Product 9415, price=95150.0, quantity=9425)
Product(id=9416, name=Product 9416, price=95160.0, quantity=9426)
Product(id=9417, name=Product 9417, price=95170.0, quantity=9427)
Product(id=9418, name=Product 9418, price=95180.0, quantity=9428)
Product(id=9419, name=Product 9419, price=95190.0, quantity=9429)
Product(id=9420, name=Product 9420, price=95200.0, quantity=9430)
Product(id=9421, name=Product 9421, price=95210.0, quantity=9431)
Product(id=9422, name=Product 9422, price=95220.0, quantity=9432)
Product(id=9423, name=Product 9423, price=95230.0, quantity=9433)
Product(id=9424, name=Product 9424, price=95240.0, quantity=9434)
Product(id=9425, name=Product 9425, price=95250.0, quantity=9435)
Product(id=9426, name=Product 9426, price=95260.0, quantity=9436)
Product(id=9427, name=Product 9427, price=95270.0, quantity=9437)
Product(id=9428, name=Product 9428, price=95280.0, quantity=9438)
Product(id=9429, name=Product 9429, price=95290.0, quantity=9439)
Product(id=9430, name=Product 9430, price=95300.0, quantity=9440)
Product(id=9431, name=Product 9431, price=95310.0, quantity=9441)
Product(id=9432, name=Product 9432, price=95320.0, quantity=9442)
Product(id=9433, name=Product 9433, price=95330.0, quantity=9443)
Product(id=9434, name=Product 9434, price=95340.0, quantity=9444)
Product(id=9435, name=Product 9435, price=95350.0, quantity=9445)
Product(id=9436, name=Product 9436, price=95360.0, quantity=9446)
Product(id=9437, name=Product 9437, price=95370.0, quantity=9447)
Product(id=9438, name=Product 9438, price=95380.0, quantity=9448)
Product(id=9439, name=Product 9439, price=95390.0, quantity=9449)
Product(id=9440, name=Product 9440, price=95400.0, quantity=9450)
Product(id=9441, name=Product 9441, price=95410.0, quantity=9451)
Product(id=9442, name=Product 9442, price=95420.0, quantity=9452)
Product(id=9443, name=Product 9443, price=95430.0, quantity=9453)
Product(id=9444, name=Product 9444, price=95440.0, quantity=9454)
Product(id=9445, name=Product 9445, price=95450.0, quantity=9455)
Product(id=9446, name=Product 9446, price=95460.0, quantity=9456)
Product(id=9447, name=Product 9447, price=95470.0, quantity=9457)
Product(id=9448, name=Product 9448, price=95480.0, quantity=9458)
Product(id=9449, name=Product 9449, price=95490.0, quantity=9459)
Product(id=9450, name=Product 9450, price=95500.0, quantity=9460)
Product(id=9451, name=Product 9451, price=95510.0, quantity=9461)
Product(id=9452, name=Product 9452, price=95520.0, quantity=9462)
Product(id=9453, name=Product 9453, price=95530.0, quantity=9463)
Product(id=9454, name=Product 9454, price=95540.0, quantity=9464)
Product(id=9455, name=Product 9455, price=95550.0, quantity=9465)
Product(id=9456, name=Product 9456, price=95560.0, quantity=9466)
Product(id=9457, name=Product 9457, price=95570.0, quantity=9467)
Product(id=9458, name=Product 9458, price=95580.0, quantity=9468)
Product(id=9459, name=Product 9459, price=95590.0, quantity=9469)
Product(id=9460, name=Product 9460, price=95600.0, quantity=9470)
Product(id=9461, name=Product 9461, price=95610.0, quantity=9471)
Product(id=9462, name=Product 9462, price=95620.0, quantity=9472)
Product(id=9463, name=Product 9463, price=95630.0, quantity=9473)
Product(id=9464, name=Product 9464, price=95640.0, quantity=9474)
Product(id=9465, name=Product 9465, price=95650.0, quantity=9475)
Product(id=9466, name=Product 9466, price=95660.0, quantity=9476)
Product(id=9467, name=Product 9467, price=95670.0, quantity=9477)
Product(id=9468, name=Product 9468, price=95680.0, quantity=9478)
Product(id=9469, name=Product 9469, price=95690.0, quantity=9479)
Product(id=9470, name=Product 9470, price=95700.0, quantity=9480)
Product(id=9471, name=Product 9471, price=95710.0, quantity=9481)
Product(id=9472, name=Product 9472, price=95720.0, quantity=9482)
Product(id=9473, name=Product 9473, price=95730.0, quantity=9483)
Product(id=9474, name=Product 9474, price=95740.0, quantity=9484)
Product(id=9475, name=Product 9475, price=95750.0, quantity=9485)
Product(id=9476, name=Product 9476, price=95760.0, quantity=9486)
Product(id=9477, name=Product 9477, price=95770.0, quantity=9487)
Product(id=9478, name=Product 9478, price=95780.0, quantity=9488)
Product(id=9479, name=Product 9479, price=95790.0, quantity=9489)
Product(id=9480, name=Product 9480, price=95800.0, quantity=9490)
Product(id=9481, name=Product 9481, price=95810.0, quantity=9491)
Product(id=9482, name=Product 9482, price=95820.0, quantity=9492)
Product(id=9483, name=Product 9483, price=95830.0, quantity=9493)
Product(id=9484, name=Product 9484, price=95840.0, quantity=9494)
Product(id=9485, name=Product 9485, price=95850.0, quantity=9495)
Product(id=9486, name=Product 9486, price=95860.0, quantity=9496)
Product(id=9487, name=Product 9487, price=95870.0, quantity=9497)
Product(id=9488, name=Product 9488, price=95880.0, quantity=9498)
Product(id=9489, name=Product 9489, price=95890.0, quantity=9499)
Product(id=9490, name=Product 9490, price=95900.0, quantity=9500)
Product(id=9491, name=Product 9491, price=95910.0, quantity=9501)
Product(id=9492, name=Product 9492, price=95920.0, quantity=9502)
Product(id=9493, name=Product 9493, price=95930.0, quantity=9503)
Product(id=9494, name=Product 9494, price=95940.0, quantity=9504)
Product(id=9495, name=Product 9495, price=95950.0, quantity=9505)
Product(id=9496, name=Product 9496, price=95960.0, quantity=9506)
Product(id=9497, name=Product 9497, price=95970.0, quantity=9507)
Product(id=9498, name=Product 9498, price=95980.0, quantity=9508)
Product(id=9499, name=Product 9499, price=95990.0, quantity=9509)
Product(id=9500, name=Product 9500, price=96000.0, quantity=9510)
Product(id=9501, name=Product 9501, price=96010.0, quantity=9511)
Product(id=9502, name=Product 9502, price=96020.0, quantity=9512)
Product(id=9503, name=Product 9503, price=96030.0, quantity=9513)
Product(id=9504, name=Product 9504, price=96040.0, quantity=9514)
Product(id=9505, name=Product 9505, price=96050.0, quantity=9515)
Product(id=9506, name=Product 9506, price=96060.0, quantity=9516)
Product(id=9507, name=Product 9507, price=96070.0, quantity=9517)
Product(id=9508, name=Product 9508, price=96080.0, quantity=9518)
Product(id=9509, name=Product 9509, price=96090.0, quantity=9519)
Product(id=9510, name=Product 9510, price=96100.0, quantity=9520)
Product(id=9511, name=Product 9511, price=96110.0, quantity=9521)
Product(id=9512, name=Product 9512, price=96120.0, quantity=9522)
Product(id=9513, name=Product 9513, price=96130.0, quantity=9523)
Product(id=9514, name=Product 9514, price=96140.0, quantity=9524)
Product(id=9515, name=Product 9515, price=96150.0, quantity=9525)
Product(id=9516, name=Product 9516, price=96160.0, quantity=9526)
Product(id=9517, name=Product 9517, price=96170.0, quantity=9527)
Product(id=9518, name=Product 9518, price=96180.0, quantity=9528)
Product(id=9519, name=Product 9519, price=96190.0, quantity=9529)
Product(id=9520, name=Product 9520, price=96200.0, quantity=9530)
Product(id=9521, name=Product 9521, price=96210.0, quantity=9531)
Product(id=9522, name=Product 9522, price=96220.0, quantity=9532)
Product(id=9523, name=Product 9523, price=96230.0, quantity=9533)
Product(id=9524, name=Product 9524, price=96240.0, quantity=9534)
Product(id=9525, name=Product 9525, price=96250.0, quantity=9535)
Product(id=9526, name=Product 9526, price=96260.0, quantity=9536)
Product(id=9527, name=Product 9527, price=96270.0, quantity=9537)
Product(id=9528, name=Product 9528, price=96280.0, quantity=9538)
Product(id=9529, name=Product 9529, price=96290.0, quantity=9539)
Product(id=9530, name=Product 9530, price=96300.0, quantity=9540)
Product(id=9531, name=Product 9531, price=96310.0, quantity=9541)
Product(id=9532, name=Product 9532, price=96320.0, quantity=9542)
Product(id=9533, name=Product 9533, price=96330.0, quantity=9543)
Product(id=9534, name=Product 9534, price=96340.0, quantity=9544)
Product(id=9535, name=Product 9535, price=96350.0, quantity=9545)
Product(id=9536, name=Product 9536, price=96360.0, quantity=9546)
Product(id=9537, name=Product 9537, price=96370.0, quantity=9547)
Product(id=9538, name=Product 9538, price=96380.0, quantity=9548)
Product(id=9539, name=Product 9539, price=96390.0, quantity=9549)
Product(id=9540, name=Product 9540, price=96400.0, quantity=9550)
Product(id=9541, name=Product 9541, price=96410.0, quantity=9551)
Product(id=9542, name=Product 9542, price=96420.0, quantity=9552)
Product(id=9543, name=Product 9543, price=96430.0, quantity=9553)
Product(id=9544, name=Product 9544, price=96440.0, quantity=9554)
Product(id=9545, name=Product 9545, price=96450.0, quantity=9555)
Product(id=9546, name=Product 9546, price=96460.0, quantity=9556)
Product(id=9547, name=Product 9547, price=96470.0, quantity=9557)
Product(id=9548, name=Product 9548, price=96480.0, quantity=9558)
Product(id=9549, name=Product 9549, price=96490.0, quantity=9559)
Product(id=9550, name=Product 9550, price=96500.0, quantity=9560)
Product(id=9551, name=Product 9551, price=96510.0, quantity=9561)
Product(id=9552, name=Product 9552, price=96520.0, quantity=9562)
Product(id=9553, name=Product 9553, price=96530.0, quantity=9563)
Product(id=9554, name=Product 9554, price=96540.0, quantity=9564)
Product(id=9555, name=Product 9555, price=96550.0, quantity=9565)
Product(id=9556, name=Product 9556, price=96560.0, quantity=9566)
Product(id=9557, name=Product 9557, price=96570.0, quantity=9567)
Product(id=9558, name=Product 9558, price=96580.0, quantity=9568)
Product(id=9559, name=Product 9559, price=96590.0, quantity=9569)
Product(id=9560, name=Product 9560, price=96600.0, quantity=9570)
Product(id=9561, name=Product 9561, price=96610.0, quantity=9571)
Product(id=9562, name=Product 9562, price=96620.0, quantity=9572)
Product(id=9563, name=Product 9563, price=96630.0, quantity=9573)
Product(id=9564, name=Product 9564, price=96640.0, quantity=9574)
Product(id=9565, name=Product 9565, price=96650.0, quantity=9575)
Product(id=9566, name=Product 9566, price=96660.0, quantity=9576)
Product(id=9567, name=Product 9567, price=96670.0, quantity=9577)
Product(id=9568, name=Product 9568, price=96680.0, quantity=9578)
Product(id=9569, name=Product 9569, price=96690.0, quantity=9579)
Product(id=9570, name=Product 9570, price=96700.0, quantity=9580)
Product(id=9571, name=Product 9571, price=96710.0, quantity=9581)
Product(id=9572, name=Product 9572, price=96720.0, quantity=9582)
Product(id=9573, name=Product 9573, price=96730.0, quantity=9583)
Product(id=9574, name=Product 9574, price=96740.0, quantity=9584)
Product(id=9575, name=Product 9575, price=96750.0, quantity=9585)
Product(id=9576, name=Product 9576, price=96760.0, quantity=9586)
Product(id=9577, name=Product 9577, price=96770.0, quantity=9587)
Product(id=9578, name=Product 9578, price=96780.0, quantity=9588)
Product(id=9579, name=Product 9579, price=96790.0, quantity=9589)
Product(id=9580, name=Product 9580, price=96800.0, quantity=9590)
Product(id=9581, name=Product 9581, price=96810.0, quantity=9591)
Product(id=9582, name=Product 9582, price=96820.0, quantity=9592)
Product(id=9583, name=Product 9583, price=96830.0, quantity=9593)
Product(id=9584, name=Product 9584, price=96840.0, quantity=9594)
Product(id=9585, name=Product 9585, price=96850.0, quantity=9595)
Product(id=9586, name=Product 9586, price=96860.0, quantity=9596)
Product(id=9587, name=Product 9587, price=96870.0, quantity=9597)
Product(id=9588, name=Product 9588, price=96880.0, quantity=9598)
Product(id=9589, name=Product 9589, price=96890.0, quantity=9599)
Product(id=9590, name=Product 9590, price=96900.0, quantity=9600)
Product(id=9591, name=Product 9591, price=96910.0, quantity=9601)
Product(id=9592, name=Product 9592, price=96920.0, quantity=9602)
Product(id=9593, name=Product 9593, price=96930.0, quantity=9603)
Product(id=9594, name=Product 9594, price=96940.0, quantity=9604)
Product(id=9595, name=Product 9595, price=96950.0, quantity=9605)
Product(id=9596, name=Product 9596, price=96960.0, quantity=9606)
Product(id=9597, name=Product 9597, price=96970.0, quantity=9607)
Product(id=9598, name=Product 9598, price=96980.0, quantity=9608)
Product(id=9599, name=Product 9599, price=96990.0, quantity=9609)
Product(id=9600, name=Product 9600, price=97000.0, quantity=9610)
Product(id=9601, name=Product 9601, price=97010.0, quantity=9611)
Product(id=9602, name=Product 9602, price=97020.0, quantity=9612)
Product(id=9603, name=Product 9603, price=97030.0, quantity=9613)
Product(id=9604, name=Product 9604, price=97040.0, quantity=9614)
Product(id=9605, name=Product 9605, price=97050.0, quantity=9615)
Product(id=9606, name=Product 9606, price=97060.0, quantity=9616)
Product(id=9607, name=Product 9607, price=97070.0, quantity=9617)
Product(id=9608, name=Product 9608, price=97080.0, quantity=9618)
Product(id=9609, name=Product 9609, price=97090.0, quantity=9619)
Product(id=9610, name=Product 9610, price=97100.0, quantity=9620)
Product(id=9611, name=Product 9611, price=97110.0, quantity=9621)
Product(id=9612, name=Product 9612, price=97120.0, quantity=9622)
Product(id=9613, name=Product 9613, price=97130.0, quantity=9623)
Product(id=9614, name=Product 9614, price=97140.0, quantity=9624)
Product(id=9615, name=Product 9615, price=97150.0, quantity=9625)
Product(id=9616, name=Product 9616, price=97160.0, quantity=9626)
Product(id=9617, name=Product 9617, price=97170.0, quantity=9627)
Product(id=9618, name=Product 9618, price=97180.0, quantity=9628)
Product(id=9619, name=Product 9619, price=97190.0, quantity=9629)
Product(id=9620, name=Product 9620, price=97200.0, quantity=9630)
Product(id=9621, name=Product 9621, price=97210.0, quantity=9631)
Product(id=9622, name=Product 9622, price=97220.0, quantity=9632)
Product(id=9623, name=Product 9623, price=97230.0, quantity=9633)
Product(id=9624, name=Product 9624, price=97240.0, quantity=9634)
Product(id=9625, name=Product 9625, price=97250.0, quantity=9635)
Product(id=9626, name=Product 9626, price=97260.0, quantity=9636)
Product(id=9627, name=Product 9627, price=97270.0, quantity=9637)
Product(id=9628, name=Product 9628, price=97280.0, quantity=9638)
Product(id=9629, name=Product 9629, price=97290.0, quantity=9639)
Product(id=9630, name=Product 9630, price=97300.0, quantity=9640)
Product(id=9631, name=Product 9631, price=97310.0, quantity=9641)
Product(id=9632, name=Product 9632, price=97320.0, quantity=9642)
Product(id=9633, name=Product 9633, price=97330.0, quantity=9643)
Product(id=9634, name=Product 9634, price=97340.0, quantity=9644)
Product(id=9635, name=Product 9635, price=97350.0, quantity=9645)
Product(id=9636, name=Product 9636, price=97360.0, quantity=9646)
Product(id=9637, name=Product 9637, price=97370.0, quantity=9647)
Product(id=9638, name=Product 9638, price=97380.0, quantity=9648)
Product(id=9639, name=Product 9639, price=97390.0, quantity=9649)
Product(id=9640, name=Product 9640, price=97400.0, quantity=9650)
Product(id=9641, name=Product 9641, price=97410.0, quantity=9651)
Product(id=9642, name=Product 9642, price=97420.0, quantity=9652)
Product(id=9643, name=Product 9643, price=97430.0, quantity=9653)
Product(id=9644, name=Product 9644, price=97440.0, quantity=9654)
Product(id=9645, name=Product 9645, price=97450.0, quantity=9655)
Product(id=9646, name=Product 9646, price=97460.0, quantity=9656)
Product(id=9647, name=Product 9647, price=97470.0, quantity=9657)
Product(id=9648, name=Product 9648, price=97480.0, quantity=9658)
Product(id=9649, name=Product 9649, price=97490.0, quantity=9659)
Product(id=9650, name=Product 9650, price=97500.0, quantity=9660)
Product(id=9651, name=Product 9651, price=97510.0, quantity=9661)
Product(id=9652, name=Product 9652, price=97520.0, quantity=9662)
Product(id=9653, name=Product 9653, price=97530.0, quantity=9663)
Product(id=9654, name=Product 9654, price=97540.0, quantity=9664)
Product(id=9655, name=Product 9655, price=97550.0, quantity=9665)
Product(id=9656, name=Product 9656, price=97560.0, quantity=9666)
Product(id=9657, name=Product 9657, price=97570.0, quantity=9667)
Product(id=9658, name=Product 9658, price=97580.0, quantity=9668)
Product(id=9659, name=Product 9659, price=97590.0, quantity=9669)
Product(id=9660, name=Product 9660, price=97600.0, quantity=9670)
Product(id=9661, name=Product 9661, price=97610.0, quantity=9671)
Product(id=9662, name=Product 9662, price=97620.0, quantity=9672)
Product(id=9663, name=Product 9663, price=97630.0, quantity=9673)
Product(id=9664, name=Product 9664, price=97640.0, quantity=9674)
Product(id=9665, name=Product 9665, price=97650.0, quantity=9675)
Product(id=9666, name=Product 9666, price=97660.0, quantity=9676)
Product(id=9667, name=Product 9667, price=97670.0, quantity=9677)
Product(id=9668, name=Product 9668, price=97680.0, quantity=9678)
Product(id=9669, name=Product 9669, price=97690.0, quantity=9679)
Product(id=9670, name=Product 9670, price=97700.0, quantity=9680)
Product(id=9671, name=Product 9671, price=97710.0, quantity=9681)
Product(id=9672, name=Product 9672, price=97720.0, quantity=9682)
Product(id=9673, name=Product 9673, price=97730.0, quantity=9683)
Product(id=9674, name=Product 9674, price=97740.0, quantity=9684)
Product(id=9675, name=Product 9675, price=97750.0, quantity=9685)
Product(id=9676, name=Product 9676, price=97760.0, quantity=9686)
Product(id=9677, name=Product 9677, price=97770.0, quantity=9687)
Product(id=9678, name=Product 9678, price=97780.0, quantity=9688)
Product(id=9679, name=Product 9679, price=97790.0, quantity=9689)
Product(id=9680, name=Product 9680, price=97800.0, quantity=9690)
Product(id=9681, name=Product 9681, price=97810.0, quantity=9691)
Product(id=9682, name=Product 9682, price=97820.0, quantity=9692)
Product(id=9683, name=Product 9683, price=97830.0, quantity=9693)
Product(id=9684, name=Product 9684, price=97840.0, quantity=9694)
Product(id=9685, name=Product 9685, price=97850.0, quantity=9695)
Product(id=9686, name=Product 9686, price=97860.0, quantity=9696)
Product(id=9687, name=Product 9687, price=97870.0, quantity=9697)
Product(id=9688, name=Product 9688, price=97880.0, quantity=9698)
Product(id=9689, name=Product 9689, price=97890.0, quantity=9699)
Product(id=9690, name=Product 9690, price=97900.0, quantity=9700)
Product(id=9691, name=Product 9691, price=97910.0, quantity=9701)
Product(id=9692, name=Product 9692, price=97920.0, quantity=9702)
Product(id=9693, name=Product 9693, price=97930.0, quantity=9703)
Product(id=9694, name=Product 9694, price=97940.0, quantity=9704)
Product(id=9695, name=Product 9695, price=97950.0, quantity=9705)
Product(id=9696, name=Product 9696, price=97960.0, quantity=9706)
Product(id=9697, name=Product 9697, price=97970.0, quantity=9707)
Product(id=9698, name=Product 9698, price=97980.0, quantity=9708)
Product(id=9699, name=Product 9699, price=97990.0, quantity=9709)
Product(id=9700, name=Product 9700, price=98000.0, quantity=9710)
Product(id=9701, name=Product 9701, price=98010.0, quantity=9711)
Product(id=9702, name=Product 9702, price=98020.0, quantity=9712)
Product(id=9703, name=Product 9703, price=98030.0, quantity=9713)
Product(id=9704, name=Product 9704, price=98040.0, quantity=9714)
Product(id=9705, name=Product 9705, price=98050.0, quantity=9715)
Product(id=9706, name=Product 9706, price=98060.0, quantity=9716)
Product(id=9707, name=Product 9707, price=98070.0, quantity=9717)
Product(id=9708, name=Product 9708, price=98080.0, quantity=9718)
Product(id=9709, name=Product 9709, price=98090.0, quantity=9719)
Product(id=9710, name=Product 9710, price=98100.0, quantity=9720)
Product(id=9711, name=Product 9711, price=98110.0, quantity=9721)
Product(id=9712, name=Product 9712, price=98120.0, quantity=9722)
Product(id=9713, name=Product 9713, price=98130.0, quantity=9723)
Product(id=9714, name=Product 9714, price=98140.0, quantity=9724)
Product(id=9715, name=Product 9715, price=98150.0, quantity=9725)
Product(id=9716, name=Product 9716, price=98160.0, quantity=9726)
Product(id=9717, name=Product 9717, price=98170.0, quantity=9727)
Product(id=9718, name=Product 9718, price=98180.0, quantity=9728)
Product(id=9719, name=Product 9719, price=98190.0, quantity=9729)
Product(id=9720, name=Product 9720, price=98200.0, quantity=9730)
Product(id=9721, name=Product 9721, price=98210.0, quantity=9731)
Product(id=9722, name=Product 9722, price=98220.0, quantity=9732)
Product(id=9723, name=Product 9723, price=98230.0, quantity=9733)
Product(id=9724, name=Product 9724, price=98240.0, quantity=9734)
Product(id=9725, name=Product 9725, price=98250.0, quantity=9735)
Product(id=9726, name=Product 9726, price=98260.0, quantity=9736)
Product(id=9727, name=Product 9727, price=98270.0, quantity=9737)
Product(id=9728, name=Product 9728, price=98280.0, quantity=9738)
Product(id=9729, name=Product 9729, price=98290.0, quantity=9739)
Product(id=9730, name=Product 9730, price=98300.0, quantity=9740)
Product(id=9731, name=Product 9731, price=98310.0, quantity=9741)
Product(id=9732, name=Product 9732, price=98320.0, quantity=9742)
Product(id=9733, name=Product 9733, price=98330.0, quantity=9743)
Product(id=9734, name=Product 9734, price=98340.0, quantity=9744)
Product(id=9735, name=Product 9735, price=98350.0, quantity=9745)
Product(id=9736, name=Product 9736, price=98360.0, quantity=9746)
Product(id=9737, name=Product 9737, price=98370.0, quantity=9747)
Product(id=9738, name=Product 9738, price=98380.0, quantity=9748)
Product(id=9739, name=Product 9739, price=98390.0, quantity=9749)
Product(id=9740, name=Product 9740, price=98400.0, quantity=9750)
Product(id=9741, name=Product 9741, price=98410.0, quantity=9751)
Product(id=9742, name=Product 9742, price=98420.0, quantity=9752)
Product(id=9743, name=Product 9743, price=98430.0, quantity=9753)
Product(id=9744, name=Product 9744, price=98440.0, quantity=9754)
Product(id=9745, name=Product 9745, price=98450.0, quantity=9755)
Product(id=9746, name=Product 9746, price=98460.0, quantity=9756)
Product(id=9747, name=Product 9747, price=98470.0, quantity=9757)
Product(id=9748, name=Product 9748, price=98480.0, quantity=9758)
Product(id=9749, name=Product 9749, price=98490.0, quantity=9759)
Product(id=9750, name=Product 9750, price=98500.0, quantity=9760)
Product(id=9751, name=Product 9751, price=98510.0, quantity=9761)
Product(id=9752, name=Product 9752, price=98520.0, quantity=9762)
Product(id=9753, name=Product 9753, price=98530.0, quantity=9763)
Product(id=9754, name=Product 9754, price=98540.0, quantity=9764)
Product(id=9755, name=Product 9755, price=98550.0, quantity=9765)
Product(id=9756, name=Product 9756, price=98560.0, quantity=9766)
Product(id=9757, name=Product 9757, price=98570.0, quantity=9767)
Product(id=9758, name=Product 9758, price=98580.0, quantity=9768)
Product(id=9759, name=Product 9759, price=98590.0, quantity=9769)
Product(id=9760, name=Product 9760, price=98600.0, quantity=9770)
Product(id=9761, name=Product 9761, price=98610.0, quantity=9771)
Product(id=9762, name=Product 9762, price=98620.0, quantity=9772)
Product(id=9763, name=Product 9763, price=98630.0, quantity=9773)
Product(id=9764, name=Product 9764, price=98640.0, quantity=9774)
Product(id=9765, name=Product 9765, price=98650.0, quantity=9775)
Product(id=9766, name=Product 9766, price=98660.0, quantity=9776)
Product(id=9767, name=Product 9767, price=98670.0, quantity=9777)
Product(id=9768, name=Product 9768, price=98680.0, quantity=9778)
Product(id=9769, name=Product 9769, price=98690.0, quantity=9779)
Product(id=9770, name=Product 9770, price=98700.0, quantity=9780)
Product(id=9771, name=Product 9771, price=98710.0, quantity=9781)
Product(id=9772, name=Product 9772, price=98720.0, quantity=9782)
Product(id=9773, name=Product 9773, price=98730.0, quantity=9783)
Product(id=9774, name=Product 9774, price=98740.0, quantity=9784)
Product(id=9775, name=Product 9775, price=98750.0, quantity=9785)
Product(id=9776, name=Product 9776, price=98760.0, quantity=9786)
Product(id=9777, name=Product 9777, price=98770.0, quantity=9787)
Product(id=9778, name=Product 9778, price=98780.0, quantity=9788)
Product(id=9779, name=Product 9779, price=98790.0, quantity=9789)
Product(id=9780, name=Product 9780, price=98800.0, quantity=9790)
Product(id=9781, name=Product 9781, price=98810.0, quantity=9791)
Product(id=9782, name=Product 9782, price=98820.0, quantity=9792)
Product(id=9783, name=Product 9783, price=98830.0, quantity=9793)
Product(id=9784, name=Product 9784, price=98840.0, quantity=9794)
Product(id=9785, name=Product 9785, price=98850.0, quantity=9795)
Product(id=9786, name=Product 9786, price=98860.0, quantity=9796)
Product(id=9787, name=Product 9787, price=98870.0, quantity=9797)
Product(id=9788, name=Product 9788, price=98880.0, quantity=9798)
Product(id=9789, name=Product 9789, price=98890.0, quantity=9799)
Product(id=9790, name=Product 9790, price=98900.0, quantity=9800)
Product(id=9791, name=Product 9791, price=98910.0, quantity=9801)
Product(id=9792, name=Product 9792, price=98920.0, quantity=9802)
Product(id=9793, name=Product 9793, price=98930.0, quantity=9803)
Product(id=9794, name=Product 9794, price=98940.0, quantity=9804)
Product(id=9795, name=Product 9795, price=98950.0, quantity=9805)
Product(id=9796, name=Product 9796, price=98960.0, quantity=9806)
Product(id=9797, name=Product 9797, price=98970.0, quantity=9807)
Product(id=9798, name=Product 9798, price=98980.0, quantity=9808)
Product(id=9799, name=Product 9799, price=98990.0, quantity=9809)
Product(id=9800, name=Product 9800, price=99000.0, quantity=9810)
Product(id=9801, name=Product 9801, price=99010.0, quantity=9811)
Product(id=9802, name=Product 9802, price=99020.0, quantity=9812)
Product(id=9803, name=Product 9803, price=99030.0, quantity=9813)
Product(id=9804, name=Product 9804, price=99040.0, quantity=9814)
Product(id=9805, name=Product 9805, price=99050.0, quantity=9815)
Product(id=9806, name=Product 9806, price=99060.0, quantity=9816)
Product(id=9807, name=Product 9807, price=99070.0, quantity=9817)
Product(id=9808, name=Product 9808, price=99080.0, quantity=9818)
Product(id=9809, name=Product 9809, price=99090.0, quantity=9819)
Product(id=9810, name=Product 9810, price=99100.0, quantity=9820)
Product(id=9811, name=Product 9811, price=99110.0, quantity=9821)
Product(id=9812, name=Product 9812, price=99120.0, quantity=9822)
Product(id=9813, name=Product 9813, price=99130.0, quantity=9823)
Product(id=9814, name=Product 9814, price=99140.0, quantity=9824)
Product(id=9815, name=Product 9815, price=99150.0, quantity=9825)
Product(id=9816, name=Product 9816, price=99160.0, quantity=9826)
Product(id=9817, name=Product 9817, price=99170.0, quantity=9827)
Product(id=9818, name=Product 9818, price=99180.0, quantity=9828)
Product(id=9819, name=Product 9819, price=99190.0, quantity=9829)
Product(id=9820, name=Product 9820, price=99200.0, quantity=9830)
Product(id=9821, name=Product 9821, price=99210.0, quantity=9831)
Product(id=9822, name=Product 9822, price=99220.0, quantity=9832)
Product(id=9823, name=Product 9823, price=99230.0, quantity=9833)
Product(id=9824, name=Product 9824, price=99240.0, quantity=9834)
Product(id=9825, name=Product 9825, price=99250.0, quantity=9835)
Product(id=9826, name=Product 9826, price=99260.0, quantity=9836)
Product(id=9827, name=Product 9827, price=99270.0, quantity=9837)
Product(id=9828, name=Product 9828, price=99280.0, quantity=9838)
Product(id=9829, name=Product 9829, price=99290.0, quantity=9839)
Product(id=9830, name=Product 9830, price=99300.0, quantity=9840)
Product(id=9831, name=Product 9831, price=99310.0, quantity=9841)
Product(id=9832, name=Product 9832, price=99320.0, quantity=9842)
Product(id=9833, name=Product 9833, price=99330.0, quantity=9843)
Product(id=9834, name=Product 9834, price=99340.0, quantity=9844)
Product(id=9835, name=Product 9835, price=99350.0, quantity=9845)
Product(id=9836, name=Product 9836, price=99360.0, quantity=9846)
Product(id=9837, name=Product 9837, price=99370.0, quantity=9847)
Product(id=9838, name=Product 9838, price=99380.0, quantity=9848)
Product(id=9839, name=Product 9839, price=99390.0, quantity=9849)
Product(id=9840, name=Product 9840, price=99400.0, quantity=9850)
Product(id=9841, name=Product 9841, price=99410.0, quantity=9851)
Product(id=9842, name=Product 9842, price=99420.0, quantity=9852)
Product(id=9843, name=Product 9843, price=99430.0, quantity=9853)
Product(id=9844, name=Product 9844, price=99440.0, quantity=9854)
Product(id=9845, name=Product 9845, price=99450.0, quantity=9855)
Product(id=9846, name=Product 9846, price=99460.0, quantity=9856)
Product(id=9847, name=Product 9847, price=99470.0, quantity=9857)
Product(id=9848, name=Product 9848, price=99480.0, quantity=9858)
Product(id=9849, name=Product 9849, price=99490.0, quantity=9859)
Product(id=9850, name=Product 9850, price=99500.0, quantity=9860)
Product(id=9851, name=Product 9851, price=99510.0, quantity=9861)
Product(id=9852, name=Product 9852, price=99520.0, quantity=9862)
Product(id=9853, name=Product 9853, price=99530.0, quantity=9863)
Product(id=9854, name=Product 9854, price=99540.0, quantity=9864)
Product(id=9855, name=Product 9855, price=99550.0, quantity=9865)
Product(id=9856, name=Product 9856, price=99560.0, quantity=9866)
Product(id=9857, name=Product 9857, price=99570.0, quantity=9867)
Product(id=9858, name=Product 9858, price=99580.0, quantity=9868)
Product(id=9859, name=Product 9859, price=99590.0, quantity=9869)
Product(id=9860, name=Product 9860, price=99600.0, quantity=9870)
Product(id=9861, name=Product 9861, price=99610.0, quantity=9871)
Product(id=9862, name=Product 9862, price=99620.0, quantity=9872)
Product(id=9863, name=Product 9863, price=99630.0, quantity=9873)
Product(id=9864, name=Product 9864, price=99640.0, quantity=9874)
Product(id=9865, name=Product 9865, price=99650.0, quantity=9875)
Product(id=9866, name=Product 9866, price=99660.0, quantity=9876)
Product(id=9867, name=Product 9867, price=99670.0, quantity=9877)
Product(id=9868, name=Product 9868, price=99680.0, quantity=9878)
Product(id=9869, name=Product 9869, price=99690.0, quantity=9879)
Product(id=9870, name=Product 9870, price=99700.0, quantity=9880)
Product(id=9871, name=Product 9871, price=99710.0, quantity=9881)
Product(id=9872, name=Product 9872, price=99720.0, quantity=9882)
Product(id=9873, name=Product 9873, price=99730.0, quantity=9883)
Product(id=9874, name=Product 9874, price=99740.0, quantity=9884)
Product(id=9875, name=Product 9875, price=99750.0, quantity=9885)
Product(id=9876, name=Product 9876, price=99760.0, quantity=9886)
Product(id=9877, name=Product 9877, price=99770.0, quantity=9887)
Product(id=9878, name=Product 9878, price=99780.0, quantity=9888)
Product(id=9879, name=Product 9879, price=99790.0, quantity=9889)
Product(id=9880, name=Product 9880, price=99800.0, quantity=9890)
Product(id=9881, name=Product 9881, price=99810.0, quantity=9891)
Product(id=9882, name=Product 9882, price=99820.0, quantity=9892)
Product(id=9883, name=Product 9883, price=99830.0, quantity=9893)
Product(id=9884, name=Product 9884, price=99840.0, quantity=9894)
Product(id=9885, name=Product 9885, price=99850.0, quantity=9895)
Product(id=9886, name=Product 9886, price=99860.0, quantity=9896)
Product(id=9887, name=Product 9887, price=99870.0, quantity=9897)
Product(id=9888, name=Product 9888, price=99880.0, quantity=9898)
Product(id=9889, name=Product 9889, price=99890.0, quantity=9899)
Product(id=9890, name=Product 9890, price=99900.0, quantity=9900)
Product(id=9891, name=Product 9891, price=99910.0, quantity=9901)
Product(id=9892, name=Product 9892, price=99920.0, quantity=9902)
Product(id=9893, name=Product 9893, price=99930.0, quantity=9903)
Product(id=9894, name=Product 9894, price=99940.0, quantity=9904)
Product(id=9895, name=Product 9895, price=99950.0, quantity=9905)
Product(id=9896, name=Product 9896, price=99960.0, quantity=9906)
Product(id=9897, name=Product 9897, price=99970.0, quantity=9907)
Product(id=9898, name=Product 9898, price=99980.0, quantity=9908)
Product(id=9899, name=Product 9899, price=99990.0, quantity=9909)
Product(id=9900, name=Product 9900, price=100000.0, quantity=9910)
Product(id=9901, name=Product 9901, price=100010.0, quantity=9911)
Product(id=9902, name=Product 9902, price=100020.0, quantity=9912)
Product(id=9903, name=Product 9903, price=100030.0, quantity=9913)
Product(id=9904, name=Product 9904, price=100040.0, quantity=9914)
Product(id=9905, name=Product 9905, price=100050.0, quantity=9915)
Product(id=9906, name=Product 9906, price=100060.0, quantity=9916)
Product(id=9907, name=Product 9907, price=100070.0, quantity=9917)
Product(id=9908, name=Product 9908, price=100080.0, quantity=9918)
Product(id=9909, name=Product 9909, price=100090.0, quantity=9919)
Product(id=9910, name=Product 9910, price=100100.0, quantity=9920)
Product(id=9911, name=Product 9911, price=100110.0, quantity=9921)
Product(id=9912, name=Product 9912, price=100120.0, quantity=9922)
Product(id=9913, name=Product 9913, price=100130.0, quantity=9923)
Product(id=9914, name=Product 9914, price=100140.0, quantity=9924)
Product(id=9915, name=Product 9915, price=100150.0, quantity=9925)
Product(id=9916, name=Product 9916, price=100160.0, quantity=9926)
Product(id=9917, name=Product 9917, price=100170.0, quantity=9927)
Product(id=9918, name=Product 9918, price=100180.0, quantity=9928)
Product(id=9919, name=Product 9919, price=100190.0, quantity=9929)
Product(id=9920, name=Product 9920, price=100200.0, quantity=9930)
Product(id=9921, name=Product 9921, price=100210.0, quantity=9931)
Product(id=9922, name=Product 9922, price=100220.0, quantity=9932)
Product(id=9923, name=Product 9923, price=100230.0, quantity=9933)
Product(id=9924, name=Product 9924, price=100240.0, quantity=9934)
Product(id=9925, name=Product 9925, price=100250.0, quantity=9935)
Product(id=9926, name=Product 9926, price=100260.0, quantity=9936)
Product(id=9927, name=Product 9927, price=100270.0, quantity=9937)
Product(id=9928, name=Product 9928, price=100280.0, quantity=9938)
Product(id=9929, name=Product 9929, price=100290.0, quantity=9939)
Product(id=9930, name=Product 9930, price=100300.0, quantity=9940)
Product(id=9931, name=Product 9931, price=100310.0, quantity=9941)
Product(id=9932, name=Product 9932, price=100320.0, quantity=9942)
Product(id=9933, name=Product 9933, price=100330.0, quantity=9943)
Product(id=9934, name=Product 9934, price=100340.0, quantity=9944)
Product(id=9935, name=Product 9935, price=100350.0, quantity=9945)
Product(id=9936, name=Product 9936, price=100360.0, quantity=9946)
Product(id=9937, name=Product 9937, price=100370.0, quantity=9947)
Product(id=9938, name=Product 9938, price=100380.0, quantity=9948)
Product(id=9939, name=Product 9939, price=100390.0, quantity=9949)
Product(id=9940, name=Product 9940, price=100400.0, quantity=9950)
Product(id=9941, name=Product 9941, price=100410.0, quantity=9951)
Product(id=9942, name=Product 9942, price=100420.0, quantity=9952)
Product(id=9943, name=Product 9943, price=100430.0, quantity=9953)
Product(id=9944, name=Product 9944, price=100440.0, quantity=9954)
Product(id=9945, name=Product 9945, price=100450.0, quantity=9955)
Product(id=9946, name=Product 9946, price=100460.0, quantity=9956)
Product(id=9947, name=Product 9947, price=100470.0, quantity=9957)
Product(id=9948, name=Product 9948, price=100480.0, quantity=9958)
Product(id=9949, name=Product 9949, price=100490.0, quantity=9959)
Product(id=9950, name=Product 9950, price=100500.0, quantity=9960)
Product(id=9951, name=Product 9951, price=100510.0, quantity=9961)
Product(id=9952, name=Product 9952, price=100520.0, quantity=9962)
Product(id=9953, name=Product 9953, price=100530.0, quantity=9963)
Product(id=9954, name=Product 9954, price=100540.0, quantity=9964)
Product(id=9955, name=Product 9955, price=100550.0, quantity=9965)
Product(id=9956, name=Product 9956, price=100560.0, quantity=9966)
Product(id=9957, name=Product 9957, price=100570.0, quantity=9967)
Product(id=9958, name=Product 9958, price=100580.0, quantity=9968)
Product(id=9959, name=Product 9959, price=100590.0, quantity=9969)
Product(id=9960, name=Product 9960, price=100600.0, quantity=9970)
Product(id=9961, name=Product 9961, price=100610.0, quantity=9971)
Product(id=9962, name=Product 9962, price=100620.0, quantity=9972)
Product(id=9963, name=Product 9963, price=100630.0, quantity=9973)
Product(id=9964, name=Product 9964, price=100640.0, quantity=9974)
Product(id=9965, name=Product 9965, price=100650.0, quantity=9975)
Product(id=9966, name=Product 9966, price=100660.0, quantity=9976)
Product(id=9967, name=Product 9967, price=100670.0, quantity=9977)
Product(id=9968, name=Product 9968, price=100680.0, quantity=9978)
Product(id=9969, name=Product 9969, price=100690.0, quantity=9979)
Product(id=9970, name=Product 9970, price=100700.0, quantity=9980)
Product(id=9971, name=Product 9971, price=100710.0, quantity=9981)
Product(id=9972, name=Product 9972, price=100720.0, quantity=9982)
Product(id=9973, name=Product 9973, price=100730.0, quantity=9983)
Product(id=9974, name=Product 9974, price=100740.0, quantity=9984)
Product(id=9975, name=Product 9975, price=100750.0, quantity=9985)
Product(id=9976, name=Product 9976, price=100760.0, quantity=9986)
Product(id=9977, name=Product 9977, price=100770.0, quantity=9987)
Product(id=9978, name=Product 9978, price=100780.0, quantity=9988)
Product(id=9979, name=Product 9979, price=100790.0, quantity=9989)
Product(id=9980, name=Product 9980, price=100800.0, quantity=9990)
Product(id=9981, name=Product 9981, price=100810.0, quantity=9991)
Product(id=9982, name=Product 9982, price=100820.0, quantity=9992)
Product(id=9983, name=Product 9983, price=100830.0, quantity=9993)
Product(id=9984, name=Product 9984, price=100840.0, quantity=9994)
Product(id=9985, name=Product 9985, price=100850.0, quantity=9995)
Product(id=9986, name=Product 9986, price=100860.0, quantity=9996)
Product(id=9987, name=Product 9987, price=100870.0, quantity=9997)
Product(id=9988, name=Product 9988, price=100880.0, quantity=9998)
Product(id=9989, name=Product 9989, price=100890.0, quantity=9999)
Product(id=9990, name=Product 9990, price=100900.0, quantity=10000)
Product(id=9991, name=Product 9991, price=100910.0, quantity=10001)
Product(id=9992, name=Product 9992, price=100920.0, quantity=10002)
Product(id=9993, name=Product 9993, price=100930.0, quantity=10003)
Product(id=9994, name=Product 9994, price=100940.0, quantity=10004)
Product(id=9995, name=Product 9995, price=100950.0, quantity=10005)
Product(id=9996, name=Product 9996, price=100960.0, quantity=10006)
Product(id=9997, name=Product 9997, price=100970.0, quantity=10007)
Product(id=9998, name=Product 9998, price=100980.0, quantity=10008)
Product(id=9999, name=Product 9999, price=100990.0, quantity=10009)
Product(id=10000, name=Product 10000, price=101000.0, quantity=10010)
]]></system-out>
    <system-err><![CDATA[Mockito is currently self-attaching to enable the inline-mock-maker. This will no longer work in future releases of the JDK. Please add Mockito as an agent to your build what is described in Mockito's documentation: https://javadoc.io/doc/org.mockito/mockito-core/latest/org/mockito/Mockito.html#0.3
WARNING: A Java agent has been loaded dynamically (/home/salem/.m2/repository/net/bytebuddy/byte-buddy-agent/1.15.11/byte-buddy-agent-1.15.11.jar)
WARNING: If a serviceability tool is in use, please run with -XX:+EnableDynamicAgentLoading to hide this warning
WARNING: If a serviceability tool is not in use, please run with -Djdk.instrument.traceUsage for more information
WARNING: Dynamic loading of agents will be disallowed by default in a future release
]]></system-err>
  </testcase>
</testsuite>